
Reading TFAM file /mnt/data/shahar/gwas_barley/morexV3_analysis/USED_GWAS_V2_pipeline/intermediates/morexV3_gwas_genotypes.tfam ....


Reading kinship file /mnt/data/shahar/gwas_barley/morexV3_analysis/USED_GWAS_V2_pipeline/intermediates/morexV3_kinship.aIBS.kinf...

  290 rows and 290 columns were observed with 0 missing values.


Reading the phenotype file /mnt/data/shahar/gwas_barley/data/inputs/protein_corrected_V3.pheno...

  290 rows and 1 columns were observed with 0 missing values


Reading covariate file /mnt/data/shahar/gwas_barley/morexV3_analysis/USED_GWAS_V2_pipeline/intermediates/covariates/pca_pc10.cov...

  290 rows and 10 columns were observed with 0 missing values. Make sure that the intercept is included in the covariates

File reading - elapsed CPU time is 0.018809

eRvals[0] = 0.020552, eRvals[n-q-1] = 215.286108, eRvals[n-q] = 0.000000
eigen_R - elapsed CPU time is 0.086463
etas[0] = 0.256959, lambdas[0] = 0.020552
etas[1] = 0.557918, lambdas[1] = 0.022291
etas[2] = 0.870245, lambdas[2] = 0.022581
etas[3] = 0.006817, lambdas[3] = 0.022683
etas[4] = 1.155135, lambdas[4] = 0.022848
etas[5] = 0.541117, lambdas[5] = 0.023126
etas[6] = -1.225577, lambdas[6] = 0.023385
etas[7] = 0.035948, lambdas[7] = 0.023486
etas[8] = -0.208986, lambdas[8] = 0.023549
etas[9] = -0.156262, lambdas[9] = 0.024020
etas[10] = -1.214052, lambdas[10] = 0.024690
etas[11] = -0.581717, lambdas[11] = 0.026191
etas[12] = -0.372367, lambdas[12] = 0.026630
etas[13] = -0.225812, lambdas[13] = 0.026681
etas[14] = -0.288477, lambdas[14] = 0.028256
etas[15] = -0.405076, lambdas[15] = 0.028344
etas[16] = 0.353852, lambdas[16] = 0.028482
etas[17] = -0.418915, lambdas[17] = 0.028930
etas[18] = -0.148466, lambdas[18] = 0.029055
etas[19] = 0.111676, lambdas[19] = 0.029326
etas[20] = -0.044767, lambdas[20] = 0.029699
etas[21] = 0.173020, lambdas[21] = 0.029891
etas[22] = -0.595764, lambdas[22] = 0.029977
etas[23] = 0.011735, lambdas[23] = 0.030039
etas[24] = 0.400925, lambdas[24] = 0.030330
etas[25] = -0.376554, lambdas[25] = 0.030590
etas[26] = 0.189428, lambdas[26] = 0.030635
etas[27] = 0.121351, lambdas[27] = 0.031077
etas[28] = -0.061453, lambdas[28] = 0.031646
etas[29] = 0.213179, lambdas[29] = 0.031687
etas[30] = -0.389132, lambdas[30] = 0.031784
etas[31] = 0.445940, lambdas[31] = 0.032107
etas[32] = 0.293862, lambdas[32] = 0.032175
etas[33] = 0.422679, lambdas[33] = 0.032290
etas[34] = -0.365171, lambdas[34] = 0.032376
etas[35] = 0.542785, lambdas[35] = 0.032603
etas[36] = -0.544861, lambdas[36] = 0.032907
etas[37] = 0.199007, lambdas[37] = 0.032959
etas[38] = 0.087275, lambdas[38] = 0.033245
etas[39] = -0.013582, lambdas[39] = 0.033471
etas[40] = -0.451956, lambdas[40] = 0.034180
etas[41] = -0.488141, lambdas[41] = 0.034390
etas[42] = -0.249737, lambdas[42] = 0.034545
etas[43] = -0.527744, lambdas[43] = 0.034706
etas[44] = -0.474254, lambdas[44] = 0.035986
etas[45] = 0.668391, lambdas[45] = 0.036348
etas[46] = 0.170083, lambdas[46] = 0.036368
etas[47] = 0.050405, lambdas[47] = 0.036510
etas[48] = -0.753693, lambdas[48] = 0.037050
etas[49] = 0.065628, lambdas[49] = 0.037140
etas[50] = -0.208787, lambdas[50] = 0.037567
etas[51] = -0.084743, lambdas[51] = 0.037656
etas[52] = -0.159264, lambdas[52] = 0.037824
etas[53] = 0.033857, lambdas[53] = 0.038068
etas[54] = 0.232603, lambdas[54] = 0.038293
etas[55] = 0.158697, lambdas[55] = 0.038798
etas[56] = 0.120727, lambdas[56] = 0.038980
etas[57] = -0.138914, lambdas[57] = 0.039617
etas[58] = 0.105683, lambdas[58] = 0.040314
etas[59] = -0.253528, lambdas[59] = 0.041850
etas[60] = 0.544005, lambdas[60] = 0.041947
etas[61] = -0.049360, lambdas[61] = 0.042088
etas[62] = -0.362907, lambdas[62] = 0.042154
etas[63] = 0.854110, lambdas[63] = 0.042261
etas[64] = -0.359535, lambdas[64] = 0.042701
etas[65] = -0.301283, lambdas[65] = 0.042942
etas[66] = -0.012286, lambdas[66] = 0.043807
etas[67] = 0.252701, lambdas[67] = 0.044298
etas[68] = 0.558035, lambdas[68] = 0.047126
etas[69] = -0.465476, lambdas[69] = 0.047593
etas[70] = 0.326414, lambdas[70] = 0.050641
etas[71] = 0.076417, lambdas[71] = 0.059574
etas[72] = -0.019490, lambdas[72] = 0.059766
etas[73] = -0.369499, lambdas[73] = 0.061037
etas[74] = 0.042151, lambdas[74] = 0.062039
etas[75] = 0.286758, lambdas[75] = 0.062993
etas[76] = 0.510722, lambdas[76] = 0.064729
etas[77] = -0.075106, lambdas[77] = 0.068507
etas[78] = -0.113895, lambdas[78] = 0.069418
etas[79] = -1.799176, lambdas[79] = 0.083015
etas[80] = 1.199644, lambdas[80] = 0.085350
etas[81] = -1.119706, lambdas[81] = 0.088366
etas[82] = 1.153437, lambdas[82] = 0.090180
etas[83] = -0.355142, lambdas[83] = 0.094704
etas[84] = -0.008485, lambdas[84] = 0.095953
etas[85] = -0.342773, lambdas[85] = 0.096726
etas[86] = -0.461043, lambdas[86] = 0.097527
etas[87] = -0.040008, lambdas[87] = 0.098367
etas[88] = -0.814942, lambdas[88] = 0.099299
etas[89] = 0.051850, lambdas[89] = 0.102045
etas[90] = -0.345617, lambdas[90] = 0.103966
etas[91] = 0.097118, lambdas[91] = 0.104530
etas[92] = 0.267463, lambdas[92] = 0.104890
etas[93] = -0.022954, lambdas[93] = 0.105692
etas[94] = 1.154188, lambdas[94] = 0.107539
etas[95] = -0.244613, lambdas[95] = 0.109476
etas[96] = -0.750320, lambdas[96] = 0.110603
etas[97] = -0.201844, lambdas[97] = 0.111039
etas[98] = 1.412774, lambdas[98] = 0.112250
etas[99] = -0.570243, lambdas[99] = 0.112867
etas[100] = -0.319703, lambdas[100] = 0.114431
etas[101] = 0.900352, lambdas[101] = 0.115591
etas[102] = -0.285322, lambdas[102] = 0.116081
etas[103] = -1.970991, lambdas[103] = 0.116989
etas[104] = 0.462220, lambdas[104] = 0.117195
etas[105] = 0.593684, lambdas[105] = 0.118322
etas[106] = -0.338159, lambdas[106] = 0.119049
etas[107] = 0.731086, lambdas[107] = 0.119340
etas[108] = -1.312872, lambdas[108] = 0.119913
etas[109] = 0.075781, lambdas[109] = 0.120659
etas[110] = 0.645400, lambdas[110] = 0.120933
etas[111] = -0.599770, lambdas[111] = 0.121186
etas[112] = 0.149580, lambdas[112] = 0.121600
etas[113] = 0.558832, lambdas[113] = 0.121860
etas[114] = 1.746187, lambdas[114] = 0.122498
etas[115] = -0.352209, lambdas[115] = 0.123142
etas[116] = -0.134311, lambdas[116] = 0.123960
etas[117] = 0.869271, lambdas[117] = 0.124367
etas[118] = -1.045571, lambdas[118] = 0.124642
etas[119] = -1.002692, lambdas[119] = 0.125013
etas[120] = 0.341520, lambdas[120] = 0.125613
etas[121] = 1.546876, lambdas[121] = 0.126345
etas[122] = 0.779374, lambdas[122] = 0.126470
etas[123] = -0.225100, lambdas[123] = 0.127241
etas[124] = 2.003441, lambdas[124] = 0.127905
etas[125] = 0.846408, lambdas[125] = 0.128082
etas[126] = 1.032637, lambdas[126] = 0.128772
etas[127] = -0.767698, lambdas[127] = 0.129329
etas[128] = 0.070479, lambdas[128] = 0.129452
etas[129] = -0.118970, lambdas[129] = 0.129892
etas[130] = -0.437750, lambdas[130] = 0.130456
etas[131] = 0.131287, lambdas[131] = 0.130744
etas[132] = 0.259433, lambdas[132] = 0.131403
etas[133] = -1.023491, lambdas[133] = 0.131985
etas[134] = 1.509190, lambdas[134] = 0.132098
etas[135] = 0.011500, lambdas[135] = 0.132976
etas[136] = -0.880792, lambdas[136] = 0.133342
etas[137] = -0.149876, lambdas[137] = 0.134174
etas[138] = 0.571108, lambdas[138] = 0.134285
etas[139] = 0.462293, lambdas[139] = 0.134964
etas[140] = 0.579031, lambdas[140] = 0.135308
etas[141] = 0.754536, lambdas[141] = 0.135665
etas[142] = 1.176769, lambdas[142] = 0.136218
etas[143] = -0.837745, lambdas[143] = 0.136702
etas[144] = 0.518176, lambdas[144] = 0.137202
etas[145] = 0.875429, lambdas[145] = 0.137703
etas[146] = -1.333009, lambdas[146] = 0.138548
etas[147] = -0.902262, lambdas[147] = 0.139484
etas[148] = -0.001418, lambdas[148] = 0.139656
etas[149] = -0.535351, lambdas[149] = 0.140353
etas[150] = -1.277411, lambdas[150] = 0.140815
etas[151] = 0.281483, lambdas[151] = 0.141269
etas[152] = -0.708290, lambdas[152] = 0.141572
etas[153] = 0.904773, lambdas[153] = 0.142656
etas[154] = 0.810799, lambdas[154] = 0.143120
etas[155] = 1.078167, lambdas[155] = 0.143332
etas[156] = 0.593694, lambdas[156] = 0.143568
etas[157] = -1.327108, lambdas[157] = 0.144388
etas[158] = -0.982185, lambdas[158] = 0.144994
etas[159] = -1.251107, lambdas[159] = 0.145963
etas[160] = -0.978950, lambdas[160] = 0.146438
etas[161] = 0.236010, lambdas[161] = 0.146889
etas[162] = 0.543226, lambdas[162] = 0.147739
etas[163] = 1.253078, lambdas[163] = 0.147977
etas[164] = 0.789666, lambdas[164] = 0.148591
etas[165] = 0.601731, lambdas[165] = 0.149936
etas[166] = 0.343546, lambdas[166] = 0.150211
etas[167] = -0.156495, lambdas[167] = 0.150669
etas[168] = -0.044163, lambdas[168] = 0.151450
etas[169] = 1.698219, lambdas[169] = 0.151626
etas[170] = 0.464134, lambdas[170] = 0.151992
etas[171] = -0.599919, lambdas[171] = 0.152592
etas[172] = 0.418599, lambdas[172] = 0.152837
etas[173] = -0.585260, lambdas[173] = 0.153119
etas[174] = 1.166762, lambdas[174] = 0.153473
etas[175] = -1.702957, lambdas[175] = 0.154956
etas[176] = 0.019608, lambdas[176] = 0.155016
etas[177] = 0.149028, lambdas[177] = 0.155582
etas[178] = 0.933838, lambdas[178] = 0.156432
etas[179] = 0.974927, lambdas[179] = 0.157568
etas[180] = -0.174088, lambdas[180] = 0.157828
etas[181] = -0.586907, lambdas[181] = 0.159555
etas[182] = 0.652454, lambdas[182] = 0.159804
etas[183] = -0.761607, lambdas[183] = 0.160673
etas[184] = 0.749850, lambdas[184] = 0.160989
etas[185] = -0.439158, lambdas[185] = 0.161128
etas[186] = -1.469985, lambdas[186] = 0.162578
etas[187] = 0.549478, lambdas[187] = 0.163119
etas[188] = 1.486999, lambdas[188] = 0.164491
etas[189] = 0.091134, lambdas[189] = 0.164962
etas[190] = -0.199974, lambdas[190] = 0.165874
etas[191] = -0.569903, lambdas[191] = 0.166409
etas[192] = 0.232401, lambdas[192] = 0.167385
etas[193] = 1.111210, lambdas[193] = 0.167905
etas[194] = 0.812522, lambdas[194] = 0.168561
etas[195] = 0.467937, lambdas[195] = 0.169334
etas[196] = 1.083200, lambdas[196] = 0.170151
etas[197] = -0.910086, lambdas[197] = 0.170480
etas[198] = 0.239013, lambdas[198] = 0.171615
etas[199] = 0.855372, lambdas[199] = 0.172066
etas[200] = -1.545080, lambdas[200] = 0.172744
etas[201] = 1.567965, lambdas[201] = 0.173943
etas[202] = 0.595602, lambdas[202] = 0.174293
etas[203] = -0.052093, lambdas[203] = 0.174963
etas[204] = 0.174123, lambdas[204] = 0.176415
etas[205] = -0.522591, lambdas[205] = 0.177269
etas[206] = 1.937624, lambdas[206] = 0.177516
etas[207] = 0.364482, lambdas[207] = 0.178241
etas[208] = 0.764413, lambdas[208] = 0.178941
etas[209] = -0.969118, lambdas[209] = 0.180884
etas[210] = -0.717150, lambdas[210] = 0.182006
etas[211] = 0.453091, lambdas[211] = 0.182326
etas[212] = 0.018188, lambdas[212] = 0.183131
etas[213] = 1.321011, lambdas[213] = 0.184543
etas[214] = 0.373305, lambdas[214] = 0.186387
etas[215] = 0.498976, lambdas[215] = 0.188752
etas[216] = -0.886011, lambdas[216] = 0.189258
etas[217] = -0.802916, lambdas[217] = 0.190751
etas[218] = 1.515796, lambdas[218] = 0.192115
etas[219] = 0.523197, lambdas[219] = 0.193699
etas[220] = 0.924092, lambdas[220] = 0.193845
etas[221] = -0.618015, lambdas[221] = 0.196292
etas[222] = 0.732862, lambdas[222] = 0.197739
etas[223] = -0.976269, lambdas[223] = 0.199074
etas[224] = -1.556124, lambdas[224] = 0.200647
etas[225] = -0.303900, lambdas[225] = 0.201846
etas[226] = -0.254564, lambdas[226] = 0.204129
etas[227] = 1.579027, lambdas[227] = 0.206190
etas[228] = -1.327306, lambdas[228] = 0.207202
etas[229] = -0.585217, lambdas[229] = 0.208485
etas[230] = 0.175235, lambdas[230] = 0.210041
etas[231] = 0.069746, lambdas[231] = 0.212671
etas[232] = 0.000912, lambdas[232] = 0.215144
etas[233] = 0.367810, lambdas[233] = 0.217957
etas[234] = 0.647444, lambdas[234] = 0.218891
etas[235] = -0.336103, lambdas[235] = 0.222118
etas[236] = -2.406289, lambdas[236] = 0.224499
etas[237] = -0.392333, lambdas[237] = 0.226761
etas[238] = 1.144422, lambdas[238] = 0.232198
etas[239] = -1.016071, lambdas[239] = 0.233364
etas[240] = -0.008619, lambdas[240] = 0.234692
etas[241] = -0.423160, lambdas[241] = 0.237008
etas[242] = -0.735586, lambdas[242] = 0.240243
etas[243] = -0.953482, lambdas[243] = 0.241727
etas[244] = 0.354137, lambdas[244] = 0.249056
etas[245] = -0.486373, lambdas[245] = 0.252295
etas[246] = -3.868685, lambdas[246] = 0.254625
etas[247] = 0.456430, lambdas[247] = 0.259908
etas[248] = 1.196773, lambdas[248] = 0.265071
etas[249] = 1.458308, lambdas[249] = 0.280125
etas[250] = -2.142763, lambdas[250] = 0.286546
etas[251] = 0.963680, lambdas[251] = 0.294171
etas[252] = -0.281870, lambdas[252] = 0.299362
etas[253] = -1.378414, lambdas[253] = 0.304733
etas[254] = -0.165910, lambdas[254] = 0.307953
etas[255] = -1.992122, lambdas[255] = 0.314385
etas[256] = 1.616053, lambdas[256] = 0.319679
etas[257] = 0.955274, lambdas[257] = 0.326735
etas[258] = 0.177125, lambdas[258] = 0.335297
etas[259] = -1.303078, lambdas[259] = 0.344775
etas[260] = -2.408939, lambdas[260] = 0.365140
etas[261] = 1.170926, lambdas[261] = 0.371370
etas[262] = 0.603250, lambdas[262] = 0.377127
etas[263] = -1.055309, lambdas[263] = 0.409224
etas[264] = 0.749402, lambdas[264] = 0.416141
etas[265] = 0.867471, lambdas[265] = 0.446804
etas[266] = -1.022328, lambdas[266] = 0.452821
etas[267] = 0.184400, lambdas[267] = 0.474478
etas[268] = -0.827091, lambdas[268] = 0.503713
etas[269] = -0.301752, lambdas[269] = 0.527728
etas[270] = 0.754687, lambdas[270] = 0.550886
etas[271] = 1.547602, lambdas[271] = 0.558674
etas[272] = 0.168854, lambdas[272] = 0.573582
etas[273] = -0.274724, lambdas[273] = 0.639556
etas[274] = -0.909297, lambdas[274] = 0.660578
etas[275] = 0.846614, lambdas[275] = 0.697629
etas[276] = -1.240541, lambdas[276] = 0.810791
etas[277] = -1.227541, lambdas[277] = 0.888142
etas[278] = 0.403477, lambdas[278] = 0.892159
etas[279] = -1.411936, lambdas[279] = 215.286108
0	458.209811	457.667205	-328.858237
1	457.667205	457.005401	-328.853634
2	457.005401	456.198468	-328.848019
3	456.198468	455.214955	-328.841172
4	455.214955	454.016778	-328.832826
5	454.016778	452.557913	-328.822656
6	452.557913	450.782873	-328.810270
7	450.782873	448.624953	-328.795197
8	448.624953	446.004263	-328.776866
9	446.004263	442.825541	-328.754596
10	442.825541	438.975835	-328.727572
11	438.975835	434.322136	-328.694825
12	434.322136	428.709179	-328.655215
13	428.709179	421.957693	-328.607403
14	421.957693	413.863563	-328.549842
15	413.863563	404.198537	-328.480766
16	404.198537	392.713359	-328.398189
17	392.713359	379.144436	-328.299940
18	379.144436	363.225354	-328.183715
19	363.225354	344.704657	-328.047187
20	344.704657	323.371090	-327.888180
21	323.371090	299.086886	-327.704922
22	299.086886	271.828318	-327.496406
23	271.828318	241.730642	-327.262869
24	241.730642	209.131623	-327.006369
25	209.131623	174.604684	-326.731465
26	174.604684	138.970276	-326.445900
27	138.970276	103.273897	-326.161207
28	103.273897	68.722713	-325.893069
29	68.722713	36.580834	-325.661273
30	36.580834	8.034544	-325.489083
31	8.034544	-15.949866	-325.401946
32	-15.949866	-34.746479	-325.425568
33	-34.746479	-48.141044	-325.583514
34	-48.141044	-56.336982	-325.894694
35	-56.336982	-59.896597	-326.371114
36	-59.896597	-59.634288	-327.016300
37	-59.634288	-56.488424	-327.824662
38	-56.488424	-51.399462	-328.781870
39	-51.399462	-45.214814	-329.866140
40	-45.214814	-38.630129	-331.050149
41	-38.630129	-32.166268	-332.303274
42	-32.166268	-26.174345	-333.593827
43	-26.174345	-20.858568	-334.891062
44	-20.858568	-16.307338	-336.166803
45	-16.307338	-12.525431	-337.396628
46	-12.525431	-9.462953	-338.560605
47	-9.462953	-7.038933	-339.643608
48	-7.038933	-5.159072	-340.635270
49	-5.159072	-3.728017	-341.529656
50	-3.728017	-2.657040	-342.324739
51	-2.657040	-1.868147	-343.021749
52	-1.868147	-1.295647	-343.624494
53	-1.295647	-0.886055	-344.138684
54	-0.886055	-0.597028	-344.571313
55	-0.597028	-0.395835	-344.930123
56	-0.395835	-0.257697	-345.223165
57	-0.257697	-0.164203	-345.458444
58	-0.164203	-0.101899	-345.643671
59	-0.101899	-0.061101	-345.786089
60	-0.061101	-0.034936	-345.892376
61	-0.034936	-0.018589	-345.968599
62	-0.018589	-0.008730	-346.020214
63	-0.008730	-0.003077	-346.052098
64	-0.003077	-0.000092	-346.068591
65	-0.000092	0.001254	-346.073552
66	0.001254	0.001638	-346.070408
67	0.001638	0.001499	-346.062200
68	0.001499	0.001114	-346.051610
69	0.001114	0.000653	-346.040980
70	0.000653	0.000214	-346.032302
71	0.000214	-0.000149	-346.027206
72	-0.000149	-0.000418	-346.026925
73	-0.000418	-0.000590	-346.032269
74	-0.000590	-0.000675	-346.043598
75	-0.000675	-0.000692	-346.060828
76	-0.000692	-0.000657	-346.083459
77	-0.000657	-0.000591	-346.110643
78	-0.000591	-0.000508	-346.141282
79	-0.000508	-0.000421	-346.174148
80	-0.000421	-0.000338	-346.208002
81	-0.000338	-0.000264	-346.241701
82	-0.000264	-0.000201	-346.274279
83	-0.000201	-0.000150	-346.304987
84	-0.000150	-0.000111	-346.333308
85	-0.000111	-0.000080	-346.358942
86	-0.000080	-0.000057	-346.381773
87	-0.000057	-0.000040	-346.401829
88	-0.000040	-0.000028	-346.419243
89	-0.000028	-0.000020	-346.434214
90	-0.000020	-0.000014	-346.446978
91	-0.000014	-0.000009	-346.457785
92	-0.000009	-0.000006	-346.466882
93	-0.000006	-0.000004	-346.474502
94	-0.000004	-0.000003	-346.480859
95	-0.000003	-0.000002	-346.486146
96	-0.000002	-0.000001	-346.490529
97	-0.000001	-0.000001	-346.494156
98	-0.000001	-0.000001	-346.497151
99	-0.000001	-0.000000	-346.499621
REMLE (delta=0.023818, REML=-325.396257, REML0=-346.510974)- elapsed CPU time is 0.002740
eigen_L - elapsed CPU time is 0.046559


Reading TPED file /mnt/data/shahar/gwas_barley/morexV3_analysis/USED_GWAS_V2_pipeline/intermediates/morexV3_gwas_genotypes...

Reading 0-th SNP and testing association....

Reading 10000-th SNP and testing association....

Reading 20000-th SNP and testing association....

Reading 30000-th SNP and testing association....

Reading 40000-th SNP and testing association....

Reading 50000-th SNP and testing association....

Reading 60000-th SNP and testing association....

Reading 70000-th SNP and testing association....

Reading 80000-th SNP and testing association....

Reading 90000-th SNP and testing association....

Reading 100000-th SNP and testing association....

Reading 110000-th SNP and testing association....

Reading 120000-th SNP and testing association....

Reading 130000-th SNP and testing association....

Reading 140000-th SNP and testing association....

Reading 150000-th SNP and testing association....

Reading 160000-th SNP and testing association....

Reading 170000-th SNP and testing association....

Reading 180000-th SNP and testing association....

Reading 190000-th SNP and testing association....

Reading 200000-th SNP and testing association....

Reading 210000-th SNP and testing association....

Reading 220000-th SNP and testing association....

Reading 230000-th SNP and testing association....

Reading 240000-th SNP and testing association....

Reading 250000-th SNP and testing association....

Reading 260000-th SNP and testing association....

Reading 270000-th SNP and testing association....

Reading 280000-th SNP and testing association....

Reading 290000-th SNP and testing association....

Reading 300000-th SNP and testing association....

Reading 310000-th SNP and testing association....

Reading 320000-th SNP and testing association....

Reading 330000-th SNP and testing association....

Reading 340000-th SNP and testing association....

Reading 350000-th SNP and testing association....

Reading 360000-th SNP and testing association....

Reading 370000-th SNP and testing association....

Reading 380000-th SNP and testing association....

Reading 390000-th SNP and testing association....

Reading 400000-th SNP and testing association....

Reading 410000-th SNP and testing association....

Reading 420000-th SNP and testing association....

Reading 430000-th SNP and testing association....

Reading 440000-th SNP and testing association....

Reading 450000-th SNP and testing association....

Reading 460000-th SNP and testing association....

Reading 470000-th SNP and testing association....

Reading 480000-th SNP and testing association....

Reading 490000-th SNP and testing association....

Reading 500000-th SNP and testing association....

Reading 510000-th SNP and testing association....

Reading 520000-th SNP and testing association....

Reading 530000-th SNP and testing association....

Reading 540000-th SNP and testing association....

Reading 550000-th SNP and testing association....

Reading 560000-th SNP and testing association....

Reading 570000-th SNP and testing association....

Reading 580000-th SNP and testing association....

Reading 590000-th SNP and testing association....

Reading 600000-th SNP and testing association....

Reading 610000-th SNP and testing association....

Reading 620000-th SNP and testing association....

Reading 630000-th SNP and testing association....

Reading 640000-th SNP and testing association....

Reading 650000-th SNP and testing association....

Reading 660000-th SNP and testing association....

Reading 670000-th SNP and testing association....

Reading 680000-th SNP and testing association....

Reading 690000-th SNP and testing association....

Reading 700000-th SNP and testing association....

Reading 710000-th SNP and testing association....

Reading 720000-th SNP and testing association....

Reading 730000-th SNP and testing association....

Reading 740000-th SNP and testing association....

Reading 750000-th SNP and testing association....

Reading 760000-th SNP and testing association....

Reading 770000-th SNP and testing association....

Reading 780000-th SNP and testing association....

Reading 790000-th SNP and testing association....

Reading 800000-th SNP and testing association....

Reading 810000-th SNP and testing association....

Reading 820000-th SNP and testing association....

Reading 830000-th SNP and testing association....

Reading 840000-th SNP and testing association....

Reading 850000-th SNP and testing association....

Reading 860000-th SNP and testing association....

Reading 870000-th SNP and testing association....

Reading 880000-th SNP and testing association....

Reading 890000-th SNP and testing association....

Reading 900000-th SNP and testing association....

Reading 910000-th SNP and testing association....

Reading 920000-th SNP and testing association....

Reading 930000-th SNP and testing association....

Reading 940000-th SNP and testing association....

Reading 950000-th SNP and testing association....

Reading 960000-th SNP and testing association....

Reading 970000-th SNP and testing association....

Reading 980000-th SNP and testing association....

Reading 990000-th SNP and testing association....

Reading 1000000-th SNP and testing association....

Reading 1010000-th SNP and testing association....

Reading 1020000-th SNP and testing association....

Reading 1030000-th SNP and testing association....

Reading 1040000-th SNP and testing association....

Reading 1050000-th SNP and testing association....

Reading 1060000-th SNP and testing association....

Reading 1070000-th SNP and testing association....

Reading 1080000-th SNP and testing association....

Reading 1090000-th SNP and testing association....

Reading 1100000-th SNP and testing association....

Reading 1110000-th SNP and testing association....

Reading 1120000-th SNP and testing association....

Reading 1130000-th SNP and testing association....

Reading 1140000-th SNP and testing association....

Reading 1150000-th SNP and testing association....

Reading 1160000-th SNP and testing association....

Reading 1170000-th SNP and testing association....

Reading 1180000-th SNP and testing association....

Reading 1190000-th SNP and testing association....

Reading 1200000-th SNP and testing association....

Reading 1210000-th SNP and testing association....

Reading 1220000-th SNP and testing association....

Reading 1230000-th SNP and testing association....

Reading 1240000-th SNP and testing association....

Reading 1250000-th SNP and testing association....

Reading 1260000-th SNP and testing association....

Reading 1270000-th SNP and testing association....

Reading 1280000-th SNP and testing association....

Reading 1290000-th SNP and testing association....

Reading 1300000-th SNP and testing association....

Reading 1310000-th SNP and testing association....

Reading 1320000-th SNP and testing association....

Reading 1330000-th SNP and testing association....

Reading 1340000-th SNP and testing association....

Reading 1350000-th SNP and testing association....

Reading 1360000-th SNP and testing association....

Reading 1370000-th SNP and testing association....

Reading 1380000-th SNP and testing association....

Reading 1390000-th SNP and testing association....

Reading 1400000-th SNP and testing association....

Reading 1410000-th SNP and testing association....

Reading 1420000-th SNP and testing association....

Reading 1430000-th SNP and testing association....

Reading 1440000-th SNP and testing association....

Reading 1450000-th SNP and testing association....

Reading 1460000-th SNP and testing association....

Reading 1470000-th SNP and testing association....

Reading 1480000-th SNP and testing association....

Reading 1490000-th SNP and testing association....

Reading 1500000-th SNP and testing association....

Reading 1510000-th SNP and testing association....

Reading 1520000-th SNP and testing association....

Reading 1530000-th SNP and testing association....

Reading 1540000-th SNP and testing association....

Reading 1550000-th SNP and testing association....

Reading 1560000-th SNP and testing association....

Reading 1570000-th SNP and testing association....

Reading 1580000-th SNP and testing association....

Reading 1590000-th SNP and testing association....

Reading 1600000-th SNP and testing association....

Reading 1610000-th SNP and testing association....

Reading 1620000-th SNP and testing association....

Reading 1630000-th SNP and testing association....

Reading 1640000-th SNP and testing association....

Reading 1650000-th SNP and testing association....

Reading 1660000-th SNP and testing association....

Reading 1670000-th SNP and testing association....

Reading 1680000-th SNP and testing association....

Reading 1690000-th SNP and testing association....

Reading 1700000-th SNP and testing association....

Reading 1710000-th SNP and testing association....

Reading 1720000-th SNP and testing association....

Reading 1730000-th SNP and testing association....

Reading 1740000-th SNP and testing association....

Reading 1750000-th SNP and testing association....

Reading 1760000-th SNP and testing association....

Reading 1770000-th SNP and testing association....

Reading 1780000-th SNP and testing association....

Reading 1790000-th SNP and testing association....

Reading 1800000-th SNP and testing association....

Reading 1810000-th SNP and testing association....

Reading 1820000-th SNP and testing association....

Reading 1830000-th SNP and testing association....

Reading 1840000-th SNP and testing association....

Reading 1850000-th SNP and testing association....

Reading 1860000-th SNP and testing association....

Reading 1870000-th SNP and testing association....

Reading 1880000-th SNP and testing association....

Reading 1890000-th SNP and testing association....

Reading 1900000-th SNP and testing association....

Reading 1910000-th SNP and testing association....

Reading 1920000-th SNP and testing association....

Reading 1930000-th SNP and testing association....

Reading 1940000-th SNP and testing association....

Reading 1950000-th SNP and testing association....

Reading 1960000-th SNP and testing association....

Reading 1970000-th SNP and testing association....

Reading 1980000-th SNP and testing association....

Reading 1990000-th SNP and testing association....

Reading 2000000-th SNP and testing association....

Reading 2010000-th SNP and testing association....

Reading 2020000-th SNP and testing association....

Reading 2030000-th SNP and testing association....

Reading 2040000-th SNP and testing association....

Reading 2050000-th SNP and testing association....

Reading 2060000-th SNP and testing association....

Reading 2070000-th SNP and testing association....

Reading 2080000-th SNP and testing association....

Reading 2090000-th SNP and testing association....

Reading 2100000-th SNP and testing association....

Reading 2110000-th SNP and testing association....

Reading 2120000-th SNP and testing association....

Reading 2130000-th SNP and testing association....

Reading 2140000-th SNP and testing association....

Reading 2150000-th SNP and testing association....

Reading 2160000-th SNP and testing association....

Reading 2170000-th SNP and testing association....

Reading 2180000-th SNP and testing association....

Reading 2190000-th SNP and testing association....

Reading 2200000-th SNP and testing association....

Reading 2210000-th SNP and testing association....

Reading 2220000-th SNP and testing association....

Reading 2230000-th SNP and testing association....

Reading 2240000-th SNP and testing association....

Reading 2250000-th SNP and testing association....

Reading 2260000-th SNP and testing association....

Reading 2270000-th SNP and testing association....

Reading 2280000-th SNP and testing association....

Reading 2290000-th SNP and testing association....

Reading 2300000-th SNP and testing association....

Reading 2310000-th SNP and testing association....

Reading 2320000-th SNP and testing association....

Reading 2330000-th SNP and testing association....

Reading 2340000-th SNP and testing association....

Reading 2350000-th SNP and testing association....

Reading 2360000-th SNP and testing association....

Reading 2370000-th SNP and testing association....

Reading 2380000-th SNP and testing association....

Reading 2390000-th SNP and testing association....

Reading 2400000-th SNP and testing association....

Reading 2410000-th SNP and testing association....

Reading 2420000-th SNP and testing association....

Reading 2430000-th SNP and testing association....

Reading 2440000-th SNP and testing association....

Reading 2450000-th SNP and testing association....

Reading 2460000-th SNP and testing association....

Reading 2470000-th SNP and testing association....

Reading 2480000-th SNP and testing association....

Reading 2490000-th SNP and testing association....

Reading 2500000-th SNP and testing association....

Reading 2510000-th SNP and testing association....

Reading 2520000-th SNP and testing association....

Reading 2530000-th SNP and testing association....

Reading 2540000-th SNP and testing association....

Reading 2550000-th SNP and testing association....

Reading 2560000-th SNP and testing association....

Reading 2570000-th SNP and testing association....

Reading 2580000-th SNP and testing association....

Reading 2590000-th SNP and testing association....

Reading 2600000-th SNP and testing association....

Reading 2610000-th SNP and testing association....

Reading 2620000-th SNP and testing association....

Reading 2630000-th SNP and testing association....

Reading 2640000-th SNP and testing association....

Reading 2650000-th SNP and testing association....

Reading 2660000-th SNP and testing association....

Reading 2670000-th SNP and testing association....

Reading 2680000-th SNP and testing association....

Reading 2690000-th SNP and testing association....

Reading 2700000-th SNP and testing association....

Reading 2710000-th SNP and testing association....

Reading 2720000-th SNP and testing association....

Reading 2730000-th SNP and testing association....

Reading 2740000-th SNP and testing association....

Reading 2750000-th SNP and testing association....

Reading 2760000-th SNP and testing association....

Reading 2770000-th SNP and testing association....

Reading 2780000-th SNP and testing association....

Reading 2790000-th SNP and testing association....

Reading 2800000-th SNP and testing association....

Reading 2810000-th SNP and testing association....

Reading 2820000-th SNP and testing association....

Reading 2830000-th SNP and testing association....

Reading 2840000-th SNP and testing association....

Reading 2850000-th SNP and testing association....

Reading 2860000-th SNP and testing association....

Reading 2870000-th SNP and testing association....

Reading 2880000-th SNP and testing association....

Reading 2890000-th SNP and testing association....

Reading 2900000-th SNP and testing association....

Reading 2910000-th SNP and testing association....

Reading 2920000-th SNP and testing association....

Reading 2930000-th SNP and testing association....

Reading 2940000-th SNP and testing association....

Reading 2950000-th SNP and testing association....

Reading 2960000-th SNP and testing association....

Reading 2970000-th SNP and testing association....

Reading 2980000-th SNP and testing association....

Reading 2990000-th SNP and testing association....

Reading 3000000-th SNP and testing association....

Reading 3010000-th SNP and testing association....

Reading 3020000-th SNP and testing association....

Reading 3030000-th SNP and testing association....

Reading 3040000-th SNP and testing association....

Reading 3050000-th SNP and testing association....

Reading 3060000-th SNP and testing association....

Reading 3070000-th SNP and testing association....

Reading 3080000-th SNP and testing association....

Reading 3090000-th SNP and testing association....

Reading 3100000-th SNP and testing association....

Reading 3110000-th SNP and testing association....

Reading 3120000-th SNP and testing association....

Reading 3130000-th SNP and testing association....

Reading 3140000-th SNP and testing association....

Reading 3150000-th SNP and testing association....

Reading 3160000-th SNP and testing association....

Reading 3170000-th SNP and testing association....

Reading 3180000-th SNP and testing association....

Reading 3190000-th SNP and testing association....

Reading 3200000-th SNP and testing association....

Reading 3210000-th SNP and testing association....

Reading 3220000-th SNP and testing association....

Reading 3230000-th SNP and testing association....

Reading 3240000-th SNP and testing association....

Reading 3250000-th SNP and testing association....

Reading 3260000-th SNP and testing association....

Reading 3270000-th SNP and testing association....

Reading 3280000-th SNP and testing association....

Reading 3290000-th SNP and testing association....

Reading 3300000-th SNP and testing association....

Reading 3310000-th SNP and testing association....

Reading 3320000-th SNP and testing association....

Reading 3330000-th SNP and testing association....

Reading 3340000-th SNP and testing association....

Reading 3350000-th SNP and testing association....

Reading 3360000-th SNP and testing association....

Reading 3370000-th SNP and testing association....

Reading 3380000-th SNP and testing association....

Reading 3390000-th SNP and testing association....

Reading 3400000-th SNP and testing association....

Reading 3410000-th SNP and testing association....

Reading 3420000-th SNP and testing association....

Reading 3430000-th SNP and testing association....

Reading 3440000-th SNP and testing association....

Reading 3450000-th SNP and testing association....

Reading 3460000-th SNP and testing association....

Reading 3470000-th SNP and testing association....

Reading 3480000-th SNP and testing association....

Reading 3490000-th SNP and testing association....

Reading 3500000-th SNP and testing association....

Reading 3510000-th SNP and testing association....

Reading 3520000-th SNP and testing association....

Reading 3530000-th SNP and testing association....

Reading 3540000-th SNP and testing association....

Reading 3550000-th SNP and testing association....

Reading 3560000-th SNP and testing association....

Reading 3570000-th SNP and testing association....

Reading 3580000-th SNP and testing association....

Reading 3590000-th SNP and testing association....

Reading 3600000-th SNP and testing association....

Reading 3610000-th SNP and testing association....

Reading 3620000-th SNP and testing association....

Reading 3630000-th SNP and testing association....

Reading 3640000-th SNP and testing association....

Reading 3650000-th SNP and testing association....

Reading 3660000-th SNP and testing association....

Reading 3670000-th SNP and testing association....

Reading 3680000-th SNP and testing association....

Reading 3690000-th SNP and testing association....

Reading 3700000-th SNP and testing association....

Reading 3710000-th SNP and testing association....

Reading 3720000-th SNP and testing association....

Reading 3730000-th SNP and testing association....

Reading 3740000-th SNP and testing association....

Reading 3750000-th SNP and testing association....

Reading 3760000-th SNP and testing association....

Reading 3770000-th SNP and testing association....

Reading 3780000-th SNP and testing association....

Reading 3790000-th SNP and testing association....

Reading 3800000-th SNP and testing association....

Reading 3810000-th SNP and testing association....

Reading 3820000-th SNP and testing association....

Reading 3830000-th SNP and testing association....

Reading 3840000-th SNP and testing association....

Reading 3850000-th SNP and testing association....

Reading 3860000-th SNP and testing association....

Reading 3870000-th SNP and testing association....

Reading 3880000-th SNP and testing association....

Reading 3890000-th SNP and testing association....

Reading 3900000-th SNP and testing association....

Reading 3910000-th SNP and testing association....

Reading 3920000-th SNP and testing association....

Reading 3930000-th SNP and testing association....

Reading 3940000-th SNP and testing association....

Reading 3950000-th SNP and testing association....

Reading 3960000-th SNP and testing association....

Reading 3970000-th SNP and testing association....

Reading 3980000-th SNP and testing association....

Reading 3990000-th SNP and testing association....

Reading 4000000-th SNP and testing association....

Reading 4010000-th SNP and testing association....

Reading 4020000-th SNP and testing association....

Reading 4030000-th SNP and testing association....

Reading 4040000-th SNP and testing association....

Reading 4050000-th SNP and testing association....

Reading 4060000-th SNP and testing association....

Reading 4070000-th SNP and testing association....

Reading 4080000-th SNP and testing association....

Reading 4090000-th SNP and testing association....

Reading 4100000-th SNP and testing association....

Reading 4110000-th SNP and testing association....

Reading 4120000-th SNP and testing association....

Reading 4130000-th SNP and testing association....

Reading 4140000-th SNP and testing association....

Reading 4150000-th SNP and testing association....

Reading 4160000-th SNP and testing association....

Reading 4170000-th SNP and testing association....

Reading 4180000-th SNP and testing association....

Reading 4190000-th SNP and testing association....

Reading 4200000-th SNP and testing association....

Reading 4210000-th SNP and testing association....

Reading 4220000-th SNP and testing association....

Reading 4230000-th SNP and testing association....

Reading 4240000-th SNP and testing association....

Reading 4250000-th SNP and testing association....

Reading 4260000-th SNP and testing association....

Reading 4270000-th SNP and testing association....

Reading 4280000-th SNP and testing association....

Reading 4290000-th SNP and testing association....

Reading 4300000-th SNP and testing association....

Reading 4310000-th SNP and testing association....

Reading 4320000-th SNP and testing association....

Reading 4330000-th SNP and testing association....

Reading 4340000-th SNP and testing association....

Reading 4350000-th SNP and testing association....

Reading 4360000-th SNP and testing association....

Reading 4370000-th SNP and testing association....

Reading 4380000-th SNP and testing association....

Reading 4390000-th SNP and testing association....

Reading 4400000-th SNP and testing association....

Reading 4410000-th SNP and testing association....

Reading 4420000-th SNP and testing association....

Reading 4430000-th SNP and testing association....

Reading 4440000-th SNP and testing association....

Reading 4450000-th SNP and testing association....

Reading 4460000-th SNP and testing association....

Reading 4470000-th SNP and testing association....

Reading 4480000-th SNP and testing association....

Reading 4490000-th SNP and testing association....

Reading 4500000-th SNP and testing association....

Reading 4510000-th SNP and testing association....

Reading 4520000-th SNP and testing association....

Reading 4530000-th SNP and testing association....

Reading 4540000-th SNP and testing association....

Reading 4550000-th SNP and testing association....

Reading 4560000-th SNP and testing association....

Reading 4570000-th SNP and testing association....

Reading 4580000-th SNP and testing association....

Reading 4590000-th SNP and testing association....

Reading 4600000-th SNP and testing association....

Reading 4610000-th SNP and testing association....

Reading 4620000-th SNP and testing association....

Reading 4630000-th SNP and testing association....

Reading 4640000-th SNP and testing association....

Reading 4650000-th SNP and testing association....

Reading 4660000-th SNP and testing association....

Reading 4670000-th SNP and testing association....

Reading 4680000-th SNP and testing association....

Reading 4690000-th SNP and testing association....

Reading 4700000-th SNP and testing association....

Reading 4710000-th SNP and testing association....

Reading 4720000-th SNP and testing association....

Reading 4730000-th SNP and testing association....

Reading 4740000-th SNP and testing association....

Reading 4750000-th SNP and testing association....

Reading 4760000-th SNP and testing association....

Reading 4770000-th SNP and testing association....

Reading 4780000-th SNP and testing association....

Reading 4790000-th SNP and testing association....

Reading 4800000-th SNP and testing association....

Reading 4810000-th SNP and testing association....

Reading 4820000-th SNP and testing association....

Reading 4830000-th SNP and testing association....

Reading 4840000-th SNP and testing association....

Reading 4850000-th SNP and testing association....

Reading 4860000-th SNP and testing association....

Reading 4870000-th SNP and testing association....

Reading 4880000-th SNP and testing association....

Reading 4890000-th SNP and testing association....

Reading 4900000-th SNP and testing association....

Reading 4910000-th SNP and testing association....

Reading 4920000-th SNP and testing association....

Reading 4930000-th SNP and testing association....

Reading 4940000-th SNP and testing association....

Reading 4950000-th SNP and testing association....

Reading 4960000-th SNP and testing association....

Reading 4970000-th SNP and testing association....

Reading 4980000-th SNP and testing association....

Reading 4990000-th SNP and testing association....

Reading 5000000-th SNP and testing association....

Reading 5010000-th SNP and testing association....

Reading 5020000-th SNP and testing association....

Reading 5030000-th SNP and testing association....

Reading 5040000-th SNP and testing association....

Reading 5050000-th SNP and testing association....

Reading 5060000-th SNP and testing association....

Reading 5070000-th SNP and testing association....

Reading 5080000-th SNP and testing association....

Reading 5090000-th SNP and testing association....

Reading 5100000-th SNP and testing association....

Reading 5110000-th SNP and testing association....

Reading 5120000-th SNP and testing association....

Reading 5130000-th SNP and testing association....

Reading 5140000-th SNP and testing association....

Reading 5150000-th SNP and testing association....

Reading 5160000-th SNP and testing association....

Reading 5170000-th SNP and testing association....

Reading 5180000-th SNP and testing association....

Reading 5190000-th SNP and testing association....

Reading 5200000-th SNP and testing association....

Reading 5210000-th SNP and testing association....

Reading 5220000-th SNP and testing association....

Reading 5230000-th SNP and testing association....

Reading 5240000-th SNP and testing association....

Reading 5250000-th SNP and testing association....

Reading 5260000-th SNP and testing association....

Reading 5270000-th SNP and testing association....

Reading 5280000-th SNP and testing association....

Reading 5290000-th SNP and testing association....

Reading 5300000-th SNP and testing association....

Reading 5310000-th SNP and testing association....

Reading 5320000-th SNP and testing association....

Reading 5330000-th SNP and testing association....

Reading 5340000-th SNP and testing association....

Reading 5350000-th SNP and testing association....

Reading 5360000-th SNP and testing association....

Reading 5370000-th SNP and testing association....

Reading 5380000-th SNP and testing association....

Reading 5390000-th SNP and testing association....

Reading 5400000-th SNP and testing association....

Reading 5410000-th SNP and testing association....

Reading 5420000-th SNP and testing association....

Reading 5430000-th SNP and testing association....

Reading 5440000-th SNP and testing association....

Reading 5450000-th SNP and testing association....

Reading 5460000-th SNP and testing association....

Reading 5470000-th SNP and testing association....

Reading 5480000-th SNP and testing association....

Reading 5490000-th SNP and testing association....

Reading 5500000-th SNP and testing association....

Reading 5510000-th SNP and testing association....

Reading 5520000-th SNP and testing association....

Reading 5530000-th SNP and testing association....

Reading 5540000-th SNP and testing association....

Reading 5550000-th SNP and testing association....

Reading 5560000-th SNP and testing association....

Reading 5570000-th SNP and testing association....

Reading 5580000-th SNP and testing association....

Reading 5590000-th SNP and testing association....

Reading 5600000-th SNP and testing association....

Reading 5610000-th SNP and testing association....

Reading 5620000-th SNP and testing association....

Reading 5630000-th SNP and testing association....

Reading 5640000-th SNP and testing association....

Reading 5650000-th SNP and testing association....

Reading 5660000-th SNP and testing association....

Reading 5670000-th SNP and testing association....

Reading 5680000-th SNP and testing association....

Reading 5690000-th SNP and testing association....

Reading 5700000-th SNP and testing association....

Reading 5710000-th SNP and testing association....

Reading 5720000-th SNP and testing association....

Reading 5730000-th SNP and testing association....

Reading 5740000-th SNP and testing association....

Reading 5750000-th SNP and testing association....

Reading 5760000-th SNP and testing association....

Reading 5770000-th SNP and testing association....

Reading 5780000-th SNP and testing association....

Reading 5790000-th SNP and testing association....

Reading 5800000-th SNP and testing association....

Reading 5810000-th SNP and testing association....

Reading 5820000-th SNP and testing association....

Reading 5830000-th SNP and testing association....

Reading 5840000-th SNP and testing association....

Reading 5850000-th SNP and testing association....

Reading 5860000-th SNP and testing association....

Reading 5870000-th SNP and testing association....

Reading 5880000-th SNP and testing association....

Reading 5890000-th SNP and testing association....

Reading 5900000-th SNP and testing association....

Reading 5910000-th SNP and testing association....

Reading 5920000-th SNP and testing association....

Reading 5930000-th SNP and testing association....

Reading 5940000-th SNP and testing association....

Reading 5950000-th SNP and testing association....

Reading 5960000-th SNP and testing association....

Reading 5970000-th SNP and testing association....

Reading 5980000-th SNP and testing association....

Reading 5990000-th SNP and testing association....

Reading 6000000-th SNP and testing association....

Reading 6010000-th SNP and testing association....

Reading 6020000-th SNP and testing association....

Reading 6030000-th SNP and testing association....

Reading 6040000-th SNP and testing association....

Reading 6050000-th SNP and testing association....

Reading 6060000-th SNP and testing association....

Reading 6070000-th SNP and testing association....

Reading 6080000-th SNP and testing association....

Reading 6090000-th SNP and testing association....

Reading 6100000-th SNP and testing association....

Reading 6110000-th SNP and testing association....

Reading 6120000-th SNP and testing association....

Reading 6130000-th SNP and testing association....

Reading 6140000-th SNP and testing association....

Reading 6150000-th SNP and testing association....

Reading 6160000-th SNP and testing association....

Reading 6170000-th SNP and testing association....

Reading 6180000-th SNP and testing association....

Reading 6190000-th SNP and testing association....

Reading 6200000-th SNP and testing association....

Reading 6210000-th SNP and testing association....

Reading 6220000-th SNP and testing association....

Reading 6230000-th SNP and testing association....

Reading 6240000-th SNP and testing association....

Reading 6250000-th SNP and testing association....

Reading 6260000-th SNP and testing association....

Reading 6270000-th SNP and testing association....

Reading 6280000-th SNP and testing association....

Reading 6290000-th SNP and testing association....

Reading 6300000-th SNP and testing association....

Reading 6310000-th SNP and testing association....

Reading 6320000-th SNP and testing association....

Reading 6330000-th SNP and testing association....

Reading 6340000-th SNP and testing association....

Reading 6350000-th SNP and testing association....

Reading 6360000-th SNP and testing association....

Reading 6370000-th SNP and testing association....

Reading 6380000-th SNP and testing association....

Reading 6390000-th SNP and testing association....

Reading 6400000-th SNP and testing association....

Reading 6410000-th SNP and testing association....

Reading 6420000-th SNP and testing association....

Reading 6430000-th SNP and testing association....

Reading 6440000-th SNP and testing association....

Reading 6450000-th SNP and testing association....

Reading 6460000-th SNP and testing association....

Reading 6470000-th SNP and testing association....

Reading 6480000-th SNP and testing association....

Reading 6490000-th SNP and testing association....

Reading 6500000-th SNP and testing association....

Reading 6510000-th SNP and testing association....

Reading 6520000-th SNP and testing association....

Reading 6530000-th SNP and testing association....

Reading 6540000-th SNP and testing association....

Reading 6550000-th SNP and testing association....

Reading 6560000-th SNP and testing association....

Reading 6570000-th SNP and testing association....

Reading 6580000-th SNP and testing association....

Reading 6590000-th SNP and testing association....

Reading 6600000-th SNP and testing association....

Reading 6610000-th SNP and testing association....

Reading 6620000-th SNP and testing association....

Reading 6630000-th SNP and testing association....

Reading 6640000-th SNP and testing association....

Reading 6650000-th SNP and testing association....

Reading 6660000-th SNP and testing association....

Reading 6670000-th SNP and testing association....

Reading 6680000-th SNP and testing association....

Reading 6690000-th SNP and testing association....

Reading 6700000-th SNP and testing association....

Reading 6710000-th SNP and testing association....

Reading 6720000-th SNP and testing association....

Reading 6730000-th SNP and testing association....

Reading 6740000-th SNP and testing association....

Reading 6750000-th SNP and testing association....

Reading 6760000-th SNP and testing association....

Reading 6770000-th SNP and testing association....

Reading 6780000-th SNP and testing association....

Reading 6790000-th SNP and testing association....

Reading 6800000-th SNP and testing association....

Reading 6810000-th SNP and testing association....

Reading 6820000-th SNP and testing association....

Reading 6830000-th SNP and testing association....

Reading 6840000-th SNP and testing association....

Reading 6850000-th SNP and testing association....

Reading 6860000-th SNP and testing association....

Reading 6870000-th SNP and testing association....

Reading 6880000-th SNP and testing association....

Reading 6890000-th SNP and testing association....

Reading 6900000-th SNP and testing association....

Reading 6910000-th SNP and testing association....

Reading 6920000-th SNP and testing association....

Reading 6930000-th SNP and testing association....

Reading 6940000-th SNP and testing association....

Reading 6950000-th SNP and testing association....

Reading 6960000-th SNP and testing association....

Reading 6970000-th SNP and testing association....

Reading 6980000-th SNP and testing association....

Reading 6990000-th SNP and testing association....

Reading 7000000-th SNP and testing association....

Reading 7010000-th SNP and testing association....

Reading 7020000-th SNP and testing association....

Reading 7030000-th SNP and testing association....

Reading 7040000-th SNP and testing association....

Reading 7050000-th SNP and testing association....

Reading 7060000-th SNP and testing association....

Reading 7070000-th SNP and testing association....

Reading 7080000-th SNP and testing association....

Reading 7090000-th SNP and testing association....

Reading 7100000-th SNP and testing association....

Reading 7110000-th SNP and testing association....

GLS association - elapsed CPU time is 1271.242497

Breakdown for input file parsing : 450.453238

              matrix computation : 646.537699

             p-value computation : 12.973763

