
Reading TFAM file /mnt/data/shahar/gwas_barley/morexV3_analysis/USED_GWAS_V2_pipeline/intermediates/morexV3_gwas_genotypes.tfam ....


Reading kinship file /mnt/data/shahar/gwas_barley/morexV3_analysis/USED_GWAS_V2_pipeline/intermediates/morexV3_kinship.aIBS.kinf...

  290 rows and 290 columns were observed with 0 missing values.


Reading the phenotype file /mnt/data/shahar/gwas_barley/data/inputs/starch_corrected_V3.pheno...

  290 rows and 1 columns were observed with 0 missing values


Reading covariate file /mnt/data/shahar/gwas_barley/morexV3_analysis/USED_GWAS_V2_pipeline/intermediates/covariates/pca_pc3.cov...

  290 rows and 3 columns were observed with 0 missing values. Make sure that the intercept is included in the covariates

File reading - elapsed CPU time is 0.018467

eRvals[0] = 0.020374, eRvals[n-q-1] = 215.307306, eRvals[n-q] = 0.000000
eigen_R - elapsed CPU time is 0.092816
etas[0] = -1.605717, lambdas[0] = 0.020374
etas[1] = 1.730192, lambdas[1] = 0.022224
etas[2] = 0.639939, lambdas[2] = 0.022321
etas[3] = 0.066359, lambdas[3] = 0.022619
etas[4] = -2.182017, lambdas[4] = 0.022706
etas[5] = 0.658981, lambdas[5] = 0.023007
etas[6] = 0.507354, lambdas[6] = 0.023331
etas[7] = 0.547148, lambdas[7] = 0.023388
etas[8] = -2.698469, lambdas[8] = 0.023503
etas[9] = -1.104053, lambdas[9] = 0.023842
etas[10] = -0.997819, lambdas[10] = 0.024441
etas[11] = -2.195235, lambdas[11] = 0.026183
etas[12] = -1.541626, lambdas[12] = 0.026299
etas[13] = 1.909491, lambdas[13] = 0.026624
etas[14] = 1.026774, lambdas[14] = 0.028069
etas[15] = -0.502658, lambdas[15] = 0.028285
etas[16] = -1.025731, lambdas[16] = 0.028386
etas[17] = -1.433762, lambdas[17] = 0.028633
etas[18] = 1.164978, lambdas[18] = 0.028999
etas[19] = 1.268987, lambdas[19] = 0.029209
etas[20] = 1.223048, lambdas[20] = 0.029343
etas[21] = -1.039333, lambdas[21] = 0.029652
etas[22] = -1.787832, lambdas[22] = 0.029881
etas[23] = -0.963441, lambdas[23] = 0.029979
etas[24] = 1.013370, lambdas[24] = 0.030123
etas[25] = 0.360393, lambdas[25] = 0.030495
etas[26] = 2.839251, lambdas[26] = 0.030593
etas[27] = -0.236687, lambdas[27] = 0.031065
etas[28] = -1.881065, lambdas[28] = 0.031565
etas[29] = 1.177689, lambdas[29] = 0.031604
etas[30] = 1.806335, lambdas[30] = 0.031695
etas[31] = -0.971060, lambdas[31] = 0.031720
etas[32] = 1.486422, lambdas[32] = 0.032152
etas[33] = -0.281608, lambdas[33] = 0.032221
etas[34] = -0.347294, lambdas[34] = 0.032331
etas[35] = -1.000118, lambdas[35] = 0.032394
etas[36] = -0.491865, lambdas[36] = 0.032645
etas[37] = -2.854686, lambdas[37] = 0.032825
etas[38] = -0.575446, lambdas[38] = 0.033221
etas[39] = 2.498973, lambdas[39] = 0.033353
etas[40] = 1.533337, lambdas[40] = 0.033876
etas[41] = -3.285435, lambdas[41] = 0.034008
etas[42] = 2.800916, lambdas[42] = 0.034182
etas[43] = 1.163637, lambdas[43] = 0.034372
etas[44] = -0.168964, lambdas[44] = 0.034683
etas[45] = 0.348640, lambdas[45] = 0.036036
etas[46] = -0.374698, lambdas[46] = 0.036235
etas[47] = -1.284044, lambdas[47] = 0.036372
etas[48] = -1.654381, lambdas[48] = 0.037006
etas[49] = 2.984280, lambdas[49] = 0.037117
etas[50] = -0.704051, lambdas[50] = 0.037471
etas[51] = 0.941548, lambdas[51] = 0.037564
etas[52] = -2.215793, lambdas[52] = 0.037598
etas[53] = 0.310202, lambdas[53] = 0.037993
etas[54] = 0.020960, lambdas[54] = 0.038189
etas[55] = -1.152215, lambdas[55] = 0.038741
etas[56] = -1.793441, lambdas[56] = 0.038956
etas[57] = -0.068890, lambdas[57] = 0.039438
etas[58] = 2.137791, lambdas[58] = 0.039603
etas[59] = 2.034885, lambdas[59] = 0.040593
etas[60] = -1.250430, lambdas[60] = 0.041533
etas[61] = 0.757562, lambdas[61] = 0.041665
etas[62] = -0.852649, lambdas[62] = 0.041900
etas[63] = 1.744691, lambdas[63] = 0.042198
etas[64] = 1.289454, lambdas[64] = 0.042405
etas[65] = 0.225157, lambdas[65] = 0.042825
etas[66] = -2.489060, lambdas[66] = 0.043060
etas[67] = -2.424849, lambdas[67] = 0.044091
etas[68] = 0.043785, lambdas[68] = 0.046163
etas[69] = 1.240074, lambdas[69] = 0.046695
etas[70] = -0.335432, lambdas[70] = 0.049562
etas[71] = 2.053074, lambdas[71] = 0.054437
etas[72] = -0.626157, lambdas[72] = 0.059679
etas[73] = 1.583407, lambdas[73] = 0.061004
etas[74] = -3.297497, lambdas[74] = 0.062018
etas[75] = 0.077449, lambdas[75] = 0.062786
etas[76] = -5.554267, lambdas[76] = 0.064090
etas[77] = 1.096657, lambdas[77] = 0.067936
etas[78] = 1.515473, lambdas[78] = 0.069278
etas[79] = -1.962889, lambdas[79] = 0.082940
etas[80] = 3.973214, lambdas[80] = 0.085326
etas[81] = -2.547919, lambdas[81] = 0.088280
etas[82] = -6.603952, lambdas[82] = 0.090145
etas[83] = -2.084970, lambdas[83] = 0.092513
etas[84] = 2.396699, lambdas[84] = 0.095885
etas[85] = 6.081745, lambdas[85] = 0.096711
etas[86] = 3.829704, lambdas[86] = 0.097413
etas[87] = -3.170640, lambdas[87] = 0.098352
etas[88] = 1.229531, lambdas[88] = 0.099113
etas[89] = -0.053561, lambdas[89] = 0.101948
etas[90] = 1.177461, lambdas[90] = 0.103784
etas[91] = 3.414180, lambdas[91] = 0.104473
etas[92] = -0.674209, lambdas[92] = 0.104819
etas[93] = 0.153623, lambdas[93] = 0.105562
etas[94] = -2.581256, lambdas[94] = 0.107392
etas[95] = 3.257319, lambdas[95] = 0.109009
etas[96] = -1.048053, lambdas[96] = 0.110030
etas[97] = 1.652005, lambdas[97] = 0.110666
etas[98] = 0.717377, lambdas[98] = 0.112225
etas[99] = -1.529164, lambdas[99] = 0.112780
etas[100] = 1.840286, lambdas[100] = 0.114406
etas[101] = -4.987669, lambdas[101] = 0.115498
etas[102] = -4.770717, lambdas[102] = 0.115819
etas[103] = -0.621798, lambdas[103] = 0.116477
etas[104] = -2.976251, lambdas[104] = 0.117062
etas[105] = 2.079052, lambdas[105] = 0.118108
etas[106] = 3.596810, lambdas[106] = 0.118835
etas[107] = -3.438973, lambdas[107] = 0.119295
etas[108] = 1.743813, lambdas[108] = 0.119823
etas[109] = 3.124065, lambdas[109] = 0.120491
etas[110] = -1.406798, lambdas[110] = 0.120849
etas[111] = 1.866340, lambdas[111] = 0.121084
etas[112] = 3.493807, lambdas[112] = 0.121329
etas[113] = -3.460921, lambdas[113] = 0.121759
etas[114] = 1.228659, lambdas[114] = 0.122381
etas[115] = -4.671364, lambdas[115] = 0.122840
etas[116] = 1.993279, lambdas[116] = 0.123859
etas[117] = -1.140854, lambdas[117] = 0.124328
etas[118] = 0.889504, lambdas[118] = 0.124583
etas[119] = 5.466087, lambdas[119] = 0.124797
etas[120] = 4.644199, lambdas[120] = 0.125404
etas[121] = 3.587114, lambdas[121] = 0.126105
etas[122] = 5.930648, lambdas[122] = 0.126239
etas[123] = 3.255070, lambdas[123] = 0.126877
etas[124] = -3.788879, lambdas[124] = 0.127541
etas[125] = -3.506126, lambdas[125] = 0.127947
etas[126] = 2.190280, lambdas[126] = 0.128723
etas[127] = -7.040845, lambdas[127] = 0.128838
etas[128] = -0.144775, lambdas[128] = 0.129200
etas[129] = 1.307078, lambdas[129] = 0.129742
etas[130] = -0.434715, lambdas[130] = 0.130059
etas[131] = -4.443531, lambdas[131] = 0.130681
etas[132] = -0.911270, lambdas[132] = 0.131240
etas[133] = 1.157071, lambdas[133] = 0.131713
etas[134] = -1.075367, lambdas[134] = 0.131930
etas[135] = 5.595899, lambdas[135] = 0.132955
etas[136] = -3.842178, lambdas[136] = 0.133290
etas[137] = 3.153770, lambdas[137] = 0.133807
etas[138] = 6.645089, lambdas[138] = 0.134039
etas[139] = -0.485488, lambdas[139] = 0.134901
etas[140] = 6.217362, lambdas[140] = 0.135053
etas[141] = 1.737480, lambdas[141] = 0.135503
etas[142] = -4.795064, lambdas[142] = 0.135960
etas[143] = 1.645218, lambdas[143] = 0.136642
etas[144] = -0.669669, lambdas[144] = 0.137103
etas[145] = -3.663898, lambdas[145] = 0.137482
etas[146] = -1.501862, lambdas[146] = 0.138238
etas[147] = 7.065026, lambdas[147] = 0.139310
etas[148] = 1.567166, lambdas[148] = 0.139495
etas[149] = -2.902006, lambdas[149] = 0.140264
etas[150] = 0.339252, lambdas[150] = 0.140782
etas[151] = 3.305891, lambdas[151] = 0.141076
etas[152] = -2.482746, lambdas[152] = 0.141509
etas[153] = -3.020383, lambdas[153] = 0.142396
etas[154] = -0.134845, lambdas[154] = 0.142858
etas[155] = 3.652762, lambdas[155] = 0.143206
etas[156] = -3.938124, lambdas[156] = 0.143365
etas[157] = -4.627473, lambdas[157] = 0.144235
etas[158] = -2.875160, lambdas[158] = 0.144963
etas[159] = 1.413951, lambdas[159] = 0.145884
etas[160] = 0.896947, lambdas[160] = 0.146252
etas[161] = -0.609042, lambdas[161] = 0.146835
etas[162] = 3.182188, lambdas[162] = 0.147441
etas[163] = 2.008346, lambdas[163] = 0.147733
etas[164] = -3.303063, lambdas[164] = 0.148514
etas[165] = -3.443269, lambdas[165] = 0.149792
etas[166] = -1.238795, lambdas[166] = 0.150053
etas[167] = -0.100951, lambdas[167] = 0.150492
etas[168] = -2.567678, lambdas[168] = 0.151245
etas[169] = 3.341601, lambdas[169] = 0.151580
etas[170] = -0.068667, lambdas[170] = 0.151839
etas[171] = 4.787988, lambdas[171] = 0.152554
etas[172] = -1.490470, lambdas[172] = 0.152733
etas[173] = -3.470490, lambdas[173] = 0.153073
etas[174] = -6.421187, lambdas[174] = 0.153267
etas[175] = 4.049579, lambdas[175] = 0.154658
etas[176] = 3.899344, lambdas[176] = 0.155000
etas[177] = -0.428679, lambdas[177] = 0.155484
etas[178] = -0.390378, lambdas[178] = 0.156398
etas[179] = -0.518864, lambdas[179] = 0.157389
etas[180] = -0.283165, lambdas[180] = 0.157768
etas[181] = -1.053317, lambdas[181] = 0.159327
etas[182] = -7.411302, lambdas[182] = 0.159513
etas[183] = 2.502938, lambdas[183] = 0.160415
etas[184] = -4.801294, lambdas[184] = 0.160849
etas[185] = 0.521966, lambdas[185] = 0.160953
etas[186] = 7.685856, lambdas[186] = 0.162510
etas[187] = -1.158013, lambdas[187] = 0.163016
etas[188] = 1.624254, lambdas[188] = 0.164397
etas[189] = -9.227597, lambdas[189] = 0.164775
etas[190] = 3.211436, lambdas[190] = 0.165737
etas[191] = -5.649649, lambdas[191] = 0.166345
etas[192] = 5.436332, lambdas[192] = 0.167187
etas[193] = 1.645287, lambdas[193] = 0.167743
etas[194] = -4.887147, lambdas[194] = 0.168470
etas[195] = -6.471051, lambdas[195] = 0.169246
etas[196] = -9.006153, lambdas[196] = 0.170029
etas[197] = -6.342961, lambdas[197] = 0.170174
etas[198] = 2.088026, lambdas[198] = 0.171545
etas[199] = -6.676934, lambdas[199] = 0.172005
etas[200] = -4.146967, lambdas[200] = 0.172615
etas[201] = 3.759869, lambdas[201] = 0.173822
etas[202] = 3.472007, lambdas[202] = 0.174235
etas[203] = -1.020948, lambdas[203] = 0.174651
etas[204] = -0.829863, lambdas[204] = 0.176356
etas[205] = -4.425840, lambdas[205] = 0.176920
etas[206] = -0.885945, lambdas[206] = 0.177472
etas[207] = 4.411892, lambdas[207] = 0.178112
etas[208] = 1.482951, lambdas[208] = 0.178752
etas[209] = -0.823417, lambdas[209] = 0.180857
etas[210] = 6.945287, lambdas[210] = 0.181892
etas[211] = 3.923408, lambdas[211] = 0.182252
etas[212] = -4.294647, lambdas[212] = 0.183073
etas[213] = -4.160567, lambdas[213] = 0.184422
etas[214] = 3.078982, lambdas[214] = 0.186335
etas[215] = -5.958028, lambdas[215] = 0.188703
etas[216] = 2.734571, lambdas[216] = 0.189173
etas[217] = -1.159621, lambdas[217] = 0.190546
etas[218] = -0.449129, lambdas[218] = 0.191980
etas[219] = 1.352633, lambdas[219] = 0.193465
etas[220] = -0.701729, lambdas[220] = 0.193651
etas[221] = -6.712915, lambdas[221] = 0.196246
etas[222] = -5.184265, lambdas[222] = 0.197572
etas[223] = 3.464351, lambdas[223] = 0.198934
etas[224] = 2.382918, lambdas[224] = 0.200563
etas[225] = 2.665326, lambdas[225] = 0.201754
etas[226] = 1.077843, lambdas[226] = 0.204026
etas[227] = 1.348186, lambdas[227] = 0.206050
etas[228] = 8.997592, lambdas[228] = 0.207010
etas[229] = -1.502456, lambdas[229] = 0.208301
etas[230] = -0.969221, lambdas[230] = 0.209901
etas[231] = 5.450916, lambdas[231] = 0.212580
etas[232] = 6.451604, lambdas[232] = 0.215009
etas[233] = 2.440409, lambdas[233] = 0.217824
etas[234] = -0.446814, lambdas[234] = 0.218701
etas[235] = -4.495479, lambdas[235] = 0.221980
etas[236] = 10.626133, lambdas[236] = 0.224297
etas[237] = -7.284393, lambdas[237] = 0.226607
etas[238] = 5.612144, lambdas[238] = 0.232023
etas[239] = 0.123980, lambdas[239] = 0.233194
etas[240] = 2.579492, lambdas[240] = 0.234258
etas[241] = 7.573545, lambdas[241] = 0.236443
etas[242] = 0.059202, lambdas[242] = 0.240126
etas[243] = -6.311376, lambdas[243] = 0.240704
etas[244] = 5.331154, lambdas[244] = 0.248815
etas[245] = 3.389795, lambdas[245] = 0.252094
etas[246] = 5.642770, lambdas[246] = 0.254348
etas[247] = 5.607112, lambdas[247] = 0.259644
etas[248] = -4.118819, lambdas[248] = 0.264936
etas[249] = 0.851442, lambdas[249] = 0.279199
etas[250] = -4.978795, lambdas[250] = 0.286441
etas[251] = 0.707324, lambdas[251] = 0.293659
etas[252] = 6.904644, lambdas[252] = 0.299155
etas[253] = -0.509021, lambdas[253] = 0.304584
etas[254] = 2.301145, lambdas[254] = 0.307855
etas[255] = -8.457476, lambdas[255] = 0.313845
etas[256] = 4.752810, lambdas[256] = 0.319519
etas[257] = 0.874184, lambdas[257] = 0.326574
etas[258] = 2.008592, lambdas[258] = 0.334890
etas[259] = 6.023936, lambdas[259] = 0.344130
etas[260] = -0.814687, lambdas[260] = 0.364992
etas[261] = 7.041054, lambdas[261] = 0.371053
etas[262] = 3.976229, lambdas[262] = 0.376984
etas[263] = -2.343360, lambdas[263] = 0.408656
etas[264] = 1.407946, lambdas[264] = 0.415886
etas[265] = 8.032715, lambdas[265] = 0.446495
etas[266] = -4.735594, lambdas[266] = 0.451860
etas[267] = -1.431026, lambdas[267] = 0.474116
etas[268] = -1.695379, lambdas[268] = 0.502536
etas[269] = -6.332685, lambdas[269] = 0.526362
etas[270] = 5.199378, lambdas[270] = 0.549363
etas[271] = -3.947430, lambdas[271] = 0.557332
etas[272] = 5.907063, lambdas[272] = 0.570421
etas[273] = 8.397232, lambdas[273] = 0.638790
etas[274] = 0.667061, lambdas[274] = 0.659676
etas[275] = -21.581963, lambdas[275] = 0.694241
etas[276] = -2.734320, lambdas[276] = 0.809072
etas[277] = -0.556956, lambdas[277] = 0.884340
etas[278] = -3.972107, lambdas[278] = 0.886964
etas[279] = -3.987344, lambdas[279] = 1.091629
etas[280] = 11.015659, lambdas[280] = 1.129934
etas[281] = -14.199703, lambdas[281] = 1.214663
etas[282] = -9.036964, lambdas[282] = 1.294129
etas[283] = 8.350279, lambdas[283] = 1.462132
etas[284] = 13.665037, lambdas[284] = 1.573850
etas[285] = -3.928127, lambdas[285] = 1.812035
etas[286] = 0.639108, lambdas[286] = 215.307306
0	-107.870709	-108.011906	-743.876957
1	-108.011906	-108.184049	-743.878042
2	-108.184049	-108.393834	-743.879369
3	-108.393834	-108.649366	-743.880993
4	-108.649366	-108.960434	-743.882980
5	-108.960434	-109.338826	-743.885414
6	-109.338826	-109.798699	-743.888397
7	-109.798699	-110.356984	-743.892053
8	-110.356984	-111.033830	-743.896540
9	-111.033830	-111.853071	-743.902051
10	-111.853071	-112.842679	-743.908828
11	-112.842679	-114.035167	-743.917173
12	-114.035167	-115.467848	-743.927464
13	-115.467848	-117.182853	-743.940178
14	-117.182853	-119.226722	-743.955921
15	-119.226722	-121.649359	-743.975461
16	-121.649359	-124.502038	-743.999778
17	-124.502038	-127.834085	-744.030130
18	-127.834085	-131.687838	-744.068135
19	-131.687838	-136.091451	-744.115877
20	-136.091451	-141.049254	-744.176049
21	-141.049254	-146.529691	-744.252117
22	-146.529691	-152.451357	-744.348534
23	-152.451357	-158.668573	-744.470979
24	-158.668573	-164.958950	-744.626624
25	-164.958950	-171.016615	-744.824395
26	-171.016615	-176.455493	-745.075201
27	-176.455493	-180.826919	-745.392055
28	-180.826919	-183.654141	-745.790026
29	-183.654141	-184.482764	-746.285931
30	-184.482764	-182.941393	-746.897705
31	-182.941393	-178.801901	-747.643428
32	-178.801901	-172.025986	-748.540030
33	-172.025986	-162.785682	-749.601826
34	-162.785682	-151.450716	-750.839062
35	-151.450716	-138.543838	-752.256722
36	-138.543838	-124.673488	-753.853826
37	-124.673488	-110.458528	-755.623357
38	-110.458528	-96.460453	-757.552826
39	-96.460453	-83.134683	-759.625364
40	-83.134683	-70.806273	-761.821086
41	-70.806273	-59.668937	-764.118457
42	-59.668937	-49.801734	-766.495401
43	-49.801734	-41.195667	-768.929988
44	-41.195667	-33.782807	-771.400650
45	-33.782807	-27.462368	-773.886028
46	-27.462368	-22.120591	-776.364621
47	-22.120591	-17.643642	-778.814467
48	-17.643642	-13.924369	-781.213061
49	-13.924369	-10.864686	-783.537650
50	-10.864686	-8.375459	-785.765903
51	-8.375459	-6.375475	-787.876894
52	-6.375475	-4.790449	-789.852226
53	-4.790449	-3.552524	-791.677083
54	-3.552524	-2.600258	-793.341053
55	-2.600258	-1.878906	-794.838562
56	-1.878906	-1.340724	-796.168887
57	-1.340724	-0.945094	-797.335763
58	-0.945094	-0.658346	-798.346689
59	-0.658346	-0.453288	-799.212039
60	-0.453288	-0.308498	-799.944131
61	-0.308498	-0.207484	-800.556343
62	-0.207484	-0.137819	-801.062356
63	-0.137819	-0.090311	-801.475566
64	-0.090311	-0.058277	-801.808659
65	-0.058277	-0.036929	-802.073343
66	-0.036929	-0.022883	-802.280207
67	-0.022883	-0.013773	-802.438680
68	-0.013773	-0.007966	-802.557054
69	-0.007966	-0.004341	-802.642551
70	-0.004341	-0.002140	-802.701412
71	-0.002140	-0.000853	-802.739001
72	-0.000853	-0.000141	-802.759894
73	-0.000141	0.000217	-802.767977
74	0.000217	0.000368	-802.766516
75	0.000368	0.000401	-802.758233
76	0.000401	0.000374	-802.745358
77	0.000374	0.000321	-802.729685
78	0.000321	0.000262	-802.712620
79	0.000262	0.000205	-802.695227
80	0.000205	0.000156	-802.678278
81	0.000156	0.000116	-802.662296
82	0.000116	0.000085	-802.647605
83	0.000085	0.000061	-802.634372
84	0.000061	0.000043	-802.622647
85	0.000043	0.000031	-802.612400
86	0.000031	0.000021	-802.603544
87	0.000021	0.000015	-802.595962
88	0.000015	0.000010	-802.589520
89	0.000010	0.000007	-802.584082
90	0.000007	0.000005	-802.579516
91	0.000005	0.000003	-802.575700
92	0.000003	0.000002	-802.572521
93	0.000002	0.000001	-802.569882
94	0.000001	0.000001	-802.567696
95	0.000001	0.000001	-802.565890
96	0.000001	0.000000	-802.564399
97	0.000000	0.000000	-802.563171
98	0.000000	0.000000	-802.562160
99	0.000000	0.000000	-802.561329
REMLE (delta=0.000045, REML=-743.876957, REML0=-802.557534)- elapsed CPU time is 0.013085
eigen_L - elapsed CPU time is 0.050697


Reading TPED file /mnt/data/shahar/gwas_barley/morexV3_analysis/USED_GWAS_V2_pipeline/intermediates/morexV3_gwas_genotypes...

Reading 0-th SNP and testing association....

Reading 10000-th SNP and testing association....

Reading 20000-th SNP and testing association....

Reading 30000-th SNP and testing association....

Reading 40000-th SNP and testing association....

Reading 50000-th SNP and testing association....

Reading 60000-th SNP and testing association....

Reading 70000-th SNP and testing association....

Reading 80000-th SNP and testing association....

Reading 90000-th SNP and testing association....

Reading 100000-th SNP and testing association....

Reading 110000-th SNP and testing association....

Reading 120000-th SNP and testing association....

Reading 130000-th SNP and testing association....

Reading 140000-th SNP and testing association....

Reading 150000-th SNP and testing association....

Reading 160000-th SNP and testing association....

Reading 170000-th SNP and testing association....

Reading 180000-th SNP and testing association....

Reading 190000-th SNP and testing association....

Reading 200000-th SNP and testing association....

Reading 210000-th SNP and testing association....

Reading 220000-th SNP and testing association....

Reading 230000-th SNP and testing association....

Reading 240000-th SNP and testing association....

Reading 250000-th SNP and testing association....

Reading 260000-th SNP and testing association....

Reading 270000-th SNP and testing association....

Reading 280000-th SNP and testing association....

Reading 290000-th SNP and testing association....

Reading 300000-th SNP and testing association....

Reading 310000-th SNP and testing association....

Reading 320000-th SNP and testing association....

Reading 330000-th SNP and testing association....

Reading 340000-th SNP and testing association....

Reading 350000-th SNP and testing association....

Reading 360000-th SNP and testing association....

Reading 370000-th SNP and testing association....

Reading 380000-th SNP and testing association....

Reading 390000-th SNP and testing association....

Reading 400000-th SNP and testing association....

Reading 410000-th SNP and testing association....

Reading 420000-th SNP and testing association....

Reading 430000-th SNP and testing association....

Reading 440000-th SNP and testing association....

Reading 450000-th SNP and testing association....

Reading 460000-th SNP and testing association....

Reading 470000-th SNP and testing association....

Reading 480000-th SNP and testing association....

Reading 490000-th SNP and testing association....

Reading 500000-th SNP and testing association....

Reading 510000-th SNP and testing association....

Reading 520000-th SNP and testing association....

Reading 530000-th SNP and testing association....

Reading 540000-th SNP and testing association....

Reading 550000-th SNP and testing association....

Reading 560000-th SNP and testing association....

Reading 570000-th SNP and testing association....

Reading 580000-th SNP and testing association....

Reading 590000-th SNP and testing association....

Reading 600000-th SNP and testing association....

Reading 610000-th SNP and testing association....

Reading 620000-th SNP and testing association....

Reading 630000-th SNP and testing association....

Reading 640000-th SNP and testing association....

Reading 650000-th SNP and testing association....

Reading 660000-th SNP and testing association....

Reading 670000-th SNP and testing association....

Reading 680000-th SNP and testing association....

Reading 690000-th SNP and testing association....

Reading 700000-th SNP and testing association....

Reading 710000-th SNP and testing association....

Reading 720000-th SNP and testing association....

Reading 730000-th SNP and testing association....

Reading 740000-th SNP and testing association....

Reading 750000-th SNP and testing association....

Reading 760000-th SNP and testing association....

Reading 770000-th SNP and testing association....

Reading 780000-th SNP and testing association....

Reading 790000-th SNP and testing association....

Reading 800000-th SNP and testing association....

Reading 810000-th SNP and testing association....

Reading 820000-th SNP and testing association....

Reading 830000-th SNP and testing association....

Reading 840000-th SNP and testing association....

Reading 850000-th SNP and testing association....

Reading 860000-th SNP and testing association....

Reading 870000-th SNP and testing association....

Reading 880000-th SNP and testing association....

Reading 890000-th SNP and testing association....

Reading 900000-th SNP and testing association....

Reading 910000-th SNP and testing association....

Reading 920000-th SNP and testing association....

Reading 930000-th SNP and testing association....

Reading 940000-th SNP and testing association....

Reading 950000-th SNP and testing association....

Reading 960000-th SNP and testing association....

Reading 970000-th SNP and testing association....

Reading 980000-th SNP and testing association....

Reading 990000-th SNP and testing association....

Reading 1000000-th SNP and testing association....

Reading 1010000-th SNP and testing association....

Reading 1020000-th SNP and testing association....

Reading 1030000-th SNP and testing association....

Reading 1040000-th SNP and testing association....

Reading 1050000-th SNP and testing association....

Reading 1060000-th SNP and testing association....

Reading 1070000-th SNP and testing association....

Reading 1080000-th SNP and testing association....

Reading 1090000-th SNP and testing association....

Reading 1100000-th SNP and testing association....

Reading 1110000-th SNP and testing association....

Reading 1120000-th SNP and testing association....

Reading 1130000-th SNP and testing association....

Reading 1140000-th SNP and testing association....

Reading 1150000-th SNP and testing association....

Reading 1160000-th SNP and testing association....

Reading 1170000-th SNP and testing association....

Reading 1180000-th SNP and testing association....

Reading 1190000-th SNP and testing association....

Reading 1200000-th SNP and testing association....

Reading 1210000-th SNP and testing association....

Reading 1220000-th SNP and testing association....

Reading 1230000-th SNP and testing association....

Reading 1240000-th SNP and testing association....

Reading 1250000-th SNP and testing association....

Reading 1260000-th SNP and testing association....

Reading 1270000-th SNP and testing association....

Reading 1280000-th SNP and testing association....

Reading 1290000-th SNP and testing association....

Reading 1300000-th SNP and testing association....

Reading 1310000-th SNP and testing association....

Reading 1320000-th SNP and testing association....

Reading 1330000-th SNP and testing association....

Reading 1340000-th SNP and testing association....

Reading 1350000-th SNP and testing association....

Reading 1360000-th SNP and testing association....

Reading 1370000-th SNP and testing association....

Reading 1380000-th SNP and testing association....

Reading 1390000-th SNP and testing association....

Reading 1400000-th SNP and testing association....

Reading 1410000-th SNP and testing association....

Reading 1420000-th SNP and testing association....

Reading 1430000-th SNP and testing association....

Reading 1440000-th SNP and testing association....

Reading 1450000-th SNP and testing association....

Reading 1460000-th SNP and testing association....

Reading 1470000-th SNP and testing association....

Reading 1480000-th SNP and testing association....

Reading 1490000-th SNP and testing association....

Reading 1500000-th SNP and testing association....

Reading 1510000-th SNP and testing association....

Reading 1520000-th SNP and testing association....

Reading 1530000-th SNP and testing association....

Reading 1540000-th SNP and testing association....

Reading 1550000-th SNP and testing association....

Reading 1560000-th SNP and testing association....

Reading 1570000-th SNP and testing association....

Reading 1580000-th SNP and testing association....

Reading 1590000-th SNP and testing association....

Reading 1600000-th SNP and testing association....

Reading 1610000-th SNP and testing association....

Reading 1620000-th SNP and testing association....

Reading 1630000-th SNP and testing association....

Reading 1640000-th SNP and testing association....

Reading 1650000-th SNP and testing association....

Reading 1660000-th SNP and testing association....

Reading 1670000-th SNP and testing association....

Reading 1680000-th SNP and testing association....

Reading 1690000-th SNP and testing association....

Reading 1700000-th SNP and testing association....

Reading 1710000-th SNP and testing association....

Reading 1720000-th SNP and testing association....

Reading 1730000-th SNP and testing association....

Reading 1740000-th SNP and testing association....

Reading 1750000-th SNP and testing association....

Reading 1760000-th SNP and testing association....

Reading 1770000-th SNP and testing association....

Reading 1780000-th SNP and testing association....

Reading 1790000-th SNP and testing association....

Reading 1800000-th SNP and testing association....

Reading 1810000-th SNP and testing association....

Reading 1820000-th SNP and testing association....

Reading 1830000-th SNP and testing association....

Reading 1840000-th SNP and testing association....

Reading 1850000-th SNP and testing association....

Reading 1860000-th SNP and testing association....

Reading 1870000-th SNP and testing association....

Reading 1880000-th SNP and testing association....

Reading 1890000-th SNP and testing association....

Reading 1900000-th SNP and testing association....

Reading 1910000-th SNP and testing association....

Reading 1920000-th SNP and testing association....

Reading 1930000-th SNP and testing association....

Reading 1940000-th SNP and testing association....

Reading 1950000-th SNP and testing association....

Reading 1960000-th SNP and testing association....

Reading 1970000-th SNP and testing association....

Reading 1980000-th SNP and testing association....

Reading 1990000-th SNP and testing association....

Reading 2000000-th SNP and testing association....

Reading 2010000-th SNP and testing association....

Reading 2020000-th SNP and testing association....

Reading 2030000-th SNP and testing association....

Reading 2040000-th SNP and testing association....

Reading 2050000-th SNP and testing association....

Reading 2060000-th SNP and testing association....

Reading 2070000-th SNP and testing association....

Reading 2080000-th SNP and testing association....

Reading 2090000-th SNP and testing association....

Reading 2100000-th SNP and testing association....

Reading 2110000-th SNP and testing association....

Reading 2120000-th SNP and testing association....

Reading 2130000-th SNP and testing association....

Reading 2140000-th SNP and testing association....

Reading 2150000-th SNP and testing association....

Reading 2160000-th SNP and testing association....

Reading 2170000-th SNP and testing association....

Reading 2180000-th SNP and testing association....

Reading 2190000-th SNP and testing association....

Reading 2200000-th SNP and testing association....

Reading 2210000-th SNP and testing association....

Reading 2220000-th SNP and testing association....

Reading 2230000-th SNP and testing association....

Reading 2240000-th SNP and testing association....

Reading 2250000-th SNP and testing association....

Reading 2260000-th SNP and testing association....

Reading 2270000-th SNP and testing association....

Reading 2280000-th SNP and testing association....

Reading 2290000-th SNP and testing association....

Reading 2300000-th SNP and testing association....

Reading 2310000-th SNP and testing association....

Reading 2320000-th SNP and testing association....

Reading 2330000-th SNP and testing association....

Reading 2340000-th SNP and testing association....

Reading 2350000-th SNP and testing association....

Reading 2360000-th SNP and testing association....

Reading 2370000-th SNP and testing association....

Reading 2380000-th SNP and testing association....

Reading 2390000-th SNP and testing association....

Reading 2400000-th SNP and testing association....

Reading 2410000-th SNP and testing association....

Reading 2420000-th SNP and testing association....

Reading 2430000-th SNP and testing association....

Reading 2440000-th SNP and testing association....

Reading 2450000-th SNP and testing association....

Reading 2460000-th SNP and testing association....

Reading 2470000-th SNP and testing association....

Reading 2480000-th SNP and testing association....

Reading 2490000-th SNP and testing association....

Reading 2500000-th SNP and testing association....

Reading 2510000-th SNP and testing association....

Reading 2520000-th SNP and testing association....

Reading 2530000-th SNP and testing association....

Reading 2540000-th SNP and testing association....

Reading 2550000-th SNP and testing association....

Reading 2560000-th SNP and testing association....

Reading 2570000-th SNP and testing association....

Reading 2580000-th SNP and testing association....

Reading 2590000-th SNP and testing association....

Reading 2600000-th SNP and testing association....

Reading 2610000-th SNP and testing association....

Reading 2620000-th SNP and testing association....

Reading 2630000-th SNP and testing association....

Reading 2640000-th SNP and testing association....

Reading 2650000-th SNP and testing association....

Reading 2660000-th SNP and testing association....

Reading 2670000-th SNP and testing association....

Reading 2680000-th SNP and testing association....

Reading 2690000-th SNP and testing association....

Reading 2700000-th SNP and testing association....

Reading 2710000-th SNP and testing association....

Reading 2720000-th SNP and testing association....

Reading 2730000-th SNP and testing association....

Reading 2740000-th SNP and testing association....

Reading 2750000-th SNP and testing association....

Reading 2760000-th SNP and testing association....

Reading 2770000-th SNP and testing association....

Reading 2780000-th SNP and testing association....

Reading 2790000-th SNP and testing association....

Reading 2800000-th SNP and testing association....

Reading 2810000-th SNP and testing association....

Reading 2820000-th SNP and testing association....

Reading 2830000-th SNP and testing association....

Reading 2840000-th SNP and testing association....

Reading 2850000-th SNP and testing association....

Reading 2860000-th SNP and testing association....

Reading 2870000-th SNP and testing association....

Reading 2880000-th SNP and testing association....

Reading 2890000-th SNP and testing association....

Reading 2900000-th SNP and testing association....

Reading 2910000-th SNP and testing association....

Reading 2920000-th SNP and testing association....

Reading 2930000-th SNP and testing association....

Reading 2940000-th SNP and testing association....

Reading 2950000-th SNP and testing association....

Reading 2960000-th SNP and testing association....

Reading 2970000-th SNP and testing association....

Reading 2980000-th SNP and testing association....

Reading 2990000-th SNP and testing association....

Reading 3000000-th SNP and testing association....

Reading 3010000-th SNP and testing association....

Reading 3020000-th SNP and testing association....

Reading 3030000-th SNP and testing association....

Reading 3040000-th SNP and testing association....

Reading 3050000-th SNP and testing association....

Reading 3060000-th SNP and testing association....

Reading 3070000-th SNP and testing association....

Reading 3080000-th SNP and testing association....

Reading 3090000-th SNP and testing association....

Reading 3100000-th SNP and testing association....

Reading 3110000-th SNP and testing association....

Reading 3120000-th SNP and testing association....

Reading 3130000-th SNP and testing association....

Reading 3140000-th SNP and testing association....

Reading 3150000-th SNP and testing association....

Reading 3160000-th SNP and testing association....

Reading 3170000-th SNP and testing association....

Reading 3180000-th SNP and testing association....

Reading 3190000-th SNP and testing association....

Reading 3200000-th SNP and testing association....

Reading 3210000-th SNP and testing association....

Reading 3220000-th SNP and testing association....

Reading 3230000-th SNP and testing association....

Reading 3240000-th SNP and testing association....

Reading 3250000-th SNP and testing association....

Reading 3260000-th SNP and testing association....

Reading 3270000-th SNP and testing association....

Reading 3280000-th SNP and testing association....

Reading 3290000-th SNP and testing association....

Reading 3300000-th SNP and testing association....

Reading 3310000-th SNP and testing association....

Reading 3320000-th SNP and testing association....

Reading 3330000-th SNP and testing association....

Reading 3340000-th SNP and testing association....

Reading 3350000-th SNP and testing association....

Reading 3360000-th SNP and testing association....

Reading 3370000-th SNP and testing association....

Reading 3380000-th SNP and testing association....

Reading 3390000-th SNP and testing association....

Reading 3400000-th SNP and testing association....

Reading 3410000-th SNP and testing association....

Reading 3420000-th SNP and testing association....

Reading 3430000-th SNP and testing association....

Reading 3440000-th SNP and testing association....

Reading 3450000-th SNP and testing association....

Reading 3460000-th SNP and testing association....

Reading 3470000-th SNP and testing association....

Reading 3480000-th SNP and testing association....

Reading 3490000-th SNP and testing association....

Reading 3500000-th SNP and testing association....

Reading 3510000-th SNP and testing association....

Reading 3520000-th SNP and testing association....

Reading 3530000-th SNP and testing association....

Reading 3540000-th SNP and testing association....

Reading 3550000-th SNP and testing association....

Reading 3560000-th SNP and testing association....

Reading 3570000-th SNP and testing association....

Reading 3580000-th SNP and testing association....

Reading 3590000-th SNP and testing association....

Reading 3600000-th SNP and testing association....

Reading 3610000-th SNP and testing association....

Reading 3620000-th SNP and testing association....

Reading 3630000-th SNP and testing association....

Reading 3640000-th SNP and testing association....

Reading 3650000-th SNP and testing association....

Reading 3660000-th SNP and testing association....

Reading 3670000-th SNP and testing association....

Reading 3680000-th SNP and testing association....

Reading 3690000-th SNP and testing association....

Reading 3700000-th SNP and testing association....

Reading 3710000-th SNP and testing association....

Reading 3720000-th SNP and testing association....

Reading 3730000-th SNP and testing association....

Reading 3740000-th SNP and testing association....

Reading 3750000-th SNP and testing association....

Reading 3760000-th SNP and testing association....

Reading 3770000-th SNP and testing association....

Reading 3780000-th SNP and testing association....

Reading 3790000-th SNP and testing association....

Reading 3800000-th SNP and testing association....

Reading 3810000-th SNP and testing association....

Reading 3820000-th SNP and testing association....

Reading 3830000-th SNP and testing association....

Reading 3840000-th SNP and testing association....

Reading 3850000-th SNP and testing association....

Reading 3860000-th SNP and testing association....

Reading 3870000-th SNP and testing association....

Reading 3880000-th SNP and testing association....

Reading 3890000-th SNP and testing association....

Reading 3900000-th SNP and testing association....

Reading 3910000-th SNP and testing association....

Reading 3920000-th SNP and testing association....

Reading 3930000-th SNP and testing association....

Reading 3940000-th SNP and testing association....

Reading 3950000-th SNP and testing association....

Reading 3960000-th SNP and testing association....

Reading 3970000-th SNP and testing association....

Reading 3980000-th SNP and testing association....

Reading 3990000-th SNP and testing association....

Reading 4000000-th SNP and testing association....

Reading 4010000-th SNP and testing association....

Reading 4020000-th SNP and testing association....

Reading 4030000-th SNP and testing association....

Reading 4040000-th SNP and testing association....

Reading 4050000-th SNP and testing association....

Reading 4060000-th SNP and testing association....

Reading 4070000-th SNP and testing association....

Reading 4080000-th SNP and testing association....

Reading 4090000-th SNP and testing association....

Reading 4100000-th SNP and testing association....

Reading 4110000-th SNP and testing association....

Reading 4120000-th SNP and testing association....

Reading 4130000-th SNP and testing association....

Reading 4140000-th SNP and testing association....

Reading 4150000-th SNP and testing association....

Reading 4160000-th SNP and testing association....

Reading 4170000-th SNP and testing association....

Reading 4180000-th SNP and testing association....

Reading 4190000-th SNP and testing association....

Reading 4200000-th SNP and testing association....

Reading 4210000-th SNP and testing association....

Reading 4220000-th SNP and testing association....

Reading 4230000-th SNP and testing association....

Reading 4240000-th SNP and testing association....

Reading 4250000-th SNP and testing association....

Reading 4260000-th SNP and testing association....

Reading 4270000-th SNP and testing association....

Reading 4280000-th SNP and testing association....

Reading 4290000-th SNP and testing association....

Reading 4300000-th SNP and testing association....

Reading 4310000-th SNP and testing association....

Reading 4320000-th SNP and testing association....

Reading 4330000-th SNP and testing association....

Reading 4340000-th SNP and testing association....

Reading 4350000-th SNP and testing association....

Reading 4360000-th SNP and testing association....

Reading 4370000-th SNP and testing association....

Reading 4380000-th SNP and testing association....

Reading 4390000-th SNP and testing association....

Reading 4400000-th SNP and testing association....

Reading 4410000-th SNP and testing association....

Reading 4420000-th SNP and testing association....

Reading 4430000-th SNP and testing association....

Reading 4440000-th SNP and testing association....

Reading 4450000-th SNP and testing association....

Reading 4460000-th SNP and testing association....

Reading 4470000-th SNP and testing association....

Reading 4480000-th SNP and testing association....

Reading 4490000-th SNP and testing association....

Reading 4500000-th SNP and testing association....

Reading 4510000-th SNP and testing association....

Reading 4520000-th SNP and testing association....

Reading 4530000-th SNP and testing association....

Reading 4540000-th SNP and testing association....

Reading 4550000-th SNP and testing association....

Reading 4560000-th SNP and testing association....

Reading 4570000-th SNP and testing association....

Reading 4580000-th SNP and testing association....

Reading 4590000-th SNP and testing association....

Reading 4600000-th SNP and testing association....

Reading 4610000-th SNP and testing association....

Reading 4620000-th SNP and testing association....

Reading 4630000-th SNP and testing association....

Reading 4640000-th SNP and testing association....

Reading 4650000-th SNP and testing association....

Reading 4660000-th SNP and testing association....

Reading 4670000-th SNP and testing association....

Reading 4680000-th SNP and testing association....

Reading 4690000-th SNP and testing association....

Reading 4700000-th SNP and testing association....

Reading 4710000-th SNP and testing association....

Reading 4720000-th SNP and testing association....

Reading 4730000-th SNP and testing association....

Reading 4740000-th SNP and testing association....

Reading 4750000-th SNP and testing association....

Reading 4760000-th SNP and testing association....

Reading 4770000-th SNP and testing association....

Reading 4780000-th SNP and testing association....

Reading 4790000-th SNP and testing association....

Reading 4800000-th SNP and testing association....

Reading 4810000-th SNP and testing association....

Reading 4820000-th SNP and testing association....

Reading 4830000-th SNP and testing association....

Reading 4840000-th SNP and testing association....

Reading 4850000-th SNP and testing association....

Reading 4860000-th SNP and testing association....

Reading 4870000-th SNP and testing association....

Reading 4880000-th SNP and testing association....

Reading 4890000-th SNP and testing association....

Reading 4900000-th SNP and testing association....

Reading 4910000-th SNP and testing association....

Reading 4920000-th SNP and testing association....

Reading 4930000-th SNP and testing association....

Reading 4940000-th SNP and testing association....

Reading 4950000-th SNP and testing association....

Reading 4960000-th SNP and testing association....

Reading 4970000-th SNP and testing association....

Reading 4980000-th SNP and testing association....

Reading 4990000-th SNP and testing association....

Reading 5000000-th SNP and testing association....

Reading 5010000-th SNP and testing association....

Reading 5020000-th SNP and testing association....

Reading 5030000-th SNP and testing association....

Reading 5040000-th SNP and testing association....

Reading 5050000-th SNP and testing association....

Reading 5060000-th SNP and testing association....

Reading 5070000-th SNP and testing association....

Reading 5080000-th SNP and testing association....

Reading 5090000-th SNP and testing association....

Reading 5100000-th SNP and testing association....

Reading 5110000-th SNP and testing association....

Reading 5120000-th SNP and testing association....

Reading 5130000-th SNP and testing association....

Reading 5140000-th SNP and testing association....

Reading 5150000-th SNP and testing association....

Reading 5160000-th SNP and testing association....

Reading 5170000-th SNP and testing association....

Reading 5180000-th SNP and testing association....

Reading 5190000-th SNP and testing association....

Reading 5200000-th SNP and testing association....

Reading 5210000-th SNP and testing association....

Reading 5220000-th SNP and testing association....

Reading 5230000-th SNP and testing association....

Reading 5240000-th SNP and testing association....

Reading 5250000-th SNP and testing association....

Reading 5260000-th SNP and testing association....

Reading 5270000-th SNP and testing association....

Reading 5280000-th SNP and testing association....

Reading 5290000-th SNP and testing association....

Reading 5300000-th SNP and testing association....

Reading 5310000-th SNP and testing association....

Reading 5320000-th SNP and testing association....

Reading 5330000-th SNP and testing association....

Reading 5340000-th SNP and testing association....

Reading 5350000-th SNP and testing association....

Reading 5360000-th SNP and testing association....

Reading 5370000-th SNP and testing association....

Reading 5380000-th SNP and testing association....

Reading 5390000-th SNP and testing association....

Reading 5400000-th SNP and testing association....

Reading 5410000-th SNP and testing association....

Reading 5420000-th SNP and testing association....

Reading 5430000-th SNP and testing association....

Reading 5440000-th SNP and testing association....

Reading 5450000-th SNP and testing association....

Reading 5460000-th SNP and testing association....

Reading 5470000-th SNP and testing association....

Reading 5480000-th SNP and testing association....

Reading 5490000-th SNP and testing association....

Reading 5500000-th SNP and testing association....

Reading 5510000-th SNP and testing association....

Reading 5520000-th SNP and testing association....

Reading 5530000-th SNP and testing association....

Reading 5540000-th SNP and testing association....

Reading 5550000-th SNP and testing association....

Reading 5560000-th SNP and testing association....

Reading 5570000-th SNP and testing association....

Reading 5580000-th SNP and testing association....

Reading 5590000-th SNP and testing association....

Reading 5600000-th SNP and testing association....

Reading 5610000-th SNP and testing association....

Reading 5620000-th SNP and testing association....

Reading 5630000-th SNP and testing association....

Reading 5640000-th SNP and testing association....

Reading 5650000-th SNP and testing association....

Reading 5660000-th SNP and testing association....

Reading 5670000-th SNP and testing association....

Reading 5680000-th SNP and testing association....

Reading 5690000-th SNP and testing association....

Reading 5700000-th SNP and testing association....

Reading 5710000-th SNP and testing association....

Reading 5720000-th SNP and testing association....

Reading 5730000-th SNP and testing association....

Reading 5740000-th SNP and testing association....

Reading 5750000-th SNP and testing association....

Reading 5760000-th SNP and testing association....

Reading 5770000-th SNP and testing association....

Reading 5780000-th SNP and testing association....

Reading 5790000-th SNP and testing association....

Reading 5800000-th SNP and testing association....

Reading 5810000-th SNP and testing association....

Reading 5820000-th SNP and testing association....

Reading 5830000-th SNP and testing association....

Reading 5840000-th SNP and testing association....

Reading 5850000-th SNP and testing association....

Reading 5860000-th SNP and testing association....

Reading 5870000-th SNP and testing association....

Reading 5880000-th SNP and testing association....

Reading 5890000-th SNP and testing association....

Reading 5900000-th SNP and testing association....

Reading 5910000-th SNP and testing association....

Reading 5920000-th SNP and testing association....

Reading 5930000-th SNP and testing association....

Reading 5940000-th SNP and testing association....

Reading 5950000-th SNP and testing association....

Reading 5960000-th SNP and testing association....

Reading 5970000-th SNP and testing association....

Reading 5980000-th SNP and testing association....

Reading 5990000-th SNP and testing association....

Reading 6000000-th SNP and testing association....

Reading 6010000-th SNP and testing association....

Reading 6020000-th SNP and testing association....

Reading 6030000-th SNP and testing association....

Reading 6040000-th SNP and testing association....

Reading 6050000-th SNP and testing association....

Reading 6060000-th SNP and testing association....

Reading 6070000-th SNP and testing association....

Reading 6080000-th SNP and testing association....

Reading 6090000-th SNP and testing association....

Reading 6100000-th SNP and testing association....

Reading 6110000-th SNP and testing association....

Reading 6120000-th SNP and testing association....

Reading 6130000-th SNP and testing association....

Reading 6140000-th SNP and testing association....

Reading 6150000-th SNP and testing association....

Reading 6160000-th SNP and testing association....

Reading 6170000-th SNP and testing association....

Reading 6180000-th SNP and testing association....

Reading 6190000-th SNP and testing association....

Reading 6200000-th SNP and testing association....

Reading 6210000-th SNP and testing association....

Reading 6220000-th SNP and testing association....

Reading 6230000-th SNP and testing association....

Reading 6240000-th SNP and testing association....

Reading 6250000-th SNP and testing association....

Reading 6260000-th SNP and testing association....

Reading 6270000-th SNP and testing association....

Reading 6280000-th SNP and testing association....

Reading 6290000-th SNP and testing association....

Reading 6300000-th SNP and testing association....

Reading 6310000-th SNP and testing association....

Reading 6320000-th SNP and testing association....

Reading 6330000-th SNP and testing association....

Reading 6340000-th SNP and testing association....

Reading 6350000-th SNP and testing association....

Reading 6360000-th SNP and testing association....

Reading 6370000-th SNP and testing association....

Reading 6380000-th SNP and testing association....

Reading 6390000-th SNP and testing association....

Reading 6400000-th SNP and testing association....

Reading 6410000-th SNP and testing association....

Reading 6420000-th SNP and testing association....

Reading 6430000-th SNP and testing association....

Reading 6440000-th SNP and testing association....

Reading 6450000-th SNP and testing association....

Reading 6460000-th SNP and testing association....

Reading 6470000-th SNP and testing association....

Reading 6480000-th SNP and testing association....

Reading 6490000-th SNP and testing association....

Reading 6500000-th SNP and testing association....

Reading 6510000-th SNP and testing association....

Reading 6520000-th SNP and testing association....

Reading 6530000-th SNP and testing association....

Reading 6540000-th SNP and testing association....

Reading 6550000-th SNP and testing association....

Reading 6560000-th SNP and testing association....

Reading 6570000-th SNP and testing association....

Reading 6580000-th SNP and testing association....

Reading 6590000-th SNP and testing association....

Reading 6600000-th SNP and testing association....

Reading 6610000-th SNP and testing association....

Reading 6620000-th SNP and testing association....

Reading 6630000-th SNP and testing association....

Reading 6640000-th SNP and testing association....

Reading 6650000-th SNP and testing association....

Reading 6660000-th SNP and testing association....

Reading 6670000-th SNP and testing association....

Reading 6680000-th SNP and testing association....

Reading 6690000-th SNP and testing association....

Reading 6700000-th SNP and testing association....

Reading 6710000-th SNP and testing association....

Reading 6720000-th SNP and testing association....

Reading 6730000-th SNP and testing association....

Reading 6740000-th SNP and testing association....

Reading 6750000-th SNP and testing association....

Reading 6760000-th SNP and testing association....

Reading 6770000-th SNP and testing association....

Reading 6780000-th SNP and testing association....

Reading 6790000-th SNP and testing association....

Reading 6800000-th SNP and testing association....

Reading 6810000-th SNP and testing association....

Reading 6820000-th SNP and testing association....

Reading 6830000-th SNP and testing association....

Reading 6840000-th SNP and testing association....

Reading 6850000-th SNP and testing association....

Reading 6860000-th SNP and testing association....

Reading 6870000-th SNP and testing association....

Reading 6880000-th SNP and testing association....

Reading 6890000-th SNP and testing association....

Reading 6900000-th SNP and testing association....

Reading 6910000-th SNP and testing association....

Reading 6920000-th SNP and testing association....

Reading 6930000-th SNP and testing association....

Reading 6940000-th SNP and testing association....

Reading 6950000-th SNP and testing association....

Reading 6960000-th SNP and testing association....

Reading 6970000-th SNP and testing association....

Reading 6980000-th SNP and testing association....

Reading 6990000-th SNP and testing association....

Reading 7000000-th SNP and testing association....

Reading 7010000-th SNP and testing association....

Reading 7020000-th SNP and testing association....

Reading 7030000-th SNP and testing association....

Reading 7040000-th SNP and testing association....

Reading 7050000-th SNP and testing association....

Reading 7060000-th SNP and testing association....

Reading 7070000-th SNP and testing association....

Reading 7080000-th SNP and testing association....

Reading 7090000-th SNP and testing association....

Reading 7100000-th SNP and testing association....

Reading 7110000-th SNP and testing association....

GLS association - elapsed CPU time is 1006.069255

Breakdown for input file parsing : 684.503612

              matrix computation : 205.213495

             p-value computation : 10.798044

