
Reading TFAM file /mnt/data/shahar/gwas_barley/morexV3_analysis/USED_GWAS_V2_pipeline/intermediates/morexV3_gwas_genotypes.tfam ....


Reading kinship file /mnt/data/shahar/gwas_barley/morexV3_analysis/USED_GWAS_V2_pipeline/intermediates/morexV3_kinship.aIBS.kinf...

  290 rows and 290 columns were observed with 0 missing values.


Reading the phenotype file /mnt/data/shahar/gwas_barley/data/inputs/betaglucan_corrected_V3.pheno...

  290 rows and 1 columns were observed with 0 missing values


Reading covariate file /mnt/data/shahar/gwas_barley/morexV3_analysis/USED_GWAS_V2_pipeline/intermediates/covariates/pca_pc10.cov...

  290 rows and 10 columns were observed with 0 missing values. Make sure that the intercept is included in the covariates

File reading - elapsed CPU time is 0.019004

eRvals[0] = 0.020552, eRvals[n-q-1] = 215.286108, eRvals[n-q] = 0.000000
eigen_R - elapsed CPU time is 0.102759
etas[0] = -0.183275, lambdas[0] = 0.020552
etas[1] = 0.235680, lambdas[1] = 0.022291
etas[2] = 0.045861, lambdas[2] = 0.022581
etas[3] = -0.183410, lambdas[3] = 0.022683
etas[4] = 0.043962, lambdas[4] = 0.022848
etas[5] = 0.096981, lambdas[5] = 0.023126
etas[6] = 0.057013, lambdas[6] = 0.023385
etas[7] = -0.243867, lambdas[7] = 0.023486
etas[8] = -0.192549, lambdas[8] = 0.023549
etas[9] = 0.205417, lambdas[9] = 0.024020
etas[10] = 0.211332, lambdas[10] = 0.024690
etas[11] = 0.154849, lambdas[11] = 0.026191
etas[12] = 0.186808, lambdas[12] = 0.026630
etas[13] = 0.057813, lambdas[13] = 0.026681
etas[14] = -0.071171, lambdas[14] = 0.028256
etas[15] = 0.365840, lambdas[15] = 0.028344
etas[16] = 0.028886, lambdas[16] = 0.028482
etas[17] = 0.054414, lambdas[17] = 0.028930
etas[18] = -0.006412, lambdas[18] = 0.029055
etas[19] = -0.047598, lambdas[19] = 0.029326
etas[20] = 0.318212, lambdas[20] = 0.029699
etas[21] = -0.117610, lambdas[21] = 0.029891
etas[22] = 0.219076, lambdas[22] = 0.029977
etas[23] = -0.103258, lambdas[23] = 0.030039
etas[24] = -0.167402, lambdas[24] = 0.030330
etas[25] = -0.150745, lambdas[25] = 0.030590
etas[26] = -0.251734, lambdas[26] = 0.030635
etas[27] = -0.082103, lambdas[27] = 0.031077
etas[28] = -0.039793, lambdas[28] = 0.031646
etas[29] = -0.030975, lambdas[29] = 0.031687
etas[30] = 0.213164, lambdas[30] = 0.031784
etas[31] = 0.010484, lambdas[31] = 0.032107
etas[32] = -0.301517, lambdas[32] = 0.032175
etas[33] = -0.209420, lambdas[33] = 0.032290
etas[34] = -0.021758, lambdas[34] = 0.032376
etas[35] = 0.024092, lambdas[35] = 0.032603
etas[36] = 0.132753, lambdas[36] = 0.032907
etas[37] = -0.264574, lambdas[37] = 0.032959
etas[38] = -0.218434, lambdas[38] = 0.033245
etas[39] = -0.354620, lambdas[39] = 0.033471
etas[40] = 0.155478, lambdas[40] = 0.034180
etas[41] = 0.078353, lambdas[41] = 0.034390
etas[42] = -0.011592, lambdas[42] = 0.034545
etas[43] = 0.291806, lambdas[43] = 0.034706
etas[44] = 0.027427, lambdas[44] = 0.035986
etas[45] = -0.067498, lambdas[45] = 0.036348
etas[46] = -0.130790, lambdas[46] = 0.036368
etas[47] = 0.044664, lambdas[47] = 0.036510
etas[48] = 0.193284, lambdas[48] = 0.037050
etas[49] = 0.025489, lambdas[49] = 0.037140
etas[50] = -0.303361, lambdas[50] = 0.037567
etas[51] = -0.212550, lambdas[51] = 0.037656
etas[52] = -0.161815, lambdas[52] = 0.037824
etas[53] = -0.039711, lambdas[53] = 0.038068
etas[54] = -0.124877, lambdas[54] = 0.038293
etas[55] = -0.024054, lambdas[55] = 0.038798
etas[56] = 0.253252, lambdas[56] = 0.038980
etas[57] = 0.120130, lambdas[57] = 0.039617
etas[58] = -0.392317, lambdas[58] = 0.040314
etas[59] = 0.364294, lambdas[59] = 0.041850
etas[60] = 0.207902, lambdas[60] = 0.041947
etas[61] = -0.083130, lambdas[61] = 0.042088
etas[62] = -0.086220, lambdas[62] = 0.042154
etas[63] = -0.109852, lambdas[63] = 0.042261
etas[64] = 0.245644, lambdas[64] = 0.042701
etas[65] = 0.263078, lambdas[65] = 0.042942
etas[66] = 0.046850, lambdas[66] = 0.043807
etas[67] = -0.025086, lambdas[67] = 0.044298
etas[68] = 0.057468, lambdas[68] = 0.047126
etas[69] = -0.047817, lambdas[69] = 0.047593
etas[70] = -0.103259, lambdas[70] = 0.050641
etas[71] = 0.051237, lambdas[71] = 0.059574
etas[72] = 0.341658, lambdas[72] = 0.059766
etas[73] = -0.273863, lambdas[73] = 0.061037
etas[74] = -0.231021, lambdas[74] = 0.062039
etas[75] = -0.185235, lambdas[75] = 0.062993
etas[76] = -0.062568, lambdas[76] = 0.064729
etas[77] = -0.147535, lambdas[77] = 0.068507
etas[78] = -0.149372, lambdas[78] = 0.069418
etas[79] = -0.314387, lambdas[79] = 0.083015
etas[80] = -0.254467, lambdas[80] = 0.085350
etas[81] = 0.049952, lambdas[81] = 0.088366
etas[82] = 0.405390, lambdas[82] = 0.090180
etas[83] = 0.007551, lambdas[83] = 0.094704
etas[84] = -0.343123, lambdas[84] = 0.095953
etas[85] = -0.266288, lambdas[85] = 0.096726
etas[86] = -0.146735, lambdas[86] = 0.097527
etas[87] = -0.036550, lambdas[87] = 0.098367
etas[88] = 0.104024, lambdas[88] = 0.099299
etas[89] = -0.083607, lambdas[89] = 0.102045
etas[90] = -0.214581, lambdas[90] = 0.103966
etas[91] = 0.568594, lambdas[91] = 0.104530
etas[92] = -0.249109, lambdas[92] = 0.104890
etas[93] = -0.030903, lambdas[93] = 0.105692
etas[94] = -0.008266, lambdas[94] = 0.107539
etas[95] = -0.351133, lambdas[95] = 0.109476
etas[96] = -0.359753, lambdas[96] = 0.110603
etas[97] = -0.338451, lambdas[97] = 0.111039
etas[98] = 0.228896, lambdas[98] = 0.112250
etas[99] = 0.690000, lambdas[99] = 0.112867
etas[100] = -0.106385, lambdas[100] = 0.114431
etas[101] = -0.377225, lambdas[101] = 0.115591
etas[102] = -0.122608, lambdas[102] = 0.116081
etas[103] = 0.185631, lambdas[103] = 0.116989
etas[104] = -0.399858, lambdas[104] = 0.117195
etas[105] = 0.088814, lambdas[105] = 0.118322
etas[106] = 0.593341, lambdas[106] = 0.119049
etas[107] = -0.000940, lambdas[107] = 0.119340
etas[108] = -0.546416, lambdas[108] = 0.119913
etas[109] = 0.423625, lambdas[109] = 0.120659
etas[110] = -0.061299, lambdas[110] = 0.120933
etas[111] = -0.250081, lambdas[111] = 0.121186
etas[112] = -0.374074, lambdas[112] = 0.121600
etas[113] = 0.363968, lambdas[113] = 0.121860
etas[114] = -0.705144, lambdas[114] = 0.122498
etas[115] = 0.242792, lambdas[115] = 0.123142
etas[116] = 0.449605, lambdas[116] = 0.123960
etas[117] = 0.275020, lambdas[117] = 0.124367
etas[118] = 0.651993, lambdas[118] = 0.124642
etas[119] = -0.123469, lambdas[119] = 0.125013
etas[120] = 0.028529, lambdas[120] = 0.125613
etas[121] = 0.133380, lambdas[121] = 0.126345
etas[122] = 0.678260, lambdas[122] = 0.126470
etas[123] = -0.056321, lambdas[123] = 0.127241
etas[124] = 0.385525, lambdas[124] = 0.127905
etas[125] = -0.218110, lambdas[125] = 0.128082
etas[126] = -0.019552, lambdas[126] = 0.128772
etas[127] = -0.242325, lambdas[127] = 0.129329
etas[128] = -0.068186, lambdas[128] = 0.129452
etas[129] = 0.072971, lambdas[129] = 0.129892
etas[130] = 0.357456, lambdas[130] = 0.130456
etas[131] = 0.145408, lambdas[131] = 0.130744
etas[132] = 0.324417, lambdas[132] = 0.131403
etas[133] = 0.188309, lambdas[133] = 0.131985
etas[134] = 0.197664, lambdas[134] = 0.132098
etas[135] = 0.628704, lambdas[135] = 0.132976
etas[136] = -0.117029, lambdas[136] = 0.133342
etas[137] = 0.202423, lambdas[137] = 0.134174
etas[138] = -0.970026, lambdas[138] = 0.134285
etas[139] = -0.186215, lambdas[139] = 0.134964
etas[140] = -1.080907, lambdas[140] = 0.135308
etas[141] = 0.147394, lambdas[141] = 0.135665
etas[142] = -0.028428, lambdas[142] = 0.136218
etas[143] = 0.280596, lambdas[143] = 0.136702
etas[144] = -0.055788, lambdas[144] = 0.137202
etas[145] = 0.364677, lambdas[145] = 0.137703
etas[146] = 0.182582, lambdas[146] = 0.138548
etas[147] = 0.006297, lambdas[147] = 0.139484
etas[148] = 0.259411, lambdas[148] = 0.139656
etas[149] = -0.453675, lambdas[149] = 0.140353
etas[150] = 0.788370, lambdas[150] = 0.140815
etas[151] = -0.159152, lambdas[151] = 0.141269
etas[152] = -0.364713, lambdas[152] = 0.141572
etas[153] = 0.118936, lambdas[153] = 0.142656
etas[154] = 0.144106, lambdas[154] = 0.143120
etas[155] = 0.102353, lambdas[155] = 0.143332
etas[156] = -0.376267, lambdas[156] = 0.143568
etas[157] = -0.126922, lambdas[157] = 0.144388
etas[158] = -0.378414, lambdas[158] = 0.144994
etas[159] = -0.258052, lambdas[159] = 0.145963
etas[160] = 0.105633, lambdas[160] = 0.146438
etas[161] = -0.154582, lambdas[161] = 0.146889
etas[162] = 0.178957, lambdas[162] = 0.147739
etas[163] = -0.734421, lambdas[163] = 0.147977
etas[164] = 0.053172, lambdas[164] = 0.148591
etas[165] = 0.282167, lambdas[165] = 0.149936
etas[166] = 0.357440, lambdas[166] = 0.150211
etas[167] = 0.266167, lambdas[167] = 0.150669
etas[168] = 0.246171, lambdas[168] = 0.151450
etas[169] = 0.258454, lambdas[169] = 0.151626
etas[170] = -0.129047, lambdas[170] = 0.151992
etas[171] = 0.248035, lambdas[171] = 0.152592
etas[172] = -0.064191, lambdas[172] = 0.152837
etas[173] = -0.339939, lambdas[173] = 0.153119
etas[174] = 0.572670, lambdas[174] = 0.153473
etas[175] = -0.079938, lambdas[175] = 0.154956
etas[176] = -0.467464, lambdas[176] = 0.155016
etas[177] = 0.434189, lambdas[177] = 0.155582
etas[178] = -0.298357, lambdas[178] = 0.156432
etas[179] = 0.353984, lambdas[179] = 0.157568
etas[180] = -0.254999, lambdas[180] = 0.157828
etas[181] = -0.374896, lambdas[181] = 0.159555
etas[182] = -0.225890, lambdas[182] = 0.159804
etas[183] = -0.070363, lambdas[183] = 0.160673
etas[184] = 0.208922, lambdas[184] = 0.160989
etas[185] = 0.255611, lambdas[185] = 0.161128
etas[186] = -0.113699, lambdas[186] = 0.162578
etas[187] = 0.677753, lambdas[187] = 0.163119
etas[188] = -0.123504, lambdas[188] = 0.164491
etas[189] = 0.317141, lambdas[189] = 0.164962
etas[190] = -0.108314, lambdas[190] = 0.165874
etas[191] = -0.017965, lambdas[191] = 0.166409
etas[192] = -0.058672, lambdas[192] = 0.167385
etas[193] = -0.515731, lambdas[193] = 0.167905
etas[194] = 0.393610, lambdas[194] = 0.168561
etas[195] = 0.231271, lambdas[195] = 0.169334
etas[196] = -0.031930, lambdas[196] = 0.170151
etas[197] = -0.475531, lambdas[197] = 0.170480
etas[198] = -0.193472, lambdas[198] = 0.171615
etas[199] = -0.325979, lambdas[199] = 0.172066
etas[200] = -0.102165, lambdas[200] = 0.172744
etas[201] = -0.042009, lambdas[201] = 0.173943
etas[202] = -0.472716, lambdas[202] = 0.174293
etas[203] = 0.153222, lambdas[203] = 0.174963
etas[204] = 0.025023, lambdas[204] = 0.176415
etas[205] = -0.239788, lambdas[205] = 0.177269
etas[206] = -0.424801, lambdas[206] = 0.177516
etas[207] = 0.487539, lambdas[207] = 0.178241
etas[208] = -0.103113, lambdas[208] = 0.178941
etas[209] = -0.558581, lambdas[209] = 0.180884
etas[210] = -0.249286, lambdas[210] = 0.182006
etas[211] = -0.247224, lambdas[211] = 0.182326
etas[212] = -0.297245, lambdas[212] = 0.183131
etas[213] = -0.359999, lambdas[213] = 0.184543
etas[214] = 0.422834, lambdas[214] = 0.186387
etas[215] = 0.778657, lambdas[215] = 0.188752
etas[216] = -0.381766, lambdas[216] = 0.189258
etas[217] = -0.172134, lambdas[217] = 0.190751
etas[218] = 0.261340, lambdas[218] = 0.192115
etas[219] = -0.635075, lambdas[219] = 0.193699
etas[220] = -0.880978, lambdas[220] = 0.193845
etas[221] = 0.659335, lambdas[221] = 0.196292
etas[222] = 0.239045, lambdas[222] = 0.197739
etas[223] = -0.359781, lambdas[223] = 0.199074
etas[224] = 0.597662, lambdas[224] = 0.200647
etas[225] = -0.052920, lambdas[225] = 0.201846
etas[226] = -0.365051, lambdas[226] = 0.204129
etas[227] = 0.665705, lambdas[227] = 0.206190
etas[228] = -0.234639, lambdas[228] = 0.207202
etas[229] = 0.361959, lambdas[229] = 0.208485
etas[230] = 0.050051, lambdas[230] = 0.210041
etas[231] = -1.116135, lambdas[231] = 0.212671
etas[232] = -0.274327, lambdas[232] = 0.215144
etas[233] = -0.059121, lambdas[233] = 0.217957
etas[234] = -0.133840, lambdas[234] = 0.218891
etas[235] = 1.011503, lambdas[235] = 0.222118
etas[236] = -0.123649, lambdas[236] = 0.224499
etas[237] = -0.038918, lambdas[237] = 0.226761
etas[238] = -0.005156, lambdas[238] = 0.232198
etas[239] = -0.615777, lambdas[239] = 0.233364
etas[240] = 0.076285, lambdas[240] = 0.234692
etas[241] = 0.019968, lambdas[241] = 0.237008
etas[242] = -0.646705, lambdas[242] = 0.240243
etas[243] = 0.054389, lambdas[243] = 0.241727
etas[244] = 0.280537, lambdas[244] = 0.249056
etas[245] = 0.327231, lambdas[245] = 0.252295
etas[246] = 0.001965, lambdas[246] = 0.254625
etas[247] = 0.773437, lambdas[247] = 0.259908
etas[248] = 0.271552, lambdas[248] = 0.265071
etas[249] = -0.196965, lambdas[249] = 0.280125
etas[250] = -0.125570, lambdas[250] = 0.286546
etas[251] = -0.728064, lambdas[251] = 0.294171
etas[252] = -0.353393, lambdas[252] = 0.299362
etas[253] = -0.347727, lambdas[253] = 0.304733
etas[254] = -0.708348, lambdas[254] = 0.307953
etas[255] = 0.125092, lambdas[255] = 0.314385
etas[256] = 0.512416, lambdas[256] = 0.319679
etas[257] = -0.398901, lambdas[257] = 0.326735
etas[258] = 0.892973, lambdas[258] = 0.335297
etas[259] = 0.224646, lambdas[259] = 0.344775
etas[260] = 0.813962, lambdas[260] = 0.365140
etas[261] = -0.027952, lambdas[261] = 0.371370
etas[262] = 0.028646, lambdas[262] = 0.377127
etas[263] = 0.101028, lambdas[263] = 0.409224
etas[264] = -0.481659, lambdas[264] = 0.416141
etas[265] = -0.389611, lambdas[265] = 0.446804
etas[266] = -0.108644, lambdas[266] = 0.452821
etas[267] = 0.097262, lambdas[267] = 0.474478
etas[268] = 0.245252, lambdas[268] = 0.503713
etas[269] = -0.109453, lambdas[269] = 0.527728
etas[270] = -0.232780, lambdas[270] = 0.550886
etas[271] = 1.542413, lambdas[271] = 0.558674
etas[272] = -0.211935, lambdas[272] = 0.573582
etas[273] = -0.480729, lambdas[273] = 0.639556
etas[274] = 0.324178, lambdas[274] = 0.660578
etas[275] = 0.526845, lambdas[275] = 0.697629
etas[276] = 0.796319, lambdas[276] = 0.810791
etas[277] = 0.241067, lambdas[277] = 0.888142
etas[278] = 1.075813, lambdas[278] = 0.892159
etas[279] = -0.148109, lambdas[279] = 215.286108
0	152.455882	152.178619	-75.556499
1	152.178619	151.840449	-75.554968
2	151.840449	151.428122	-75.553102
3	151.428122	150.925569	-75.550828
4	150.925569	150.313333	-75.548059
5	150.313333	149.567901	-75.544690
6	149.567901	148.660923	-75.540593
7	148.660923	147.558327	-75.535617
8	147.558327	146.219303	-75.529580
9	146.219303	144.595201	-75.522267
10	144.595201	142.628339	-75.513425
11	142.628339	140.250816	-75.502758
12	140.250816	137.383391	-75.489928
13	137.383391	133.934618	-75.474547
14	133.934618	129.800453	-75.456188
15	129.800453	124.864678	-75.434392
16	124.864678	119.000606	-75.408687
17	119.000606	112.074647	-75.378623
18	112.074647	103.952462	-75.343830
19	103.952462	94.508474	-75.304106
20	94.508474	83.639418	-75.259539
21	83.639418	71.282356	-75.210687
22	71.282356	57.436854	-75.158819
23	57.436854	42.189981	-75.106215
24	42.189981	25.741183	-75.056546
25	25.741183	8.422308	-75.015288
26	8.422308	-9.293513	-74.990154
27	-9.293513	-26.801028	-74.991468
28	-26.801028	-43.395593	-75.032383
29	-43.395593	-58.331170	-75.128832
30	-58.331170	-70.899140	-75.299088
31	-70.899140	-80.516399	-75.562869
32	-80.516399	-86.805747	-75.939953
33	-86.805747	-89.650351	-76.448430
34	-89.650351	-89.208500	-77.102793
35	-89.208500	-85.884344	-77.912162
36	-85.884344	-80.261545	-78.878975
37	-80.261545	-73.015874	-79.998373
38	-73.015874	-64.826413	-81.258409
39	-64.826413	-56.302543	-82.641000
40	-56.302543	-47.936908	-84.123420
41	-47.936908	-40.086362	-85.680034
42	-40.086362	-32.976259	-87.283985
43	-32.976259	-26.720031	-88.908621
44	-26.720031	-21.345620	-90.528552
45	-21.345620	-16.822127	-92.120360
46	-16.822127	-13.082631	-93.663020
47	-13.082631	-10.041529	-95.138170
48	-10.041529	-7.606496	-96.530305
49	-7.606496	-5.686080	-97.826950
50	-5.686080	-4.194190	-99.018825
51	-4.194190	-3.052580	-100.099937
52	-3.052580	-2.192103	-101.067572
53	-2.192103	-1.553176	-101.922123
54	-1.553176	-1.085698	-102.666756
55	-1.085698	-0.748550	-103.306939
56	-0.748550	-0.508776	-103.849887
57	-0.508776	-0.340564	-104.303979
58	-0.340564	-0.224132	-104.678215
59	-0.224132	-0.144624	-104.981742
60	-0.144624	-0.091086	-105.223493
61	-0.091086	-0.055576	-105.411911
62	-0.055576	-0.032425	-105.554791
63	-0.032425	-0.017639	-105.659186
64	-0.017639	-0.008439	-105.731387
65	-0.008439	-0.002916	-105.776939
66	-0.002916	0.000227	-105.800690
67	0.000227	0.001863	-105.806859
68	0.001863	0.002570	-105.799096
69	0.002570	0.002729	-105.780561
70	0.002729	0.002583	-105.753978
71	0.002583	0.002286	-105.721689
72	0.002286	0.001934	-105.685702
73	0.001934	0.001582	-105.647716
74	0.001582	0.001259	-105.609150
75	0.001259	0.000980	-105.571159
76	0.000980	0.000747	-105.534651
77	0.000747	0.000560	-105.500304
78	0.000560	0.000414	-105.468580
79	0.000414	0.000301	-105.439755
80	0.000301	0.000217	-105.413940
81	0.000217	0.000154	-105.391117
82	0.000154	0.000109	-105.371168
83	0.000109	0.000076	-105.353904
84	0.000076	0.000053	-105.339092
85	0.000053	0.000037	-105.326479
86	0.000037	0.000025	-105.315807
87	0.000025	0.000017	-105.306827
88	0.000017	0.000012	-105.299306
89	0.000012	0.000008	-105.293031
90	0.000008	0.000005	-105.287812
91	0.000005	0.000004	-105.283484
92	0.000004	0.000002	-105.279903
93	0.000002	0.000002	-105.276945
94	0.000002	0.000001	-105.274506
95	0.000001	0.000001	-105.272497
96	0.000001	0.000001	-105.270844
97	0.000001	0.000000	-105.269486
98	0.000000	0.000000	-105.268370
99	0.000000	0.000000	-105.267454
REMLE (delta=0.009053, REML=-74.986741, REML0=-105.263288)- elapsed CPU time is 0.015699
eigen_L - elapsed CPU time is 0.061675


Reading TPED file /mnt/data/shahar/gwas_barley/morexV3_analysis/USED_GWAS_V2_pipeline/intermediates/morexV3_gwas_genotypes...

Reading 0-th SNP and testing association....

Reading 10000-th SNP and testing association....

Reading 20000-th SNP and testing association....

Reading 30000-th SNP and testing association....

Reading 40000-th SNP and testing association....

Reading 50000-th SNP and testing association....

Reading 60000-th SNP and testing association....

Reading 70000-th SNP and testing association....

Reading 80000-th SNP and testing association....

Reading 90000-th SNP and testing association....

Reading 100000-th SNP and testing association....

Reading 110000-th SNP and testing association....

Reading 120000-th SNP and testing association....

Reading 130000-th SNP and testing association....

Reading 140000-th SNP and testing association....

Reading 150000-th SNP and testing association....

Reading 160000-th SNP and testing association....

Reading 170000-th SNP and testing association....

Reading 180000-th SNP and testing association....

Reading 190000-th SNP and testing association....

Reading 200000-th SNP and testing association....

Reading 210000-th SNP and testing association....

Reading 220000-th SNP and testing association....

Reading 230000-th SNP and testing association....

Reading 240000-th SNP and testing association....

Reading 250000-th SNP and testing association....

Reading 260000-th SNP and testing association....

Reading 270000-th SNP and testing association....

Reading 280000-th SNP and testing association....

Reading 290000-th SNP and testing association....

Reading 300000-th SNP and testing association....

Reading 310000-th SNP and testing association....

Reading 320000-th SNP and testing association....

Reading 330000-th SNP and testing association....

Reading 340000-th SNP and testing association....

Reading 350000-th SNP and testing association....

Reading 360000-th SNP and testing association....

Reading 370000-th SNP and testing association....

Reading 380000-th SNP and testing association....

Reading 390000-th SNP and testing association....

Reading 400000-th SNP and testing association....

Reading 410000-th SNP and testing association....

Reading 420000-th SNP and testing association....

Reading 430000-th SNP and testing association....

Reading 440000-th SNP and testing association....

Reading 450000-th SNP and testing association....

Reading 460000-th SNP and testing association....

Reading 470000-th SNP and testing association....

Reading 480000-th SNP and testing association....

Reading 490000-th SNP and testing association....

Reading 500000-th SNP and testing association....

Reading 510000-th SNP and testing association....

Reading 520000-th SNP and testing association....

Reading 530000-th SNP and testing association....

Reading 540000-th SNP and testing association....

Reading 550000-th SNP and testing association....

Reading 560000-th SNP and testing association....

Reading 570000-th SNP and testing association....

Reading 580000-th SNP and testing association....

Reading 590000-th SNP and testing association....

Reading 600000-th SNP and testing association....

Reading 610000-th SNP and testing association....

Reading 620000-th SNP and testing association....

Reading 630000-th SNP and testing association....

Reading 640000-th SNP and testing association....

Reading 650000-th SNP and testing association....

Reading 660000-th SNP and testing association....

Reading 670000-th SNP and testing association....

Reading 680000-th SNP and testing association....

Reading 690000-th SNP and testing association....

Reading 700000-th SNP and testing association....

Reading 710000-th SNP and testing association....

Reading 720000-th SNP and testing association....

Reading 730000-th SNP and testing association....

Reading 740000-th SNP and testing association....

Reading 750000-th SNP and testing association....

Reading 760000-th SNP and testing association....

Reading 770000-th SNP and testing association....

Reading 780000-th SNP and testing association....

Reading 790000-th SNP and testing association....

Reading 800000-th SNP and testing association....

Reading 810000-th SNP and testing association....

Reading 820000-th SNP and testing association....

Reading 830000-th SNP and testing association....

Reading 840000-th SNP and testing association....

Reading 850000-th SNP and testing association....

Reading 860000-th SNP and testing association....

Reading 870000-th SNP and testing association....

Reading 880000-th SNP and testing association....

Reading 890000-th SNP and testing association....

Reading 900000-th SNP and testing association....

Reading 910000-th SNP and testing association....

Reading 920000-th SNP and testing association....

Reading 930000-th SNP and testing association....

Reading 940000-th SNP and testing association....

Reading 950000-th SNP and testing association....

Reading 960000-th SNP and testing association....

Reading 970000-th SNP and testing association....

Reading 980000-th SNP and testing association....

Reading 990000-th SNP and testing association....

Reading 1000000-th SNP and testing association....

Reading 1010000-th SNP and testing association....

Reading 1020000-th SNP and testing association....

Reading 1030000-th SNP and testing association....

Reading 1040000-th SNP and testing association....

Reading 1050000-th SNP and testing association....

Reading 1060000-th SNP and testing association....

Reading 1070000-th SNP and testing association....

Reading 1080000-th SNP and testing association....

Reading 1090000-th SNP and testing association....

Reading 1100000-th SNP and testing association....

Reading 1110000-th SNP and testing association....

Reading 1120000-th SNP and testing association....

Reading 1130000-th SNP and testing association....

Reading 1140000-th SNP and testing association....

Reading 1150000-th SNP and testing association....

Reading 1160000-th SNP and testing association....

Reading 1170000-th SNP and testing association....

Reading 1180000-th SNP and testing association....

Reading 1190000-th SNP and testing association....

Reading 1200000-th SNP and testing association....

Reading 1210000-th SNP and testing association....

Reading 1220000-th SNP and testing association....

Reading 1230000-th SNP and testing association....

Reading 1240000-th SNP and testing association....

Reading 1250000-th SNP and testing association....

Reading 1260000-th SNP and testing association....

Reading 1270000-th SNP and testing association....

Reading 1280000-th SNP and testing association....

Reading 1290000-th SNP and testing association....

Reading 1300000-th SNP and testing association....

Reading 1310000-th SNP and testing association....

Reading 1320000-th SNP and testing association....

Reading 1330000-th SNP and testing association....

Reading 1340000-th SNP and testing association....

Reading 1350000-th SNP and testing association....

Reading 1360000-th SNP and testing association....

Reading 1370000-th SNP and testing association....

Reading 1380000-th SNP and testing association....

Reading 1390000-th SNP and testing association....

Reading 1400000-th SNP and testing association....

Reading 1410000-th SNP and testing association....

Reading 1420000-th SNP and testing association....

Reading 1430000-th SNP and testing association....

Reading 1440000-th SNP and testing association....

Reading 1450000-th SNP and testing association....

Reading 1460000-th SNP and testing association....

Reading 1470000-th SNP and testing association....

Reading 1480000-th SNP and testing association....

Reading 1490000-th SNP and testing association....

Reading 1500000-th SNP and testing association....

Reading 1510000-th SNP and testing association....

Reading 1520000-th SNP and testing association....

Reading 1530000-th SNP and testing association....

Reading 1540000-th SNP and testing association....

Reading 1550000-th SNP and testing association....

Reading 1560000-th SNP and testing association....

Reading 1570000-th SNP and testing association....

Reading 1580000-th SNP and testing association....

Reading 1590000-th SNP and testing association....

Reading 1600000-th SNP and testing association....

Reading 1610000-th SNP and testing association....

Reading 1620000-th SNP and testing association....

Reading 1630000-th SNP and testing association....

Reading 1640000-th SNP and testing association....

Reading 1650000-th SNP and testing association....

Reading 1660000-th SNP and testing association....

Reading 1670000-th SNP and testing association....

Reading 1680000-th SNP and testing association....

Reading 1690000-th SNP and testing association....

Reading 1700000-th SNP and testing association....

Reading 1710000-th SNP and testing association....

Reading 1720000-th SNP and testing association....

Reading 1730000-th SNP and testing association....

Reading 1740000-th SNP and testing association....

Reading 1750000-th SNP and testing association....

Reading 1760000-th SNP and testing association....

Reading 1770000-th SNP and testing association....

Reading 1780000-th SNP and testing association....

Reading 1790000-th SNP and testing association....

Reading 1800000-th SNP and testing association....

Reading 1810000-th SNP and testing association....

Reading 1820000-th SNP and testing association....

Reading 1830000-th SNP and testing association....

Reading 1840000-th SNP and testing association....

Reading 1850000-th SNP and testing association....

Reading 1860000-th SNP and testing association....

Reading 1870000-th SNP and testing association....

Reading 1880000-th SNP and testing association....

Reading 1890000-th SNP and testing association....

Reading 1900000-th SNP and testing association....

Reading 1910000-th SNP and testing association....

Reading 1920000-th SNP and testing association....

Reading 1930000-th SNP and testing association....

Reading 1940000-th SNP and testing association....

Reading 1950000-th SNP and testing association....

Reading 1960000-th SNP and testing association....

Reading 1970000-th SNP and testing association....

Reading 1980000-th SNP and testing association....

Reading 1990000-th SNP and testing association....

Reading 2000000-th SNP and testing association....

Reading 2010000-th SNP and testing association....

Reading 2020000-th SNP and testing association....

Reading 2030000-th SNP and testing association....

Reading 2040000-th SNP and testing association....

Reading 2050000-th SNP and testing association....

Reading 2060000-th SNP and testing association....

Reading 2070000-th SNP and testing association....

Reading 2080000-th SNP and testing association....

Reading 2090000-th SNP and testing association....

Reading 2100000-th SNP and testing association....

Reading 2110000-th SNP and testing association....

Reading 2120000-th SNP and testing association....

Reading 2130000-th SNP and testing association....

Reading 2140000-th SNP and testing association....

Reading 2150000-th SNP and testing association....

Reading 2160000-th SNP and testing association....

Reading 2170000-th SNP and testing association....

Reading 2180000-th SNP and testing association....

Reading 2190000-th SNP and testing association....

Reading 2200000-th SNP and testing association....

Reading 2210000-th SNP and testing association....

Reading 2220000-th SNP and testing association....

Reading 2230000-th SNP and testing association....

Reading 2240000-th SNP and testing association....

Reading 2250000-th SNP and testing association....

Reading 2260000-th SNP and testing association....

Reading 2270000-th SNP and testing association....

Reading 2280000-th SNP and testing association....

Reading 2290000-th SNP and testing association....

Reading 2300000-th SNP and testing association....

Reading 2310000-th SNP and testing association....

Reading 2320000-th SNP and testing association....

Reading 2330000-th SNP and testing association....

Reading 2340000-th SNP and testing association....

Reading 2350000-th SNP and testing association....

Reading 2360000-th SNP and testing association....

Reading 2370000-th SNP and testing association....

Reading 2380000-th SNP and testing association....

Reading 2390000-th SNP and testing association....

Reading 2400000-th SNP and testing association....

Reading 2410000-th SNP and testing association....

Reading 2420000-th SNP and testing association....

Reading 2430000-th SNP and testing association....

Reading 2440000-th SNP and testing association....

Reading 2450000-th SNP and testing association....

Reading 2460000-th SNP and testing association....

Reading 2470000-th SNP and testing association....

Reading 2480000-th SNP and testing association....

Reading 2490000-th SNP and testing association....

Reading 2500000-th SNP and testing association....

Reading 2510000-th SNP and testing association....

Reading 2520000-th SNP and testing association....

Reading 2530000-th SNP and testing association....

Reading 2540000-th SNP and testing association....

Reading 2550000-th SNP and testing association....

Reading 2560000-th SNP and testing association....

Reading 2570000-th SNP and testing association....

Reading 2580000-th SNP and testing association....

Reading 2590000-th SNP and testing association....

Reading 2600000-th SNP and testing association....

Reading 2610000-th SNP and testing association....

Reading 2620000-th SNP and testing association....

Reading 2630000-th SNP and testing association....

Reading 2640000-th SNP and testing association....

Reading 2650000-th SNP and testing association....

Reading 2660000-th SNP and testing association....

Reading 2670000-th SNP and testing association....

Reading 2680000-th SNP and testing association....

Reading 2690000-th SNP and testing association....

Reading 2700000-th SNP and testing association....

Reading 2710000-th SNP and testing association....

Reading 2720000-th SNP and testing association....

Reading 2730000-th SNP and testing association....

Reading 2740000-th SNP and testing association....

Reading 2750000-th SNP and testing association....

Reading 2760000-th SNP and testing association....

Reading 2770000-th SNP and testing association....

Reading 2780000-th SNP and testing association....

Reading 2790000-th SNP and testing association....

Reading 2800000-th SNP and testing association....

Reading 2810000-th SNP and testing association....

Reading 2820000-th SNP and testing association....

Reading 2830000-th SNP and testing association....

Reading 2840000-th SNP and testing association....

Reading 2850000-th SNP and testing association....

Reading 2860000-th SNP and testing association....

Reading 2870000-th SNP and testing association....

Reading 2880000-th SNP and testing association....

Reading 2890000-th SNP and testing association....

Reading 2900000-th SNP and testing association....

Reading 2910000-th SNP and testing association....

Reading 2920000-th SNP and testing association....

Reading 2930000-th SNP and testing association....

Reading 2940000-th SNP and testing association....

Reading 2950000-th SNP and testing association....

Reading 2960000-th SNP and testing association....

Reading 2970000-th SNP and testing association....

Reading 2980000-th SNP and testing association....

Reading 2990000-th SNP and testing association....

Reading 3000000-th SNP and testing association....

Reading 3010000-th SNP and testing association....

Reading 3020000-th SNP and testing association....

Reading 3030000-th SNP and testing association....

Reading 3040000-th SNP and testing association....

Reading 3050000-th SNP and testing association....

Reading 3060000-th SNP and testing association....

Reading 3070000-th SNP and testing association....

Reading 3080000-th SNP and testing association....

Reading 3090000-th SNP and testing association....

Reading 3100000-th SNP and testing association....

Reading 3110000-th SNP and testing association....

Reading 3120000-th SNP and testing association....

Reading 3130000-th SNP and testing association....

Reading 3140000-th SNP and testing association....

Reading 3150000-th SNP and testing association....

Reading 3160000-th SNP and testing association....

Reading 3170000-th SNP and testing association....

Reading 3180000-th SNP and testing association....

Reading 3190000-th SNP and testing association....

Reading 3200000-th SNP and testing association....

Reading 3210000-th SNP and testing association....

Reading 3220000-th SNP and testing association....

Reading 3230000-th SNP and testing association....

Reading 3240000-th SNP and testing association....

Reading 3250000-th SNP and testing association....

Reading 3260000-th SNP and testing association....

Reading 3270000-th SNP and testing association....

Reading 3280000-th SNP and testing association....

Reading 3290000-th SNP and testing association....

Reading 3300000-th SNP and testing association....

Reading 3310000-th SNP and testing association....

Reading 3320000-th SNP and testing association....

Reading 3330000-th SNP and testing association....

Reading 3340000-th SNP and testing association....

Reading 3350000-th SNP and testing association....

Reading 3360000-th SNP and testing association....

Reading 3370000-th SNP and testing association....

Reading 3380000-th SNP and testing association....

Reading 3390000-th SNP and testing association....

Reading 3400000-th SNP and testing association....

Reading 3410000-th SNP and testing association....

Reading 3420000-th SNP and testing association....

Reading 3430000-th SNP and testing association....

Reading 3440000-th SNP and testing association....

Reading 3450000-th SNP and testing association....

Reading 3460000-th SNP and testing association....

Reading 3470000-th SNP and testing association....

Reading 3480000-th SNP and testing association....

Reading 3490000-th SNP and testing association....

Reading 3500000-th SNP and testing association....

Reading 3510000-th SNP and testing association....

Reading 3520000-th SNP and testing association....

Reading 3530000-th SNP and testing association....

Reading 3540000-th SNP and testing association....

Reading 3550000-th SNP and testing association....

Reading 3560000-th SNP and testing association....

Reading 3570000-th SNP and testing association....

Reading 3580000-th SNP and testing association....

Reading 3590000-th SNP and testing association....

Reading 3600000-th SNP and testing association....

Reading 3610000-th SNP and testing association....

Reading 3620000-th SNP and testing association....

Reading 3630000-th SNP and testing association....

Reading 3640000-th SNP and testing association....

Reading 3650000-th SNP and testing association....

Reading 3660000-th SNP and testing association....

Reading 3670000-th SNP and testing association....

Reading 3680000-th SNP and testing association....

Reading 3690000-th SNP and testing association....

Reading 3700000-th SNP and testing association....

Reading 3710000-th SNP and testing association....

Reading 3720000-th SNP and testing association....

Reading 3730000-th SNP and testing association....

Reading 3740000-th SNP and testing association....

Reading 3750000-th SNP and testing association....

Reading 3760000-th SNP and testing association....

Reading 3770000-th SNP and testing association....

Reading 3780000-th SNP and testing association....

Reading 3790000-th SNP and testing association....

Reading 3800000-th SNP and testing association....

Reading 3810000-th SNP and testing association....

Reading 3820000-th SNP and testing association....

Reading 3830000-th SNP and testing association....

Reading 3840000-th SNP and testing association....

Reading 3850000-th SNP and testing association....

Reading 3860000-th SNP and testing association....

Reading 3870000-th SNP and testing association....

Reading 3880000-th SNP and testing association....

Reading 3890000-th SNP and testing association....

Reading 3900000-th SNP and testing association....

Reading 3910000-th SNP and testing association....

Reading 3920000-th SNP and testing association....

Reading 3930000-th SNP and testing association....

Reading 3940000-th SNP and testing association....

Reading 3950000-th SNP and testing association....

Reading 3960000-th SNP and testing association....

Reading 3970000-th SNP and testing association....

Reading 3980000-th SNP and testing association....

Reading 3990000-th SNP and testing association....

Reading 4000000-th SNP and testing association....

Reading 4010000-th SNP and testing association....

Reading 4020000-th SNP and testing association....

Reading 4030000-th SNP and testing association....

Reading 4040000-th SNP and testing association....

Reading 4050000-th SNP and testing association....

Reading 4060000-th SNP and testing association....

Reading 4070000-th SNP and testing association....

Reading 4080000-th SNP and testing association....

Reading 4090000-th SNP and testing association....

Reading 4100000-th SNP and testing association....

Reading 4110000-th SNP and testing association....

Reading 4120000-th SNP and testing association....

Reading 4130000-th SNP and testing association....

Reading 4140000-th SNP and testing association....

Reading 4150000-th SNP and testing association....

Reading 4160000-th SNP and testing association....

Reading 4170000-th SNP and testing association....

Reading 4180000-th SNP and testing association....

Reading 4190000-th SNP and testing association....

Reading 4200000-th SNP and testing association....

Reading 4210000-th SNP and testing association....

Reading 4220000-th SNP and testing association....

Reading 4230000-th SNP and testing association....

Reading 4240000-th SNP and testing association....

Reading 4250000-th SNP and testing association....

Reading 4260000-th SNP and testing association....

Reading 4270000-th SNP and testing association....

Reading 4280000-th SNP and testing association....

Reading 4290000-th SNP and testing association....

Reading 4300000-th SNP and testing association....

Reading 4310000-th SNP and testing association....

Reading 4320000-th SNP and testing association....

Reading 4330000-th SNP and testing association....

Reading 4340000-th SNP and testing association....

Reading 4350000-th SNP and testing association....

Reading 4360000-th SNP and testing association....

Reading 4370000-th SNP and testing association....

Reading 4380000-th SNP and testing association....

Reading 4390000-th SNP and testing association....

Reading 4400000-th SNP and testing association....

Reading 4410000-th SNP and testing association....

Reading 4420000-th SNP and testing association....

Reading 4430000-th SNP and testing association....

Reading 4440000-th SNP and testing association....

Reading 4450000-th SNP and testing association....

Reading 4460000-th SNP and testing association....

Reading 4470000-th SNP and testing association....

Reading 4480000-th SNP and testing association....

Reading 4490000-th SNP and testing association....

Reading 4500000-th SNP and testing association....

Reading 4510000-th SNP and testing association....

Reading 4520000-th SNP and testing association....

Reading 4530000-th SNP and testing association....

Reading 4540000-th SNP and testing association....

Reading 4550000-th SNP and testing association....

Reading 4560000-th SNP and testing association....

Reading 4570000-th SNP and testing association....

Reading 4580000-th SNP and testing association....

Reading 4590000-th SNP and testing association....

Reading 4600000-th SNP and testing association....

Reading 4610000-th SNP and testing association....

Reading 4620000-th SNP and testing association....

Reading 4630000-th SNP and testing association....

Reading 4640000-th SNP and testing association....

Reading 4650000-th SNP and testing association....

Reading 4660000-th SNP and testing association....

Reading 4670000-th SNP and testing association....

Reading 4680000-th SNP and testing association....

Reading 4690000-th SNP and testing association....

Reading 4700000-th SNP and testing association....

Reading 4710000-th SNP and testing association....

Reading 4720000-th SNP and testing association....

Reading 4730000-th SNP and testing association....

Reading 4740000-th SNP and testing association....

Reading 4750000-th SNP and testing association....

Reading 4760000-th SNP and testing association....

Reading 4770000-th SNP and testing association....

Reading 4780000-th SNP and testing association....

Reading 4790000-th SNP and testing association....

Reading 4800000-th SNP and testing association....

Reading 4810000-th SNP and testing association....

Reading 4820000-th SNP and testing association....

Reading 4830000-th SNP and testing association....

Reading 4840000-th SNP and testing association....

Reading 4850000-th SNP and testing association....

Reading 4860000-th SNP and testing association....

Reading 4870000-th SNP and testing association....

Reading 4880000-th SNP and testing association....

Reading 4890000-th SNP and testing association....

Reading 4900000-th SNP and testing association....

Reading 4910000-th SNP and testing association....

Reading 4920000-th SNP and testing association....

Reading 4930000-th SNP and testing association....

Reading 4940000-th SNP and testing association....

Reading 4950000-th SNP and testing association....

Reading 4960000-th SNP and testing association....

Reading 4970000-th SNP and testing association....

Reading 4980000-th SNP and testing association....

Reading 4990000-th SNP and testing association....

Reading 5000000-th SNP and testing association....

Reading 5010000-th SNP and testing association....

Reading 5020000-th SNP and testing association....

Reading 5030000-th SNP and testing association....

Reading 5040000-th SNP and testing association....

Reading 5050000-th SNP and testing association....

Reading 5060000-th SNP and testing association....

Reading 5070000-th SNP and testing association....

Reading 5080000-th SNP and testing association....

Reading 5090000-th SNP and testing association....

Reading 5100000-th SNP and testing association....

Reading 5110000-th SNP and testing association....

Reading 5120000-th SNP and testing association....

Reading 5130000-th SNP and testing association....

Reading 5140000-th SNP and testing association....

Reading 5150000-th SNP and testing association....

Reading 5160000-th SNP and testing association....

Reading 5170000-th SNP and testing association....

Reading 5180000-th SNP and testing association....

Reading 5190000-th SNP and testing association....

Reading 5200000-th SNP and testing association....

Reading 5210000-th SNP and testing association....

Reading 5220000-th SNP and testing association....

Reading 5230000-th SNP and testing association....

Reading 5240000-th SNP and testing association....

Reading 5250000-th SNP and testing association....

Reading 5260000-th SNP and testing association....

Reading 5270000-th SNP and testing association....

Reading 5280000-th SNP and testing association....

Reading 5290000-th SNP and testing association....

Reading 5300000-th SNP and testing association....

Reading 5310000-th SNP and testing association....

Reading 5320000-th SNP and testing association....

Reading 5330000-th SNP and testing association....

Reading 5340000-th SNP and testing association....

Reading 5350000-th SNP and testing association....

Reading 5360000-th SNP and testing association....

Reading 5370000-th SNP and testing association....

Reading 5380000-th SNP and testing association....

Reading 5390000-th SNP and testing association....

Reading 5400000-th SNP and testing association....

Reading 5410000-th SNP and testing association....

Reading 5420000-th SNP and testing association....

Reading 5430000-th SNP and testing association....

Reading 5440000-th SNP and testing association....

Reading 5450000-th SNP and testing association....

Reading 5460000-th SNP and testing association....

Reading 5470000-th SNP and testing association....

Reading 5480000-th SNP and testing association....

Reading 5490000-th SNP and testing association....

Reading 5500000-th SNP and testing association....

Reading 5510000-th SNP and testing association....

Reading 5520000-th SNP and testing association....

Reading 5530000-th SNP and testing association....

Reading 5540000-th SNP and testing association....

Reading 5550000-th SNP and testing association....

Reading 5560000-th SNP and testing association....

Reading 5570000-th SNP and testing association....

Reading 5580000-th SNP and testing association....

Reading 5590000-th SNP and testing association....

Reading 5600000-th SNP and testing association....

Reading 5610000-th SNP and testing association....

Reading 5620000-th SNP and testing association....

Reading 5630000-th SNP and testing association....

Reading 5640000-th SNP and testing association....

Reading 5650000-th SNP and testing association....

Reading 5660000-th SNP and testing association....

Reading 5670000-th SNP and testing association....

Reading 5680000-th SNP and testing association....

Reading 5690000-th SNP and testing association....

Reading 5700000-th SNP and testing association....

Reading 5710000-th SNP and testing association....

Reading 5720000-th SNP and testing association....

Reading 5730000-th SNP and testing association....

Reading 5740000-th SNP and testing association....

Reading 5750000-th SNP and testing association....

Reading 5760000-th SNP and testing association....

Reading 5770000-th SNP and testing association....

Reading 5780000-th SNP and testing association....

Reading 5790000-th SNP and testing association....

Reading 5800000-th SNP and testing association....

Reading 5810000-th SNP and testing association....

Reading 5820000-th SNP and testing association....

Reading 5830000-th SNP and testing association....

Reading 5840000-th SNP and testing association....

Reading 5850000-th SNP and testing association....

Reading 5860000-th SNP and testing association....

Reading 5870000-th SNP and testing association....

Reading 5880000-th SNP and testing association....

Reading 5890000-th SNP and testing association....

Reading 5900000-th SNP and testing association....

Reading 5910000-th SNP and testing association....

Reading 5920000-th SNP and testing association....

Reading 5930000-th SNP and testing association....

Reading 5940000-th SNP and testing association....

Reading 5950000-th SNP and testing association....

Reading 5960000-th SNP and testing association....

Reading 5970000-th SNP and testing association....

Reading 5980000-th SNP and testing association....

Reading 5990000-th SNP and testing association....

Reading 6000000-th SNP and testing association....

Reading 6010000-th SNP and testing association....

Reading 6020000-th SNP and testing association....

Reading 6030000-th SNP and testing association....

Reading 6040000-th SNP and testing association....

Reading 6050000-th SNP and testing association....

Reading 6060000-th SNP and testing association....

Reading 6070000-th SNP and testing association....

Reading 6080000-th SNP and testing association....

Reading 6090000-th SNP and testing association....

Reading 6100000-th SNP and testing association....

Reading 6110000-th SNP and testing association....

Reading 6120000-th SNP and testing association....

Reading 6130000-th SNP and testing association....

Reading 6140000-th SNP and testing association....

Reading 6150000-th SNP and testing association....

Reading 6160000-th SNP and testing association....

Reading 6170000-th SNP and testing association....

Reading 6180000-th SNP and testing association....

Reading 6190000-th SNP and testing association....

Reading 6200000-th SNP and testing association....

Reading 6210000-th SNP and testing association....

Reading 6220000-th SNP and testing association....

Reading 6230000-th SNP and testing association....

Reading 6240000-th SNP and testing association....

Reading 6250000-th SNP and testing association....

Reading 6260000-th SNP and testing association....

Reading 6270000-th SNP and testing association....

Reading 6280000-th SNP and testing association....

Reading 6290000-th SNP and testing association....

Reading 6300000-th SNP and testing association....

Reading 6310000-th SNP and testing association....

Reading 6320000-th SNP and testing association....

Reading 6330000-th SNP and testing association....

Reading 6340000-th SNP and testing association....

Reading 6350000-th SNP and testing association....

Reading 6360000-th SNP and testing association....

Reading 6370000-th SNP and testing association....

Reading 6380000-th SNP and testing association....

Reading 6390000-th SNP and testing association....

Reading 6400000-th SNP and testing association....

Reading 6410000-th SNP and testing association....

Reading 6420000-th SNP and testing association....

Reading 6430000-th SNP and testing association....

Reading 6440000-th SNP and testing association....

Reading 6450000-th SNP and testing association....

Reading 6460000-th SNP and testing association....

Reading 6470000-th SNP and testing association....

Reading 6480000-th SNP and testing association....

Reading 6490000-th SNP and testing association....

Reading 6500000-th SNP and testing association....

Reading 6510000-th SNP and testing association....

Reading 6520000-th SNP and testing association....

Reading 6530000-th SNP and testing association....

Reading 6540000-th SNP and testing association....

Reading 6550000-th SNP and testing association....

Reading 6560000-th SNP and testing association....

Reading 6570000-th SNP and testing association....

Reading 6580000-th SNP and testing association....

Reading 6590000-th SNP and testing association....

Reading 6600000-th SNP and testing association....

Reading 6610000-th SNP and testing association....

Reading 6620000-th SNP and testing association....

Reading 6630000-th SNP and testing association....

Reading 6640000-th SNP and testing association....

Reading 6650000-th SNP and testing association....

Reading 6660000-th SNP and testing association....

Reading 6670000-th SNP and testing association....

Reading 6680000-th SNP and testing association....

Reading 6690000-th SNP and testing association....

Reading 6700000-th SNP and testing association....

Reading 6710000-th SNP and testing association....

Reading 6720000-th SNP and testing association....

Reading 6730000-th SNP and testing association....

Reading 6740000-th SNP and testing association....

Reading 6750000-th SNP and testing association....

Reading 6760000-th SNP and testing association....

Reading 6770000-th SNP and testing association....

Reading 6780000-th SNP and testing association....

Reading 6790000-th SNP and testing association....

Reading 6800000-th SNP and testing association....

Reading 6810000-th SNP and testing association....

Reading 6820000-th SNP and testing association....

Reading 6830000-th SNP and testing association....

Reading 6840000-th SNP and testing association....

Reading 6850000-th SNP and testing association....

Reading 6860000-th SNP and testing association....

Reading 6870000-th SNP and testing association....

Reading 6880000-th SNP and testing association....

Reading 6890000-th SNP and testing association....

Reading 6900000-th SNP and testing association....

Reading 6910000-th SNP and testing association....

Reading 6920000-th SNP and testing association....

Reading 6930000-th SNP and testing association....

Reading 6940000-th SNP and testing association....

Reading 6950000-th SNP and testing association....

Reading 6960000-th SNP and testing association....

Reading 6970000-th SNP and testing association....

Reading 6980000-th SNP and testing association....

Reading 6990000-th SNP and testing association....

Reading 7000000-th SNP and testing association....

Reading 7010000-th SNP and testing association....

Reading 7020000-th SNP and testing association....

Reading 7030000-th SNP and testing association....

Reading 7040000-th SNP and testing association....

Reading 7050000-th SNP and testing association....

Reading 7060000-th SNP and testing association....

Reading 7070000-th SNP and testing association....

Reading 7080000-th SNP and testing association....

Reading 7090000-th SNP and testing association....

Reading 7100000-th SNP and testing association....

Reading 7110000-th SNP and testing association....

GLS association - elapsed CPU time is 1250.755953

Breakdown for input file parsing : 449.733221

              matrix computation : 638.441799

             p-value computation : 10.889060

