
Reading TFAM file /mnt/data/shahar/gwas_barley/morexV3_analysis/USED_GWAS_V2_pipeline/intermediates/morexV3_gwas_genotypes.tfam ....


Reading kinship file /mnt/data/shahar/gwas_barley/morexV3_analysis/USED_GWAS_V2_pipeline/intermediates/morexV3_kinship.aIBS.kinf...

  290 rows and 290 columns were observed with 0 missing values.


Reading the phenotype file /mnt/data/shahar/gwas_barley/data/inputs/starch_corrected_V3.pheno...

  290 rows and 1 columns were observed with 0 missing values


Reading covariate file /mnt/data/shahar/gwas_barley/morexV3_analysis/USED_GWAS_V2_pipeline/intermediates/covariates/pca_pc5.cov...

  290 rows and 5 columns were observed with 0 missing values. Make sure that the intercept is included in the covariates

File reading - elapsed CPU time is 0.018815

eRvals[0] = 0.020490, eRvals[n-q-1] = 215.300288, eRvals[n-q] = 0.000000
eigen_R - elapsed CPU time is 0.104349
etas[0] = -1.408985, lambdas[0] = 0.020490
etas[1] = 1.122851, lambdas[1] = 0.022262
etas[2] = -1.232683, lambdas[2] = 0.022444
etas[3] = 0.078810, lambdas[3] = 0.022642
etas[4] = -2.317828, lambdas[4] = 0.022711
etas[5] = -0.878872, lambdas[5] = 0.023019
etas[6] = -0.483093, lambdas[6] = 0.023331
etas[7] = 0.638604, lambdas[7] = 0.023393
etas[8] = 2.646431, lambdas[8] = 0.023531
etas[9] = -1.021765, lambdas[9] = 0.023896
etas[10] = -0.906099, lambdas[10] = 0.024604
etas[11] = -2.235625, lambdas[11] = 0.026184
etas[12] = -1.441234, lambdas[12] = 0.026307
etas[13] = 1.929490, lambdas[13] = 0.026628
etas[14] = 0.961690, lambdas[14] = 0.028170
etas[15] = -0.648112, lambdas[15] = 0.028318
etas[16] = -0.935072, lambdas[16] = 0.028396
etas[17] = -1.850463, lambdas[17] = 0.028719
etas[18] = 0.592235, lambdas[18] = 0.029029
etas[19] = 1.619967, lambdas[19] = 0.029293
etas[20] = 0.382816, lambdas[20] = 0.029622
etas[21] = -1.244720, lambdas[21] = 0.029702
etas[22] = -1.933770, lambdas[22] = 0.029925
etas[23] = -0.698170, lambdas[23] = 0.029981
etas[24] = 0.742304, lambdas[24] = 0.030162
etas[25] = 0.322973, lambdas[25] = 0.030495
etas[26] = 2.794562, lambdas[26] = 0.030594
etas[27] = 0.254730, lambdas[27] = 0.031071
etas[28] = 1.334415, lambdas[28] = 0.031604
etas[29] = -0.414601, lambdas[29] = 0.031639
etas[30] = -1.678555, lambdas[30] = 0.031753
etas[31] = -1.275308, lambdas[31] = 0.032034
etas[32] = 1.613049, lambdas[32] = 0.032166
etas[33] = -0.254177, lambdas[33] = 0.032246
etas[34] = -0.259657, lambdas[34] = 0.032355
etas[35] = -0.716996, lambdas[35] = 0.032533
etas[36] = -1.147017, lambdas[36] = 0.032700
etas[37] = -2.493304, lambdas[37] = 0.032868
etas[38] = -1.068750, lambdas[38] = 0.033240
etas[39] = 2.236384, lambdas[39] = 0.033426
etas[40] = 1.266203, lambdas[40] = 0.033897
etas[41] = -3.636714, lambdas[41] = 0.034063
etas[42] = 3.222315, lambdas[42] = 0.034186
etas[43] = -0.182294, lambdas[43] = 0.034683
etas[44] = 1.259412, lambdas[44] = 0.035201
etas[45] = -0.161507, lambdas[45] = 0.036131
etas[46] = 0.075102, lambdas[46] = 0.036298
etas[47] = -1.327846, lambdas[47] = 0.036407
etas[48] = -2.282625, lambdas[48] = 0.037029
etas[49] = 2.499638, lambdas[49] = 0.037129
etas[50] = 0.733601, lambdas[50] = 0.037532
etas[51] = 0.831220, lambdas[51] = 0.037589
etas[52] = -1.936622, lambdas[52] = 0.037755
etas[53] = 0.511701, lambdas[53] = 0.038023
etas[54] = 0.084827, lambdas[54] = 0.038192
etas[55] = -1.175525, lambdas[55] = 0.038744
etas[56] = -1.779593, lambdas[56] = 0.038957
etas[57] = 0.037963, lambdas[57] = 0.039440
etas[58] = 2.489292, lambdas[58] = 0.039722
etas[59] = -1.649199, lambdas[59] = 0.041008
etas[60] = -1.170196, lambdas[60] = 0.041535
etas[61] = 0.012175, lambdas[61] = 0.041835
etas[62] = -1.591279, lambdas[62] = 0.042087
etas[63] = 1.458354, lambdas[63] = 0.042207
etas[64] = 1.895853, lambdas[64] = 0.042502
etas[65] = -1.803187, lambdas[65] = 0.042904
etas[66] = -0.965458, lambdas[66] = 0.043278
etas[67] = -2.331220, lambdas[67] = 0.044208
etas[68] = -0.142459, lambdas[68] = 0.046177
etas[69] = 0.832195, lambdas[69] = 0.047378
etas[70] = -0.231649, lambdas[70] = 0.049648
etas[71] = 2.104758, lambdas[71] = 0.056814
etas[72] = -0.540912, lambdas[72] = 0.059693
etas[73] = 1.627975, lambdas[73] = 0.061015
etas[74] = -3.394388, lambdas[74] = 0.062033
etas[75] = 1.320272, lambdas[75] = 0.062973
etas[76] = -5.296540, lambdas[76] = 0.064475
etas[77] = 1.403706, lambdas[77] = 0.068032
etas[78] = 1.413810, lambdas[78] = 0.069289
etas[79] = -1.977743, lambdas[79] = 0.082943
etas[80] = 3.963034, lambdas[80] = 0.085329
etas[81] = -2.639470, lambdas[81] = 0.088330
etas[82] = -6.575634, lambdas[82] = 0.090161
etas[83] = -2.041968, lambdas[83] = 0.092552
etas[84] = 2.363683, lambdas[84] = 0.095889
etas[85] = 6.091724, lambdas[85] = 0.096715
etas[86] = 3.948916, lambdas[86] = 0.097492
etas[87] = -3.149255, lambdas[87] = 0.098356
etas[88] = 1.629633, lambdas[88] = 0.099212
etas[89] = -0.315664, lambdas[89] = 0.101997
etas[90] = -0.886598, lambdas[90] = 0.103847
etas[91] = 3.387265, lambdas[91] = 0.104476
etas[92] = -0.617702, lambdas[92] = 0.104838
etas[93] = 0.011191, lambdas[93] = 0.105596
etas[94] = -2.372472, lambdas[94] = 0.107513
etas[95] = -3.281701, lambdas[95] = 0.109019
etas[96] = -1.075962, lambdas[96] = 0.110031
etas[97] = 1.610588, lambdas[97] = 0.110693
etas[98] = 0.724483, lambdas[98] = 0.112242
etas[99] = -1.599601, lambdas[99] = 0.112793
etas[100] = 1.971382, lambdas[100] = 0.114418
etas[101] = 5.042121, lambdas[101] = 0.115540
etas[102] = -4.599768, lambdas[102] = 0.115830
etas[103] = -0.587409, lambdas[103] = 0.116567
etas[104] = 3.088257, lambdas[104] = 0.117079
etas[105] = 1.565300, lambdas[105] = 0.118183
etas[106] = 3.499353, lambdas[106] = 0.118895
etas[107] = -3.566291, lambdas[107] = 0.119301
etas[108] = 1.725283, lambdas[108] = 0.119825
etas[109] = 3.386490, lambdas[109] = 0.120646
etas[110] = -1.811479, lambdas[110] = 0.120888
etas[111] = 2.581970, lambdas[111] = 0.121095
etas[112] = 2.508145, lambdas[112] = 0.121475
etas[113] = -3.954755, lambdas[113] = 0.121778
etas[114] = 0.710405, lambdas[114] = 0.122417
etas[115] = -4.781081, lambdas[115] = 0.123086
etas[116] = 2.116183, lambdas[116] = 0.123864
etas[117] = -0.295879, lambdas[117] = 0.124354
etas[118] = 0.175171, lambdas[118] = 0.124616
etas[119] = 5.201823, lambdas[119] = 0.124915
etas[120] = 5.146312, lambdas[120] = 0.125455
etas[121] = 6.490693, lambdas[121] = 0.126238
etas[122] = -1.215648, lambdas[122] = 0.126332
etas[123] = 3.789272, lambdas[123] = 0.126910
etas[124] = -2.790011, lambdas[124] = 0.127645
etas[125] = -3.820127, lambdas[125] = 0.127995
etas[126] = -2.139490, lambdas[126] = 0.128723
etas[127] = -7.107165, lambdas[127] = 0.128842
etas[128] = -0.744468, lambdas[128] = 0.129330
etas[129] = -1.595771, lambdas[129] = 0.129772
etas[130] = -0.494728, lambdas[130] = 0.130060
etas[131] = -4.491872, lambdas[131] = 0.130684
etas[132] = -1.251527, lambdas[132] = 0.131288
etas[133] = 1.743051, lambdas[133] = 0.131758
etas[134] = -0.589859, lambdas[134] = 0.131973
etas[135] = 5.642476, lambdas[135] = 0.132958
etas[136] = -3.510630, lambdas[136] = 0.133299
etas[137] = 7.282380, lambdas[137] = 0.134031
etas[138] = -0.760522, lambdas[138] = 0.134157
etas[139] = -0.391186, lambdas[139] = 0.134923
etas[140] = 6.176710, lambdas[140] = 0.135060
etas[141] = 1.303458, lambdas[141] = 0.135594
etas[142] = -5.140505, lambdas[142] = 0.136047
etas[143] = 1.443769, lambdas[143] = 0.136651
etas[144] = -0.405663, lambdas[144] = 0.137109
etas[145] = -3.477173, lambdas[145] = 0.137542
etas[146] = -1.818194, lambdas[146] = 0.138260
etas[147] = 6.954756, lambdas[147] = 0.139424
etas[148] = 1.370268, lambdas[148] = 0.139549
etas[149] = 2.995547, lambdas[149] = 0.140277
etas[150] = 0.209444, lambdas[150] = 0.140787
etas[151] = 3.277642, lambdas[151] = 0.141078
etas[152] = -2.514252, lambdas[152] = 0.141516
etas[153] = -3.047197, lambdas[153] = 0.142405
etas[154] = 1.024197, lambdas[154] = 0.143025
etas[155] = 4.224200, lambdas[155] = 0.143247
etas[156] = -3.188751, lambdas[156] = 0.143403
etas[157] = -4.630887, lambdas[157] = 0.144256
etas[158] = -2.847871, lambdas[158] = 0.144990
etas[159] = 1.417682, lambdas[159] = 0.145885
etas[160] = 0.971712, lambdas[160] = 0.146266
etas[161] = -0.639396, lambdas[161] = 0.146840
etas[162] = 2.952800, lambdas[162] = 0.147648
etas[163] = 2.520250, lambdas[163] = 0.147783
etas[164] = -3.192062, lambdas[164] = 0.148534
etas[165] = -3.374889, lambdas[165] = 0.149915
etas[166] = -2.517625, lambdas[166] = 0.150181
etas[167] = -1.751230, lambdas[167] = 0.150595
etas[168] = -1.743584, lambdas[168] = 0.151304
etas[169] = 3.258223, lambdas[169] = 0.151589
etas[170] = -0.096545, lambdas[170] = 0.151881
etas[171] = 5.292749, lambdas[171] = 0.152575
etas[172] = 0.730618, lambdas[172] = 0.152819
etas[173] = -3.124409, lambdas[173] = 0.153079
etas[174] = -6.159978, lambdas[174] = 0.153325
etas[175] = 4.291034, lambdas[175] = 0.154722
etas[176] = 3.811063, lambdas[176] = 0.155003
etas[177] = -0.188388, lambdas[177] = 0.155507
etas[178] = -0.399132, lambdas[178] = 0.156411
etas[179] = -0.673994, lambdas[179] = 0.157471
etas[180] = -0.289172, lambdas[180] = 0.157768
etas[181] = -1.866492, lambdas[181] = 0.159346
etas[182] = -7.406367, lambdas[182] = 0.159566
etas[183] = 2.679501, lambdas[183] = 0.160453
etas[184] = -4.084976, lambdas[184] = 0.160914
etas[185] = 1.627829, lambdas[185] = 0.160972
etas[186] = 7.691591, lambdas[186] = 0.162529
etas[187] = -1.831836, lambdas[187] = 0.163080
etas[188] = 2.019750, lambdas[188] = 0.164411
etas[189] = -9.155822, lambdas[189] = 0.164790
etas[190] = 3.153685, lambdas[190] = 0.165771
etas[191] = -5.680025, lambdas[191] = 0.166350
etas[192] = 6.250896, lambdas[192] = 0.167356
etas[193] = 0.806135, lambdas[193] = 0.167769
etas[194] = -4.660755, lambdas[194] = 0.168486
etas[195] = -5.476098, lambdas[195] = 0.169300
etas[196] = -6.634965, lambdas[196] = 0.170055
etas[197] = -9.893239, lambdas[197] = 0.170376
etas[198] = 0.926189, lambdas[198] = 0.171579
etas[199] = -6.334944, lambdas[199] = 0.172012
etas[200] = -3.804836, lambdas[200] = 0.172664
etas[201] = 3.808983, lambdas[201] = 0.173847
etas[202] = 3.455780, lambdas[202] = 0.174262
etas[203] = -0.474743, lambdas[203] = 0.174855
etas[204] = -0.828897, lambdas[204] = 0.176358
etas[205] = -4.435129, lambdas[205] = 0.176936
etas[206] = -0.912735, lambdas[206] = 0.177476
etas[207] = 4.621610, lambdas[207] = 0.178131
etas[208] = 1.040203, lambdas[208] = 0.178819
etas[209] = 0.794521, lambdas[209] = 0.180860
etas[210] = 7.162347, lambdas[210] = 0.181909
etas[211] = 3.647505, lambdas[211] = 0.182260
etas[212] = -4.218582, lambdas[212] = 0.183080
etas[213] = -4.283764, lambdas[213] = 0.184437
etas[214] = 3.051475, lambdas[214] = 0.186341
etas[215] = -5.932162, lambdas[215] = 0.188732
etas[216] = 2.566562, lambdas[216] = 0.189190
etas[217] = -1.078296, lambdas[217] = 0.190566
etas[218] = -0.215177, lambdas[218] = 0.192088
etas[219] = 1.308605, lambdas[219] = 0.193484
etas[220] = -0.647150, lambdas[220] = 0.193668
etas[221] = -6.734049, lambdas[221] = 0.196258
etas[222] = -5.342966, lambdas[222] = 0.197698
etas[223] = 3.591529, lambdas[223] = 0.198939
etas[224] = 2.289325, lambdas[224] = 0.200566
etas[225] = 2.657408, lambdas[225] = 0.201769
etas[226] = 1.410270, lambdas[226] = 0.204073
etas[227] = 2.405051, lambdas[227] = 0.206126
etas[228] = 8.423715, lambdas[228] = 0.207123
etas[229] = -1.753484, lambdas[229] = 0.208417
etas[230] = -0.994409, lambdas[230] = 0.209952
etas[231] = 5.462698, lambdas[231] = 0.212585
etas[232] = 6.459506, lambdas[232] = 0.215017
etas[233] = 2.331278, lambdas[233] = 0.217936
etas[234] = -0.763343, lambdas[234] = 0.218860
etas[235] = -4.501595, lambdas[235] = 0.221991
etas[236] = 10.921008, lambdas[236] = 0.224363
etas[237] = 7.517750, lambdas[237] = 0.226694
etas[238] = 5.087635, lambdas[238] = 0.232067
etas[239] = 0.927378, lambdas[239] = 0.233324
etas[240] = 2.118302, lambdas[240] = 0.234281
etas[241] = 6.628482, lambdas[241] = 0.236764
etas[242] = -1.094347, lambdas[242] = 0.240173
etas[243] = -6.378700, lambdas[243] = 0.241428
etas[244] = -5.607710, lambdas[244] = 0.248991
etas[245] = 3.643364, lambdas[245] = 0.252125
etas[246] = 5.470215, lambdas[246] = 0.254437
etas[247] = 5.591293, lambdas[247] = 0.259762
etas[248] = -4.053853, lambdas[248] = 0.265019
etas[249] = 0.902991, lambdas[249] = 0.279486
etas[250] = -4.986888, lambdas[250] = 0.286442
etas[251] = -0.583199, lambdas[251] = 0.293875
etas[252] = -6.930882, lambdas[252] = 0.299281
etas[253] = 0.537894, lambdas[253] = 0.304609
etas[254] = -2.263596, lambdas[254] = 0.307887
etas[255] = -8.733316, lambdas[255] = 0.314115
etas[256] = 4.836786, lambdas[256] = 0.319614
etas[257] = 0.641000, lambdas[257] = 0.326639
etas[258] = 2.081189, lambdas[258] = 0.334905
etas[259] = 5.959255, lambdas[259] = 0.344211
etas[260] = -0.867514, lambdas[260] = 0.365033
etas[261] = 7.099234, lambdas[261] = 0.371063
etas[262] = 3.932344, lambdas[262] = 0.377036
etas[263] = -2.343078, lambdas[263] = 0.408799
etas[264] = 1.482865, lambdas[264] = 0.415905
etas[265] = 7.923855, lambdas[265] = 0.446654
etas[266] = -4.658047, lambdas[266] = 0.451924
etas[267] = 1.470952, lambdas[267] = 0.474199
etas[268] = -1.404324, lambdas[268] = 0.503186
etas[269] = 6.478193, lambdas[269] = 0.526433
etas[270] = -6.151715, lambdas[270] = 0.549957
etas[271] = -2.279064, lambdas[271] = 0.558486
etas[272] = 5.540355, lambdas[272] = 0.572328
etas[273] = 8.583863, lambdas[273] = 0.638859
etas[274] = 1.213467, lambdas[274] = 0.660088
etas[275] = -21.191514, lambdas[275] = 0.695686
etas[276] = -2.776465, lambdas[276] = 0.809363
etas[277] = -0.198620, lambdas[277] = 0.885182
etas[278] = -3.836467, lambdas[278] = 0.887143
etas[279] = -4.650554, lambdas[279] = 1.092866
etas[280] = 10.917076, lambdas[280] = 1.130025
etas[281] = 14.987495, lambdas[281] = 1.215260
etas[282] = -6.630091, lambdas[282] = 1.300401
etas[283] = 6.422122, lambdas[283] = 1.468023
etas[284] = 0.591857, lambdas[284] = 215.300288
0	-122.606086	-122.734856	-735.579667
1	-122.734856	-122.891840	-735.580900
2	-122.891840	-123.083141	-735.582407
3	-123.083141	-123.316140	-735.584252
4	-123.316140	-123.599752	-735.586508
5	-123.599752	-123.944708	-735.589270
6	-123.944708	-124.363888	-735.592652
7	-124.363888	-124.872685	-735.596795
8	-124.872685	-125.489408	-735.601875
9	-125.489408	-126.235687	-735.608107
10	-126.235687	-127.136879	-735.615761
11	-127.136879	-128.222406	-735.625170
12	-128.222406	-129.525958	-735.636753
13	-129.525958	-131.085460	-735.651033
14	-131.085460	-132.942631	-735.668668
15	-132.942631	-135.141927	-735.690490
16	-135.141927	-137.728588	-735.717553
17	-137.728588	-140.745430	-735.751199
18	-140.745430	-144.227995	-735.793140
19	-144.227995	-148.197673	-735.845564
20	-148.197673	-152.652530	-735.911271
21	-152.652530	-157.555842	-735.993844
22	-157.555842	-162.822903	-736.097843
23	-162.822903	-168.307429	-736.229044
24	-168.307429	-173.789980	-736.394688
25	-173.789980	-178.971876	-736.603730
26	-178.971876	-183.478870	-736.867043
27	-183.478870	-186.878653	-737.197522
28	-186.878653	-188.714644	-737.610012
29	-188.714644	-188.555128	-738.120976
30	-188.555128	-186.052109	-738.747853
31	-186.052109	-180.999593	-739.508062
32	-180.999593	-173.378306	-740.417711
33	-173.378306	-163.374836	-741.490121
34	-163.374836	-151.368318	-742.734382
35	-151.368318	-137.885833	-744.154157
36	-137.885833	-123.535788	-745.746986
37	-123.535788	-108.933749	-747.504214
38	-108.933749	-94.635853	-749.411563
39	-94.635853	-81.091164	-751.450224
40	-81.091164	-68.618104	-753.598251
41	-68.618104	-57.403838	-755.831974
42	-57.403838	-47.520978	-758.127185
43	-47.520978	-38.953982	-760.459943
44	-38.953982	-31.627999	-762.806951
45	-31.627999	-25.434698	-765.145590
46	-25.434698	-20.252063	-767.453780
47	-20.252063	-15.957381	-769.709858
48	-15.957381	-12.434293	-771.892665
49	-12.434293	-9.575628	-773.981923
50	-9.575628	-7.283839	-775.958891
51	-7.283839	-5.470507	-777.807204
52	-5.470507	-4.055793	-779.513729
53	-4.055793	-2.968182	-781.069254
54	-2.968182	-2.144492	-782.468890
55	-2.144492	-1.529941	-783.712107
56	-1.529941	-1.078093	-784.802413
57	-1.078093	-0.750529	-785.746753
58	-0.750529	-0.516246	-786.554723
59	-0.516246	-0.350814	-787.237733
60	-0.350814	-0.235421	-787.808197
61	-0.235421	-0.155876	-788.278840
62	-0.155876	-0.101677	-788.662143
63	-0.101677	-0.065181	-788.969950
64	-0.065181	-0.040910	-789.213207
65	-0.040910	-0.024989	-789.401829
66	-0.024989	-0.014708	-789.544655
67	-0.014708	-0.008197	-789.649466
68	-0.008197	-0.004173	-789.723048
69	-0.004173	-0.001767	-789.771280
70	-0.001767	-0.000397	-789.799221
71	-0.000397	0.000325	-789.811210
72	0.000325	0.000654	-789.810947
73	0.000654	0.000754	-789.801569
74	0.000754	0.000729	-789.785714
75	0.000729	0.000645	-789.765575
76	0.000645	0.000538	-789.742942
77	0.000538	0.000432	-789.719242
78	0.000432	0.000336	-789.695576
79	0.000336	0.000255	-789.672757
80	0.000255	0.000190	-789.651349
81	0.000190	0.000139	-789.631704
82	0.000139	0.000100	-789.614004
83	0.000100	0.000071	-789.598301
84	0.000071	0.000050	-789.584550
85	0.000050	0.000035	-789.572639
86	0.000035	0.000024	-789.562418
87	0.000024	0.000017	-789.553716
88	0.000017	0.000012	-789.546356
89	0.000012	0.000008	-789.540166
90	0.000008	0.000005	-789.534983
91	0.000005	0.000004	-789.530662
92	0.000004	0.000002	-789.527069
93	0.000002	0.000002	-789.524091
94	0.000002	0.000001	-789.521627
95	0.000001	0.000001	-789.519592
96	0.000001	0.000001	-789.517915
97	0.000001	0.000000	-789.516534
98	0.000000	0.000000	-789.515398
99	0.000000	0.000000	-789.514465
REMLE (delta=0.000045, REML=-735.579667, REML0=-789.510207)- elapsed CPU time is 0.002252
eigen_L - elapsed CPU time is 0.062885


Reading TPED file /mnt/data/shahar/gwas_barley/morexV3_analysis/USED_GWAS_V2_pipeline/intermediates/morexV3_gwas_genotypes...

Reading 0-th SNP and testing association....

Reading 10000-th SNP and testing association....

Reading 20000-th SNP and testing association....

Reading 30000-th SNP and testing association....

Reading 40000-th SNP and testing association....

Reading 50000-th SNP and testing association....

Reading 60000-th SNP and testing association....

Reading 70000-th SNP and testing association....

Reading 80000-th SNP and testing association....

Reading 90000-th SNP and testing association....

Reading 100000-th SNP and testing association....

Reading 110000-th SNP and testing association....

Reading 120000-th SNP and testing association....

Reading 130000-th SNP and testing association....

Reading 140000-th SNP and testing association....

Reading 150000-th SNP and testing association....

Reading 160000-th SNP and testing association....

Reading 170000-th SNP and testing association....

Reading 180000-th SNP and testing association....

Reading 190000-th SNP and testing association....

Reading 200000-th SNP and testing association....

Reading 210000-th SNP and testing association....

Reading 220000-th SNP and testing association....

Reading 230000-th SNP and testing association....

Reading 240000-th SNP and testing association....

Reading 250000-th SNP and testing association....

Reading 260000-th SNP and testing association....

Reading 270000-th SNP and testing association....

Reading 280000-th SNP and testing association....

Reading 290000-th SNP and testing association....

Reading 300000-th SNP and testing association....

Reading 310000-th SNP and testing association....

Reading 320000-th SNP and testing association....

Reading 330000-th SNP and testing association....

Reading 340000-th SNP and testing association....

Reading 350000-th SNP and testing association....

Reading 360000-th SNP and testing association....

Reading 370000-th SNP and testing association....

Reading 380000-th SNP and testing association....

Reading 390000-th SNP and testing association....

Reading 400000-th SNP and testing association....

Reading 410000-th SNP and testing association....

Reading 420000-th SNP and testing association....

Reading 430000-th SNP and testing association....

Reading 440000-th SNP and testing association....

Reading 450000-th SNP and testing association....

Reading 460000-th SNP and testing association....

Reading 470000-th SNP and testing association....

Reading 480000-th SNP and testing association....

Reading 490000-th SNP and testing association....

Reading 500000-th SNP and testing association....

Reading 510000-th SNP and testing association....

Reading 520000-th SNP and testing association....

Reading 530000-th SNP and testing association....

Reading 540000-th SNP and testing association....

Reading 550000-th SNP and testing association....

Reading 560000-th SNP and testing association....

Reading 570000-th SNP and testing association....

Reading 580000-th SNP and testing association....

Reading 590000-th SNP and testing association....

Reading 600000-th SNP and testing association....

Reading 610000-th SNP and testing association....

Reading 620000-th SNP and testing association....

Reading 630000-th SNP and testing association....

Reading 640000-th SNP and testing association....

Reading 650000-th SNP and testing association....

Reading 660000-th SNP and testing association....

Reading 670000-th SNP and testing association....

Reading 680000-th SNP and testing association....

Reading 690000-th SNP and testing association....

Reading 700000-th SNP and testing association....

Reading 710000-th SNP and testing association....

Reading 720000-th SNP and testing association....

Reading 730000-th SNP and testing association....

Reading 740000-th SNP and testing association....

Reading 750000-th SNP and testing association....

Reading 760000-th SNP and testing association....

Reading 770000-th SNP and testing association....

Reading 780000-th SNP and testing association....

Reading 790000-th SNP and testing association....

Reading 800000-th SNP and testing association....

Reading 810000-th SNP and testing association....

Reading 820000-th SNP and testing association....

Reading 830000-th SNP and testing association....

Reading 840000-th SNP and testing association....

Reading 850000-th SNP and testing association....

Reading 860000-th SNP and testing association....

Reading 870000-th SNP and testing association....

Reading 880000-th SNP and testing association....

Reading 890000-th SNP and testing association....

Reading 900000-th SNP and testing association....

Reading 910000-th SNP and testing association....

Reading 920000-th SNP and testing association....

Reading 930000-th SNP and testing association....

Reading 940000-th SNP and testing association....

Reading 950000-th SNP and testing association....

Reading 960000-th SNP and testing association....

Reading 970000-th SNP and testing association....

Reading 980000-th SNP and testing association....

Reading 990000-th SNP and testing association....

Reading 1000000-th SNP and testing association....

Reading 1010000-th SNP and testing association....

Reading 1020000-th SNP and testing association....

Reading 1030000-th SNP and testing association....

Reading 1040000-th SNP and testing association....

Reading 1050000-th SNP and testing association....

Reading 1060000-th SNP and testing association....

Reading 1070000-th SNP and testing association....

Reading 1080000-th SNP and testing association....

Reading 1090000-th SNP and testing association....

Reading 1100000-th SNP and testing association....

Reading 1110000-th SNP and testing association....

Reading 1120000-th SNP and testing association....

Reading 1130000-th SNP and testing association....

Reading 1140000-th SNP and testing association....

Reading 1150000-th SNP and testing association....

Reading 1160000-th SNP and testing association....

Reading 1170000-th SNP and testing association....

Reading 1180000-th SNP and testing association....

Reading 1190000-th SNP and testing association....

Reading 1200000-th SNP and testing association....

Reading 1210000-th SNP and testing association....

Reading 1220000-th SNP and testing association....

Reading 1230000-th SNP and testing association....

Reading 1240000-th SNP and testing association....

Reading 1250000-th SNP and testing association....

Reading 1260000-th SNP and testing association....

Reading 1270000-th SNP and testing association....

Reading 1280000-th SNP and testing association....

Reading 1290000-th SNP and testing association....

Reading 1300000-th SNP and testing association....

Reading 1310000-th SNP and testing association....

Reading 1320000-th SNP and testing association....

Reading 1330000-th SNP and testing association....

Reading 1340000-th SNP and testing association....

Reading 1350000-th SNP and testing association....

Reading 1360000-th SNP and testing association....

Reading 1370000-th SNP and testing association....

Reading 1380000-th SNP and testing association....

Reading 1390000-th SNP and testing association....

Reading 1400000-th SNP and testing association....

Reading 1410000-th SNP and testing association....

Reading 1420000-th SNP and testing association....

Reading 1430000-th SNP and testing association....

Reading 1440000-th SNP and testing association....

Reading 1450000-th SNP and testing association....

Reading 1460000-th SNP and testing association....

Reading 1470000-th SNP and testing association....

Reading 1480000-th SNP and testing association....

Reading 1490000-th SNP and testing association....

Reading 1500000-th SNP and testing association....

Reading 1510000-th SNP and testing association....

Reading 1520000-th SNP and testing association....

Reading 1530000-th SNP and testing association....

Reading 1540000-th SNP and testing association....

Reading 1550000-th SNP and testing association....

Reading 1560000-th SNP and testing association....

Reading 1570000-th SNP and testing association....

Reading 1580000-th SNP and testing association....

Reading 1590000-th SNP and testing association....

Reading 1600000-th SNP and testing association....

Reading 1610000-th SNP and testing association....

Reading 1620000-th SNP and testing association....

Reading 1630000-th SNP and testing association....

Reading 1640000-th SNP and testing association....

Reading 1650000-th SNP and testing association....

Reading 1660000-th SNP and testing association....

Reading 1670000-th SNP and testing association....

Reading 1680000-th SNP and testing association....

Reading 1690000-th SNP and testing association....

Reading 1700000-th SNP and testing association....

Reading 1710000-th SNP and testing association....

Reading 1720000-th SNP and testing association....

Reading 1730000-th SNP and testing association....

Reading 1740000-th SNP and testing association....

Reading 1750000-th SNP and testing association....

Reading 1760000-th SNP and testing association....

Reading 1770000-th SNP and testing association....

Reading 1780000-th SNP and testing association....

Reading 1790000-th SNP and testing association....

Reading 1800000-th SNP and testing association....

Reading 1810000-th SNP and testing association....

Reading 1820000-th SNP and testing association....

Reading 1830000-th SNP and testing association....

Reading 1840000-th SNP and testing association....

Reading 1850000-th SNP and testing association....

Reading 1860000-th SNP and testing association....

Reading 1870000-th SNP and testing association....

Reading 1880000-th SNP and testing association....

Reading 1890000-th SNP and testing association....

Reading 1900000-th SNP and testing association....

Reading 1910000-th SNP and testing association....

Reading 1920000-th SNP and testing association....

Reading 1930000-th SNP and testing association....

Reading 1940000-th SNP and testing association....

Reading 1950000-th SNP and testing association....

Reading 1960000-th SNP and testing association....

Reading 1970000-th SNP and testing association....

Reading 1980000-th SNP and testing association....

Reading 1990000-th SNP and testing association....

Reading 2000000-th SNP and testing association....

Reading 2010000-th SNP and testing association....

Reading 2020000-th SNP and testing association....

Reading 2030000-th SNP and testing association....

Reading 2040000-th SNP and testing association....

Reading 2050000-th SNP and testing association....

Reading 2060000-th SNP and testing association....

Reading 2070000-th SNP and testing association....

Reading 2080000-th SNP and testing association....

Reading 2090000-th SNP and testing association....

Reading 2100000-th SNP and testing association....

Reading 2110000-th SNP and testing association....

Reading 2120000-th SNP and testing association....

Reading 2130000-th SNP and testing association....

Reading 2140000-th SNP and testing association....

Reading 2150000-th SNP and testing association....

Reading 2160000-th SNP and testing association....

Reading 2170000-th SNP and testing association....

Reading 2180000-th SNP and testing association....

Reading 2190000-th SNP and testing association....

Reading 2200000-th SNP and testing association....

Reading 2210000-th SNP and testing association....

Reading 2220000-th SNP and testing association....

Reading 2230000-th SNP and testing association....

Reading 2240000-th SNP and testing association....

Reading 2250000-th SNP and testing association....

Reading 2260000-th SNP and testing association....

Reading 2270000-th SNP and testing association....

Reading 2280000-th SNP and testing association....

Reading 2290000-th SNP and testing association....

Reading 2300000-th SNP and testing association....

Reading 2310000-th SNP and testing association....

Reading 2320000-th SNP and testing association....

Reading 2330000-th SNP and testing association....

Reading 2340000-th SNP and testing association....

Reading 2350000-th SNP and testing association....

Reading 2360000-th SNP and testing association....

Reading 2370000-th SNP and testing association....

Reading 2380000-th SNP and testing association....

Reading 2390000-th SNP and testing association....

Reading 2400000-th SNP and testing association....

Reading 2410000-th SNP and testing association....

Reading 2420000-th SNP and testing association....

Reading 2430000-th SNP and testing association....

Reading 2440000-th SNP and testing association....

Reading 2450000-th SNP and testing association....

Reading 2460000-th SNP and testing association....

Reading 2470000-th SNP and testing association....

Reading 2480000-th SNP and testing association....

Reading 2490000-th SNP and testing association....

Reading 2500000-th SNP and testing association....

Reading 2510000-th SNP and testing association....

Reading 2520000-th SNP and testing association....

Reading 2530000-th SNP and testing association....

Reading 2540000-th SNP and testing association....

Reading 2550000-th SNP and testing association....

Reading 2560000-th SNP and testing association....

Reading 2570000-th SNP and testing association....

Reading 2580000-th SNP and testing association....

Reading 2590000-th SNP and testing association....

Reading 2600000-th SNP and testing association....

Reading 2610000-th SNP and testing association....

Reading 2620000-th SNP and testing association....

Reading 2630000-th SNP and testing association....

Reading 2640000-th SNP and testing association....

Reading 2650000-th SNP and testing association....

Reading 2660000-th SNP and testing association....

Reading 2670000-th SNP and testing association....

Reading 2680000-th SNP and testing association....

Reading 2690000-th SNP and testing association....

Reading 2700000-th SNP and testing association....

Reading 2710000-th SNP and testing association....

Reading 2720000-th SNP and testing association....

Reading 2730000-th SNP and testing association....

Reading 2740000-th SNP and testing association....

Reading 2750000-th SNP and testing association....

Reading 2760000-th SNP and testing association....

Reading 2770000-th SNP and testing association....

Reading 2780000-th SNP and testing association....

Reading 2790000-th SNP and testing association....

Reading 2800000-th SNP and testing association....

Reading 2810000-th SNP and testing association....

Reading 2820000-th SNP and testing association....

Reading 2830000-th SNP and testing association....

Reading 2840000-th SNP and testing association....

Reading 2850000-th SNP and testing association....

Reading 2860000-th SNP and testing association....

Reading 2870000-th SNP and testing association....

Reading 2880000-th SNP and testing association....

Reading 2890000-th SNP and testing association....

Reading 2900000-th SNP and testing association....

Reading 2910000-th SNP and testing association....

Reading 2920000-th SNP and testing association....

Reading 2930000-th SNP and testing association....

Reading 2940000-th SNP and testing association....

Reading 2950000-th SNP and testing association....

Reading 2960000-th SNP and testing association....

Reading 2970000-th SNP and testing association....

Reading 2980000-th SNP and testing association....

Reading 2990000-th SNP and testing association....

Reading 3000000-th SNP and testing association....

Reading 3010000-th SNP and testing association....

Reading 3020000-th SNP and testing association....

Reading 3030000-th SNP and testing association....

Reading 3040000-th SNP and testing association....

Reading 3050000-th SNP and testing association....

Reading 3060000-th SNP and testing association....

Reading 3070000-th SNP and testing association....

Reading 3080000-th SNP and testing association....

Reading 3090000-th SNP and testing association....

Reading 3100000-th SNP and testing association....

Reading 3110000-th SNP and testing association....

Reading 3120000-th SNP and testing association....

Reading 3130000-th SNP and testing association....

Reading 3140000-th SNP and testing association....

Reading 3150000-th SNP and testing association....

Reading 3160000-th SNP and testing association....

Reading 3170000-th SNP and testing association....

Reading 3180000-th SNP and testing association....

Reading 3190000-th SNP and testing association....

Reading 3200000-th SNP and testing association....

Reading 3210000-th SNP and testing association....

Reading 3220000-th SNP and testing association....

Reading 3230000-th SNP and testing association....

Reading 3240000-th SNP and testing association....

Reading 3250000-th SNP and testing association....

Reading 3260000-th SNP and testing association....

Reading 3270000-th SNP and testing association....

Reading 3280000-th SNP and testing association....

Reading 3290000-th SNP and testing association....

Reading 3300000-th SNP and testing association....

Reading 3310000-th SNP and testing association....

Reading 3320000-th SNP and testing association....

Reading 3330000-th SNP and testing association....

Reading 3340000-th SNP and testing association....

Reading 3350000-th SNP and testing association....

Reading 3360000-th SNP and testing association....

Reading 3370000-th SNP and testing association....

Reading 3380000-th SNP and testing association....

Reading 3390000-th SNP and testing association....

Reading 3400000-th SNP and testing association....

Reading 3410000-th SNP and testing association....

Reading 3420000-th SNP and testing association....

Reading 3430000-th SNP and testing association....

Reading 3440000-th SNP and testing association....

Reading 3450000-th SNP and testing association....

Reading 3460000-th SNP and testing association....

Reading 3470000-th SNP and testing association....

Reading 3480000-th SNP and testing association....

Reading 3490000-th SNP and testing association....

Reading 3500000-th SNP and testing association....

Reading 3510000-th SNP and testing association....

Reading 3520000-th SNP and testing association....

Reading 3530000-th SNP and testing association....

Reading 3540000-th SNP and testing association....

Reading 3550000-th SNP and testing association....

Reading 3560000-th SNP and testing association....

Reading 3570000-th SNP and testing association....

Reading 3580000-th SNP and testing association....

Reading 3590000-th SNP and testing association....

Reading 3600000-th SNP and testing association....

Reading 3610000-th SNP and testing association....

Reading 3620000-th SNP and testing association....

Reading 3630000-th SNP and testing association....

Reading 3640000-th SNP and testing association....

Reading 3650000-th SNP and testing association....

Reading 3660000-th SNP and testing association....

Reading 3670000-th SNP and testing association....

Reading 3680000-th SNP and testing association....

Reading 3690000-th SNP and testing association....

Reading 3700000-th SNP and testing association....

Reading 3710000-th SNP and testing association....

Reading 3720000-th SNP and testing association....

Reading 3730000-th SNP and testing association....

Reading 3740000-th SNP and testing association....

Reading 3750000-th SNP and testing association....

Reading 3760000-th SNP and testing association....

Reading 3770000-th SNP and testing association....

Reading 3780000-th SNP and testing association....

Reading 3790000-th SNP and testing association....

Reading 3800000-th SNP and testing association....

Reading 3810000-th SNP and testing association....

Reading 3820000-th SNP and testing association....

Reading 3830000-th SNP and testing association....

Reading 3840000-th SNP and testing association....

Reading 3850000-th SNP and testing association....

Reading 3860000-th SNP and testing association....

Reading 3870000-th SNP and testing association....

Reading 3880000-th SNP and testing association....

Reading 3890000-th SNP and testing association....

Reading 3900000-th SNP and testing association....

Reading 3910000-th SNP and testing association....

Reading 3920000-th SNP and testing association....

Reading 3930000-th SNP and testing association....

Reading 3940000-th SNP and testing association....

Reading 3950000-th SNP and testing association....

Reading 3960000-th SNP and testing association....

Reading 3970000-th SNP and testing association....

Reading 3980000-th SNP and testing association....

Reading 3990000-th SNP and testing association....

Reading 4000000-th SNP and testing association....

Reading 4010000-th SNP and testing association....

Reading 4020000-th SNP and testing association....

Reading 4030000-th SNP and testing association....

Reading 4040000-th SNP and testing association....

Reading 4050000-th SNP and testing association....

Reading 4060000-th SNP and testing association....

Reading 4070000-th SNP and testing association....

Reading 4080000-th SNP and testing association....

Reading 4090000-th SNP and testing association....

Reading 4100000-th SNP and testing association....

Reading 4110000-th SNP and testing association....

Reading 4120000-th SNP and testing association....

Reading 4130000-th SNP and testing association....

Reading 4140000-th SNP and testing association....

Reading 4150000-th SNP and testing association....

Reading 4160000-th SNP and testing association....

Reading 4170000-th SNP and testing association....

Reading 4180000-th SNP and testing association....

Reading 4190000-th SNP and testing association....

Reading 4200000-th SNP and testing association....

Reading 4210000-th SNP and testing association....

Reading 4220000-th SNP and testing association....

Reading 4230000-th SNP and testing association....

Reading 4240000-th SNP and testing association....

Reading 4250000-th SNP and testing association....

Reading 4260000-th SNP and testing association....

Reading 4270000-th SNP and testing association....

Reading 4280000-th SNP and testing association....

Reading 4290000-th SNP and testing association....

Reading 4300000-th SNP and testing association....

Reading 4310000-th SNP and testing association....

Reading 4320000-th SNP and testing association....

Reading 4330000-th SNP and testing association....

Reading 4340000-th SNP and testing association....

Reading 4350000-th SNP and testing association....

Reading 4360000-th SNP and testing association....

Reading 4370000-th SNP and testing association....

Reading 4380000-th SNP and testing association....

Reading 4390000-th SNP and testing association....

Reading 4400000-th SNP and testing association....

Reading 4410000-th SNP and testing association....

Reading 4420000-th SNP and testing association....

Reading 4430000-th SNP and testing association....

Reading 4440000-th SNP and testing association....

Reading 4450000-th SNP and testing association....

Reading 4460000-th SNP and testing association....

Reading 4470000-th SNP and testing association....

Reading 4480000-th SNP and testing association....

Reading 4490000-th SNP and testing association....

Reading 4500000-th SNP and testing association....

Reading 4510000-th SNP and testing association....

Reading 4520000-th SNP and testing association....

Reading 4530000-th SNP and testing association....

Reading 4540000-th SNP and testing association....

Reading 4550000-th SNP and testing association....

Reading 4560000-th SNP and testing association....

Reading 4570000-th SNP and testing association....

Reading 4580000-th SNP and testing association....

Reading 4590000-th SNP and testing association....

Reading 4600000-th SNP and testing association....

Reading 4610000-th SNP and testing association....

Reading 4620000-th SNP and testing association....

Reading 4630000-th SNP and testing association....

Reading 4640000-th SNP and testing association....

Reading 4650000-th SNP and testing association....

Reading 4660000-th SNP and testing association....

Reading 4670000-th SNP and testing association....

Reading 4680000-th SNP and testing association....

Reading 4690000-th SNP and testing association....

Reading 4700000-th SNP and testing association....

Reading 4710000-th SNP and testing association....

Reading 4720000-th SNP and testing association....

Reading 4730000-th SNP and testing association....

Reading 4740000-th SNP and testing association....

Reading 4750000-th SNP and testing association....

Reading 4760000-th SNP and testing association....

Reading 4770000-th SNP and testing association....

Reading 4780000-th SNP and testing association....

Reading 4790000-th SNP and testing association....

Reading 4800000-th SNP and testing association....

Reading 4810000-th SNP and testing association....

Reading 4820000-th SNP and testing association....

Reading 4830000-th SNP and testing association....

Reading 4840000-th SNP and testing association....

Reading 4850000-th SNP and testing association....

Reading 4860000-th SNP and testing association....

Reading 4870000-th SNP and testing association....

Reading 4880000-th SNP and testing association....

Reading 4890000-th SNP and testing association....

Reading 4900000-th SNP and testing association....

Reading 4910000-th SNP and testing association....

Reading 4920000-th SNP and testing association....

Reading 4930000-th SNP and testing association....

Reading 4940000-th SNP and testing association....

Reading 4950000-th SNP and testing association....

Reading 4960000-th SNP and testing association....

Reading 4970000-th SNP and testing association....

Reading 4980000-th SNP and testing association....

Reading 4990000-th SNP and testing association....

Reading 5000000-th SNP and testing association....

Reading 5010000-th SNP and testing association....

Reading 5020000-th SNP and testing association....

Reading 5030000-th SNP and testing association....

Reading 5040000-th SNP and testing association....

Reading 5050000-th SNP and testing association....

Reading 5060000-th SNP and testing association....

Reading 5070000-th SNP and testing association....

Reading 5080000-th SNP and testing association....

Reading 5090000-th SNP and testing association....

Reading 5100000-th SNP and testing association....

Reading 5110000-th SNP and testing association....

Reading 5120000-th SNP and testing association....

Reading 5130000-th SNP and testing association....

Reading 5140000-th SNP and testing association....

Reading 5150000-th SNP and testing association....

Reading 5160000-th SNP and testing association....

Reading 5170000-th SNP and testing association....

Reading 5180000-th SNP and testing association....

Reading 5190000-th SNP and testing association....

Reading 5200000-th SNP and testing association....

Reading 5210000-th SNP and testing association....

Reading 5220000-th SNP and testing association....

Reading 5230000-th SNP and testing association....

Reading 5240000-th SNP and testing association....

Reading 5250000-th SNP and testing association....

Reading 5260000-th SNP and testing association....

Reading 5270000-th SNP and testing association....

Reading 5280000-th SNP and testing association....

Reading 5290000-th SNP and testing association....

Reading 5300000-th SNP and testing association....

Reading 5310000-th SNP and testing association....

Reading 5320000-th SNP and testing association....

Reading 5330000-th SNP and testing association....

Reading 5340000-th SNP and testing association....

Reading 5350000-th SNP and testing association....

Reading 5360000-th SNP and testing association....

Reading 5370000-th SNP and testing association....

Reading 5380000-th SNP and testing association....

Reading 5390000-th SNP and testing association....

Reading 5400000-th SNP and testing association....

Reading 5410000-th SNP and testing association....

Reading 5420000-th SNP and testing association....

Reading 5430000-th SNP and testing association....

Reading 5440000-th SNP and testing association....

Reading 5450000-th SNP and testing association....

Reading 5460000-th SNP and testing association....

Reading 5470000-th SNP and testing association....

Reading 5480000-th SNP and testing association....

Reading 5490000-th SNP and testing association....

Reading 5500000-th SNP and testing association....

Reading 5510000-th SNP and testing association....

Reading 5520000-th SNP and testing association....

Reading 5530000-th SNP and testing association....

Reading 5540000-th SNP and testing association....

Reading 5550000-th SNP and testing association....

Reading 5560000-th SNP and testing association....

Reading 5570000-th SNP and testing association....

Reading 5580000-th SNP and testing association....

Reading 5590000-th SNP and testing association....

Reading 5600000-th SNP and testing association....

Reading 5610000-th SNP and testing association....

Reading 5620000-th SNP and testing association....

Reading 5630000-th SNP and testing association....

Reading 5640000-th SNP and testing association....

Reading 5650000-th SNP and testing association....

Reading 5660000-th SNP and testing association....

Reading 5670000-th SNP and testing association....

Reading 5680000-th SNP and testing association....

Reading 5690000-th SNP and testing association....

Reading 5700000-th SNP and testing association....

Reading 5710000-th SNP and testing association....

Reading 5720000-th SNP and testing association....

Reading 5730000-th SNP and testing association....

Reading 5740000-th SNP and testing association....

Reading 5750000-th SNP and testing association....

Reading 5760000-th SNP and testing association....

Reading 5770000-th SNP and testing association....

Reading 5780000-th SNP and testing association....

Reading 5790000-th SNP and testing association....

Reading 5800000-th SNP and testing association....

Reading 5810000-th SNP and testing association....

Reading 5820000-th SNP and testing association....

Reading 5830000-th SNP and testing association....

Reading 5840000-th SNP and testing association....

Reading 5850000-th SNP and testing association....

Reading 5860000-th SNP and testing association....

Reading 5870000-th SNP and testing association....

Reading 5880000-th SNP and testing association....

Reading 5890000-th SNP and testing association....

Reading 5900000-th SNP and testing association....

Reading 5910000-th SNP and testing association....

Reading 5920000-th SNP and testing association....

Reading 5930000-th SNP and testing association....

Reading 5940000-th SNP and testing association....

Reading 5950000-th SNP and testing association....

Reading 5960000-th SNP and testing association....

Reading 5970000-th SNP and testing association....

Reading 5980000-th SNP and testing association....

Reading 5990000-th SNP and testing association....

Reading 6000000-th SNP and testing association....

Reading 6010000-th SNP and testing association....

Reading 6020000-th SNP and testing association....

Reading 6030000-th SNP and testing association....

Reading 6040000-th SNP and testing association....

Reading 6050000-th SNP and testing association....

Reading 6060000-th SNP and testing association....

Reading 6070000-th SNP and testing association....

Reading 6080000-th SNP and testing association....

Reading 6090000-th SNP and testing association....

Reading 6100000-th SNP and testing association....

Reading 6110000-th SNP and testing association....

Reading 6120000-th SNP and testing association....

Reading 6130000-th SNP and testing association....

Reading 6140000-th SNP and testing association....

Reading 6150000-th SNP and testing association....

Reading 6160000-th SNP and testing association....

Reading 6170000-th SNP and testing association....

Reading 6180000-th SNP and testing association....

Reading 6190000-th SNP and testing association....

Reading 6200000-th SNP and testing association....

Reading 6210000-th SNP and testing association....

Reading 6220000-th SNP and testing association....

Reading 6230000-th SNP and testing association....

Reading 6240000-th SNP and testing association....

Reading 6250000-th SNP and testing association....

Reading 6260000-th SNP and testing association....

Reading 6270000-th SNP and testing association....

Reading 6280000-th SNP and testing association....

Reading 6290000-th SNP and testing association....

Reading 6300000-th SNP and testing association....

Reading 6310000-th SNP and testing association....

Reading 6320000-th SNP and testing association....

Reading 6330000-th SNP and testing association....

Reading 6340000-th SNP and testing association....

Reading 6350000-th SNP and testing association....

Reading 6360000-th SNP and testing association....

Reading 6370000-th SNP and testing association....

Reading 6380000-th SNP and testing association....

Reading 6390000-th SNP and testing association....

Reading 6400000-th SNP and testing association....

Reading 6410000-th SNP and testing association....

Reading 6420000-th SNP and testing association....

Reading 6430000-th SNP and testing association....

Reading 6440000-th SNP and testing association....

Reading 6450000-th SNP and testing association....

Reading 6460000-th SNP and testing association....

Reading 6470000-th SNP and testing association....

Reading 6480000-th SNP and testing association....

Reading 6490000-th SNP and testing association....

Reading 6500000-th SNP and testing association....

Reading 6510000-th SNP and testing association....

Reading 6520000-th SNP and testing association....

Reading 6530000-th SNP and testing association....

Reading 6540000-th SNP and testing association....

Reading 6550000-th SNP and testing association....

Reading 6560000-th SNP and testing association....

Reading 6570000-th SNP and testing association....

Reading 6580000-th SNP and testing association....

Reading 6590000-th SNP and testing association....

Reading 6600000-th SNP and testing association....

Reading 6610000-th SNP and testing association....

Reading 6620000-th SNP and testing association....

Reading 6630000-th SNP and testing association....

Reading 6640000-th SNP and testing association....

Reading 6650000-th SNP and testing association....

Reading 6660000-th SNP and testing association....

Reading 6670000-th SNP and testing association....

Reading 6680000-th SNP and testing association....

Reading 6690000-th SNP and testing association....

Reading 6700000-th SNP and testing association....

Reading 6710000-th SNP and testing association....

Reading 6720000-th SNP and testing association....

Reading 6730000-th SNP and testing association....

Reading 6740000-th SNP and testing association....

Reading 6750000-th SNP and testing association....

Reading 6760000-th SNP and testing association....

Reading 6770000-th SNP and testing association....

Reading 6780000-th SNP and testing association....

Reading 6790000-th SNP and testing association....

Reading 6800000-th SNP and testing association....

Reading 6810000-th SNP and testing association....

Reading 6820000-th SNP and testing association....

Reading 6830000-th SNP and testing association....

Reading 6840000-th SNP and testing association....

Reading 6850000-th SNP and testing association....

Reading 6860000-th SNP and testing association....

Reading 6870000-th SNP and testing association....

Reading 6880000-th SNP and testing association....

Reading 6890000-th SNP and testing association....

Reading 6900000-th SNP and testing association....

Reading 6910000-th SNP and testing association....

Reading 6920000-th SNP and testing association....

Reading 6930000-th SNP and testing association....

Reading 6940000-th SNP and testing association....

Reading 6950000-th SNP and testing association....

Reading 6960000-th SNP and testing association....

Reading 6970000-th SNP and testing association....

Reading 6980000-th SNP and testing association....

Reading 6990000-th SNP and testing association....

Reading 7000000-th SNP and testing association....

Reading 7010000-th SNP and testing association....

Reading 7020000-th SNP and testing association....

Reading 7030000-th SNP and testing association....

Reading 7040000-th SNP and testing association....

Reading 7050000-th SNP and testing association....

Reading 7060000-th SNP and testing association....

Reading 7070000-th SNP and testing association....

Reading 7080000-th SNP and testing association....

Reading 7090000-th SNP and testing association....

Reading 7100000-th SNP and testing association....

Reading 7110000-th SNP and testing association....

GLS association - elapsed CPU time is 1076.068853

Breakdown for input file parsing : 664.445815

              matrix computation : 163.143495

             p-value computation : 14.308085

