
Reading TFAM file /mnt/data/shahar/gwas_barley/morexV3_analysis/USED_GWAS_V2_pipeline/intermediates/morexV3_gwas_genotypes.tfam ....


Reading kinship file /mnt/data/shahar/gwas_barley/morexV3_analysis/USED_GWAS_V2_pipeline/intermediates/morexV3_kinship.aIBS.kinf...

  290 rows and 290 columns were observed with 0 missing values.


Reading the phenotype file /mnt/data/shahar/gwas_barley/data/inputs/BLUE_betaglucan_V3.pheno...

  290 rows and 1 columns were observed with 0 missing values


Reading covariate file /mnt/data/shahar/gwas_barley/morexV3_analysis/USED_GWAS_V2_pipeline/intermediates/covariates/pca_pc10.cov...

  290 rows and 10 columns were observed with 0 missing values. Make sure that the intercept is included in the covariates

File reading - elapsed CPU time is 0.018959

eRvals[0] = 0.020552, eRvals[n-q-1] = 215.286108, eRvals[n-q] = 0.000000
eigen_R - elapsed CPU time is 0.084989
etas[0] = -0.226141, lambdas[0] = 0.020552
etas[1] = 0.286350, lambdas[1] = 0.022291
etas[2] = 0.052077, lambdas[2] = 0.022581
etas[3] = -0.229260, lambdas[3] = 0.022683
etas[4] = 0.051144, lambdas[4] = 0.022848
etas[5] = 0.121984, lambdas[5] = 0.023126
etas[6] = 0.051623, lambdas[6] = 0.023385
etas[7] = -0.282857, lambdas[7] = 0.023486
etas[8] = -0.210775, lambdas[8] = 0.023549
etas[9] = 0.250242, lambdas[9] = 0.024020
etas[10] = 0.256206, lambdas[10] = 0.024690
etas[11] = 0.179838, lambdas[11] = 0.026191
etas[12] = 0.227123, lambdas[12] = 0.026630
etas[13] = 0.061697, lambdas[13] = 0.026681
etas[14] = -0.091416, lambdas[14] = 0.028256
etas[15] = 0.443046, lambdas[15] = 0.028344
etas[16] = 0.037382, lambdas[16] = 0.028482
etas[17] = 0.061322, lambdas[17] = 0.028930
etas[18] = -0.002575, lambdas[18] = 0.029055
etas[19] = -0.071142, lambdas[19] = 0.029326
etas[20] = 0.401373, lambdas[20] = 0.029699
etas[21] = -0.144604, lambdas[21] = 0.029891
etas[22] = 0.264652, lambdas[22] = 0.029977
etas[23] = -0.122749, lambdas[23] = 0.030039
etas[24] = -0.201739, lambdas[24] = 0.030330
etas[25] = -0.200747, lambdas[25] = 0.030590
etas[26] = -0.300615, lambdas[26] = 0.030635
etas[27] = -0.097639, lambdas[27] = 0.031077
etas[28] = -0.055432, lambdas[28] = 0.031646
etas[29] = -0.034620, lambdas[29] = 0.031687
etas[30] = 0.259672, lambdas[30] = 0.031784
etas[31] = 0.025173, lambdas[31] = 0.032107
etas[32] = -0.355115, lambdas[32] = 0.032175
etas[33] = -0.255207, lambdas[33] = 0.032290
etas[34] = -0.019913, lambdas[34] = 0.032376
etas[35] = 0.029571, lambdas[35] = 0.032603
etas[36] = 0.150027, lambdas[36] = 0.032907
etas[37] = -0.314398, lambdas[37] = 0.032959
etas[38] = -0.265095, lambdas[38] = 0.033245
etas[39] = -0.420735, lambdas[39] = 0.033471
etas[40] = 0.213678, lambdas[40] = 0.034180
etas[41] = 0.078904, lambdas[41] = 0.034390
etas[42] = -0.014443, lambdas[42] = 0.034545
etas[43] = 0.345405, lambdas[43] = 0.034706
etas[44] = 0.034487, lambdas[44] = 0.035986
etas[45] = -0.061768, lambdas[45] = 0.036348
etas[46] = -0.147861, lambdas[46] = 0.036368
etas[47] = 0.041153, lambdas[47] = 0.036510
etas[48] = 0.230341, lambdas[48] = 0.037050
etas[49] = 0.030152, lambdas[49] = 0.037140
etas[50] = -0.380859, lambdas[50] = 0.037567
etas[51] = -0.255124, lambdas[51] = 0.037656
etas[52] = -0.192756, lambdas[52] = 0.037824
etas[53] = -0.046868, lambdas[53] = 0.038068
etas[54] = -0.146608, lambdas[54] = 0.038293
etas[55] = -0.030921, lambdas[55] = 0.038798
etas[56] = 0.319805, lambdas[56] = 0.038980
etas[57] = 0.167340, lambdas[57] = 0.039617
etas[58] = -0.471329, lambdas[58] = 0.040314
etas[59] = 0.440933, lambdas[59] = 0.041850
etas[60] = 0.247287, lambdas[60] = 0.041947
etas[61] = -0.093108, lambdas[61] = 0.042088
etas[62] = -0.110645, lambdas[62] = 0.042154
etas[63] = -0.145502, lambdas[63] = 0.042261
etas[64] = 0.304875, lambdas[64] = 0.042701
etas[65] = 0.325194, lambdas[65] = 0.042942
etas[66] = 0.068333, lambdas[66] = 0.043807
etas[67] = -0.034716, lambdas[67] = 0.044298
etas[68] = 0.064275, lambdas[68] = 0.047126
etas[69] = -0.048103, lambdas[69] = 0.047593
etas[70] = -0.138772, lambdas[70] = 0.050641
etas[71] = 0.072295, lambdas[71] = 0.059574
etas[72] = 0.431553, lambdas[72] = 0.059766
etas[73] = -0.330765, lambdas[73] = 0.061037
etas[74] = -0.277877, lambdas[74] = 0.062039
etas[75] = -0.231679, lambdas[75] = 0.062993
etas[76] = -0.067910, lambdas[76] = 0.064729
etas[77] = -0.171954, lambdas[77] = 0.068507
etas[78] = -0.165796, lambdas[78] = 0.069418
etas[79] = -0.380576, lambdas[79] = 0.083015
etas[80] = -0.291344, lambdas[80] = 0.085350
etas[81] = 0.058109, lambdas[81] = 0.088366
etas[82] = 0.505277, lambdas[82] = 0.090180
etas[83] = 0.003226, lambdas[83] = 0.094704
etas[84] = -0.413529, lambdas[84] = 0.095953
etas[85] = -0.329080, lambdas[85] = 0.096726
etas[86] = -0.175129, lambdas[86] = 0.097527
etas[87] = -0.047635, lambdas[87] = 0.098367
etas[88] = 0.112655, lambdas[88] = 0.099299
etas[89] = -0.097886, lambdas[89] = 0.102045
etas[90] = -0.254496, lambdas[90] = 0.103966
etas[91] = 0.692648, lambdas[91] = 0.104530
etas[92] = -0.296664, lambdas[92] = 0.104890
etas[93] = -0.030297, lambdas[93] = 0.105692
etas[94] = -0.010945, lambdas[94] = 0.107539
etas[95] = -0.415534, lambdas[95] = 0.109476
etas[96] = -0.439152, lambdas[96] = 0.110603
etas[97] = -0.412914, lambdas[97] = 0.111039
etas[98] = 0.282539, lambdas[98] = 0.112250
etas[99] = 0.849280, lambdas[99] = 0.112867
etas[100] = -0.132296, lambdas[100] = 0.114431
etas[101] = -0.447656, lambdas[101] = 0.115591
etas[102] = -0.142518, lambdas[102] = 0.116081
etas[103] = 0.233658, lambdas[103] = 0.116989
etas[104] = -0.489574, lambdas[104] = 0.117195
etas[105] = 0.104433, lambdas[105] = 0.118322
etas[106] = 0.724268, lambdas[106] = 0.119049
etas[107] = -0.012712, lambdas[107] = 0.119340
etas[108] = -0.661944, lambdas[108] = 0.119913
etas[109] = 0.513916, lambdas[109] = 0.120659
etas[110] = -0.097669, lambdas[110] = 0.120933
etas[111] = -0.309314, lambdas[111] = 0.121186
etas[112] = -0.450382, lambdas[112] = 0.121600
etas[113] = 0.439608, lambdas[113] = 0.121860
etas[114] = -0.860235, lambdas[114] = 0.122498
etas[115] = 0.288198, lambdas[115] = 0.123142
etas[116] = 0.543271, lambdas[116] = 0.123960
etas[117] = 0.325064, lambdas[117] = 0.124367
etas[118] = 0.796070, lambdas[118] = 0.124642
etas[119] = -0.161781, lambdas[119] = 0.125013
etas[120] = 0.043650, lambdas[120] = 0.125613
etas[121] = 0.169461, lambdas[121] = 0.126345
etas[122] = 0.847444, lambdas[122] = 0.126470
etas[123] = -0.092160, lambdas[123] = 0.127241
etas[124] = 0.489064, lambdas[124] = 0.127905
etas[125] = -0.265919, lambdas[125] = 0.128082
etas[126] = -0.043575, lambdas[126] = 0.128772
etas[127] = -0.289118, lambdas[127] = 0.129329
etas[128] = -0.080490, lambdas[128] = 0.129452
etas[129] = 0.097841, lambdas[129] = 0.129892
etas[130] = 0.430398, lambdas[130] = 0.130456
etas[131] = 0.178713, lambdas[131] = 0.130744
etas[132] = 0.398831, lambdas[132] = 0.131403
etas[133] = 0.209630, lambdas[133] = 0.131985
etas[134] = 0.238566, lambdas[134] = 0.132098
etas[135] = 0.775673, lambdas[135] = 0.132976
etas[136] = -0.145395, lambdas[136] = 0.133342
etas[137] = 0.227883, lambdas[137] = 0.134174
etas[138] = -1.200575, lambdas[138] = 0.134285
etas[139] = -0.252658, lambdas[139] = 0.134964
etas[140] = -1.319849, lambdas[140] = 0.135308
etas[141] = 0.177036, lambdas[141] = 0.135665
etas[142] = -0.015832, lambdas[142] = 0.136218
etas[143] = 0.349714, lambdas[143] = 0.136702
etas[144] = -0.086426, lambdas[144] = 0.137202
etas[145] = 0.441863, lambdas[145] = 0.137703
etas[146] = 0.209496, lambdas[146] = 0.138548
etas[147] = 0.012233, lambdas[147] = 0.139484
etas[148] = 0.300368, lambdas[148] = 0.139656
etas[149] = -0.573424, lambdas[149] = 0.140353
etas[150] = 0.956040, lambdas[150] = 0.140815
etas[151] = -0.181746, lambdas[151] = 0.141269
etas[152] = -0.461020, lambdas[152] = 0.141572
etas[153] = 0.150535, lambdas[153] = 0.142656
etas[154] = 0.169718, lambdas[154] = 0.143120
etas[155] = 0.123536, lambdas[155] = 0.143332
etas[156] = -0.445242, lambdas[156] = 0.143568
etas[157] = -0.144009, lambdas[157] = 0.144388
etas[158] = -0.452089, lambdas[158] = 0.144994
etas[159] = -0.305311, lambdas[159] = 0.145963
etas[160] = 0.126566, lambdas[160] = 0.146438
etas[161] = -0.192435, lambdas[161] = 0.146889
etas[162] = 0.220513, lambdas[162] = 0.147739
etas[163] = -0.914647, lambdas[163] = 0.147977
etas[164] = 0.059150, lambdas[164] = 0.148591
etas[165] = 0.355168, lambdas[165] = 0.149936
etas[166] = 0.449590, lambdas[166] = 0.150211
etas[167] = 0.325536, lambdas[167] = 0.150669
etas[168] = 0.306073, lambdas[168] = 0.151450
etas[169] = 0.320041, lambdas[169] = 0.151626
etas[170] = -0.169756, lambdas[170] = 0.151992
etas[171] = 0.297717, lambdas[171] = 0.152592
etas[172] = -0.065359, lambdas[172] = 0.152837
etas[173] = -0.433093, lambdas[173] = 0.153119
etas[174] = 0.709947, lambdas[174] = 0.153473
etas[175] = -0.109979, lambdas[175] = 0.154956
etas[176] = -0.572697, lambdas[176] = 0.155016
etas[177] = 0.538701, lambdas[177] = 0.155582
etas[178] = -0.355652, lambdas[178] = 0.156432
etas[179] = 0.432611, lambdas[179] = 0.157568
etas[180] = -0.314400, lambdas[180] = 0.157828
etas[181] = -0.448363, lambdas[181] = 0.159555
etas[182] = -0.277568, lambdas[182] = 0.159804
etas[183] = -0.103879, lambdas[183] = 0.160673
etas[184] = 0.260467, lambdas[184] = 0.160989
etas[185] = 0.311776, lambdas[185] = 0.161128
etas[186] = -0.137944, lambdas[186] = 0.162578
etas[187] = 0.850778, lambdas[187] = 0.163119
etas[188] = -0.154052, lambdas[188] = 0.164491
etas[189] = 0.380908, lambdas[189] = 0.164962
etas[190] = -0.160477, lambdas[190] = 0.165874
etas[191] = -0.009800, lambdas[191] = 0.166409
etas[192] = -0.066873, lambdas[192] = 0.167385
etas[193] = -0.612302, lambdas[193] = 0.167905
etas[194] = 0.466503, lambdas[194] = 0.168561
etas[195] = 0.291649, lambdas[195] = 0.169334
etas[196] = -0.042486, lambdas[196] = 0.170151
etas[197] = -0.592170, lambdas[197] = 0.170480
etas[198] = -0.235149, lambdas[198] = 0.171615
etas[199] = -0.394684, lambdas[199] = 0.172066
etas[200] = -0.116062, lambdas[200] = 0.172744
etas[201] = -0.059752, lambdas[201] = 0.173943
etas[202] = -0.592969, lambdas[202] = 0.174293
etas[203] = 0.178554, lambdas[203] = 0.174963
etas[204] = 0.043292, lambdas[204] = 0.176415
etas[205] = -0.304182, lambdas[205] = 0.177269
etas[206] = -0.536166, lambdas[206] = 0.177516
etas[207] = 0.612859, lambdas[207] = 0.178241
etas[208] = -0.154629, lambdas[208] = 0.178941
etas[209] = -0.698532, lambdas[209] = 0.180884
etas[210] = -0.301639, lambdas[210] = 0.182006
etas[211] = -0.303008, lambdas[211] = 0.182326
etas[212] = -0.342876, lambdas[212] = 0.183131
etas[213] = -0.443426, lambdas[213] = 0.184543
etas[214] = 0.496057, lambdas[214] = 0.186387
etas[215] = 0.963091, lambdas[215] = 0.188752
etas[216] = -0.461259, lambdas[216] = 0.189258
etas[217] = -0.237076, lambdas[217] = 0.190751
etas[218] = 0.317907, lambdas[218] = 0.192115
etas[219] = -0.772900, lambdas[219] = 0.193699
etas[220] = -1.087726, lambdas[220] = 0.193845
etas[221] = 0.789838, lambdas[221] = 0.196292
etas[222] = 0.308789, lambdas[222] = 0.197739
etas[223] = -0.463223, lambdas[223] = 0.199074
etas[224] = 0.731868, lambdas[224] = 0.200647
etas[225] = -0.063148, lambdas[225] = 0.201846
etas[226] = -0.443774, lambdas[226] = 0.204129
etas[227] = 0.842877, lambdas[227] = 0.206190
etas[228] = -0.293047, lambdas[228] = 0.207202
etas[229] = 0.445219, lambdas[229] = 0.208485
etas[230] = 0.059520, lambdas[230] = 0.210041
etas[231] = -1.362985, lambdas[231] = 0.212671
etas[232] = -0.345119, lambdas[232] = 0.215144
etas[233] = -0.073935, lambdas[233] = 0.217957
etas[234] = -0.170610, lambdas[234] = 0.218891
etas[235] = 1.214539, lambdas[235] = 0.222118
etas[236] = -0.135953, lambdas[236] = 0.224499
etas[237] = -0.036942, lambdas[237] = 0.226761
etas[238] = -0.004482, lambdas[238] = 0.232198
etas[239] = -0.755808, lambdas[239] = 0.233364
etas[240] = 0.099946, lambdas[240] = 0.234692
etas[241] = 0.028326, lambdas[241] = 0.237008
etas[242] = -0.789219, lambdas[242] = 0.240243
etas[243] = 0.078391, lambdas[243] = 0.241727
etas[244] = 0.360228, lambdas[244] = 0.249056
etas[245] = 0.416926, lambdas[245] = 0.252295
etas[246] = 0.009695, lambdas[246] = 0.254625
etas[247] = 0.945582, lambdas[247] = 0.259908
etas[248] = 0.313174, lambdas[248] = 0.265071
etas[249] = -0.240448, lambdas[249] = 0.280125
etas[250] = -0.146439, lambdas[250] = 0.286546
etas[251] = -0.877557, lambdas[251] = 0.294171
etas[252] = -0.425231, lambdas[252] = 0.299362
etas[253] = -0.426767, lambdas[253] = 0.304733
etas[254] = -0.870210, lambdas[254] = 0.307953
etas[255] = 0.163690, lambdas[255] = 0.314385
etas[256] = 0.621578, lambdas[256] = 0.319679
etas[257] = -0.491747, lambdas[257] = 0.326735
etas[258] = 1.106907, lambdas[258] = 0.335297
etas[259] = 0.264456, lambdas[259] = 0.344775
etas[260] = 0.973433, lambdas[260] = 0.365140
etas[261] = -0.037458, lambdas[261] = 0.371370
etas[262] = 0.038484, lambdas[262] = 0.377127
etas[263] = 0.134611, lambdas[263] = 0.409224
etas[264] = -0.579894, lambdas[264] = 0.416141
etas[265] = -0.468115, lambdas[265] = 0.446804
etas[266] = -0.134865, lambdas[266] = 0.452821
etas[267] = 0.113562, lambdas[267] = 0.474478
etas[268] = 0.313747, lambdas[268] = 0.503713
etas[269] = -0.130601, lambdas[269] = 0.527728
etas[270] = -0.278148, lambdas[270] = 0.550886
etas[271] = 1.880988, lambdas[271] = 0.558674
etas[272] = -0.241438, lambdas[272] = 0.573582
etas[273] = -0.576454, lambdas[273] = 0.639556
etas[274] = 0.406836, lambdas[274] = 0.660578
etas[275] = 0.647807, lambdas[275] = 0.697629
etas[276] = 0.964235, lambdas[276] = 0.810791
etas[277] = 0.328233, lambdas[277] = 0.888142
etas[278] = 1.312944, lambdas[278] = 0.892159
etas[279] = -0.147627, lambdas[279] = 215.286108
0	132.816114	132.550690	-131.410680
1	132.550690	132.226965	-131.409346
2	132.226965	131.832258	-131.407721
3	131.832258	131.351193	-131.405741
4	131.351193	130.765150	-131.403331
5	130.765150	130.051634	-131.400399
6	130.051634	129.183526	-131.396836
7	129.183526	128.128238	-131.392510
8	128.128238	126.846748	-131.387266
9	126.846748	125.292548	-131.380919
10	125.292548	123.410521	-131.373253
11	123.410521	121.135808	-131.364017
12	121.135808	118.392768	-131.352925
13	118.392768	115.094174	-131.339656
14	115.094174	111.140880	-131.323857
15	111.140880	106.422289	-131.305160
16	106.422289	100.818062	-131.283200
17	100.818062	94.201645	-131.257651
18	94.201645	86.446295	-131.228289
19	86.446295	77.434354	-131.195072
20	77.434354	67.070436	-131.158273
21	67.070436	55.298878	-131.118652
22	55.298878	42.125200	-131.077691
23	42.125200	27.640187	-131.037896
24	27.640187	12.043736	-131.003152
25	12.043736	-4.336144	-130.979136
26	-4.336144	-21.035321	-130.973723
27	-21.035321	-37.463173	-130.997337
28	-37.463173	-52.935177	-131.063152
29	-52.935177	-66.730018	-131.187013
30	-66.730018	-78.166707	-131.386987
31	-78.166707	-86.690384	-131.682448
32	-86.690384	-91.950146	-132.092708
33	-91.950146	-93.851128	-132.635279
34	-93.851128	-92.567507	-133.323992
35	-92.567507	-88.512378	-134.167267
36	-88.512378	-82.271517	-135.166839
37	-82.271517	-74.516868	-136.317195
38	-74.516868	-65.919147	-137.605815
39	-65.919147	-57.076385	-139.014157
40	-57.076385	-48.468363	-140.519173
41	-48.468363	-40.438766	-142.095047
42	-40.438766	-33.200383	-143.714890
43	-33.200383	-26.855280	-145.352149
44	-26.855280	-21.421577	-146.981655
45	-21.421577	-16.860239	-148.580298
46	-16.860239	-13.097867	-150.127431
47	-13.097867	-10.043909	-151.605096
48	-10.043909	-7.602414	-152.998194
49	-7.602414	-5.679385	-154.294636
50	-5.679385	-4.187031	-155.485483
51	-4.187031	-3.046027	-156.565032
52	-3.046027	-2.186581	-157.530801
53	-2.186581	-1.548758	-158.383358
54	-1.548758	-1.082284	-159.125994
55	-1.082284	-0.745974	-159.764262
56	-0.745974	-0.506862	-160.305424
57	-0.506862	-0.339154	-160.757885
58	-0.339154	-0.223097	-161.130647
59	-0.223097	-0.143861	-161.432852
60	-0.143861	-0.090518	-161.673414
61	-0.090518	-0.055148	-161.860758
62	-0.055148	-0.032094	-162.002655
63	-0.032094	-0.017377	-162.106134
64	-0.017377	-0.008226	-162.177461
65	-0.008226	-0.002739	-162.222158
66	-0.002739	0.000378	-162.245050
67	0.000378	0.001994	-162.250334
68	0.001994	0.002685	-162.241641
69	0.002685	0.002830	-162.222115
70	0.002830	0.002672	-162.194464
71	0.002672	0.002365	-162.161025
72	0.002365	0.002003	-162.123798
73	0.002003	0.001641	-162.084487
74	0.001641	0.001310	-162.044518
75	0.001310	0.001022	-162.005062
76	0.001022	0.000782	-161.967049
77	0.000782	0.000588	-161.931180
78	0.000588	0.000436	-161.897947
79	0.000436	0.000318	-161.867651
80	0.000318	0.000230	-161.840430
81	0.000230	0.000164	-161.816287
82	0.000164	0.000116	-161.795118
83	0.000116	0.000081	-161.776746
84	0.000081	0.000057	-161.760941
85	0.000057	0.000039	-161.747451
86	0.000039	0.000027	-161.736012
87	0.000027	0.000018	-161.726369
88	0.000018	0.000013	-161.718279
89	0.000013	0.000009	-161.711520
90	0.000009	0.000006	-161.705892
91	0.000006	0.000004	-161.701220
92	0.000004	0.000003	-161.697350
93	0.000003	0.000002	-161.694152
94	0.000002	0.000001	-161.691513
95	0.000001	0.000001	-161.689338
96	0.000001	0.000001	-161.687549
97	0.000001	0.000000	-161.686077
98	0.000000	0.000000	-161.684868
99	0.000000	0.000000	-161.683875
REMLE (delta=0.007811, REML=-130.972806, REML0=-161.679357)- elapsed CPU time is 0.013816
eigen_L - elapsed CPU time is 0.047603


Reading TPED file /mnt/data/shahar/gwas_barley/morexV3_analysis/USED_GWAS_V2_pipeline/intermediates/morexV3_gwas_genotypes...

Reading 0-th SNP and testing association....

Reading 10000-th SNP and testing association....

Reading 20000-th SNP and testing association....

Reading 30000-th SNP and testing association....

Reading 40000-th SNP and testing association....

Reading 50000-th SNP and testing association....

Reading 60000-th SNP and testing association....

Reading 70000-th SNP and testing association....

Reading 80000-th SNP and testing association....

Reading 90000-th SNP and testing association....

Reading 100000-th SNP and testing association....

Reading 110000-th SNP and testing association....

Reading 120000-th SNP and testing association....

Reading 130000-th SNP and testing association....

Reading 140000-th SNP and testing association....

Reading 150000-th SNP and testing association....

Reading 160000-th SNP and testing association....

Reading 170000-th SNP and testing association....

Reading 180000-th SNP and testing association....

Reading 190000-th SNP and testing association....

Reading 200000-th SNP and testing association....

Reading 210000-th SNP and testing association....

Reading 220000-th SNP and testing association....

Reading 230000-th SNP and testing association....

Reading 240000-th SNP and testing association....

Reading 250000-th SNP and testing association....

Reading 260000-th SNP and testing association....

Reading 270000-th SNP and testing association....

Reading 280000-th SNP and testing association....

Reading 290000-th SNP and testing association....

Reading 300000-th SNP and testing association....

Reading 310000-th SNP and testing association....

Reading 320000-th SNP and testing association....

Reading 330000-th SNP and testing association....

Reading 340000-th SNP and testing association....

Reading 350000-th SNP and testing association....

Reading 360000-th SNP and testing association....

Reading 370000-th SNP and testing association....

Reading 380000-th SNP and testing association....

Reading 390000-th SNP and testing association....

Reading 400000-th SNP and testing association....

Reading 410000-th SNP and testing association....

Reading 420000-th SNP and testing association....

Reading 430000-th SNP and testing association....

Reading 440000-th SNP and testing association....

Reading 450000-th SNP and testing association....

Reading 460000-th SNP and testing association....

Reading 470000-th SNP and testing association....

Reading 480000-th SNP and testing association....

Reading 490000-th SNP and testing association....

Reading 500000-th SNP and testing association....

Reading 510000-th SNP and testing association....

Reading 520000-th SNP and testing association....

Reading 530000-th SNP and testing association....

Reading 540000-th SNP and testing association....

Reading 550000-th SNP and testing association....

Reading 560000-th SNP and testing association....

Reading 570000-th SNP and testing association....

Reading 580000-th SNP and testing association....

Reading 590000-th SNP and testing association....

Reading 600000-th SNP and testing association....

Reading 610000-th SNP and testing association....

Reading 620000-th SNP and testing association....

Reading 630000-th SNP and testing association....

Reading 640000-th SNP and testing association....

Reading 650000-th SNP and testing association....

Reading 660000-th SNP and testing association....

Reading 670000-th SNP and testing association....

Reading 680000-th SNP and testing association....

Reading 690000-th SNP and testing association....

Reading 700000-th SNP and testing association....

Reading 710000-th SNP and testing association....

Reading 720000-th SNP and testing association....

Reading 730000-th SNP and testing association....

Reading 740000-th SNP and testing association....

Reading 750000-th SNP and testing association....

Reading 760000-th SNP and testing association....

Reading 770000-th SNP and testing association....

Reading 780000-th SNP and testing association....

Reading 790000-th SNP and testing association....

Reading 800000-th SNP and testing association....

Reading 810000-th SNP and testing association....

Reading 820000-th SNP and testing association....

Reading 830000-th SNP and testing association....

Reading 840000-th SNP and testing association....

Reading 850000-th SNP and testing association....

Reading 860000-th SNP and testing association....

Reading 870000-th SNP and testing association....

Reading 880000-th SNP and testing association....

Reading 890000-th SNP and testing association....

Reading 900000-th SNP and testing association....

Reading 910000-th SNP and testing association....

Reading 920000-th SNP and testing association....

Reading 930000-th SNP and testing association....

Reading 940000-th SNP and testing association....

Reading 950000-th SNP and testing association....

Reading 960000-th SNP and testing association....

Reading 970000-th SNP and testing association....

Reading 980000-th SNP and testing association....

Reading 990000-th SNP and testing association....

Reading 1000000-th SNP and testing association....

Reading 1010000-th SNP and testing association....

Reading 1020000-th SNP and testing association....

Reading 1030000-th SNP and testing association....

Reading 1040000-th SNP and testing association....

Reading 1050000-th SNP and testing association....

Reading 1060000-th SNP and testing association....

Reading 1070000-th SNP and testing association....

Reading 1080000-th SNP and testing association....

Reading 1090000-th SNP and testing association....

Reading 1100000-th SNP and testing association....

Reading 1110000-th SNP and testing association....

Reading 1120000-th SNP and testing association....

Reading 1130000-th SNP and testing association....

Reading 1140000-th SNP and testing association....

Reading 1150000-th SNP and testing association....

Reading 1160000-th SNP and testing association....

Reading 1170000-th SNP and testing association....

Reading 1180000-th SNP and testing association....

Reading 1190000-th SNP and testing association....

Reading 1200000-th SNP and testing association....

Reading 1210000-th SNP and testing association....

Reading 1220000-th SNP and testing association....

Reading 1230000-th SNP and testing association....

Reading 1240000-th SNP and testing association....

Reading 1250000-th SNP and testing association....

Reading 1260000-th SNP and testing association....

Reading 1270000-th SNP and testing association....

Reading 1280000-th SNP and testing association....

Reading 1290000-th SNP and testing association....

Reading 1300000-th SNP and testing association....

Reading 1310000-th SNP and testing association....

Reading 1320000-th SNP and testing association....

Reading 1330000-th SNP and testing association....

Reading 1340000-th SNP and testing association....

Reading 1350000-th SNP and testing association....

Reading 1360000-th SNP and testing association....

Reading 1370000-th SNP and testing association....

Reading 1380000-th SNP and testing association....

Reading 1390000-th SNP and testing association....

Reading 1400000-th SNP and testing association....

Reading 1410000-th SNP and testing association....

Reading 1420000-th SNP and testing association....

Reading 1430000-th SNP and testing association....

Reading 1440000-th SNP and testing association....

Reading 1450000-th SNP and testing association....

Reading 1460000-th SNP and testing association....

Reading 1470000-th SNP and testing association....

Reading 1480000-th SNP and testing association....

Reading 1490000-th SNP and testing association....

Reading 1500000-th SNP and testing association....

Reading 1510000-th SNP and testing association....

Reading 1520000-th SNP and testing association....

Reading 1530000-th SNP and testing association....

Reading 1540000-th SNP and testing association....

Reading 1550000-th SNP and testing association....

Reading 1560000-th SNP and testing association....

Reading 1570000-th SNP and testing association....

Reading 1580000-th SNP and testing association....

Reading 1590000-th SNP and testing association....

Reading 1600000-th SNP and testing association....

Reading 1610000-th SNP and testing association....

Reading 1620000-th SNP and testing association....

Reading 1630000-th SNP and testing association....

Reading 1640000-th SNP and testing association....

Reading 1650000-th SNP and testing association....

Reading 1660000-th SNP and testing association....

Reading 1670000-th SNP and testing association....

Reading 1680000-th SNP and testing association....

Reading 1690000-th SNP and testing association....

Reading 1700000-th SNP and testing association....

Reading 1710000-th SNP and testing association....

Reading 1720000-th SNP and testing association....

Reading 1730000-th SNP and testing association....

Reading 1740000-th SNP and testing association....

Reading 1750000-th SNP and testing association....

Reading 1760000-th SNP and testing association....

Reading 1770000-th SNP and testing association....

Reading 1780000-th SNP and testing association....

Reading 1790000-th SNP and testing association....

Reading 1800000-th SNP and testing association....

Reading 1810000-th SNP and testing association....

Reading 1820000-th SNP and testing association....

Reading 1830000-th SNP and testing association....

Reading 1840000-th SNP and testing association....

Reading 1850000-th SNP and testing association....

Reading 1860000-th SNP and testing association....

Reading 1870000-th SNP and testing association....

Reading 1880000-th SNP and testing association....

Reading 1890000-th SNP and testing association....

Reading 1900000-th SNP and testing association....

Reading 1910000-th SNP and testing association....

Reading 1920000-th SNP and testing association....

Reading 1930000-th SNP and testing association....

Reading 1940000-th SNP and testing association....

Reading 1950000-th SNP and testing association....

Reading 1960000-th SNP and testing association....

Reading 1970000-th SNP and testing association....

Reading 1980000-th SNP and testing association....

Reading 1990000-th SNP and testing association....

Reading 2000000-th SNP and testing association....

Reading 2010000-th SNP and testing association....

Reading 2020000-th SNP and testing association....

Reading 2030000-th SNP and testing association....

Reading 2040000-th SNP and testing association....

Reading 2050000-th SNP and testing association....

Reading 2060000-th SNP and testing association....

Reading 2070000-th SNP and testing association....

Reading 2080000-th SNP and testing association....

Reading 2090000-th SNP and testing association....

Reading 2100000-th SNP and testing association....

Reading 2110000-th SNP and testing association....

Reading 2120000-th SNP and testing association....

Reading 2130000-th SNP and testing association....

Reading 2140000-th SNP and testing association....

Reading 2150000-th SNP and testing association....

Reading 2160000-th SNP and testing association....

Reading 2170000-th SNP and testing association....

Reading 2180000-th SNP and testing association....

Reading 2190000-th SNP and testing association....

Reading 2200000-th SNP and testing association....

Reading 2210000-th SNP and testing association....

Reading 2220000-th SNP and testing association....

Reading 2230000-th SNP and testing association....

Reading 2240000-th SNP and testing association....

Reading 2250000-th SNP and testing association....

Reading 2260000-th SNP and testing association....

Reading 2270000-th SNP and testing association....

Reading 2280000-th SNP and testing association....

Reading 2290000-th SNP and testing association....

Reading 2300000-th SNP and testing association....

Reading 2310000-th SNP and testing association....

Reading 2320000-th SNP and testing association....

Reading 2330000-th SNP and testing association....

Reading 2340000-th SNP and testing association....

Reading 2350000-th SNP and testing association....

Reading 2360000-th SNP and testing association....

Reading 2370000-th SNP and testing association....

Reading 2380000-th SNP and testing association....

Reading 2390000-th SNP and testing association....

Reading 2400000-th SNP and testing association....

Reading 2410000-th SNP and testing association....

Reading 2420000-th SNP and testing association....

Reading 2430000-th SNP and testing association....

Reading 2440000-th SNP and testing association....

Reading 2450000-th SNP and testing association....

Reading 2460000-th SNP and testing association....

Reading 2470000-th SNP and testing association....

Reading 2480000-th SNP and testing association....

Reading 2490000-th SNP and testing association....

Reading 2500000-th SNP and testing association....

Reading 2510000-th SNP and testing association....

Reading 2520000-th SNP and testing association....

Reading 2530000-th SNP and testing association....

Reading 2540000-th SNP and testing association....

Reading 2550000-th SNP and testing association....

Reading 2560000-th SNP and testing association....

Reading 2570000-th SNP and testing association....

Reading 2580000-th SNP and testing association....

Reading 2590000-th SNP and testing association....

Reading 2600000-th SNP and testing association....

Reading 2610000-th SNP and testing association....

Reading 2620000-th SNP and testing association....

Reading 2630000-th SNP and testing association....

Reading 2640000-th SNP and testing association....

Reading 2650000-th SNP and testing association....

Reading 2660000-th SNP and testing association....

Reading 2670000-th SNP and testing association....

Reading 2680000-th SNP and testing association....

Reading 2690000-th SNP and testing association....

Reading 2700000-th SNP and testing association....

Reading 2710000-th SNP and testing association....

Reading 2720000-th SNP and testing association....

Reading 2730000-th SNP and testing association....

Reading 2740000-th SNP and testing association....

Reading 2750000-th SNP and testing association....

Reading 2760000-th SNP and testing association....

Reading 2770000-th SNP and testing association....

Reading 2780000-th SNP and testing association....

Reading 2790000-th SNP and testing association....

Reading 2800000-th SNP and testing association....

Reading 2810000-th SNP and testing association....

Reading 2820000-th SNP and testing association....

Reading 2830000-th SNP and testing association....

Reading 2840000-th SNP and testing association....

Reading 2850000-th SNP and testing association....

Reading 2860000-th SNP and testing association....

Reading 2870000-th SNP and testing association....

Reading 2880000-th SNP and testing association....

Reading 2890000-th SNP and testing association....

Reading 2900000-th SNP and testing association....

Reading 2910000-th SNP and testing association....

Reading 2920000-th SNP and testing association....

Reading 2930000-th SNP and testing association....

Reading 2940000-th SNP and testing association....

Reading 2950000-th SNP and testing association....

Reading 2960000-th SNP and testing association....

Reading 2970000-th SNP and testing association....

Reading 2980000-th SNP and testing association....

Reading 2990000-th SNP and testing association....

Reading 3000000-th SNP and testing association....

Reading 3010000-th SNP and testing association....

Reading 3020000-th SNP and testing association....

Reading 3030000-th SNP and testing association....

Reading 3040000-th SNP and testing association....

Reading 3050000-th SNP and testing association....

Reading 3060000-th SNP and testing association....

Reading 3070000-th SNP and testing association....

Reading 3080000-th SNP and testing association....

Reading 3090000-th SNP and testing association....

Reading 3100000-th SNP and testing association....

Reading 3110000-th SNP and testing association....

Reading 3120000-th SNP and testing association....

Reading 3130000-th SNP and testing association....

Reading 3140000-th SNP and testing association....

Reading 3150000-th SNP and testing association....

Reading 3160000-th SNP and testing association....

Reading 3170000-th SNP and testing association....

Reading 3180000-th SNP and testing association....

Reading 3190000-th SNP and testing association....

Reading 3200000-th SNP and testing association....

Reading 3210000-th SNP and testing association....

Reading 3220000-th SNP and testing association....

Reading 3230000-th SNP and testing association....

Reading 3240000-th SNP and testing association....

Reading 3250000-th SNP and testing association....

Reading 3260000-th SNP and testing association....

Reading 3270000-th SNP and testing association....

Reading 3280000-th SNP and testing association....

Reading 3290000-th SNP and testing association....

Reading 3300000-th SNP and testing association....

Reading 3310000-th SNP and testing association....

Reading 3320000-th SNP and testing association....

Reading 3330000-th SNP and testing association....

Reading 3340000-th SNP and testing association....

Reading 3350000-th SNP and testing association....

Reading 3360000-th SNP and testing association....

Reading 3370000-th SNP and testing association....

Reading 3380000-th SNP and testing association....

Reading 3390000-th SNP and testing association....

Reading 3400000-th SNP and testing association....

Reading 3410000-th SNP and testing association....

Reading 3420000-th SNP and testing association....

Reading 3430000-th SNP and testing association....

Reading 3440000-th SNP and testing association....

Reading 3450000-th SNP and testing association....

Reading 3460000-th SNP and testing association....

Reading 3470000-th SNP and testing association....

Reading 3480000-th SNP and testing association....

Reading 3490000-th SNP and testing association....

Reading 3500000-th SNP and testing association....

Reading 3510000-th SNP and testing association....

Reading 3520000-th SNP and testing association....

Reading 3530000-th SNP and testing association....

Reading 3540000-th SNP and testing association....

Reading 3550000-th SNP and testing association....

Reading 3560000-th SNP and testing association....

Reading 3570000-th SNP and testing association....

Reading 3580000-th SNP and testing association....

Reading 3590000-th SNP and testing association....

Reading 3600000-th SNP and testing association....

Reading 3610000-th SNP and testing association....

Reading 3620000-th SNP and testing association....

Reading 3630000-th SNP and testing association....

Reading 3640000-th SNP and testing association....

Reading 3650000-th SNP and testing association....

Reading 3660000-th SNP and testing association....

Reading 3670000-th SNP and testing association....

Reading 3680000-th SNP and testing association....

Reading 3690000-th SNP and testing association....

Reading 3700000-th SNP and testing association....

Reading 3710000-th SNP and testing association....

Reading 3720000-th SNP and testing association....

Reading 3730000-th SNP and testing association....

Reading 3740000-th SNP and testing association....

Reading 3750000-th SNP and testing association....

Reading 3760000-th SNP and testing association....

Reading 3770000-th SNP and testing association....

Reading 3780000-th SNP and testing association....

Reading 3790000-th SNP and testing association....

Reading 3800000-th SNP and testing association....

Reading 3810000-th SNP and testing association....

Reading 3820000-th SNP and testing association....

Reading 3830000-th SNP and testing association....

Reading 3840000-th SNP and testing association....

Reading 3850000-th SNP and testing association....

Reading 3860000-th SNP and testing association....

Reading 3870000-th SNP and testing association....

Reading 3880000-th SNP and testing association....

Reading 3890000-th SNP and testing association....

Reading 3900000-th SNP and testing association....

Reading 3910000-th SNP and testing association....

Reading 3920000-th SNP and testing association....

Reading 3930000-th SNP and testing association....

Reading 3940000-th SNP and testing association....

Reading 3950000-th SNP and testing association....

Reading 3960000-th SNP and testing association....

Reading 3970000-th SNP and testing association....

Reading 3980000-th SNP and testing association....

Reading 3990000-th SNP and testing association....

Reading 4000000-th SNP and testing association....

Reading 4010000-th SNP and testing association....

Reading 4020000-th SNP and testing association....

Reading 4030000-th SNP and testing association....

Reading 4040000-th SNP and testing association....

Reading 4050000-th SNP and testing association....

Reading 4060000-th SNP and testing association....

Reading 4070000-th SNP and testing association....

Reading 4080000-th SNP and testing association....

Reading 4090000-th SNP and testing association....

Reading 4100000-th SNP and testing association....

Reading 4110000-th SNP and testing association....

Reading 4120000-th SNP and testing association....

Reading 4130000-th SNP and testing association....

Reading 4140000-th SNP and testing association....

Reading 4150000-th SNP and testing association....

Reading 4160000-th SNP and testing association....

Reading 4170000-th SNP and testing association....

Reading 4180000-th SNP and testing association....

Reading 4190000-th SNP and testing association....

Reading 4200000-th SNP and testing association....

Reading 4210000-th SNP and testing association....

Reading 4220000-th SNP and testing association....

Reading 4230000-th SNP and testing association....

Reading 4240000-th SNP and testing association....

Reading 4250000-th SNP and testing association....

Reading 4260000-th SNP and testing association....

Reading 4270000-th SNP and testing association....

Reading 4280000-th SNP and testing association....

Reading 4290000-th SNP and testing association....

Reading 4300000-th SNP and testing association....

Reading 4310000-th SNP and testing association....

Reading 4320000-th SNP and testing association....

Reading 4330000-th SNP and testing association....

Reading 4340000-th SNP and testing association....

Reading 4350000-th SNP and testing association....

Reading 4360000-th SNP and testing association....

Reading 4370000-th SNP and testing association....

Reading 4380000-th SNP and testing association....

Reading 4390000-th SNP and testing association....

Reading 4400000-th SNP and testing association....

Reading 4410000-th SNP and testing association....

Reading 4420000-th SNP and testing association....

Reading 4430000-th SNP and testing association....

Reading 4440000-th SNP and testing association....

Reading 4450000-th SNP and testing association....

Reading 4460000-th SNP and testing association....

Reading 4470000-th SNP and testing association....

Reading 4480000-th SNP and testing association....

Reading 4490000-th SNP and testing association....

Reading 4500000-th SNP and testing association....

Reading 4510000-th SNP and testing association....

Reading 4520000-th SNP and testing association....

Reading 4530000-th SNP and testing association....

Reading 4540000-th SNP and testing association....

Reading 4550000-th SNP and testing association....

Reading 4560000-th SNP and testing association....

Reading 4570000-th SNP and testing association....

Reading 4580000-th SNP and testing association....

Reading 4590000-th SNP and testing association....

Reading 4600000-th SNP and testing association....

Reading 4610000-th SNP and testing association....

Reading 4620000-th SNP and testing association....

Reading 4630000-th SNP and testing association....

Reading 4640000-th SNP and testing association....

Reading 4650000-th SNP and testing association....

Reading 4660000-th SNP and testing association....

Reading 4670000-th SNP and testing association....

Reading 4680000-th SNP and testing association....

Reading 4690000-th SNP and testing association....

Reading 4700000-th SNP and testing association....

Reading 4710000-th SNP and testing association....

Reading 4720000-th SNP and testing association....

Reading 4730000-th SNP and testing association....

Reading 4740000-th SNP and testing association....

Reading 4750000-th SNP and testing association....

Reading 4760000-th SNP and testing association....

Reading 4770000-th SNP and testing association....

Reading 4780000-th SNP and testing association....

Reading 4790000-th SNP and testing association....

Reading 4800000-th SNP and testing association....

Reading 4810000-th SNP and testing association....

Reading 4820000-th SNP and testing association....

Reading 4830000-th SNP and testing association....

Reading 4840000-th SNP and testing association....

Reading 4850000-th SNP and testing association....

Reading 4860000-th SNP and testing association....

Reading 4870000-th SNP and testing association....

Reading 4880000-th SNP and testing association....

Reading 4890000-th SNP and testing association....

Reading 4900000-th SNP and testing association....

Reading 4910000-th SNP and testing association....

Reading 4920000-th SNP and testing association....

Reading 4930000-th SNP and testing association....

Reading 4940000-th SNP and testing association....

Reading 4950000-th SNP and testing association....

Reading 4960000-th SNP and testing association....

Reading 4970000-th SNP and testing association....

Reading 4980000-th SNP and testing association....

Reading 4990000-th SNP and testing association....

Reading 5000000-th SNP and testing association....

Reading 5010000-th SNP and testing association....

Reading 5020000-th SNP and testing association....

Reading 5030000-th SNP and testing association....

Reading 5040000-th SNP and testing association....

Reading 5050000-th SNP and testing association....

Reading 5060000-th SNP and testing association....

Reading 5070000-th SNP and testing association....

Reading 5080000-th SNP and testing association....

Reading 5090000-th SNP and testing association....

Reading 5100000-th SNP and testing association....

Reading 5110000-th SNP and testing association....

Reading 5120000-th SNP and testing association....

Reading 5130000-th SNP and testing association....

Reading 5140000-th SNP and testing association....

Reading 5150000-th SNP and testing association....

Reading 5160000-th SNP and testing association....

Reading 5170000-th SNP and testing association....

Reading 5180000-th SNP and testing association....

Reading 5190000-th SNP and testing association....

Reading 5200000-th SNP and testing association....

Reading 5210000-th SNP and testing association....

Reading 5220000-th SNP and testing association....

Reading 5230000-th SNP and testing association....

Reading 5240000-th SNP and testing association....

Reading 5250000-th SNP and testing association....

Reading 5260000-th SNP and testing association....

Reading 5270000-th SNP and testing association....

Reading 5280000-th SNP and testing association....

Reading 5290000-th SNP and testing association....

Reading 5300000-th SNP and testing association....

Reading 5310000-th SNP and testing association....

Reading 5320000-th SNP and testing association....

Reading 5330000-th SNP and testing association....

Reading 5340000-th SNP and testing association....

Reading 5350000-th SNP and testing association....

Reading 5360000-th SNP and testing association....

Reading 5370000-th SNP and testing association....

Reading 5380000-th SNP and testing association....

Reading 5390000-th SNP and testing association....

Reading 5400000-th SNP and testing association....

Reading 5410000-th SNP and testing association....

Reading 5420000-th SNP and testing association....

Reading 5430000-th SNP and testing association....

Reading 5440000-th SNP and testing association....

Reading 5450000-th SNP and testing association....

Reading 5460000-th SNP and testing association....

Reading 5470000-th SNP and testing association....

Reading 5480000-th SNP and testing association....

Reading 5490000-th SNP and testing association....

Reading 5500000-th SNP and testing association....

Reading 5510000-th SNP and testing association....

Reading 5520000-th SNP and testing association....

Reading 5530000-th SNP and testing association....

Reading 5540000-th SNP and testing association....

Reading 5550000-th SNP and testing association....

Reading 5560000-th SNP and testing association....

Reading 5570000-th SNP and testing association....

Reading 5580000-th SNP and testing association....

Reading 5590000-th SNP and testing association....

Reading 5600000-th SNP and testing association....

Reading 5610000-th SNP and testing association....

Reading 5620000-th SNP and testing association....

Reading 5630000-th SNP and testing association....

Reading 5640000-th SNP and testing association....

Reading 5650000-th SNP and testing association....

Reading 5660000-th SNP and testing association....

Reading 5670000-th SNP and testing association....

Reading 5680000-th SNP and testing association....

Reading 5690000-th SNP and testing association....

Reading 5700000-th SNP and testing association....

Reading 5710000-th SNP and testing association....

Reading 5720000-th SNP and testing association....

Reading 5730000-th SNP and testing association....

Reading 5740000-th SNP and testing association....

Reading 5750000-th SNP and testing association....

Reading 5760000-th SNP and testing association....

Reading 5770000-th SNP and testing association....

Reading 5780000-th SNP and testing association....

Reading 5790000-th SNP and testing association....

Reading 5800000-th SNP and testing association....

Reading 5810000-th SNP and testing association....

Reading 5820000-th SNP and testing association....

Reading 5830000-th SNP and testing association....

Reading 5840000-th SNP and testing association....

Reading 5850000-th SNP and testing association....

Reading 5860000-th SNP and testing association....

Reading 5870000-th SNP and testing association....

Reading 5880000-th SNP and testing association....

Reading 5890000-th SNP and testing association....

Reading 5900000-th SNP and testing association....

Reading 5910000-th SNP and testing association....

Reading 5920000-th SNP and testing association....

Reading 5930000-th SNP and testing association....

Reading 5940000-th SNP and testing association....

Reading 5950000-th SNP and testing association....

Reading 5960000-th SNP and testing association....

Reading 5970000-th SNP and testing association....

Reading 5980000-th SNP and testing association....

Reading 5990000-th SNP and testing association....

Reading 6000000-th SNP and testing association....

Reading 6010000-th SNP and testing association....

Reading 6020000-th SNP and testing association....

Reading 6030000-th SNP and testing association....

Reading 6040000-th SNP and testing association....

Reading 6050000-th SNP and testing association....

Reading 6060000-th SNP and testing association....

Reading 6070000-th SNP and testing association....

Reading 6080000-th SNP and testing association....

Reading 6090000-th SNP and testing association....

Reading 6100000-th SNP and testing association....

Reading 6110000-th SNP and testing association....

Reading 6120000-th SNP and testing association....

Reading 6130000-th SNP and testing association....

Reading 6140000-th SNP and testing association....

Reading 6150000-th SNP and testing association....

Reading 6160000-th SNP and testing association....

Reading 6170000-th SNP and testing association....

Reading 6180000-th SNP and testing association....

Reading 6190000-th SNP and testing association....

Reading 6200000-th SNP and testing association....

Reading 6210000-th SNP and testing association....

Reading 6220000-th SNP and testing association....

Reading 6230000-th SNP and testing association....

Reading 6240000-th SNP and testing association....

Reading 6250000-th SNP and testing association....

Reading 6260000-th SNP and testing association....

Reading 6270000-th SNP and testing association....

Reading 6280000-th SNP and testing association....

Reading 6290000-th SNP and testing association....

Reading 6300000-th SNP and testing association....

Reading 6310000-th SNP and testing association....

Reading 6320000-th SNP and testing association....

Reading 6330000-th SNP and testing association....

Reading 6340000-th SNP and testing association....

Reading 6350000-th SNP and testing association....

Reading 6360000-th SNP and testing association....

Reading 6370000-th SNP and testing association....

Reading 6380000-th SNP and testing association....

Reading 6390000-th SNP and testing association....

Reading 6400000-th SNP and testing association....

Reading 6410000-th SNP and testing association....

Reading 6420000-th SNP and testing association....

Reading 6430000-th SNP and testing association....

Reading 6440000-th SNP and testing association....

Reading 6450000-th SNP and testing association....

Reading 6460000-th SNP and testing association....

Reading 6470000-th SNP and testing association....

Reading 6480000-th SNP and testing association....

Reading 6490000-th SNP and testing association....

Reading 6500000-th SNP and testing association....

Reading 6510000-th SNP and testing association....

Reading 6520000-th SNP and testing association....

Reading 6530000-th SNP and testing association....

Reading 6540000-th SNP and testing association....

Reading 6550000-th SNP and testing association....

Reading 6560000-th SNP and testing association....

Reading 6570000-th SNP and testing association....

Reading 6580000-th SNP and testing association....

Reading 6590000-th SNP and testing association....

Reading 6600000-th SNP and testing association....

Reading 6610000-th SNP and testing association....

Reading 6620000-th SNP and testing association....

Reading 6630000-th SNP and testing association....

Reading 6640000-th SNP and testing association....

Reading 6650000-th SNP and testing association....

Reading 6660000-th SNP and testing association....

Reading 6670000-th SNP and testing association....

Reading 6680000-th SNP and testing association....

Reading 6690000-th SNP and testing association....

Reading 6700000-th SNP and testing association....

Reading 6710000-th SNP and testing association....

Reading 6720000-th SNP and testing association....

Reading 6730000-th SNP and testing association....

Reading 6740000-th SNP and testing association....

Reading 6750000-th SNP and testing association....

Reading 6760000-th SNP and testing association....

Reading 6770000-th SNP and testing association....

Reading 6780000-th SNP and testing association....

Reading 6790000-th SNP and testing association....

Reading 6800000-th SNP and testing association....

Reading 6810000-th SNP and testing association....

Reading 6820000-th SNP and testing association....

Reading 6830000-th SNP and testing association....

Reading 6840000-th SNP and testing association....

Reading 6850000-th SNP and testing association....

Reading 6860000-th SNP and testing association....

Reading 6870000-th SNP and testing association....

Reading 6880000-th SNP and testing association....

Reading 6890000-th SNP and testing association....

Reading 6900000-th SNP and testing association....

Reading 6910000-th SNP and testing association....

Reading 6920000-th SNP and testing association....

Reading 6930000-th SNP and testing association....

Reading 6940000-th SNP and testing association....

Reading 6950000-th SNP and testing association....

Reading 6960000-th SNP and testing association....

Reading 6970000-th SNP and testing association....

Reading 6980000-th SNP and testing association....

Reading 6990000-th SNP and testing association....

Reading 7000000-th SNP and testing association....

Reading 7010000-th SNP and testing association....

Reading 7020000-th SNP and testing association....

Reading 7030000-th SNP and testing association....

Reading 7040000-th SNP and testing association....

Reading 7050000-th SNP and testing association....

Reading 7060000-th SNP and testing association....

Reading 7070000-th SNP and testing association....

Reading 7080000-th SNP and testing association....

Reading 7090000-th SNP and testing association....

Reading 7100000-th SNP and testing association....

Reading 7110000-th SNP and testing association....

GLS association - elapsed CPU time is 1253.665579

Breakdown for input file parsing : 448.278255

              matrix computation : 641.485616

             p-value computation : 10.370145

