[2026-03-24 17:24:36] [INFO] [stage=run] Run started.
[2026-03-24 17:24:36] [INFO] [stage=run] Run ID: 8_Genes_Analysis_V1
[2026-03-24 17:24:36] [INFO] [stage=run] Targets: 8
[2026-03-24 17:24:36] [INFO] [stage=gene] [trait=betaglucan] [gene=HORVU.MOREX.r3.2HG0112910.vcf.gz] Processing target 1/8
Not all SNP IDs are unique, which is required for haplotyping with crosshap.

To rename the ID column to unique values based on position you can use the following code now before haplotyping:
library(dplyr)
dplyr::mutate(vcf, ID = paste0("SNP_",POS))

Not all SNP IDs are unique, which is required for haplotyping with crosshap.

To rename the ID column to unique values based on position you can use the following code now before haplotyping:
library(dplyr)
dplyr::mutate(vcf, ID = paste0("SNP_",POS))

✔ Haplotyping complete!
Info saved in Haplotypes_2_E objects
[2026-03-24 17:24:37] [INFO] [stage=cache] [trait=betaglucan] [gene=HORVU.MOREX.r3.2HG0112910.vcf.gz] Created and cached HapObject.
6 individuals without phenotype information
Registered S3 methods overwritten by 'ggpp':
  method                  from   
  heightDetails.titleGrob ggplot2
  widthDetails.titleGrob  ggplot2
[2026-03-24 17:24:42] [INFO] [stage=gene] [trait=betaglucan] [gene=HORVU.MOREX.r3.2HG0112910.vcf.gz] Target completed.
[2026-03-24 17:24:42] [INFO] [stage=gene] [trait=betaglucan] [gene=HORVU.MOREX.r3.3HG0299450.vcf.gz] Processing target 2/8
Not all SNP IDs are unique, which is required for haplotyping with crosshap.

To rename the ID column to unique values based on position you can use the following code now before haplotyping:
library(dplyr)
dplyr::mutate(vcf, ID = paste0("SNP_",POS))

Not all SNP IDs are unique, which is required for haplotyping with crosshap.

To rename the ID column to unique values based on position you can use the following code now before haplotyping:
library(dplyr)
dplyr::mutate(vcf, ID = paste0("SNP_",POS))

✔ Haplotyping complete!
Info saved in Haplotypes_2_E objects
[2026-03-24 17:24:43] [INFO] [stage=cache] [trait=betaglucan] [gene=HORVU.MOREX.r3.3HG0299450.vcf.gz] Created and cached HapObject.
6 individuals without phenotype information
[2026-03-24 17:24:47] [INFO] [stage=gene] [trait=betaglucan] [gene=HORVU.MOREX.r3.3HG0299450.vcf.gz] Target completed.
[2026-03-24 17:24:47] [INFO] [stage=gene] [trait=betaglucan] [gene=HORVU.MOREX.r3.3HG0322580.vcf.gz] Processing target 3/8
Not all SNP IDs are unique, which is required for haplotyping with crosshap.

To rename the ID column to unique values based on position you can use the following code now before haplotyping:
library(dplyr)
dplyr::mutate(vcf, ID = paste0("SNP_",POS))

Not all SNP IDs are unique, which is required for haplotyping with crosshap.

To rename the ID column to unique values based on position you can use the following code now before haplotyping:
library(dplyr)
dplyr::mutate(vcf, ID = paste0("SNP_",POS))

✔ Haplotyping complete!
Info saved in Haplotypes_2_E objects
[2026-03-24 17:24:47] [INFO] [stage=cache] [trait=betaglucan] [gene=HORVU.MOREX.r3.3HG0322580.vcf.gz] Created and cached HapObject.
6 individuals without phenotype information
[2026-03-24 17:24:50] [INFO] [stage=gene] [trait=betaglucan] [gene=HORVU.MOREX.r3.3HG0322580.vcf.gz] Target completed.
[2026-03-24 17:24:50] [INFO] [stage=gene] [trait=fiber] [gene=HORVU.MOREX.r3.7HG0729010.vcf.gz] Processing target 4/8
Not all SNP IDs are unique, which is required for haplotyping with crosshap.

To rename the ID column to unique values based on position you can use the following code now before haplotyping:
library(dplyr)
dplyr::mutate(vcf, ID = paste0("SNP_",POS))

Not all SNP IDs are unique, which is required for haplotyping with crosshap.

To rename the ID column to unique values based on position you can use the following code now before haplotyping:
library(dplyr)
dplyr::mutate(vcf, ID = paste0("SNP_",POS))

✔ Haplotyping complete!
Info saved in Haplotypes_2_E objects
[2026-03-24 17:24:51] [INFO] [stage=cache] [trait=fiber] [gene=HORVU.MOREX.r3.7HG0729010.vcf.gz] Created and cached HapObject.
6 individuals without phenotype information
[2026-03-24 17:24:54] [INFO] [stage=gene] [trait=fiber] [gene=HORVU.MOREX.r3.7HG0729010.vcf.gz] Target completed.
[2026-03-24 17:24:54] [INFO] [stage=gene] [trait=fiber] [gene=HORVU.MOREX.r3.7HG0642350.vcf.gz] Processing target 5/8
Not all SNP IDs are unique, which is required for haplotyping with crosshap.

To rename the ID column to unique values based on position you can use the following code now before haplotyping:
library(dplyr)
dplyr::mutate(vcf, ID = paste0("SNP_",POS))

Not all SNP IDs are unique, which is required for haplotyping with crosshap.

To rename the ID column to unique values based on position you can use the following code now before haplotyping:
library(dplyr)
dplyr::mutate(vcf, ID = paste0("SNP_",POS))

✔ Haplotyping complete!
Info saved in Haplotypes_2_E objects
[2026-03-24 17:24:55] [INFO] [stage=cache] [trait=fiber] [gene=HORVU.MOREX.r3.7HG0642350.vcf.gz] Created and cached HapObject.
6 individuals without phenotype information
[2026-03-24 17:24:58] [INFO] [stage=gene] [trait=fiber] [gene=HORVU.MOREX.r3.7HG0642350.vcf.gz] Target completed.
[2026-03-24 17:24:58] [INFO] [stage=gene] [trait=starch] [gene=HORVU.MOREX.r3.3HG0301750.vcf.gz] Processing target 6/8
Not all SNP IDs are unique, which is required for haplotyping with crosshap.

To rename the ID column to unique values based on position you can use the following code now before haplotyping:
library(dplyr)
dplyr::mutate(vcf, ID = paste0("SNP_",POS))

Not all SNP IDs are unique, which is required for haplotyping with crosshap.

To rename the ID column to unique values based on position you can use the following code now before haplotyping:
library(dplyr)
dplyr::mutate(vcf, ID = paste0("SNP_",POS))

✔ Haplotyping complete!
Info saved in Haplotypes_2_E objects
[2026-03-24 17:24:59] [INFO] [stage=cache] [trait=starch] [gene=HORVU.MOREX.r3.3HG0301750.vcf.gz] Created and cached HapObject.
6 individuals without phenotype information
[2026-03-24 17:25:02] [INFO] [stage=gene] [trait=starch] [gene=HORVU.MOREX.r3.3HG0301750.vcf.gz] Target completed.
[2026-03-24 17:25:02] [INFO] [stage=gene] [trait=starch] [gene=HORVU.MOREX.r3.3HG0301770.vcf.gz] Processing target 7/8
Not all SNP IDs are unique, which is required for haplotyping with crosshap.

To rename the ID column to unique values based on position you can use the following code now before haplotyping:
library(dplyr)
dplyr::mutate(vcf, ID = paste0("SNP_",POS))

Not all SNP IDs are unique, which is required for haplotyping with crosshap.

To rename the ID column to unique values based on position you can use the following code now before haplotyping:
library(dplyr)
dplyr::mutate(vcf, ID = paste0("SNP_",POS))

✔ Haplotyping complete!
Info saved in Haplotypes_3_E objects
[2026-03-24 17:25:03] [INFO] [stage=cache] [trait=starch] [gene=HORVU.MOREX.r3.3HG0301770.vcf.gz] Created and cached HapObject.
6 individuals without phenotype information
[2026-03-24 17:25:06] [INFO] [stage=gene] [trait=starch] [gene=HORVU.MOREX.r3.3HG0301770.vcf.gz] Target completed.
[2026-03-24 17:25:06] [INFO] [stage=gene] [trait=starch] [gene=HORVU.MOREX.r3.3HG0301710.vcf.gz] Processing target 8/8
Not all SNP IDs are unique, which is required for haplotyping with crosshap.

To rename the ID column to unique values based on position you can use the following code now before haplotyping:
library(dplyr)
dplyr::mutate(vcf, ID = paste0("SNP_",POS))

Not all SNP IDs are unique, which is required for haplotyping with crosshap.

To rename the ID column to unique values based on position you can use the following code now before haplotyping:
library(dplyr)
dplyr::mutate(vcf, ID = paste0("SNP_",POS))

✔ Haplotyping complete!
Info saved in Haplotypes_2_E objects
[2026-03-24 17:25:07] [INFO] [stage=cache] [trait=starch] [gene=HORVU.MOREX.r3.3HG0301710.vcf.gz] Created and cached HapObject.
6 individuals without phenotype information
[2026-03-24 17:25:10] [INFO] [stage=gene] [trait=starch] [gene=HORVU.MOREX.r3.3HG0301710.vcf.gz] Target completed.
[2026-03-24 17:25:10] [INFO] [stage=run] Run finished.
