=== Step 01: InterProScan run @ 2026-06-02 14:55:29 UTC ===
[1/45] submitting HORVU.MOREX.r3.1HG0051670.1 ...
      FAILED HORVU.MOREX.r3.1HG0051670.1 (see logs/HORVU.MOREX.r3.1HG0051670.1.iprscan.log)
[3/45] submitting HORVU.MOREX.r3.1HG0077720.1 ...
      FAILED HORVU.MOREX.r3.1HG0077720.1 (see logs/HORVU.MOREX.r3.1HG0077720.1.iprscan.log)
[4/45] submitting HORVU.MOREX.r3.1HG0079220.1 ...
      FAILED HORVU.MOREX.r3.1HG0079220.1 (see logs/HORVU.MOREX.r3.1HG0079220.1.iprscan.log)
[5/45] submitting HORVU.MOREX.r3.1HG0079230.1 ...
      OK HORVU.MOREX.r3.1HG0079230.1
[6/45] submitting HORVU.MOREX.r3.1HG0079250.1 ...
      OK HORVU.MOREX.r3.1HG0079250.1
[7/45] submitting HORVU.MOREX.r3.1HG0079280.1 ...
=== Step 01: InterProScan run @ 2026-06-02 15:00:17 UTC ===
[3/45] submitting HORVU.MOREX.r3.1HG0077720.1 ...
      OK HORVU.MOREX.r3.1HG0077720.1
[4/45] submitting HORVU.MOREX.r3.1HG0079220.1 ...
      OK HORVU.MOREX.r3.1HG0079220.1
[7/45] submitting HORVU.MOREX.r3.1HG0079280.1 ...
      OK HORVU.MOREX.r3.1HG0079280.1
[8/45] submitting HORVU.MOREX.r3.1HG0079290.1 ...
      OK HORVU.MOREX.r3.1HG0079290.1
[9/45] submitting HORVU.MOREX.r3.2HG0112820.1 ...
      OK HORVU.MOREX.r3.2HG0112820.1
[10/45] submitting HORVU.MOREX.r3.2HG0112840.1 ...
      OK HORVU.MOREX.r3.2HG0112840.1
[11/45] submitting HORVU.MOREX.r3.2HG0112890.1 ...
      OK HORVU.MOREX.r3.2HG0112890.1
[12/45] submitting HORVU.MOREX.r3.2HG0112900.1 ...
      OK HORVU.MOREX.r3.2HG0112900.1
[13/45] submitting HORVU.MOREX.r3.2HG0112910.1 ...
      OK HORVU.MOREX.r3.2HG0112910.1
[14/45] submitting HORVU.MOREX.r3.2HG0112920.1 ...
      OK HORVU.MOREX.r3.2HG0112920.1
[15/45] submitting HORVU.MOREX.r3.2HG0191420.1 ...
      OK HORVU.MOREX.r3.2HG0191420.1
[16/45] submitting HORVU.MOREX.r3.2HG0191430.1 ...
      OK HORVU.MOREX.r3.2HG0191430.1
[17/45] submitting HORVU.MOREX.r3.2HG0191470.1 ...
      OK HORVU.MOREX.r3.2HG0191470.1
[18/45] submitting HORVU.MOREX.r3.2HG0191510.1 ...
      OK HORVU.MOREX.r3.2HG0191510.1
[19/45] submitting HORVU.MOREX.r3.2HG0191520.1 ...
      OK HORVU.MOREX.r3.2HG0191520.1
[20/45] submitting HORVU.MOREX.r3.2HG0191530.1 ...
      OK HORVU.MOREX.r3.2HG0191530.1
[21/45] submitting HORVU.MOREX.r3.2HG0191540.1 ...
      OK HORVU.MOREX.r3.2HG0191540.1
[22/45] submitting HORVU.MOREX.r3.3HG0299440.1 ...
      OK HORVU.MOREX.r3.3HG0299440.1
[23/45] submitting HORVU.MOREX.r3.3HG0299450.1 ...
      OK HORVU.MOREX.r3.3HG0299450.1
[24/45] submitting HORVU.MOREX.r3.3HG0299460.2 ...
      OK HORVU.MOREX.r3.3HG0299460.2
[25/45] submitting HORVU.MOREX.r3.3HG0301710.1 ...
      OK HORVU.MOREX.r3.3HG0301710.1
[26/45] submitting HORVU.MOREX.r3.3HG0301720.1 ...
      OK HORVU.MOREX.r3.3HG0301720.1
[27/45] submitting HORVU.MOREX.r3.3HG0301750.1 ...
      OK HORVU.MOREX.r3.3HG0301750.1
[28/45] submitting HORVU.MOREX.r3.4HG0339140.1 ...
      OK HORVU.MOREX.r3.4HG0339140.1
[29/45] submitting HORVU.MOREX.r3.4HG0395770.1 ...
      OK HORVU.MOREX.r3.4HG0395770.1
[30/45] submitting HORVU.MOREX.r3.4HG0395810.1 ...
      OK HORVU.MOREX.r3.4HG0395810.1
[31/45] submitting HORVU.MOREX.r3.6HG0619820.1 ...
      OK HORVU.MOREX.r3.6HG0619820.1
[32/45] submitting HORVU.MOREX.r3.6HG0627010.1 ...
      OK HORVU.MOREX.r3.6HG0627010.1
[33/45] submitting HORVU.MOREX.r3.6HG0627060.1 ...
      OK HORVU.MOREX.r3.6HG0627060.1
[34/45] submitting HORVU.MOREX.r3.6HG0627090.1 ...
      OK HORVU.MOREX.r3.6HG0627090.1
[35/45] submitting HORVU.MOREX.r3.6HG0627120.1 ...
      OK HORVU.MOREX.r3.6HG0627120.1
[36/45] submitting HORVU.MOREX.r3.7HG0642350.1 ...
      OK HORVU.MOREX.r3.7HG0642350.1
[37/45] submitting HORVU.MOREX.r3.7HG0642360.1 ...
      OK HORVU.MOREX.r3.7HG0642360.1
[38/45] submitting HORVU.MOREX.r3.7HG0642460.1 ...
      OK HORVU.MOREX.r3.7HG0642460.1
[39/45] submitting HORVU.MOREX.r3.7HG0675580.1 ...
      OK HORVU.MOREX.r3.7HG0675580.1
[40/45] submitting HORVU.MOREX.r3.7HG0729020.1 ...
      OK HORVU.MOREX.r3.7HG0729020.1
[41/45] submitting HORVU.MOREX.r3.7HG0729030.1 ...
      OK HORVU.MOREX.r3.7HG0729030.1
[42/45] submitting HORVU.MOREX.r3.7HG0729090.1 ...
      OK HORVU.MOREX.r3.7HG0729090.1
[43/45] submitting HORVU.MOREX.r3.7HG0729100.1 ...
      OK HORVU.MOREX.r3.7HG0729100.1
[44/45] submitting HORVU.MOREX.r3.7HG0729110.1 ...
      OK HORVU.MOREX.r3.7HG0729110.1
[45/45] submitting HORVU.MOREX.r3.7HG0729130.1 ...
      OK HORVU.MOREX.r3.7HG0729130.1
--- summary: total=45 already_done=4 ran_now=41 failed=0 ---
interproscan-version (from results): 5.77-108.0
DONE_MARKER 2026-06-02 15:32:46 UTC
