[10] Loading SNP map (with alleles)...
[10] Loading MAF table...
[10] Loading lambda table...
[10] Preparing per-trait data (4 traits)...
[10] Rendering point-cloud rasters (standalone + grid sizes, 4 traits)...

[10] ====== publication_BonfOnly ======
[10] Writing standalone Manhattan + QQ panels...
[10] Composing main figure (4x2 grid)...
[10]   main figure: 7.00 x 7.55 in (177.8 x 191.8 mm)
[10] Building lead_snps.tsv...
[10]   lead_snps.tsv: 21 rows
[10] Building per_trait_summary.tsv...
[10] Copying PC selection materials...
[10] Copying supplementary materials...

[10] ====== publication_BonfAndSuggestive64 ======
[10] Writing standalone Manhattan + QQ panels...
[10] Composing main figure (4x2 grid)...
[10]   main figure: 7.00 x 7.55 in (177.8 x 191.8 mm)
[10] Building lead_snps.tsv...
[10]   lead_snps.tsv: 35 rows
[10] Building per_trait_summary.tsv...
[10] Copying PC selection materials...
[10] Copying supplementary materials...

[10] Writing READMEs and cross-trait interpretations...

[10] === DONE ===
Set A: /mnt/data/shahar/gwas_barley/morexV3_analysis/USED_GWAS_V2_pipeline/results/publication_BonfOnly
Set B: /mnt/data/shahar/gwas_barley/morexV3_analysis/USED_GWAS_V2_pipeline/results/publication_BonfAndSuggestive64
Set A lead SNPs: 21  |  Set B lead SNPs: 35
