[07] Loading snp_map.bim ...
[07] snp_map: 7,110,996 SNPs, chr 1,2,3,4,5,6,7
[07] Bonf_all=8.153  Bonf_pruned=7.072
[07] Generating Manhattan plots for 24 cells (8 cores)...
[07] mclapply elapsed: 603.7 sec

---------------------------------
[07] CHECKPOINT: 48 Manhattan PDFs (expected 48)
[07] CHECKPOINT: 48 Manhattan PNGs (expected 48)

[07] Per-cell FDR hit counts:
                    cell n_sig_fdr05 n_sig_fdr10
                  <char>       <int>       <int>
 1: betaglucan_BLUE_pc10           6          27
 2:  betaglucan_BLUE_pc3           4          25
 3:  betaglucan_BLUE_pc5           4          14
 4: betaglucan_BLUP_pc10           2          22
 5:  betaglucan_BLUP_pc3           4          28
 6:  betaglucan_BLUP_pc5           4          16
 7:      fiber_BLUE_pc10           0           1
 8:       fiber_BLUE_pc3           0           0
 9:       fiber_BLUE_pc5           0           2
10:      fiber_BLUP_pc10           0           0
11:       fiber_BLUP_pc3           0           0
12:       fiber_BLUP_pc5           0           0
13:    protein_BLUE_pc10           0           0
14:     protein_BLUE_pc3           0           0
15:     protein_BLUE_pc5           0           0
16:    protein_BLUP_pc10           0           0
17:     protein_BLUP_pc3           0           0
18:     protein_BLUP_pc5           0           0
19:     starch_BLUE_pc10           0           0
20:      starch_BLUE_pc3           0           0
21:      starch_BLUE_pc5           0           0
22:     starch_BLUP_pc10           0           0
23:      starch_BLUP_pc3           0           0
24:      starch_BLUP_pc5           0           0
                    cell n_sig_fdr05 n_sig_fdr10

[07] OK: 96 Manhattan files generated (48 PDF + 48 PNG)
