[08] Loading snp_map.bim ...
[08] N_all=7,110,996  N_pruned=590,462  Bonf_all=8.153  Bonf_pruned=7.072
[08] Summarizing 24 cells (mclapply mc.cores=8)...

[08] Wrote /mnt/data/shahar/gwas_barley/morexV3_analysis/USED_GWAS_V2_pipeline/results/tables/summary_24runs.tsv (24 rows x 18 cols)

[08] Per-config rollup (sorted by mean |lambda - 1|; for inspection only):
   pheno_type n_PCs mean_abs_lambda_minus_1 min_lambda max_lambda hits_Bonf_all
       <char> <int>                   <num>      <num>      <num>         <int>
1:       BLUP    10                  0.0213     0.9755     0.9814             1
2:       BLUE    10                  0.0215     0.9745     0.9820             1
3:       BLUP     5                  0.0227     0.9724     0.9870             1
4:       BLUE     5                  0.0229     0.9712     0.9869             1
5:       BLUP     3                  0.0237     0.9696     0.9846             1
6:       BLUE     3                  0.0239     0.9686     0.9847             1
   hits_Bonf_pruned hits_FDR05 hits_FDR10
              <int>      <int>      <int>
1:               10          2         22
2:               11          6         28
3:                9          4         16
4:                9          4         16
5:                8          4         28
6:                9          4         25

---------------------------------
[08] CHECKPOINT: summary_24runs.tsv = 24 rows x 18 cols (expected 24 x 18)
[08] OK
