[08] Loading snp_map.bim ...
[08] alpha=0.10  N_all=7,110,996  N_pruned=590,462  BonfAll010=7.852  BonfPruned010=6.771
[08] Summarizing 24 cells (mclapply mc.cores=8)...

[08] Wrote /mnt/data/shahar/gwas_barley/morexV3_analysis/USED_GWAS_V2_pipeline/results/tables/summary_24runs.tsv (24 rows x 18 cols)

[08] Per-config rollup (sorted by mean |lambda - 1|; for inspection only):
   pheno_type n_PCs mean_abs_lambda_minus_1 min_lambda max_lambda
       <char> <int>                   <num>      <num>      <num>
1:       BLUP    10                  0.0213     0.9755     0.9814
2:       BLUE    10                  0.0215     0.9745     0.9820
3:       BLUP     5                  0.0227     0.9724     0.9870
4:       BLUE     5                  0.0229     0.9712     0.9869
5:       BLUP     3                  0.0237     0.9696     0.9846
6:       BLUE     3                  0.0239     0.9686     0.9847
   hits_BonfAll010 hits_BonfPruned010
             <int>              <int>
1:               2                 19
2:               3                 21
3:               3                 15
4:               3                 16
5:               3                 15
6:               3                 17

---------------------------------
[08] CHECKPOINT: summary_24runs.tsv = 24 rows x 18 cols (expected 24 x 18)
[08] OK
