diamond v2.0.14.152 (C) Max Planck Society for the Advancement of Science
Documentation, support and updates available at http://www.diamondsearch.org
Please cite: http://dx.doi.org/10.1038/s41592-021-01101-x Nature Methods (2021)

#CPU threads: 32
Scoring parameters: (Matrix=BLOSUM62 Lambda=0.267 K=0.041 Penalties=11/1)
Temporary directory: /mnt/data/shahar/gwas_barley/morexV3_analysis/05_USED_gene_annotation/intermediates
#Target sequences to report alignments for: 5
Opening the database...  [0.107s]
Database: /mnt/data/shahar/gwas_barley/morexV3_analysis/05_USED_gene_annotation/intermediates/swissprot.dmnd (type: Diamond database, sequences: 574627, letters: 208482574)
Block size = 400000000
Opening the input file...  [0s]
Opening the output file...  [0s]
Loading query sequences...  [0s]
Masking queries...  [0.006s]
Algorithm: Double-indexed
Building query histograms...  [0.003s]
Allocating buffers...  [0s]
Loading reference sequences...  [0.529s]
Masking reference...  [0.396s]
Initializing temporary storage...  [0s]
Building reference histograms...  [1.17s]
Allocating buffers...  [0.001s]
Processing query block 1, reference block 1/1, shape 1/14.
Building reference seed array...  [0.22s]
Building query seed array...  [0.003s]
Computing hash join...  [0.072s]
Masking low complexity seeds...  [0.002s]
Searching alignments...  [0.017s]
Processing query block 1, reference block 1/1, shape 2/14.
Building reference seed array...  [0.166s]
Building query seed array...  [0.004s]
Computing hash join...  [0.072s]
Masking low complexity seeds...  [0.003s]
Searching alignments...  [0.013s]
Processing query block 1, reference block 1/1, shape 3/14.
Building reference seed array...  [0.171s]
Building query seed array...  [0.004s]
Computing hash join...  [0.074s]
Masking low complexity seeds...  [0.002s]
Searching alignments...  [0.014s]
Processing query block 1, reference block 1/1, shape 4/14.
Building reference seed array...  [0.173s]
Building query seed array...  [0.004s]
Computing hash join...  [0.071s]
Masking low complexity seeds...  [0.002s]
Searching alignments...  [0.014s]
Processing query block 1, reference block 1/1, shape 5/14.
Building reference seed array...  [0.168s]
Building query seed array...  [0.002s]
Computing hash join...  [0.07s]
Masking low complexity seeds...  [0.001s]
Searching alignments...  [0.012s]
Processing query block 1, reference block 1/1, shape 6/14.
Building reference seed array...  [0.166s]
Building query seed array...  [0.004s]
Computing hash join...  [0.072s]
Masking low complexity seeds...  [0.001s]
Searching alignments...  [0.012s]
Processing query block 1, reference block 1/1, shape 7/14.
Building reference seed array...  [0.187s]
Building query seed array...  [0.004s]
Computing hash join...  [0.071s]
Masking low complexity seeds...  [0.001s]
Searching alignments...  [0.012s]
Processing query block 1, reference block 1/1, shape 8/14.
Building reference seed array...  [0.168s]
Building query seed array...  [0.004s]
Computing hash join...  [0.071s]
Masking low complexity seeds...  [0.002s]
Searching alignments...  [0.012s]
Processing query block 1, reference block 1/1, shape 9/14.
Building reference seed array...  [0.168s]
Building query seed array...  [0.004s]
Computing hash join...  [0.072s]
Masking low complexity seeds...  [0.001s]
Searching alignments...  [0.012s]
Processing query block 1, reference block 1/1, shape 10/14.
Building reference seed array...  [0.165s]
Building query seed array...  [0.004s]
Computing hash join...  [0.071s]
Masking low complexity seeds...  [0.001s]
Searching alignments...  [0.012s]
Processing query block 1, reference block 1/1, shape 11/14.
Building reference seed array...  [0.193s]
Building query seed array...  [0.004s]
Computing hash join...  [0.071s]
Masking low complexity seeds...  [0.002s]
Searching alignments...  [0.012s]
Processing query block 1, reference block 1/1, shape 12/14.
Building reference seed array...  [0.166s]
Building query seed array...  [0.003s]
Computing hash join...  [0.07s]
Masking low complexity seeds...  [0.002s]
Searching alignments...  [0.012s]
Processing query block 1, reference block 1/1, shape 13/14.
Building reference seed array...  [0.17s]
Building query seed array...  [0.004s]
Computing hash join...  [0.071s]
Masking low complexity seeds...  [0.002s]
Searching alignments...  [0.012s]
Processing query block 1, reference block 1/1, shape 14/14.
Building reference seed array...  [0.186s]
Building query seed array...  [0.003s]
Computing hash join...  [0.071s]
Masking low complexity seeds...  [0.004s]
Searching alignments...  [0.012s]
Deallocating buffers...  [0.31s]
Clearing query masking...  [0s]
Computing alignments...  [0.058s]
Deallocating reference...  [0.026s]
Loading reference sequences...  [0s]
Deallocating buffers...  [0s]
Deallocating queries...  [0s]
Loading query sequences...  [0s]
Closing the input file...  [0s]
Closing the output file...  [0s]
Cleaning up...  [0s]
Total time = 6.414s
Reported 164 pairwise alignments, 164 HSPs.
36 queries aligned.
