PLINK v1.90b6.4 64-bit (7 Aug 2018)
Options in effect:
  --allow-extra-chr
  --bfile /mnt/data/shahar/gwas_barley/morexV3_analysis/USED_GWAS_V2_pipeline/intermediates/morexV3_290
  --extract /mnt/data/shahar/gwas_barley/morexV3_analysis/USED_GWAS_V2_pipeline/intermediates/morexV3_pruned_for_covs.prune.in
  --out /mnt/data/shahar/gwas_barley/morexV3_analysis/USED_GWAS_V2_pipeline/intermediates/morexV3_pruned_covariates_data
  --recode 12 transpose
  --threads 32

Hostname: fidel
Working directory: /mnt/data/shahar
Start time: Wed May 27 15:39:49 2026

Random number seed: 1779885589
1031921 MB RAM detected; reserving 515960 MB for main workspace.
7110996 variants loaded from .bim file.
290 people (0 males, 0 females, 290 ambiguous) loaded from .fam.
Ambiguous sex IDs written to
/mnt/data/shahar/gwas_barley/morexV3_analysis/USED_GWAS_V2_pipeline/intermediates/morexV3_pruned_covariates_data.nosex
.
--extract: 590462 variants remaining.
Using 1 thread (no multithreaded calculations invoked).
Before main variant filters, 290 founders and 0 nonfounders present.
Calculating allele frequencies... done.
Total genotyping rate is 0.815074.
590462 variants and 290 people pass filters and QC.
Note: No phenotypes present.
--recode transpose to
/mnt/data/shahar/gwas_barley/morexV3_analysis/USED_GWAS_V2_pipeline/intermediates/morexV3_pruned_covariates_data.tped
+
/mnt/data/shahar/gwas_barley/morexV3_analysis/USED_GWAS_V2_pipeline/intermediates/morexV3_pruned_covariates_data.tfam
... done.

End time: Wed May 27 15:39:58 2026
