Command terminated by signal 2
	Command being timed: "bash -c pigz -dc -p 4 '/mnt/data/shahar/gwas_barley/morexV3_analysis/USED_LD_decay_V2_wholegenome/intermediates/ld_pairs_chr1H.ld.gz' | mawk -v MAXD=2500000 -v BSZ=1000 '
        NR == 1 { next }
        {
            d = ($5 > $2) ? $5 - $2 : $2 - $5;
            if (d == 0 || d > MAXD) next;
            bin = int(d / BSZ) * BSZ;
            sum[bin]   += $7;
            sumsq[bin] += $7 * $7;
            n[bin]++;
        }
        END {
            OFS = "\t";
            print "Bin", "Sum_R2", "SumSq_R2", "N_Pairs";
            for (b in n) print b, sum[b], sumsq[b], n[b];
        }
    ' | (head -1; sort -k1,1n) > '/mnt/data/shahar/gwas_barley/morexV3_analysis/USED_LD_decay_V2_wholegenome/intermediates/pre_aggregated_chr1H.tsv'"
	User time (seconds): 2511.43
	System time (seconds): 128.94
	Percent of CPU this job got: 139%
	Elapsed (wall clock) time (h:mm:ss or m:ss): 31:37.30
	Average shared text size (kbytes): 0
	Average unshared data size (kbytes): 0
	Average stack size (kbytes): 0
	Average total size (kbytes): 0
	Maximum resident set size (kbytes): 3576
	Average resident set size (kbytes): 0
	Major (requiring I/O) page faults: 0
	Minor (reclaiming a frame) page faults: 6481
	Voluntary context switches: 29584304
	Involuntary context switches: 6972
	Swaps: 0
	File system inputs: 20520
	File system outputs: 0
	Socket messages sent: 0
	Socket messages received: 0
	Signals delivered: 0
	Page size (bytes): 4096
	Exit status: 0
