PLINK v1.90b6.4 64-bit (7 Aug 2018)
Options in effect:
  --allow-extra-chr
  --bfile /mnt/data/shahar/gwas_barley/morexV3_analysis/USED_data/intermediates_maf0.000001_geno1_thin0_pc5_LDfixed_withIDs/morexV3_barley_full_filtered
  --chr 2H
  --ld-window 999999
  --ld-window-kb 2500
  --ld-window-r2 0.001
  --maf 0.000001
  --out /mnt/data/shahar/gwas_barley/morexV3_analysis/USED_LD_decay_V2_wholegenome/intermediates/ld_pairs_chr2H
  --r2 gz
  --remove /mnt/data/shahar/gwas_barley/data/inputs/samples_to_remove_V3.txt
  --threads 64

Hostname: fidel
Working directory: /mnt/data/shahar/gwas_barley/morexV3_analysis/USED_LD_decay_V2_wholegenome
Start time: Tue May 26 13:26:37 2026

Random number seed: 1779791197
1031921 MB RAM detected; reserving 515960 MB for main workspace.
1140091 out of 7110996 variants loaded from .bim file.
300 people (0 males, 0 females, 300 ambiguous) loaded from .fam.
Ambiguous sex IDs written to
/mnt/data/shahar/gwas_barley/morexV3_analysis/USED_LD_decay_V2_wholegenome/intermediates/ld_pairs_chr2H.nosex
.
--remove: 290 people remaining.
Using up to 64 threads (change this with --threads).
Before main variant filters, 290 founders and 0 nonfounders present.
Calculating allele frequencies... done.
Total genotyping rate in remaining samples is 0.817538.
0 variants removed due to minor allele threshold(s)
(--maf/--max-maf/--mac/--max-mac).
1140091 variants and 290 people pass filters and QC.
Note: No phenotypes present.
--r2 to
/mnt/data/shahar/gwas_barley/morexV3_analysis/USED_LD_decay_V2_wholegenome/intermediates/ld_pairs_chr2H.ld.gz
... done.

End time: Tue May 26 13:37:10 2026
