
Reading TFAM file /mnt/data/shahar/gwas_barley/morexV3_analysis/USED_GWAS_V2_pipeline/intermediates/morexV3_gwas_genotypes.tfam ....


Reading kinship file /mnt/data/shahar/gwas_barley/morexV3_analysis/USED_GWAS_V2_pipeline/intermediates/morexV3_kinship.aIBS.kinf...

  290 rows and 290 columns were observed with 0 missing values.


Reading the phenotype file /mnt/data/shahar/gwas_barley/data/inputs/BLUE_fiber_V3.pheno...

  290 rows and 1 columns were observed with 0 missing values


Reading covariate file /mnt/data/shahar/gwas_barley/morexV3_analysis/USED_GWAS_V2_pipeline/intermediates/covariates/pca_pc5.cov...

  290 rows and 5 columns were observed with 0 missing values. Make sure that the intercept is included in the covariates

File reading - elapsed CPU time is 0.018605

eRvals[0] = 0.020490, eRvals[n-q-1] = 215.300288, eRvals[n-q] = 0.000000
eigen_R - elapsed CPU time is 0.082722
etas[0] = 0.075149, lambdas[0] = 0.020490
etas[1] = -0.035245, lambdas[1] = 0.022262
etas[2] = -0.175636, lambdas[2] = 0.022444
etas[3] = -0.077728, lambdas[3] = 0.022642
etas[4] = 0.139421, lambdas[4] = 0.022711
etas[5] = -0.098383, lambdas[5] = 0.023019
etas[6] = -0.000457, lambdas[6] = 0.023331
etas[7] = 0.022064, lambdas[7] = 0.023393
etas[8] = -0.144918, lambdas[8] = 0.023531
etas[9] = 0.040035, lambdas[9] = 0.023896
etas[10] = -0.002084, lambdas[10] = 0.024604
etas[11] = 0.001529, lambdas[11] = 0.026184
etas[12] = -0.078416, lambdas[12] = 0.026307
etas[13] = -0.045500, lambdas[13] = 0.026628
etas[14] = -0.006104, lambdas[14] = 0.028170
etas[15] = -0.094516, lambdas[15] = 0.028318
etas[16] = 0.036196, lambdas[16] = 0.028396
etas[17] = 0.227437, lambdas[17] = 0.028719
etas[18] = 0.075555, lambdas[18] = 0.029029
etas[19] = 0.175366, lambdas[19] = 0.029293
etas[20] = 0.281630, lambdas[20] = 0.029622
etas[21] = -0.035562, lambdas[21] = 0.029702
etas[22] = -0.012679, lambdas[22] = 0.029925
etas[23] = 0.144164, lambdas[23] = 0.029981
etas[24] = 0.141335, lambdas[24] = 0.030162
etas[25] = -0.023316, lambdas[25] = 0.030495
etas[26] = -0.090157, lambdas[26] = 0.030594
etas[27] = -0.173111, lambdas[27] = 0.031071
etas[28] = 0.030154, lambdas[28] = 0.031604
etas[29] = -0.142487, lambdas[29] = 0.031639
etas[30] = -0.131941, lambdas[30] = 0.031753
etas[31] = 0.022677, lambdas[31] = 0.032034
etas[32] = 0.118942, lambdas[32] = 0.032166
etas[33] = -0.005413, lambdas[33] = 0.032246
etas[34] = -0.059750, lambdas[34] = 0.032355
etas[35] = 0.211688, lambdas[35] = 0.032533
etas[36] = -0.107978, lambdas[36] = 0.032700
etas[37] = 0.246879, lambdas[37] = 0.032868
etas[38] = 0.020693, lambdas[38] = 0.033240
etas[39] = 0.050120, lambdas[39] = 0.033426
etas[40] = 0.041995, lambdas[40] = 0.033897
etas[41] = 0.181603, lambdas[41] = 0.034063
etas[42] = -0.140607, lambdas[42] = 0.034186
etas[43] = -0.112144, lambdas[43] = 0.034683
etas[44] = 0.003178, lambdas[44] = 0.035201
etas[45] = 0.028588, lambdas[45] = 0.036131
etas[46] = 0.156779, lambdas[46] = 0.036298
etas[47] = -0.063581, lambdas[47] = 0.036407
etas[48] = 0.075309, lambdas[48] = 0.037029
etas[49] = -0.081680, lambdas[49] = 0.037129
etas[50] = -0.236669, lambdas[50] = 0.037532
etas[51] = 0.177907, lambdas[51] = 0.037589
etas[52] = -0.154982, lambdas[52] = 0.037755
etas[53] = -0.223926, lambdas[53] = 0.038023
etas[54] = 0.366024, lambdas[54] = 0.038192
etas[55] = 0.147642, lambdas[55] = 0.038744
etas[56] = 0.207360, lambdas[56] = 0.038957
etas[57] = -0.138029, lambdas[57] = 0.039440
etas[58] = -0.099942, lambdas[58] = 0.039722
etas[59] = -0.041568, lambdas[59] = 0.041008
etas[60] = 0.199337, lambdas[60] = 0.041535
etas[61] = -0.255048, lambdas[61] = 0.041835
etas[62] = 0.035020, lambdas[62] = 0.042087
etas[63] = -0.112661, lambdas[63] = 0.042207
etas[64] = -0.220066, lambdas[64] = 0.042502
etas[65] = 0.112473, lambdas[65] = 0.042904
etas[66] = 0.089069, lambdas[66] = 0.043278
etas[67] = 0.218979, lambdas[67] = 0.044208
etas[68] = 0.100511, lambdas[68] = 0.046177
etas[69] = 0.127652, lambdas[69] = 0.047378
etas[70] = -0.086285, lambdas[70] = 0.049648
etas[71] = 0.082436, lambdas[71] = 0.056814
etas[72] = -0.034207, lambdas[72] = 0.059693
etas[73] = -0.039223, lambdas[73] = 0.061015
etas[74] = 0.183313, lambdas[74] = 0.062033
etas[75] = 0.075176, lambdas[75] = 0.062973
etas[76] = -0.081891, lambdas[76] = 0.064475
etas[77] = 0.122159, lambdas[77] = 0.068032
etas[78] = -0.098475, lambdas[78] = 0.069289
etas[79] = 0.003676, lambdas[79] = 0.082943
etas[80] = -0.231451, lambdas[80] = 0.085329
etas[81] = 0.220722, lambdas[81] = 0.088330
etas[82] = 0.325758, lambdas[82] = 0.090161
etas[83] = 0.145934, lambdas[83] = 0.092552
etas[84] = -0.228834, lambdas[84] = 0.095889
etas[85] = -0.352962, lambdas[85] = 0.096715
etas[86] = -0.270730, lambdas[86] = 0.097492
etas[87] = -0.047241, lambdas[87] = 0.098356
etas[88] = 0.071836, lambdas[88] = 0.099212
etas[89] = -0.098016, lambdas[89] = 0.101997
etas[90] = -0.276756, lambdas[90] = 0.103847
etas[91] = -0.122284, lambdas[91] = 0.104476
etas[92] = -0.093177, lambdas[92] = 0.104838
etas[93] = -0.199457, lambdas[93] = 0.105596
etas[94] = 0.323860, lambdas[94] = 0.107513
etas[95] = -0.011078, lambdas[95] = 0.109019
etas[96] = -0.258273, lambdas[96] = 0.110031
etas[97] = 0.015735, lambdas[97] = 0.110693
etas[98] = 0.307982, lambdas[98] = 0.112242
etas[99] = -0.295203, lambdas[99] = 0.112793
etas[100] = -0.163768, lambdas[100] = 0.114418
etas[101] = -0.051730, lambdas[101] = 0.115540
etas[102] = 0.175911, lambdas[102] = 0.115830
etas[103] = 0.151087, lambdas[103] = 0.116567
etas[104] = -0.064558, lambdas[104] = 0.117079
etas[105] = 0.310924, lambdas[105] = 0.118183
etas[106] = -0.269387, lambdas[106] = 0.118895
etas[107] = -0.002547, lambdas[107] = 0.119301
etas[108] = -0.123205, lambdas[108] = 0.119825
etas[109] = -0.073034, lambdas[109] = 0.120646
etas[110] = 0.091196, lambdas[110] = 0.120888
etas[111] = -0.149117, lambdas[111] = 0.121095
etas[112] = -0.173589, lambdas[112] = 0.121475
etas[113] = 0.399963, lambdas[113] = 0.121778
etas[114] = -0.076726, lambdas[114] = 0.122417
etas[115] = 0.055998, lambdas[115] = 0.123086
etas[116] = -0.101050, lambdas[116] = 0.123864
etas[117] = -0.173236, lambdas[117] = 0.124354
etas[118] = 0.080696, lambdas[118] = 0.124616
etas[119] = -0.490648, lambdas[119] = 0.124915
etas[120] = -0.432186, lambdas[120] = 0.125455
etas[121] = -0.177445, lambdas[121] = 0.126238
etas[122] = -0.355910, lambdas[122] = 0.126332
etas[123] = -0.451979, lambdas[123] = 0.126910
etas[124] = 0.126307, lambdas[124] = 0.127645
etas[125] = 0.323292, lambdas[125] = 0.127995
etas[126] = 0.015692, lambdas[126] = 0.128723
etas[127] = -0.104747, lambdas[127] = 0.128842
etas[128] = -0.327439, lambdas[128] = 0.129330
etas[129] = 0.356583, lambdas[129] = 0.129772
etas[130] = -0.420948, lambdas[130] = 0.130060
etas[131] = 0.521196, lambdas[131] = 0.130684
etas[132] = 0.554593, lambdas[132] = 0.131288
etas[133] = -0.212303, lambdas[133] = 0.131758
etas[134] = -0.113742, lambdas[134] = 0.131973
etas[135] = -0.190551, lambdas[135] = 0.132958
etas[136] = 0.157686, lambdas[136] = 0.133299
etas[137] = -0.369758, lambdas[137] = 0.134031
etas[138] = -0.007543, lambdas[138] = 0.134157
etas[139] = 0.048407, lambdas[139] = 0.134923
etas[140] = -0.165254, lambdas[140] = 0.135060
etas[141] = 0.031405, lambdas[141] = 0.135594
etas[142] = 0.234654, lambdas[142] = 0.136047
etas[143] = -0.112142, lambdas[143] = 0.136651
etas[144] = -0.283771, lambdas[144] = 0.137109
etas[145] = -0.154996, lambdas[145] = 0.137542
etas[146] = 0.094029, lambdas[146] = 0.138260
etas[147] = -0.268922, lambdas[147] = 0.139424
etas[148] = -0.293998, lambdas[148] = 0.139549
etas[149] = -0.011072, lambdas[149] = 0.140277
etas[150] = 0.082122, lambdas[150] = 0.140787
etas[151] = -0.269265, lambdas[151] = 0.141078
etas[152] = -0.074468, lambdas[152] = 0.141516
etas[153] = 0.111553, lambdas[153] = 0.142405
etas[154] = -0.147391, lambdas[154] = 0.143025
etas[155] = -0.075871, lambdas[155] = 0.143247
etas[156] = -0.153372, lambdas[156] = 0.143403
etas[157] = 0.109587, lambdas[157] = 0.144256
etas[158] = 0.286827, lambdas[158] = 0.144990
etas[159] = -0.252278, lambdas[159] = 0.145885
etas[160] = -0.130927, lambdas[160] = 0.146266
etas[161] = 0.090127, lambdas[161] = 0.146840
etas[162] = -0.339707, lambdas[162] = 0.147648
etas[163] = 0.134241, lambdas[163] = 0.147783
etas[164] = 0.320422, lambdas[164] = 0.148534
etas[165] = -0.108020, lambdas[165] = 0.149915
etas[166] = 0.269408, lambdas[166] = 0.150181
etas[167] = 0.140989, lambdas[167] = 0.150595
etas[168] = 0.090674, lambdas[168] = 0.151304
etas[169] = 0.093549, lambdas[169] = 0.151589
etas[170] = -0.163073, lambdas[170] = 0.151881
etas[171] = -0.395579, lambdas[171] = 0.152575
etas[172] = 0.272508, lambdas[172] = 0.152819
etas[173] = -0.257572, lambdas[173] = 0.153079
etas[174] = 0.404245, lambdas[174] = 0.153325
etas[175] = -0.245981, lambdas[175] = 0.154722
etas[176] = 0.107333, lambdas[176] = 0.155003
etas[177] = 0.294774, lambdas[177] = 0.155507
etas[178] = 0.423129, lambdas[178] = 0.156411
etas[179] = -0.033071, lambdas[179] = 0.157471
etas[180] = 0.444072, lambdas[180] = 0.157768
etas[181] = -0.023205, lambdas[181] = 0.159346
etas[182] = 0.026227, lambdas[182] = 0.159566
etas[183] = -0.282536, lambdas[183] = 0.160453
etas[184] = 0.160721, lambdas[184] = 0.160914
etas[185] = -0.094113, lambdas[185] = 0.160972
etas[186] = -0.469144, lambdas[186] = 0.162529
etas[187] = 0.113604, lambdas[187] = 0.163080
etas[188] = -0.623531, lambdas[188] = 0.164411
etas[189] = 0.346355, lambdas[189] = 0.164790
etas[190] = -0.154963, lambdas[190] = 0.165771
etas[191] = 0.170389, lambdas[191] = 0.166350
etas[192] = -0.381110, lambdas[192] = 0.167356
etas[193] = -0.233761, lambdas[193] = 0.167769
etas[194] = 0.163061, lambdas[194] = 0.168486
etas[195] = 0.555962, lambdas[195] = 0.169300
etas[196] = 0.382459, lambdas[196] = 0.170055
etas[197] = 0.515414, lambdas[197] = 0.170376
etas[198] = -0.171740, lambdas[198] = 0.171579
etas[199] = 0.502578, lambdas[199] = 0.172012
etas[200] = 0.372370, lambdas[200] = 0.172664
etas[201] = -0.122341, lambdas[201] = 0.173847
etas[202] = 0.013921, lambdas[202] = 0.174262
etas[203] = 0.132363, lambdas[203] = 0.174855
etas[204] = -0.237696, lambdas[204] = 0.176358
etas[205] = -0.221262, lambdas[205] = 0.176936
etas[206] = -0.139571, lambdas[206] = 0.177476
etas[207] = -0.078961, lambdas[207] = 0.178131
etas[208] = -0.145602, lambdas[208] = 0.178819
etas[209] = 0.116633, lambdas[209] = 0.180860
etas[210] = -0.403512, lambdas[210] = 0.181909
etas[211] = -0.294233, lambdas[211] = 0.182260
etas[212] = 0.073171, lambdas[212] = 0.183080
etas[213] = 0.181023, lambdas[213] = 0.184437
etas[214] = -0.554282, lambdas[214] = 0.186341
etas[215] = 0.381019, lambdas[215] = 0.188732
etas[216] = -0.206858, lambdas[216] = 0.189190
etas[217] = 0.310945, lambdas[217] = 0.190566
etas[218] = 0.078530, lambdas[218] = 0.192088
etas[219] = -0.393129, lambdas[219] = 0.193484
etas[220] = 0.085533, lambdas[220] = 0.193668
etas[221] = 0.190507, lambdas[221] = 0.196258
etas[222] = -0.205506, lambdas[222] = 0.197698
etas[223] = 0.043858, lambdas[223] = 0.198939
etas[224] = 0.255697, lambdas[224] = 0.200566
etas[225] = -0.393225, lambdas[225] = 0.201769
etas[226] = -0.009243, lambdas[226] = 0.204073
etas[227] = -0.016117, lambdas[227] = 0.206126
etas[228] = 0.052798, lambdas[228] = 0.207123
etas[229] = -0.024703, lambdas[229] = 0.208417
etas[230] = -0.345946, lambdas[230] = 0.209952
etas[231] = -0.273729, lambdas[231] = 0.212585
etas[232] = -0.674359, lambdas[232] = 0.215017
etas[233] = -0.109477, lambdas[233] = 0.217936
etas[234] = 0.526538, lambdas[234] = 0.218860
etas[235] = 0.162969, lambdas[235] = 0.221991
etas[236] = -0.340522, lambdas[236] = 0.224363
etas[237] = -0.315303, lambdas[237] = 0.226694
etas[238] = -0.061239, lambdas[238] = 0.232067
etas[239] = -0.038312, lambdas[239] = 0.233324
etas[240] = -0.374459, lambdas[240] = 0.234281
etas[241] = -0.166747, lambdas[241] = 0.236764
etas[242] = -0.141340, lambdas[242] = 0.240173
etas[243] = -0.160539, lambdas[243] = 0.241428
etas[244] = 0.382539, lambdas[244] = 0.248991
etas[245] = -0.138883, lambdas[245] = 0.252125
etas[246] = -0.186741, lambdas[246] = 0.254437
etas[247] = -0.047790, lambdas[247] = 0.259762
etas[248] = 0.160286, lambdas[248] = 0.265019
etas[249] = -0.120036, lambdas[249] = 0.279486
etas[250] = -0.174693, lambdas[250] = 0.286442
etas[251] = -0.191896, lambdas[251] = 0.293875
etas[252] = 0.398726, lambdas[252] = 0.299281
etas[253] = -0.055444, lambdas[253] = 0.304609
etas[254] = 0.367051, lambdas[254] = 0.307887
etas[255] = 0.550931, lambdas[255] = 0.314115
etas[256] = -0.156441, lambdas[256] = 0.319614
etas[257] = -0.247903, lambdas[257] = 0.326639
etas[258] = -0.243592, lambdas[258] = 0.334905
etas[259] = -0.126731, lambdas[259] = 0.344211
etas[260] = 0.188747, lambdas[260] = 0.365033
etas[261] = -0.759086, lambdas[261] = 0.371063
etas[262] = -0.363689, lambdas[262] = 0.377036
etas[263] = 0.302970, lambdas[263] = 0.408799
etas[264] = -0.262266, lambdas[264] = 0.415905
etas[265] = -0.086353, lambdas[265] = 0.446654
etas[266] = -0.299578, lambdas[266] = 0.451924
etas[267] = -0.010793, lambdas[267] = 0.474199
etas[268] = 0.537195, lambdas[268] = 0.503186
etas[269] = -0.561002, lambdas[269] = 0.526433
etas[270] = 0.674216, lambdas[270] = 0.549957
etas[271] = 0.185139, lambdas[271] = 0.558486
etas[272] = -0.273729, lambdas[272] = 0.572328
etas[273] = -1.078101, lambdas[273] = 0.638859
etas[274] = -0.200976, lambdas[274] = 0.660088
etas[275] = 0.583134, lambdas[275] = 0.695686
etas[276] = 0.201664, lambdas[276] = 0.809363
etas[277] = -0.163993, lambdas[277] = 0.885182
etas[278] = -0.338773, lambdas[278] = 0.887143
etas[279] = 0.546111, lambdas[279] = 1.092866
etas[280] = -0.196096, lambdas[280] = 1.130025
etas[281] = -1.090888, lambdas[281] = 1.215260
etas[282] = -0.366292, lambdas[282] = 1.300401
etas[283] = 0.780216, lambdas[283] = 1.468023
etas[284] = -0.364826, lambdas[284] = 215.300288
0	154.782847	154.543478	14.965127
1	154.543478	154.251491	14.966681
2	154.251491	153.895420	14.968577
3	153.895420	153.461353	14.970887
4	153.461353	152.932430	14.973702
5	152.932430	152.288259	14.977129
6	152.288259	151.504223	14.981299
7	151.504223	150.550692	14.986368
8	150.550692	149.392118	14.992524
9	149.392118	147.986022	14.999991
10	147.986022	146.281907	15.009032
11	146.281907	144.220114	15.019960
12	144.220114	141.730722	15.033137
13	141.730722	138.732580	15.048978
14	138.732580	135.132694	15.067956
15	135.132694	130.826196	15.090589
16	130.826196	125.697307	15.117435
17	125.697307	119.621758	15.149061
18	119.621758	112.471307	15.185999
19	112.471307	104.121025	15.228681
20	104.121025	94.460064	15.277325
21	94.460064	83.406409	15.331790
22	83.406409	70.925700	15.391358
23	70.925700	57.053349	15.454463
24	57.053349	41.917990	15.518332
25	41.917990	25.762682	15.578583
26	25.762682	8.958723	15.628772
27	8.958723	-7.994098	15.659958
28	-7.994098	-24.486702	15.660377
29	-24.486702	-39.842849	15.615305
30	-39.842849	-53.383025	15.507257
31	-53.383025	-64.502610	15.316597
32	-64.502610	-72.750785	15.022633
33	-72.750785	-77.893303	14.605113
34	-77.893303	-79.943757	14.045995
35	-79.943757	-79.154807	13.331199
36	-79.154807	-75.971134	12.452045
37	-75.971134	-70.955927	11.406105
38	-70.955927	-64.708732	10.197323
39	-64.708732	-57.792500	8.835421
40	-57.792500	-50.682319	7.334800
41	-50.682319	-43.740424	5.713225
42	-43.740424	-37.214697	3.990587
43	-37.214697	-31.253390	2.187968
44	-31.253390	-25.927583	0.327088
45	-25.927583	-21.254363	-1.569939
46	-21.254363	-17.216359	-3.480673
47	-17.216359	-13.776011	-5.382440
48	-13.776011	-10.884826	-7.252579
49	-10.884826	-8.488899	-9.068939
50	-8.488899	-6.532111	-10.810583
51	-6.532111	-4.958126	-12.458642
52	-4.958126	-3.711903	-13.997170
53	-3.711903	-2.741021	-15.413870
54	-2.741021	-1.996874	-16.700571
55	-1.996874	-1.435650	-17.853381
56	-1.435650	-1.019006	-18.872514
57	-1.019006	-0.714361	-19.761819
58	-0.714361	-0.494814	-20.528114
59	-0.494814	-0.338760	-21.180410
60	-0.338760	-0.229279	-21.729133
61	-0.229279	-0.153429	-22.185427
62	-0.153429	-0.101515	-22.560564
63	-0.101515	-0.066410	-22.865506
64	-0.066410	-0.042961	-23.110598
65	-0.042961	-0.027497	-23.305377
66	-0.027497	-0.017436	-23.458480
67	-0.017436	-0.010987	-23.577616
68	-0.010987	-0.006918	-23.669579
69	-0.006918	-0.004392	-23.740289
70	-0.004392	-0.002850	-23.794834
71	-0.002850	-0.001918	-23.837521
72	-0.001918	-0.001357	-23.871911
73	-0.001357	-0.001014	-23.900858
74	-0.001014	-0.000793	-23.926547
75	-0.000793	-0.000639	-23.950542
76	-0.000639	-0.000522	-23.973848
77	-0.000522	-0.000427	-23.996989
78	-0.000427	-0.000345	-24.020109
79	-0.000345	-0.000275	-24.043081
80	-0.000275	-0.000215	-24.065612
81	-0.000215	-0.000165	-24.087342
82	-0.000165	-0.000125	-24.107919
83	-0.000125	-0.000093	-24.127054
84	-0.000093	-0.000068	-24.144542
85	-0.000068	-0.000049	-24.160275
86	-0.000049	-0.000035	-24.174230
87	-0.000035	-0.000025	-24.186453
88	-0.000025	-0.000017	-24.197045
89	-0.000017	-0.000012	-24.206139
90	-0.000012	-0.000008	-24.213884
91	-0.000008	-0.000006	-24.220437
92	-0.000006	-0.000004	-24.225950
93	-0.000004	-0.000003	-24.230566
94	-0.000003	-0.000002	-24.234416
95	-0.000002	-0.000001	-24.237617
96	-0.000001	-0.000001	-24.240271
97	-0.000001	-0.000001	-24.242467
98	-0.000001	-0.000000	-24.244280
99	-0.000000	-0.000000	-24.245775
REMLE (delta=0.011171, REML=15.664879, REML0=-24.252645)- elapsed CPU time is 0.011645
eigen_L - elapsed CPU time is 0.050653


Reading TPED file /mnt/data/shahar/gwas_barley/morexV3_analysis/USED_GWAS_V2_pipeline/intermediates/morexV3_gwas_genotypes...

Reading 0-th SNP and testing association....

Reading 10000-th SNP and testing association....

Reading 20000-th SNP and testing association....

Reading 30000-th SNP and testing association....

Reading 40000-th SNP and testing association....

Reading 50000-th SNP and testing association....

Reading 60000-th SNP and testing association....

Reading 70000-th SNP and testing association....

Reading 80000-th SNP and testing association....

Reading 90000-th SNP and testing association....

Reading 100000-th SNP and testing association....

Reading 110000-th SNP and testing association....

Reading 120000-th SNP and testing association....

Reading 130000-th SNP and testing association....

Reading 140000-th SNP and testing association....

Reading 150000-th SNP and testing association....

Reading 160000-th SNP and testing association....

Reading 170000-th SNP and testing association....

Reading 180000-th SNP and testing association....

Reading 190000-th SNP and testing association....

Reading 200000-th SNP and testing association....

Reading 210000-th SNP and testing association....

Reading 220000-th SNP and testing association....

Reading 230000-th SNP and testing association....

Reading 240000-th SNP and testing association....

Reading 250000-th SNP and testing association....

Reading 260000-th SNP and testing association....

Reading 270000-th SNP and testing association....

Reading 280000-th SNP and testing association....

Reading 290000-th SNP and testing association....

Reading 300000-th SNP and testing association....

Reading 310000-th SNP and testing association....

Reading 320000-th SNP and testing association....

Reading 330000-th SNP and testing association....

Reading 340000-th SNP and testing association....

Reading 350000-th SNP and testing association....

Reading 360000-th SNP and testing association....

Reading 370000-th SNP and testing association....

Reading 380000-th SNP and testing association....

Reading 390000-th SNP and testing association....

Reading 400000-th SNP and testing association....

Reading 410000-th SNP and testing association....

Reading 420000-th SNP and testing association....

Reading 430000-th SNP and testing association....

Reading 440000-th SNP and testing association....

Reading 450000-th SNP and testing association....

Reading 460000-th SNP and testing association....

Reading 470000-th SNP and testing association....

Reading 480000-th SNP and testing association....

Reading 490000-th SNP and testing association....

Reading 500000-th SNP and testing association....

Reading 510000-th SNP and testing association....

Reading 520000-th SNP and testing association....

Reading 530000-th SNP and testing association....

Reading 540000-th SNP and testing association....

Reading 550000-th SNP and testing association....

Reading 560000-th SNP and testing association....

Reading 570000-th SNP and testing association....

Reading 580000-th SNP and testing association....

Reading 590000-th SNP and testing association....

Reading 600000-th SNP and testing association....

Reading 610000-th SNP and testing association....

Reading 620000-th SNP and testing association....

Reading 630000-th SNP and testing association....

Reading 640000-th SNP and testing association....

Reading 650000-th SNP and testing association....

Reading 660000-th SNP and testing association....

Reading 670000-th SNP and testing association....

Reading 680000-th SNP and testing association....

Reading 690000-th SNP and testing association....

Reading 700000-th SNP and testing association....

Reading 710000-th SNP and testing association....

Reading 720000-th SNP and testing association....

Reading 730000-th SNP and testing association....

Reading 740000-th SNP and testing association....

Reading 750000-th SNP and testing association....

Reading 760000-th SNP and testing association....

Reading 770000-th SNP and testing association....

Reading 780000-th SNP and testing association....

Reading 790000-th SNP and testing association....

Reading 800000-th SNP and testing association....

Reading 810000-th SNP and testing association....

Reading 820000-th SNP and testing association....

Reading 830000-th SNP and testing association....

Reading 840000-th SNP and testing association....

Reading 850000-th SNP and testing association....

Reading 860000-th SNP and testing association....

Reading 870000-th SNP and testing association....

Reading 880000-th SNP and testing association....

Reading 890000-th SNP and testing association....

Reading 900000-th SNP and testing association....

Reading 910000-th SNP and testing association....

Reading 920000-th SNP and testing association....

Reading 930000-th SNP and testing association....

Reading 940000-th SNP and testing association....

Reading 950000-th SNP and testing association....

Reading 960000-th SNP and testing association....

Reading 970000-th SNP and testing association....

Reading 980000-th SNP and testing association....

Reading 990000-th SNP and testing association....

Reading 1000000-th SNP and testing association....

Reading 1010000-th SNP and testing association....

Reading 1020000-th SNP and testing association....

Reading 1030000-th SNP and testing association....

Reading 1040000-th SNP and testing association....

Reading 1050000-th SNP and testing association....

Reading 1060000-th SNP and testing association....

Reading 1070000-th SNP and testing association....

Reading 1080000-th SNP and testing association....

Reading 1090000-th SNP and testing association....

Reading 1100000-th SNP and testing association....

Reading 1110000-th SNP and testing association....

Reading 1120000-th SNP and testing association....

Reading 1130000-th SNP and testing association....

Reading 1140000-th SNP and testing association....

Reading 1150000-th SNP and testing association....

Reading 1160000-th SNP and testing association....

Reading 1170000-th SNP and testing association....

Reading 1180000-th SNP and testing association....

Reading 1190000-th SNP and testing association....

Reading 1200000-th SNP and testing association....

Reading 1210000-th SNP and testing association....

Reading 1220000-th SNP and testing association....

Reading 1230000-th SNP and testing association....

Reading 1240000-th SNP and testing association....

Reading 1250000-th SNP and testing association....

Reading 1260000-th SNP and testing association....

Reading 1270000-th SNP and testing association....

Reading 1280000-th SNP and testing association....

Reading 1290000-th SNP and testing association....

Reading 1300000-th SNP and testing association....

Reading 1310000-th SNP and testing association....

Reading 1320000-th SNP and testing association....

Reading 1330000-th SNP and testing association....

Reading 1340000-th SNP and testing association....

Reading 1350000-th SNP and testing association....

Reading 1360000-th SNP and testing association....

Reading 1370000-th SNP and testing association....

Reading 1380000-th SNP and testing association....

Reading 1390000-th SNP and testing association....

Reading 1400000-th SNP and testing association....

Reading 1410000-th SNP and testing association....

Reading 1420000-th SNP and testing association....

Reading 1430000-th SNP and testing association....

Reading 1440000-th SNP and testing association....

Reading 1450000-th SNP and testing association....

Reading 1460000-th SNP and testing association....

Reading 1470000-th SNP and testing association....

Reading 1480000-th SNP and testing association....

Reading 1490000-th SNP and testing association....

Reading 1500000-th SNP and testing association....

Reading 1510000-th SNP and testing association....

Reading 1520000-th SNP and testing association....

Reading 1530000-th SNP and testing association....

Reading 1540000-th SNP and testing association....

Reading 1550000-th SNP and testing association....

Reading 1560000-th SNP and testing association....

Reading 1570000-th SNP and testing association....

Reading 1580000-th SNP and testing association....

Reading 1590000-th SNP and testing association....

Reading 1600000-th SNP and testing association....

Reading 1610000-th SNP and testing association....

Reading 1620000-th SNP and testing association....

Reading 1630000-th SNP and testing association....

Reading 1640000-th SNP and testing association....

Reading 1650000-th SNP and testing association....

Reading 1660000-th SNP and testing association....

Reading 1670000-th SNP and testing association....

Reading 1680000-th SNP and testing association....

Reading 1690000-th SNP and testing association....

Reading 1700000-th SNP and testing association....

Reading 1710000-th SNP and testing association....

Reading 1720000-th SNP and testing association....

Reading 1730000-th SNP and testing association....

Reading 1740000-th SNP and testing association....

Reading 1750000-th SNP and testing association....

Reading 1760000-th SNP and testing association....

Reading 1770000-th SNP and testing association....

Reading 1780000-th SNP and testing association....

Reading 1790000-th SNP and testing association....

Reading 1800000-th SNP and testing association....

Reading 1810000-th SNP and testing association....

Reading 1820000-th SNP and testing association....

Reading 1830000-th SNP and testing association....

Reading 1840000-th SNP and testing association....

Reading 1850000-th SNP and testing association....

Reading 1860000-th SNP and testing association....

Reading 1870000-th SNP and testing association....

Reading 1880000-th SNP and testing association....

Reading 1890000-th SNP and testing association....

Reading 1900000-th SNP and testing association....

Reading 1910000-th SNP and testing association....

Reading 1920000-th SNP and testing association....

Reading 1930000-th SNP and testing association....

Reading 1940000-th SNP and testing association....

Reading 1950000-th SNP and testing association....

Reading 1960000-th SNP and testing association....

Reading 1970000-th SNP and testing association....

Reading 1980000-th SNP and testing association....

Reading 1990000-th SNP and testing association....

Reading 2000000-th SNP and testing association....

Reading 2010000-th SNP and testing association....

Reading 2020000-th SNP and testing association....

Reading 2030000-th SNP and testing association....

Reading 2040000-th SNP and testing association....

Reading 2050000-th SNP and testing association....

Reading 2060000-th SNP and testing association....

Reading 2070000-th SNP and testing association....

Reading 2080000-th SNP and testing association....

Reading 2090000-th SNP and testing association....

Reading 2100000-th SNP and testing association....

Reading 2110000-th SNP and testing association....

Reading 2120000-th SNP and testing association....

Reading 2130000-th SNP and testing association....

Reading 2140000-th SNP and testing association....

Reading 2150000-th SNP and testing association....

Reading 2160000-th SNP and testing association....

Reading 2170000-th SNP and testing association....

Reading 2180000-th SNP and testing association....

Reading 2190000-th SNP and testing association....

Reading 2200000-th SNP and testing association....

Reading 2210000-th SNP and testing association....

Reading 2220000-th SNP and testing association....

Reading 2230000-th SNP and testing association....

Reading 2240000-th SNP and testing association....

Reading 2250000-th SNP and testing association....

Reading 2260000-th SNP and testing association....

Reading 2270000-th SNP and testing association....

Reading 2280000-th SNP and testing association....

Reading 2290000-th SNP and testing association....

Reading 2300000-th SNP and testing association....

Reading 2310000-th SNP and testing association....

Reading 2320000-th SNP and testing association....

Reading 2330000-th SNP and testing association....

Reading 2340000-th SNP and testing association....

Reading 2350000-th SNP and testing association....

Reading 2360000-th SNP and testing association....

Reading 2370000-th SNP and testing association....

Reading 2380000-th SNP and testing association....

Reading 2390000-th SNP and testing association....

Reading 2400000-th SNP and testing association....

Reading 2410000-th SNP and testing association....

Reading 2420000-th SNP and testing association....

Reading 2430000-th SNP and testing association....

Reading 2440000-th SNP and testing association....

Reading 2450000-th SNP and testing association....

Reading 2460000-th SNP and testing association....

Reading 2470000-th SNP and testing association....

Reading 2480000-th SNP and testing association....

Reading 2490000-th SNP and testing association....

Reading 2500000-th SNP and testing association....

Reading 2510000-th SNP and testing association....

Reading 2520000-th SNP and testing association....

Reading 2530000-th SNP and testing association....

Reading 2540000-th SNP and testing association....

Reading 2550000-th SNP and testing association....

Reading 2560000-th SNP and testing association....

Reading 2570000-th SNP and testing association....

Reading 2580000-th SNP and testing association....

Reading 2590000-th SNP and testing association....

Reading 2600000-th SNP and testing association....

Reading 2610000-th SNP and testing association....

Reading 2620000-th SNP and testing association....

Reading 2630000-th SNP and testing association....

Reading 2640000-th SNP and testing association....

Reading 2650000-th SNP and testing association....

Reading 2660000-th SNP and testing association....

Reading 2670000-th SNP and testing association....

Reading 2680000-th SNP and testing association....

Reading 2690000-th SNP and testing association....

Reading 2700000-th SNP and testing association....

Reading 2710000-th SNP and testing association....

Reading 2720000-th SNP and testing association....

Reading 2730000-th SNP and testing association....

Reading 2740000-th SNP and testing association....

Reading 2750000-th SNP and testing association....

Reading 2760000-th SNP and testing association....

Reading 2770000-th SNP and testing association....

Reading 2780000-th SNP and testing association....

Reading 2790000-th SNP and testing association....

Reading 2800000-th SNP and testing association....

Reading 2810000-th SNP and testing association....

Reading 2820000-th SNP and testing association....

Reading 2830000-th SNP and testing association....

Reading 2840000-th SNP and testing association....

Reading 2850000-th SNP and testing association....

Reading 2860000-th SNP and testing association....

Reading 2870000-th SNP and testing association....

Reading 2880000-th SNP and testing association....

Reading 2890000-th SNP and testing association....

Reading 2900000-th SNP and testing association....

Reading 2910000-th SNP and testing association....

Reading 2920000-th SNP and testing association....

Reading 2930000-th SNP and testing association....

Reading 2940000-th SNP and testing association....

Reading 2950000-th SNP and testing association....

Reading 2960000-th SNP and testing association....

Reading 2970000-th SNP and testing association....

Reading 2980000-th SNP and testing association....

Reading 2990000-th SNP and testing association....

Reading 3000000-th SNP and testing association....

Reading 3010000-th SNP and testing association....

Reading 3020000-th SNP and testing association....

Reading 3030000-th SNP and testing association....

Reading 3040000-th SNP and testing association....

Reading 3050000-th SNP and testing association....

Reading 3060000-th SNP and testing association....

Reading 3070000-th SNP and testing association....

Reading 3080000-th SNP and testing association....

Reading 3090000-th SNP and testing association....

Reading 3100000-th SNP and testing association....

Reading 3110000-th SNP and testing association....

Reading 3120000-th SNP and testing association....

Reading 3130000-th SNP and testing association....

Reading 3140000-th SNP and testing association....

Reading 3150000-th SNP and testing association....

Reading 3160000-th SNP and testing association....

Reading 3170000-th SNP and testing association....

Reading 3180000-th SNP and testing association....

Reading 3190000-th SNP and testing association....

Reading 3200000-th SNP and testing association....

Reading 3210000-th SNP and testing association....

Reading 3220000-th SNP and testing association....

Reading 3230000-th SNP and testing association....

Reading 3240000-th SNP and testing association....

Reading 3250000-th SNP and testing association....

Reading 3260000-th SNP and testing association....

Reading 3270000-th SNP and testing association....

Reading 3280000-th SNP and testing association....

Reading 3290000-th SNP and testing association....

Reading 3300000-th SNP and testing association....

Reading 3310000-th SNP and testing association....

Reading 3320000-th SNP and testing association....

Reading 3330000-th SNP and testing association....

Reading 3340000-th SNP and testing association....

Reading 3350000-th SNP and testing association....

Reading 3360000-th SNP and testing association....

Reading 3370000-th SNP and testing association....

Reading 3380000-th SNP and testing association....

Reading 3390000-th SNP and testing association....

Reading 3400000-th SNP and testing association....

Reading 3410000-th SNP and testing association....

Reading 3420000-th SNP and testing association....

Reading 3430000-th SNP and testing association....

Reading 3440000-th SNP and testing association....

Reading 3450000-th SNP and testing association....

Reading 3460000-th SNP and testing association....

Reading 3470000-th SNP and testing association....

Reading 3480000-th SNP and testing association....

Reading 3490000-th SNP and testing association....

Reading 3500000-th SNP and testing association....

Reading 3510000-th SNP and testing association....

Reading 3520000-th SNP and testing association....

Reading 3530000-th SNP and testing association....

Reading 3540000-th SNP and testing association....

Reading 3550000-th SNP and testing association....

Reading 3560000-th SNP and testing association....

Reading 3570000-th SNP and testing association....

Reading 3580000-th SNP and testing association....

Reading 3590000-th SNP and testing association....

Reading 3600000-th SNP and testing association....

Reading 3610000-th SNP and testing association....

Reading 3620000-th SNP and testing association....

Reading 3630000-th SNP and testing association....

Reading 3640000-th SNP and testing association....

Reading 3650000-th SNP and testing association....

Reading 3660000-th SNP and testing association....

Reading 3670000-th SNP and testing association....

Reading 3680000-th SNP and testing association....

Reading 3690000-th SNP and testing association....

Reading 3700000-th SNP and testing association....

Reading 3710000-th SNP and testing association....

Reading 3720000-th SNP and testing association....

Reading 3730000-th SNP and testing association....

Reading 3740000-th SNP and testing association....

Reading 3750000-th SNP and testing association....

Reading 3760000-th SNP and testing association....

Reading 3770000-th SNP and testing association....

Reading 3780000-th SNP and testing association....

Reading 3790000-th SNP and testing association....

Reading 3800000-th SNP and testing association....

Reading 3810000-th SNP and testing association....

Reading 3820000-th SNP and testing association....

Reading 3830000-th SNP and testing association....

Reading 3840000-th SNP and testing association....

Reading 3850000-th SNP and testing association....

Reading 3860000-th SNP and testing association....

Reading 3870000-th SNP and testing association....

Reading 3880000-th SNP and testing association....

Reading 3890000-th SNP and testing association....

Reading 3900000-th SNP and testing association....

Reading 3910000-th SNP and testing association....

Reading 3920000-th SNP and testing association....

Reading 3930000-th SNP and testing association....

Reading 3940000-th SNP and testing association....

Reading 3950000-th SNP and testing association....

Reading 3960000-th SNP and testing association....

Reading 3970000-th SNP and testing association....

Reading 3980000-th SNP and testing association....

Reading 3990000-th SNP and testing association....

Reading 4000000-th SNP and testing association....

Reading 4010000-th SNP and testing association....

Reading 4020000-th SNP and testing association....

Reading 4030000-th SNP and testing association....

Reading 4040000-th SNP and testing association....

Reading 4050000-th SNP and testing association....

Reading 4060000-th SNP and testing association....

Reading 4070000-th SNP and testing association....

Reading 4080000-th SNP and testing association....

Reading 4090000-th SNP and testing association....

Reading 4100000-th SNP and testing association....

Reading 4110000-th SNP and testing association....

Reading 4120000-th SNP and testing association....

Reading 4130000-th SNP and testing association....

Reading 4140000-th SNP and testing association....

Reading 4150000-th SNP and testing association....

Reading 4160000-th SNP and testing association....

Reading 4170000-th SNP and testing association....

Reading 4180000-th SNP and testing association....

Reading 4190000-th SNP and testing association....

Reading 4200000-th SNP and testing association....

Reading 4210000-th SNP and testing association....

Reading 4220000-th SNP and testing association....

Reading 4230000-th SNP and testing association....

Reading 4240000-th SNP and testing association....

Reading 4250000-th SNP and testing association....

Reading 4260000-th SNP and testing association....

Reading 4270000-th SNP and testing association....

Reading 4280000-th SNP and testing association....

Reading 4290000-th SNP and testing association....

Reading 4300000-th SNP and testing association....

Reading 4310000-th SNP and testing association....

Reading 4320000-th SNP and testing association....

Reading 4330000-th SNP and testing association....

Reading 4340000-th SNP and testing association....

Reading 4350000-th SNP and testing association....

Reading 4360000-th SNP and testing association....

Reading 4370000-th SNP and testing association....

Reading 4380000-th SNP and testing association....

Reading 4390000-th SNP and testing association....

Reading 4400000-th SNP and testing association....

Reading 4410000-th SNP and testing association....

Reading 4420000-th SNP and testing association....

Reading 4430000-th SNP and testing association....

Reading 4440000-th SNP and testing association....

Reading 4450000-th SNP and testing association....

Reading 4460000-th SNP and testing association....

Reading 4470000-th SNP and testing association....

Reading 4480000-th SNP and testing association....

Reading 4490000-th SNP and testing association....

Reading 4500000-th SNP and testing association....

Reading 4510000-th SNP and testing association....

Reading 4520000-th SNP and testing association....

Reading 4530000-th SNP and testing association....

Reading 4540000-th SNP and testing association....

Reading 4550000-th SNP and testing association....

Reading 4560000-th SNP and testing association....

Reading 4570000-th SNP and testing association....

Reading 4580000-th SNP and testing association....

Reading 4590000-th SNP and testing association....

Reading 4600000-th SNP and testing association....

Reading 4610000-th SNP and testing association....

Reading 4620000-th SNP and testing association....

Reading 4630000-th SNP and testing association....

Reading 4640000-th SNP and testing association....

Reading 4650000-th SNP and testing association....

Reading 4660000-th SNP and testing association....

Reading 4670000-th SNP and testing association....

Reading 4680000-th SNP and testing association....

Reading 4690000-th SNP and testing association....

Reading 4700000-th SNP and testing association....

Reading 4710000-th SNP and testing association....

Reading 4720000-th SNP and testing association....

Reading 4730000-th SNP and testing association....

Reading 4740000-th SNP and testing association....

Reading 4750000-th SNP and testing association....

Reading 4760000-th SNP and testing association....

Reading 4770000-th SNP and testing association....

Reading 4780000-th SNP and testing association....

Reading 4790000-th SNP and testing association....

Reading 4800000-th SNP and testing association....

Reading 4810000-th SNP and testing association....

Reading 4820000-th SNP and testing association....

Reading 4830000-th SNP and testing association....

Reading 4840000-th SNP and testing association....

Reading 4850000-th SNP and testing association....

Reading 4860000-th SNP and testing association....

Reading 4870000-th SNP and testing association....

Reading 4880000-th SNP and testing association....

Reading 4890000-th SNP and testing association....

Reading 4900000-th SNP and testing association....

Reading 4910000-th SNP and testing association....

Reading 4920000-th SNP and testing association....

Reading 4930000-th SNP and testing association....

Reading 4940000-th SNP and testing association....

Reading 4950000-th SNP and testing association....

Reading 4960000-th SNP and testing association....

Reading 4970000-th SNP and testing association....

Reading 4980000-th SNP and testing association....

Reading 4990000-th SNP and testing association....

Reading 5000000-th SNP and testing association....

Reading 5010000-th SNP and testing association....

Reading 5020000-th SNP and testing association....

Reading 5030000-th SNP and testing association....

Reading 5040000-th SNP and testing association....

Reading 5050000-th SNP and testing association....

Reading 5060000-th SNP and testing association....

Reading 5070000-th SNP and testing association....

Reading 5080000-th SNP and testing association....

Reading 5090000-th SNP and testing association....

Reading 5100000-th SNP and testing association....

Reading 5110000-th SNP and testing association....

Reading 5120000-th SNP and testing association....

Reading 5130000-th SNP and testing association....

Reading 5140000-th SNP and testing association....

Reading 5150000-th SNP and testing association....

Reading 5160000-th SNP and testing association....

Reading 5170000-th SNP and testing association....

Reading 5180000-th SNP and testing association....

Reading 5190000-th SNP and testing association....

Reading 5200000-th SNP and testing association....

Reading 5210000-th SNP and testing association....

Reading 5220000-th SNP and testing association....

Reading 5230000-th SNP and testing association....

Reading 5240000-th SNP and testing association....

Reading 5250000-th SNP and testing association....

Reading 5260000-th SNP and testing association....

Reading 5270000-th SNP and testing association....

Reading 5280000-th SNP and testing association....

Reading 5290000-th SNP and testing association....

Reading 5300000-th SNP and testing association....

Reading 5310000-th SNP and testing association....

Reading 5320000-th SNP and testing association....

Reading 5330000-th SNP and testing association....

Reading 5340000-th SNP and testing association....

Reading 5350000-th SNP and testing association....

Reading 5360000-th SNP and testing association....

Reading 5370000-th SNP and testing association....

Reading 5380000-th SNP and testing association....

Reading 5390000-th SNP and testing association....

Reading 5400000-th SNP and testing association....

Reading 5410000-th SNP and testing association....

Reading 5420000-th SNP and testing association....

Reading 5430000-th SNP and testing association....

Reading 5440000-th SNP and testing association....

Reading 5450000-th SNP and testing association....

Reading 5460000-th SNP and testing association....

Reading 5470000-th SNP and testing association....

Reading 5480000-th SNP and testing association....

Reading 5490000-th SNP and testing association....

Reading 5500000-th SNP and testing association....

Reading 5510000-th SNP and testing association....

Reading 5520000-th SNP and testing association....

Reading 5530000-th SNP and testing association....

Reading 5540000-th SNP and testing association....

Reading 5550000-th SNP and testing association....

Reading 5560000-th SNP and testing association....

Reading 5570000-th SNP and testing association....

Reading 5580000-th SNP and testing association....

Reading 5590000-th SNP and testing association....

Reading 5600000-th SNP and testing association....

Reading 5610000-th SNP and testing association....

Reading 5620000-th SNP and testing association....

Reading 5630000-th SNP and testing association....

Reading 5640000-th SNP and testing association....

Reading 5650000-th SNP and testing association....

Reading 5660000-th SNP and testing association....

Reading 5670000-th SNP and testing association....

Reading 5680000-th SNP and testing association....

Reading 5690000-th SNP and testing association....

Reading 5700000-th SNP and testing association....

Reading 5710000-th SNP and testing association....

Reading 5720000-th SNP and testing association....

Reading 5730000-th SNP and testing association....

Reading 5740000-th SNP and testing association....

Reading 5750000-th SNP and testing association....

Reading 5760000-th SNP and testing association....

Reading 5770000-th SNP and testing association....

Reading 5780000-th SNP and testing association....

Reading 5790000-th SNP and testing association....

Reading 5800000-th SNP and testing association....

Reading 5810000-th SNP and testing association....

Reading 5820000-th SNP and testing association....

Reading 5830000-th SNP and testing association....

Reading 5840000-th SNP and testing association....

Reading 5850000-th SNP and testing association....

Reading 5860000-th SNP and testing association....

Reading 5870000-th SNP and testing association....

Reading 5880000-th SNP and testing association....

Reading 5890000-th SNP and testing association....

Reading 5900000-th SNP and testing association....

Reading 5910000-th SNP and testing association....

Reading 5920000-th SNP and testing association....

Reading 5930000-th SNP and testing association....

Reading 5940000-th SNP and testing association....

Reading 5950000-th SNP and testing association....

Reading 5960000-th SNP and testing association....

Reading 5970000-th SNP and testing association....

Reading 5980000-th SNP and testing association....

Reading 5990000-th SNP and testing association....

Reading 6000000-th SNP and testing association....

Reading 6010000-th SNP and testing association....

Reading 6020000-th SNP and testing association....

Reading 6030000-th SNP and testing association....

Reading 6040000-th SNP and testing association....

Reading 6050000-th SNP and testing association....

Reading 6060000-th SNP and testing association....

Reading 6070000-th SNP and testing association....

Reading 6080000-th SNP and testing association....

Reading 6090000-th SNP and testing association....

Reading 6100000-th SNP and testing association....

Reading 6110000-th SNP and testing association....

Reading 6120000-th SNP and testing association....

Reading 6130000-th SNP and testing association....

Reading 6140000-th SNP and testing association....

Reading 6150000-th SNP and testing association....

Reading 6160000-th SNP and testing association....

Reading 6170000-th SNP and testing association....

Reading 6180000-th SNP and testing association....

Reading 6190000-th SNP and testing association....

Reading 6200000-th SNP and testing association....

Reading 6210000-th SNP and testing association....

Reading 6220000-th SNP and testing association....

Reading 6230000-th SNP and testing association....

Reading 6240000-th SNP and testing association....

Reading 6250000-th SNP and testing association....

Reading 6260000-th SNP and testing association....

Reading 6270000-th SNP and testing association....

Reading 6280000-th SNP and testing association....

Reading 6290000-th SNP and testing association....

Reading 6300000-th SNP and testing association....

Reading 6310000-th SNP and testing association....

Reading 6320000-th SNP and testing association....

Reading 6330000-th SNP and testing association....

Reading 6340000-th SNP and testing association....

Reading 6350000-th SNP and testing association....

Reading 6360000-th SNP and testing association....

Reading 6370000-th SNP and testing association....

Reading 6380000-th SNP and testing association....

Reading 6390000-th SNP and testing association....

Reading 6400000-th SNP and testing association....

Reading 6410000-th SNP and testing association....

Reading 6420000-th SNP and testing association....

Reading 6430000-th SNP and testing association....

Reading 6440000-th SNP and testing association....

Reading 6450000-th SNP and testing association....

Reading 6460000-th SNP and testing association....

Reading 6470000-th SNP and testing association....

Reading 6480000-th SNP and testing association....

Reading 6490000-th SNP and testing association....

Reading 6500000-th SNP and testing association....

Reading 6510000-th SNP and testing association....

Reading 6520000-th SNP and testing association....

Reading 6530000-th SNP and testing association....

Reading 6540000-th SNP and testing association....

Reading 6550000-th SNP and testing association....

Reading 6560000-th SNP and testing association....

Reading 6570000-th SNP and testing association....

Reading 6580000-th SNP and testing association....

Reading 6590000-th SNP and testing association....

Reading 6600000-th SNP and testing association....

Reading 6610000-th SNP and testing association....

Reading 6620000-th SNP and testing association....

Reading 6630000-th SNP and testing association....

Reading 6640000-th SNP and testing association....

Reading 6650000-th SNP and testing association....

Reading 6660000-th SNP and testing association....

Reading 6670000-th SNP and testing association....

Reading 6680000-th SNP and testing association....

Reading 6690000-th SNP and testing association....

Reading 6700000-th SNP and testing association....

Reading 6710000-th SNP and testing association....

Reading 6720000-th SNP and testing association....

Reading 6730000-th SNP and testing association....

Reading 6740000-th SNP and testing association....

Reading 6750000-th SNP and testing association....

Reading 6760000-th SNP and testing association....

Reading 6770000-th SNP and testing association....

Reading 6780000-th SNP and testing association....

Reading 6790000-th SNP and testing association....

Reading 6800000-th SNP and testing association....

Reading 6810000-th SNP and testing association....

Reading 6820000-th SNP and testing association....

Reading 6830000-th SNP and testing association....

Reading 6840000-th SNP and testing association....

Reading 6850000-th SNP and testing association....

Reading 6860000-th SNP and testing association....

Reading 6870000-th SNP and testing association....

Reading 6880000-th SNP and testing association....

Reading 6890000-th SNP and testing association....

Reading 6900000-th SNP and testing association....

Reading 6910000-th SNP and testing association....

Reading 6920000-th SNP and testing association....

Reading 6930000-th SNP and testing association....

Reading 6940000-th SNP and testing association....

Reading 6950000-th SNP and testing association....

Reading 6960000-th SNP and testing association....

Reading 6970000-th SNP and testing association....

Reading 6980000-th SNP and testing association....

Reading 6990000-th SNP and testing association....

Reading 7000000-th SNP and testing association....

Reading 7010000-th SNP and testing association....

Reading 7020000-th SNP and testing association....

Reading 7030000-th SNP and testing association....

Reading 7040000-th SNP and testing association....

Reading 7050000-th SNP and testing association....

Reading 7060000-th SNP and testing association....

Reading 7070000-th SNP and testing association....

Reading 7080000-th SNP and testing association....

Reading 7090000-th SNP and testing association....

Reading 7100000-th SNP and testing association....

Reading 7110000-th SNP and testing association....

GLS association - elapsed CPU time is 1117.156249

Breakdown for input file parsing : 681.573429

              matrix computation : 199.546292

             p-value computation : 18.533040

