
Reading TFAM file /mnt/data/shahar/gwas_barley/morexV3_analysis/USED_GWAS_V2_pipeline/intermediates/morexV3_gwas_genotypes.tfam ....


Reading kinship file /mnt/data/shahar/gwas_barley/morexV3_analysis/USED_GWAS_V2_pipeline/intermediates/morexV3_kinship.aIBS.kinf...

  290 rows and 290 columns were observed with 0 missing values.


Reading the phenotype file /mnt/data/shahar/gwas_barley/data/inputs/fiber_corrected_V3.pheno...

  290 rows and 1 columns were observed with 0 missing values


Reading covariate file /mnt/data/shahar/gwas_barley/morexV3_analysis/USED_GWAS_V2_pipeline/intermediates/covariates/pca_pc3.cov...

  290 rows and 3 columns were observed with 0 missing values. Make sure that the intercept is included in the covariates

File reading - elapsed CPU time is 0.019161

eRvals[0] = 0.020374, eRvals[n-q-1] = 215.307306, eRvals[n-q] = 0.000000
eigen_R - elapsed CPU time is 0.094287
etas[0] = 0.058217, lambdas[0] = 0.020374
etas[1] = 0.042413, lambdas[1] = 0.022224
etas[2] = 0.121960, lambdas[2] = 0.022321
etas[3] = -0.095612, lambdas[3] = 0.022619
etas[4] = 0.105624, lambdas[4] = 0.022706
etas[5] = 0.084915, lambdas[5] = 0.023007
etas[6] = -0.001542, lambdas[6] = 0.023331
etas[7] = 0.025945, lambdas[7] = 0.023388
etas[8] = 0.115034, lambdas[8] = 0.023503
etas[9] = 0.047693, lambdas[9] = 0.023842
etas[10] = 0.003152, lambdas[10] = 0.024441
etas[11] = -0.003993, lambdas[11] = 0.026183
etas[12] = -0.058826, lambdas[12] = 0.026299
etas[13] = -0.042132, lambdas[13] = 0.026624
etas[14] = 0.034462, lambdas[14] = 0.028069
etas[15] = -0.062118, lambdas[15] = 0.028285
etas[16] = 0.006427, lambdas[16] = 0.028386
etas[17] = 0.205173, lambdas[17] = 0.028633
etas[18] = 0.062176, lambdas[18] = 0.028999
etas[19] = 0.148557, lambdas[19] = 0.029209
etas[20] = -0.037757, lambdas[20] = 0.029343
etas[21] = -0.183383, lambdas[21] = 0.029652
etas[22] = 0.032493, lambdas[22] = 0.029881
etas[23] = 0.107032, lambdas[23] = 0.029979
etas[24] = 0.140059, lambdas[24] = 0.030123
etas[25] = -0.025471, lambdas[25] = 0.030495
etas[26] = -0.085635, lambdas[26] = 0.030593
etas[27] = 0.144742, lambdas[27] = 0.031065
etas[28] = -0.036297, lambdas[28] = 0.031565
etas[29] = 0.027696, lambdas[29] = 0.031604
etas[30] = -0.068251, lambdas[30] = 0.031695
etas[31] = -0.152952, lambdas[31] = 0.031720
etas[32] = 0.097070, lambdas[32] = 0.032152
etas[33] = -0.011956, lambdas[33] = 0.032221
etas[34] = -0.051695, lambdas[34] = 0.032331
etas[35] = 0.064149, lambdas[35] = 0.032394
etas[36] = -0.186154, lambdas[36] = 0.032645
etas[37] = 0.204448, lambdas[37] = 0.032825
etas[38] = 0.035000, lambdas[38] = 0.033221
etas[39] = 0.037151, lambdas[39] = 0.033353
etas[40] = 0.012213, lambdas[40] = 0.033876
etas[41] = 0.160081, lambdas[41] = 0.034008
etas[42] = -0.110678, lambdas[42] = 0.034182
etas[43] = -0.030160, lambdas[43] = 0.034372
etas[44] = -0.088906, lambdas[44] = 0.034683
etas[45] = -0.010446, lambdas[45] = 0.036036
etas[46] = 0.107840, lambdas[46] = 0.036235
etas[47] = -0.046977, lambdas[47] = 0.036372
etas[48] = 0.072628, lambdas[48] = 0.037006
etas[49] = -0.062119, lambdas[49] = 0.037117
etas[50] = -0.228715, lambdas[50] = 0.037471
etas[51] = 0.152833, lambdas[51] = 0.037564
etas[52] = 0.007978, lambdas[52] = 0.037598
etas[53] = -0.179625, lambdas[53] = 0.037993
etas[54] = 0.296521, lambdas[54] = 0.038189
etas[55] = 0.117955, lambdas[55] = 0.038741
etas[56] = 0.174274, lambdas[56] = 0.038956
etas[57] = -0.098429, lambdas[57] = 0.039438
etas[58] = -0.100671, lambdas[58] = 0.039603
etas[59] = 0.049519, lambdas[59] = 0.040593
etas[60] = 0.172581, lambdas[60] = 0.041533
etas[61] = -0.151618, lambdas[61] = 0.041665
etas[62] = -0.119767, lambdas[62] = 0.041900
etas[63] = -0.099428, lambdas[63] = 0.042198
etas[64] = -0.127584, lambdas[64] = 0.042405
etas[65] = 0.043670, lambdas[65] = 0.042825
etas[66] = 0.158525, lambdas[66] = 0.043060
etas[67] = 0.179655, lambdas[67] = 0.044091
etas[68] = 0.092439, lambdas[68] = 0.046163
etas[69] = 0.098827, lambdas[69] = 0.046695
etas[70] = -0.045460, lambdas[70] = 0.049562
etas[71] = 0.024937, lambdas[71] = 0.054437
etas[72] = -0.038312, lambdas[72] = 0.059679
etas[73] = -0.028729, lambdas[73] = 0.061004
etas[74] = 0.153655, lambdas[74] = 0.062018
etas[75] = 0.044717, lambdas[75] = 0.062786
etas[76] = -0.085882, lambdas[76] = 0.064090
etas[77] = 0.104031, lambdas[77] = 0.067936
etas[78] = -0.079244, lambdas[78] = 0.069278
etas[79] = 0.004706, lambdas[79] = 0.082940
etas[80] = -0.183443, lambdas[80] = 0.085326
etas[81] = 0.180759, lambdas[81] = 0.088280
etas[82] = 0.264482, lambdas[82] = 0.090145
etas[83] = 0.118412, lambdas[83] = 0.092513
etas[84] = -0.194993, lambdas[84] = 0.095885
etas[85] = -0.285667, lambdas[85] = 0.096711
etas[86] = -0.202855, lambdas[86] = 0.097413
etas[87] = -0.036096, lambdas[87] = 0.098352
etas[88] = 0.083176, lambdas[88] = 0.099113
etas[89] = -0.090171, lambdas[89] = 0.101948
etas[90] = 0.217898, lambdas[90] = 0.103784
etas[91] = -0.102461, lambdas[91] = 0.104473
etas[92] = -0.065325, lambdas[92] = 0.104819
etas[93] = -0.185230, lambdas[93] = 0.105562
etas[94] = 0.275042, lambdas[94] = 0.107392
etas[95] = 0.015854, lambdas[95] = 0.109009
etas[96] = -0.210224, lambdas[96] = 0.110030
etas[97] = 0.020834, lambdas[97] = 0.110666
etas[98] = 0.247436, lambdas[98] = 0.112225
etas[99] = -0.226583, lambdas[99] = 0.112780
etas[100] = -0.130302, lambdas[100] = 0.114406
etas[101] = 0.055030, lambdas[101] = 0.115498
etas[102] = 0.131239, lambdas[102] = 0.115819
etas[103] = 0.142283, lambdas[103] = 0.116477
etas[104] = 0.067937, lambdas[104] = 0.117062
etas[105] = 0.221841, lambdas[105] = 0.118108
etas[106] = -0.258367, lambdas[106] = 0.118835
etas[107] = -0.003628, lambdas[107] = 0.119295
etas[108] = -0.097347, lambdas[108] = 0.119823
etas[109] = -0.052458, lambdas[109] = 0.120491
etas[110] = 0.031726, lambdas[110] = 0.120849
etas[111] = -0.090329, lambdas[111] = 0.121084
etas[112] = -0.206750, lambdas[112] = 0.121329
etas[113] = 0.320517, lambdas[113] = 0.121759
etas[114] = -0.056649, lambdas[114] = 0.122381
etas[115] = 0.017520, lambdas[115] = 0.122840
etas[116] = -0.084398, lambdas[116] = 0.123859
etas[117] = -0.083759, lambdas[117] = 0.124328
etas[118] = -0.011590, lambdas[118] = 0.124583
etas[119] = -0.442501, lambdas[119] = 0.124797
etas[120] = -0.356471, lambdas[120] = 0.125404
etas[121] = 0.130125, lambdas[121] = 0.126105
etas[122] = -0.201670, lambdas[122] = 0.126239
etas[123] = -0.394687, lambdas[123] = 0.126877
etas[124] = 0.123057, lambdas[124] = 0.127541
etas[125] = 0.235321, lambdas[125] = 0.127947
etas[126] = -0.012485, lambdas[126] = 0.128723
etas[127] = -0.106778, lambdas[127] = 0.128838
etas[128] = -0.257969, lambdas[128] = 0.129200
etas[129] = -0.321872, lambdas[129] = 0.129742
etas[130] = -0.352861, lambdas[130] = 0.130059
etas[131] = 0.428185, lambdas[131] = 0.130681
etas[132] = 0.441997, lambdas[132] = 0.131240
etas[133] = -0.114817, lambdas[133] = 0.131713
etas[134] = -0.015691, lambdas[134] = 0.131930
etas[135] = -0.148126, lambdas[135] = 0.132955
etas[136] = 0.149145, lambdas[136] = 0.133290
etas[137] = -0.190501, lambdas[137] = 0.133807
etas[138] = -0.264765, lambdas[138] = 0.134039
etas[139] = 0.025491, lambdas[139] = 0.134901
etas[140] = -0.140199, lambdas[140] = 0.135053
etas[141] = 0.012589, lambdas[141] = 0.135503
etas[142] = 0.172247, lambdas[142] = 0.135960
etas[143] = -0.097497, lambdas[143] = 0.136642
etas[144] = -0.229294, lambdas[144] = 0.137103
etas[145] = -0.101929, lambdas[145] = 0.137482
etas[146] = 0.041133, lambdas[146] = 0.138238
etas[147] = -0.319079, lambdas[147] = 0.139310
etas[148] = 0.133614, lambdas[148] = 0.139495
etas[149] = -0.015379, lambdas[149] = 0.140264
etas[150] = 0.063240, lambdas[150] = 0.140782
etas[151] = -0.224403, lambdas[151] = 0.141076
etas[152] = -0.067392, lambdas[152] = 0.141509
etas[153] = 0.095188, lambdas[153] = 0.142396
etas[154] = 0.088379, lambdas[154] = 0.142858
etas[155] = -0.122952, lambdas[155] = 0.143206
etas[156] = -0.112418, lambdas[156] = 0.143365
etas[157] = 0.079881, lambdas[157] = 0.144235
etas[158] = 0.239225, lambdas[158] = 0.144963
etas[159] = -0.192060, lambdas[159] = 0.145884
etas[160] = -0.113653, lambdas[160] = 0.146252
etas[161] = 0.080957, lambdas[161] = 0.146835
etas[162] = -0.242042, lambdas[162] = 0.147441
etas[163] = 0.139316, lambdas[163] = 0.147733
etas[164] = 0.278903, lambdas[164] = 0.148514
etas[165] = -0.031298, lambdas[165] = 0.149792
etas[166] = 0.219019, lambdas[166] = 0.150053
etas[167] = 0.034726, lambdas[167] = 0.150492
etas[168] = 0.122866, lambdas[168] = 0.151245
etas[169] = 0.049297, lambdas[169] = 0.151580
etas[170] = -0.167894, lambdas[170] = 0.151839
etas[171] = -0.261293, lambdas[171] = 0.152554
etas[172] = 0.303000, lambdas[172] = 0.152733
etas[173] = -0.192863, lambdas[173] = 0.153073
etas[174] = 0.324442, lambdas[174] = 0.153267
etas[175] = -0.192870, lambdas[175] = 0.154658
etas[176] = 0.068115, lambdas[176] = 0.155000
etas[177] = 0.239312, lambdas[177] = 0.155484
etas[178] = 0.351874, lambdas[178] = 0.156398
etas[179] = -0.015576, lambdas[179] = 0.157389
etas[180] = 0.357511, lambdas[180] = 0.157768
etas[181] = -0.030945, lambdas[181] = 0.159327
etas[182] = 0.005025, lambdas[182] = 0.159513
etas[183] = -0.216384, lambdas[183] = 0.160415
etas[184] = 0.160999, lambdas[184] = 0.160849
etas[185] = -0.035183, lambdas[185] = 0.160953
etas[186] = -0.378631, lambdas[186] = 0.162510
etas[187] = 0.081790, lambdas[187] = 0.163016
etas[188] = -0.488130, lambdas[188] = 0.164397
etas[189] = 0.309683, lambdas[189] = 0.164775
etas[190] = -0.134000, lambdas[190] = 0.165737
etas[191] = 0.131650, lambdas[191] = 0.166345
etas[192] = -0.272695, lambdas[192] = 0.167187
etas[193] = -0.225793, lambdas[193] = 0.167743
etas[194] = 0.146556, lambdas[194] = 0.168470
etas[195] = 0.491789, lambdas[195] = 0.169246
etas[196] = 0.381516, lambdas[196] = 0.170029
etas[197] = 0.205175, lambdas[197] = 0.170174
etas[198] = -0.206250, lambdas[198] = 0.171545
etas[199] = 0.424659, lambdas[199] = 0.172005
etas[200] = 0.323449, lambdas[200] = 0.172615
etas[201] = -0.106366, lambdas[201] = 0.173822
etas[202] = 0.027768, lambdas[202] = 0.174235
etas[203] = 0.114590, lambdas[203] = 0.174651
etas[204] = -0.195395, lambdas[204] = 0.176356
etas[205] = -0.185926, lambdas[205] = 0.176920
etas[206] = -0.120741, lambdas[206] = 0.177472
etas[207] = -0.059431, lambdas[207] = 0.178112
etas[208] = -0.121769, lambdas[208] = 0.178752
etas[209] = -0.100787, lambdas[209] = 0.180857
etas[210] = -0.328586, lambdas[210] = 0.181892
etas[211] = -0.244098, lambdas[211] = 0.182252
etas[212] = 0.062537, lambdas[212] = 0.183073
etas[213] = 0.151228, lambdas[213] = 0.184422
etas[214] = -0.449406, lambdas[214] = 0.186335
etas[215] = 0.306826, lambdas[215] = 0.188703
etas[216] = -0.181189, lambdas[216] = 0.189173
etas[217] = 0.273588, lambdas[217] = 0.190546
etas[218] = 0.062305, lambdas[218] = 0.191980
etas[219] = -0.307423, lambdas[219] = 0.193465
etas[220] = 0.060500, lambdas[220] = 0.193651
etas[221] = 0.155086, lambdas[221] = 0.196246
etas[222] = -0.165539, lambdas[222] = 0.197572
etas[223] = 0.034521, lambdas[223] = 0.198934
etas[224] = 0.204499, lambdas[224] = 0.200563
etas[225] = -0.313797, lambdas[225] = 0.201754
etas[226] = -0.013073, lambdas[226] = 0.204026
etas[227] = -0.033201, lambdas[227] = 0.206050
etas[228] = 0.046152, lambdas[228] = 0.207010
etas[229] = -0.022255, lambdas[229] = 0.208301
etas[230] = -0.281059, lambdas[230] = 0.209901
etas[231] = -0.223192, lambdas[231] = 0.212580
etas[232] = -0.536947, lambdas[232] = 0.215009
etas[233] = -0.148207, lambdas[233] = 0.217824
etas[234] = 0.418852, lambdas[234] = 0.218701
etas[235] = 0.124140, lambdas[235] = 0.221980
etas[236] = -0.269239, lambdas[236] = 0.224297
etas[237] = 0.248593, lambdas[237] = 0.226607
etas[238] = -0.054619, lambdas[238] = 0.232023
etas[239] = 0.007690, lambdas[239] = 0.233194
etas[240] = -0.317131, lambdas[240] = 0.234258
etas[241] = -0.132431, lambdas[241] = 0.236443
etas[242] = 0.092967, lambdas[242] = 0.240126
etas[243] = -0.133562, lambdas[243] = 0.240704
etas[244] = -0.322828, lambdas[244] = 0.248815
etas[245] = -0.098333, lambdas[245] = 0.252094
etas[246] = -0.157282, lambdas[246] = 0.254348
etas[247] = -0.030380, lambdas[247] = 0.259644
etas[248] = 0.127712, lambdas[248] = 0.264936
etas[249] = -0.100495, lambdas[249] = 0.279199
etas[250] = -0.133821, lambdas[250] = 0.286441
etas[251] = 0.159201, lambdas[251] = 0.293659
etas[252] = -0.310485, lambdas[252] = 0.299155
etas[253] = 0.041837, lambdas[253] = 0.304584
etas[254] = -0.293909, lambdas[254] = 0.307855
etas[255] = 0.441654, lambdas[255] = 0.313845
etas[256] = -0.118820, lambdas[256] = 0.319519
etas[257] = -0.211905, lambdas[257] = 0.326574
etas[258] = -0.194026, lambdas[258] = 0.334890
etas[259] = -0.113085, lambdas[259] = 0.344130
etas[260] = 0.155288, lambdas[260] = 0.364992
etas[261] = -0.622471, lambdas[261] = 0.371053
etas[262] = -0.292892, lambdas[262] = 0.376984
etas[263] = 0.244708, lambdas[263] = 0.408656
etas[264] = -0.210517, lambdas[264] = 0.415886
etas[265] = -0.079573, lambdas[265] = 0.446495
etas[266] = -0.246725, lambdas[266] = 0.451860
etas[267] = -0.002854, lambdas[267] = 0.474116
etas[268] = 0.439785, lambdas[268] = 0.502536
etas[269] = 0.453998, lambdas[269] = 0.526362
etas[270] = -0.520581, lambdas[270] = 0.549363
etas[271] = 0.232767, lambdas[271] = 0.557332
etas[272] = -0.229733, lambdas[272] = 0.570421
etas[273] = -0.885509, lambdas[273] = 0.638790
etas[274] = -0.145806, lambdas[274] = 0.659676
etas[275] = 0.490987, lambdas[275] = 0.694241
etas[276] = 0.165193, lambdas[276] = 0.809072
etas[277] = -0.129837, lambdas[277] = 0.884340
etas[278] = -0.267158, lambdas[278] = 0.886964
etas[279] = 0.412871, lambdas[279] = 1.091629
etas[280] = -0.161744, lambdas[280] = 1.129934
etas[281] = 0.858721, lambdas[281] = 1.214663
etas[282] = -0.218009, lambdas[282] = 1.294129
etas[283] = 0.516826, lambdas[283] = 1.462132
etas[284] = -0.716423, lambdas[284] = 1.573850
etas[285] = 0.236890, lambdas[285] = 1.812035
etas[286] = -0.378997, lambdas[286] = 215.307306
0	165.973685	165.729241	72.149960
1	165.729241	165.431062	72.151627
2	165.431062	165.067437	72.153660
3	165.067437	164.624156	72.156138
4	164.624156	164.083999	72.159157
5	164.083999	163.426134	72.162834
6	163.426134	162.625416	72.167308
7	162.625416	161.651574	72.172749
8	161.651574	160.468285	72.179358
9	160.468285	159.032143	72.187376
10	159.032143	157.291536	72.197091
11	157.291536	155.185478	72.208838
12	155.185478	152.642472	72.223011
13	152.642472	149.579511	72.240064
14	149.579511	145.901430	72.260514
15	145.901430	141.500852	72.284934
16	141.500852	136.259131	72.313945
17	136.259131	130.048781	72.348189
18	130.048781	122.738019	72.388288
19	122.738019	114.198131	72.434776
20	114.198131	104.314371	72.487990
21	104.314371	93.000913	72.547924
22	93.000913	80.219958	72.614010
23	80.219958	66.004222	72.684845
24	66.004222	50.480817	72.757835
25	50.480817	33.892917	72.828779
26	33.892917	16.613992	72.891413
27	16.613992	-0.851663	72.936972
28	-0.851663	-17.888091	72.953845
29	-17.888091	-33.810099	72.927430
30	-33.810099	-47.927793	72.840324
31	-47.927793	-59.625683	72.672920
32	-59.625683	-68.442627	72.404493
33	-68.442627	-74.135522	72.014692
34	-74.135522	-76.711130	71.485292
35	-76.711130	-76.417383	70.801939
36	-76.417383	-73.695991	69.955569
37	-73.695991	-69.108298	68.943231
38	-69.108298	-63.252505	67.768182
39	-63.252505	-56.690264	66.439266
40	-56.690264	-49.895276	64.969805
41	-49.895276	-43.228424	63.376279
42	-43.228424	-36.936604	61.677120
43	-36.936604	-31.167791	59.891832
44	-31.167791	-25.993798	58.040517
45	-25.993798	-21.433597	56.143746
46	-21.433597	-17.472865	54.222608
47	-17.472865	-14.078112	52.298759
48	-14.078112	-11.205712	50.394292
49	-11.205712	-8.807121	48.531359
50	-8.807121	-6.831731	46.731516
51	-6.831731	-5.228512	45.014886
52	-5.228512	-3.947196	43.399236
53	-3.947196	-2.939337	41.899116
54	-2.939337	-2.159346	40.525193
55	-2.159346	-1.565450	39.283885
56	-1.565450	-1.120441	38.177326
57	-1.120441	-0.792141	37.203663
58	-0.792141	-0.553527	36.357622
59	-0.553527	-0.382537	35.631237
60	-0.382537	-0.261639	35.014637
61	-0.261639	-0.177237	34.496810
62	-0.177237	-0.119024	34.066266
63	-0.119024	-0.079339	33.711563
64	-0.079339	-0.052592	33.421702
65	-0.052592	-0.034767	33.186384
66	-0.034767	-0.023016	32.996167
67	-0.023016	-0.015351	32.842540
68	-0.015351	-0.010396	32.717944
69	-0.010396	-0.007212	32.615765
70	-0.007212	-0.005166	32.530315
71	-0.005166	-0.003838	32.456810
72	-0.003838	-0.002953	32.391348
73	-0.002953	-0.002338	32.330887
74	-0.002338	-0.001885	32.273215
75	-0.001885	-0.001531	32.216895
76	-0.001531	-0.001241	32.161190
77	-0.001241	-0.000997	32.105944
78	-0.000997	-0.000791	32.051446
79	-0.000791	-0.000618	31.998272
80	-0.000618	-0.000475	31.947130
81	-0.000475	-0.000359	31.898725
82	-0.000359	-0.000267	31.853660
83	-0.000267	-0.000196	31.812375
84	-0.000196	-0.000142	31.775119
85	-0.000142	-0.000102	31.741962
86	-0.000102	-0.000072	31.712817
87	-0.000072	-0.000050	31.687477
88	-0.000050	-0.000035	31.665655
89	-0.000035	-0.000024	31.647016
90	-0.000024	-0.000017	31.631207
91	-0.000017	-0.000011	31.617879
92	-0.000011	-0.000008	31.606697
93	-0.000008	-0.000005	31.597356
94	-0.000005	-0.000004	31.589580
95	-0.000004	-0.000002	31.583125
96	-0.000002	-0.000002	31.577781
97	-0.000002	-0.000001	31.573364
98	-0.000001	-0.000001	31.569721
99	-0.000001	-0.000001	31.566719
REMLE (delta=0.012158, REML=72.953896, REML0=31.552945)- elapsed CPU time is 0.013905
eigen_L - elapsed CPU time is 0.050976


Reading TPED file /mnt/data/shahar/gwas_barley/morexV3_analysis/USED_GWAS_V2_pipeline/intermediates/morexV3_gwas_genotypes...

Reading 0-th SNP and testing association....

Reading 10000-th SNP and testing association....

Reading 20000-th SNP and testing association....

Reading 30000-th SNP and testing association....

Reading 40000-th SNP and testing association....

Reading 50000-th SNP and testing association....

Reading 60000-th SNP and testing association....

Reading 70000-th SNP and testing association....

Reading 80000-th SNP and testing association....

Reading 90000-th SNP and testing association....

Reading 100000-th SNP and testing association....

Reading 110000-th SNP and testing association....

Reading 120000-th SNP and testing association....

Reading 130000-th SNP and testing association....

Reading 140000-th SNP and testing association....

Reading 150000-th SNP and testing association....

Reading 160000-th SNP and testing association....

Reading 170000-th SNP and testing association....

Reading 180000-th SNP and testing association....

Reading 190000-th SNP and testing association....

Reading 200000-th SNP and testing association....

Reading 210000-th SNP and testing association....

Reading 220000-th SNP and testing association....

Reading 230000-th SNP and testing association....

Reading 240000-th SNP and testing association....

Reading 250000-th SNP and testing association....

Reading 260000-th SNP and testing association....

Reading 270000-th SNP and testing association....

Reading 280000-th SNP and testing association....

Reading 290000-th SNP and testing association....

Reading 300000-th SNP and testing association....

Reading 310000-th SNP and testing association....

Reading 320000-th SNP and testing association....

Reading 330000-th SNP and testing association....

Reading 340000-th SNP and testing association....

Reading 350000-th SNP and testing association....

Reading 360000-th SNP and testing association....

Reading 370000-th SNP and testing association....

Reading 380000-th SNP and testing association....

Reading 390000-th SNP and testing association....

Reading 400000-th SNP and testing association....

Reading 410000-th SNP and testing association....

Reading 420000-th SNP and testing association....

Reading 430000-th SNP and testing association....

Reading 440000-th SNP and testing association....

Reading 450000-th SNP and testing association....

Reading 460000-th SNP and testing association....

Reading 470000-th SNP and testing association....

Reading 480000-th SNP and testing association....

Reading 490000-th SNP and testing association....

Reading 500000-th SNP and testing association....

Reading 510000-th SNP and testing association....

Reading 520000-th SNP and testing association....

Reading 530000-th SNP and testing association....

Reading 540000-th SNP and testing association....

Reading 550000-th SNP and testing association....

Reading 560000-th SNP and testing association....

Reading 570000-th SNP and testing association....

Reading 580000-th SNP and testing association....

Reading 590000-th SNP and testing association....

Reading 600000-th SNP and testing association....

Reading 610000-th SNP and testing association....

Reading 620000-th SNP and testing association....

Reading 630000-th SNP and testing association....

Reading 640000-th SNP and testing association....

Reading 650000-th SNP and testing association....

Reading 660000-th SNP and testing association....

Reading 670000-th SNP and testing association....

Reading 680000-th SNP and testing association....

Reading 690000-th SNP and testing association....

Reading 700000-th SNP and testing association....

Reading 710000-th SNP and testing association....

Reading 720000-th SNP and testing association....

Reading 730000-th SNP and testing association....

Reading 740000-th SNP and testing association....

Reading 750000-th SNP and testing association....

Reading 760000-th SNP and testing association....

Reading 770000-th SNP and testing association....

Reading 780000-th SNP and testing association....

Reading 790000-th SNP and testing association....

Reading 800000-th SNP and testing association....

Reading 810000-th SNP and testing association....

Reading 820000-th SNP and testing association....

Reading 830000-th SNP and testing association....

Reading 840000-th SNP and testing association....

Reading 850000-th SNP and testing association....

Reading 860000-th SNP and testing association....

Reading 870000-th SNP and testing association....

Reading 880000-th SNP and testing association....

Reading 890000-th SNP and testing association....

Reading 900000-th SNP and testing association....

Reading 910000-th SNP and testing association....

Reading 920000-th SNP and testing association....

Reading 930000-th SNP and testing association....

Reading 940000-th SNP and testing association....

Reading 950000-th SNP and testing association....

Reading 960000-th SNP and testing association....

Reading 970000-th SNP and testing association....

Reading 980000-th SNP and testing association....

Reading 990000-th SNP and testing association....

Reading 1000000-th SNP and testing association....

Reading 1010000-th SNP and testing association....

Reading 1020000-th SNP and testing association....

Reading 1030000-th SNP and testing association....

Reading 1040000-th SNP and testing association....

Reading 1050000-th SNP and testing association....

Reading 1060000-th SNP and testing association....

Reading 1070000-th SNP and testing association....

Reading 1080000-th SNP and testing association....

Reading 1090000-th SNP and testing association....

Reading 1100000-th SNP and testing association....

Reading 1110000-th SNP and testing association....

Reading 1120000-th SNP and testing association....

Reading 1130000-th SNP and testing association....

Reading 1140000-th SNP and testing association....

Reading 1150000-th SNP and testing association....

Reading 1160000-th SNP and testing association....

Reading 1170000-th SNP and testing association....

Reading 1180000-th SNP and testing association....

Reading 1190000-th SNP and testing association....

Reading 1200000-th SNP and testing association....

Reading 1210000-th SNP and testing association....

Reading 1220000-th SNP and testing association....

Reading 1230000-th SNP and testing association....

Reading 1240000-th SNP and testing association....

Reading 1250000-th SNP and testing association....

Reading 1260000-th SNP and testing association....

Reading 1270000-th SNP and testing association....

Reading 1280000-th SNP and testing association....

Reading 1290000-th SNP and testing association....

Reading 1300000-th SNP and testing association....

Reading 1310000-th SNP and testing association....

Reading 1320000-th SNP and testing association....

Reading 1330000-th SNP and testing association....

Reading 1340000-th SNP and testing association....

Reading 1350000-th SNP and testing association....

Reading 1360000-th SNP and testing association....

Reading 1370000-th SNP and testing association....

Reading 1380000-th SNP and testing association....

Reading 1390000-th SNP and testing association....

Reading 1400000-th SNP and testing association....

Reading 1410000-th SNP and testing association....

Reading 1420000-th SNP and testing association....

Reading 1430000-th SNP and testing association....

Reading 1440000-th SNP and testing association....

Reading 1450000-th SNP and testing association....

Reading 1460000-th SNP and testing association....

Reading 1470000-th SNP and testing association....

Reading 1480000-th SNP and testing association....

Reading 1490000-th SNP and testing association....

Reading 1500000-th SNP and testing association....

Reading 1510000-th SNP and testing association....

Reading 1520000-th SNP and testing association....

Reading 1530000-th SNP and testing association....

Reading 1540000-th SNP and testing association....

Reading 1550000-th SNP and testing association....

Reading 1560000-th SNP and testing association....

Reading 1570000-th SNP and testing association....

Reading 1580000-th SNP and testing association....

Reading 1590000-th SNP and testing association....

Reading 1600000-th SNP and testing association....

Reading 1610000-th SNP and testing association....

Reading 1620000-th SNP and testing association....

Reading 1630000-th SNP and testing association....

Reading 1640000-th SNP and testing association....

Reading 1650000-th SNP and testing association....

Reading 1660000-th SNP and testing association....

Reading 1670000-th SNP and testing association....

Reading 1680000-th SNP and testing association....

Reading 1690000-th SNP and testing association....

Reading 1700000-th SNP and testing association....

Reading 1710000-th SNP and testing association....

Reading 1720000-th SNP and testing association....

Reading 1730000-th SNP and testing association....

Reading 1740000-th SNP and testing association....

Reading 1750000-th SNP and testing association....

Reading 1760000-th SNP and testing association....

Reading 1770000-th SNP and testing association....

Reading 1780000-th SNP and testing association....

Reading 1790000-th SNP and testing association....

Reading 1800000-th SNP and testing association....

Reading 1810000-th SNP and testing association....

Reading 1820000-th SNP and testing association....

Reading 1830000-th SNP and testing association....

Reading 1840000-th SNP and testing association....

Reading 1850000-th SNP and testing association....

Reading 1860000-th SNP and testing association....

Reading 1870000-th SNP and testing association....

Reading 1880000-th SNP and testing association....

Reading 1890000-th SNP and testing association....

Reading 1900000-th SNP and testing association....

Reading 1910000-th SNP and testing association....

Reading 1920000-th SNP and testing association....

Reading 1930000-th SNP and testing association....

Reading 1940000-th SNP and testing association....

Reading 1950000-th SNP and testing association....

Reading 1960000-th SNP and testing association....

Reading 1970000-th SNP and testing association....

Reading 1980000-th SNP and testing association....

Reading 1990000-th SNP and testing association....

Reading 2000000-th SNP and testing association....

Reading 2010000-th SNP and testing association....

Reading 2020000-th SNP and testing association....

Reading 2030000-th SNP and testing association....

Reading 2040000-th SNP and testing association....

Reading 2050000-th SNP and testing association....

Reading 2060000-th SNP and testing association....

Reading 2070000-th SNP and testing association....

Reading 2080000-th SNP and testing association....

Reading 2090000-th SNP and testing association....

Reading 2100000-th SNP and testing association....

Reading 2110000-th SNP and testing association....

Reading 2120000-th SNP and testing association....

Reading 2130000-th SNP and testing association....

Reading 2140000-th SNP and testing association....

Reading 2150000-th SNP and testing association....

Reading 2160000-th SNP and testing association....

Reading 2170000-th SNP and testing association....

Reading 2180000-th SNP and testing association....

Reading 2190000-th SNP and testing association....

Reading 2200000-th SNP and testing association....

Reading 2210000-th SNP and testing association....

Reading 2220000-th SNP and testing association....

Reading 2230000-th SNP and testing association....

Reading 2240000-th SNP and testing association....

Reading 2250000-th SNP and testing association....

Reading 2260000-th SNP and testing association....

Reading 2270000-th SNP and testing association....

Reading 2280000-th SNP and testing association....

Reading 2290000-th SNP and testing association....

Reading 2300000-th SNP and testing association....

Reading 2310000-th SNP and testing association....

Reading 2320000-th SNP and testing association....

Reading 2330000-th SNP and testing association....

Reading 2340000-th SNP and testing association....

Reading 2350000-th SNP and testing association....

Reading 2360000-th SNP and testing association....

Reading 2370000-th SNP and testing association....

Reading 2380000-th SNP and testing association....

Reading 2390000-th SNP and testing association....

Reading 2400000-th SNP and testing association....

Reading 2410000-th SNP and testing association....

Reading 2420000-th SNP and testing association....

Reading 2430000-th SNP and testing association....

Reading 2440000-th SNP and testing association....

Reading 2450000-th SNP and testing association....

Reading 2460000-th SNP and testing association....

Reading 2470000-th SNP and testing association....

Reading 2480000-th SNP and testing association....

Reading 2490000-th SNP and testing association....

Reading 2500000-th SNP and testing association....

Reading 2510000-th SNP and testing association....

Reading 2520000-th SNP and testing association....

Reading 2530000-th SNP and testing association....

Reading 2540000-th SNP and testing association....

Reading 2550000-th SNP and testing association....

Reading 2560000-th SNP and testing association....

Reading 2570000-th SNP and testing association....

Reading 2580000-th SNP and testing association....

Reading 2590000-th SNP and testing association....

Reading 2600000-th SNP and testing association....

Reading 2610000-th SNP and testing association....

Reading 2620000-th SNP and testing association....

Reading 2630000-th SNP and testing association....

Reading 2640000-th SNP and testing association....

Reading 2650000-th SNP and testing association....

Reading 2660000-th SNP and testing association....

Reading 2670000-th SNP and testing association....

Reading 2680000-th SNP and testing association....

Reading 2690000-th SNP and testing association....

Reading 2700000-th SNP and testing association....

Reading 2710000-th SNP and testing association....

Reading 2720000-th SNP and testing association....

Reading 2730000-th SNP and testing association....

Reading 2740000-th SNP and testing association....

Reading 2750000-th SNP and testing association....

Reading 2760000-th SNP and testing association....

Reading 2770000-th SNP and testing association....

Reading 2780000-th SNP and testing association....

Reading 2790000-th SNP and testing association....

Reading 2800000-th SNP and testing association....

Reading 2810000-th SNP and testing association....

Reading 2820000-th SNP and testing association....

Reading 2830000-th SNP and testing association....

Reading 2840000-th SNP and testing association....

Reading 2850000-th SNP and testing association....

Reading 2860000-th SNP and testing association....

Reading 2870000-th SNP and testing association....

Reading 2880000-th SNP and testing association....

Reading 2890000-th SNP and testing association....

Reading 2900000-th SNP and testing association....

Reading 2910000-th SNP and testing association....

Reading 2920000-th SNP and testing association....

Reading 2930000-th SNP and testing association....

Reading 2940000-th SNP and testing association....

Reading 2950000-th SNP and testing association....

Reading 2960000-th SNP and testing association....

Reading 2970000-th SNP and testing association....

Reading 2980000-th SNP and testing association....

Reading 2990000-th SNP and testing association....

Reading 3000000-th SNP and testing association....

Reading 3010000-th SNP and testing association....

Reading 3020000-th SNP and testing association....

Reading 3030000-th SNP and testing association....

Reading 3040000-th SNP and testing association....

Reading 3050000-th SNP and testing association....

Reading 3060000-th SNP and testing association....

Reading 3070000-th SNP and testing association....

Reading 3080000-th SNP and testing association....

Reading 3090000-th SNP and testing association....

Reading 3100000-th SNP and testing association....

Reading 3110000-th SNP and testing association....

Reading 3120000-th SNP and testing association....

Reading 3130000-th SNP and testing association....

Reading 3140000-th SNP and testing association....

Reading 3150000-th SNP and testing association....

Reading 3160000-th SNP and testing association....

Reading 3170000-th SNP and testing association....

Reading 3180000-th SNP and testing association....

Reading 3190000-th SNP and testing association....

Reading 3200000-th SNP and testing association....

Reading 3210000-th SNP and testing association....

Reading 3220000-th SNP and testing association....

Reading 3230000-th SNP and testing association....

Reading 3240000-th SNP and testing association....

Reading 3250000-th SNP and testing association....

Reading 3260000-th SNP and testing association....

Reading 3270000-th SNP and testing association....

Reading 3280000-th SNP and testing association....

Reading 3290000-th SNP and testing association....

Reading 3300000-th SNP and testing association....

Reading 3310000-th SNP and testing association....

Reading 3320000-th SNP and testing association....

Reading 3330000-th SNP and testing association....

Reading 3340000-th SNP and testing association....

Reading 3350000-th SNP and testing association....

Reading 3360000-th SNP and testing association....

Reading 3370000-th SNP and testing association....

Reading 3380000-th SNP and testing association....

Reading 3390000-th SNP and testing association....

Reading 3400000-th SNP and testing association....

Reading 3410000-th SNP and testing association....

Reading 3420000-th SNP and testing association....

Reading 3430000-th SNP and testing association....

Reading 3440000-th SNP and testing association....

Reading 3450000-th SNP and testing association....

Reading 3460000-th SNP and testing association....

Reading 3470000-th SNP and testing association....

Reading 3480000-th SNP and testing association....

Reading 3490000-th SNP and testing association....

Reading 3500000-th SNP and testing association....

Reading 3510000-th SNP and testing association....

Reading 3520000-th SNP and testing association....

Reading 3530000-th SNP and testing association....

Reading 3540000-th SNP and testing association....

Reading 3550000-th SNP and testing association....

Reading 3560000-th SNP and testing association....

Reading 3570000-th SNP and testing association....

Reading 3580000-th SNP and testing association....

Reading 3590000-th SNP and testing association....

Reading 3600000-th SNP and testing association....

Reading 3610000-th SNP and testing association....

Reading 3620000-th SNP and testing association....

Reading 3630000-th SNP and testing association....

Reading 3640000-th SNP and testing association....

Reading 3650000-th SNP and testing association....

Reading 3660000-th SNP and testing association....

Reading 3670000-th SNP and testing association....

Reading 3680000-th SNP and testing association....

Reading 3690000-th SNP and testing association....

Reading 3700000-th SNP and testing association....

Reading 3710000-th SNP and testing association....

Reading 3720000-th SNP and testing association....

Reading 3730000-th SNP and testing association....

Reading 3740000-th SNP and testing association....

Reading 3750000-th SNP and testing association....

Reading 3760000-th SNP and testing association....

Reading 3770000-th SNP and testing association....

Reading 3780000-th SNP and testing association....

Reading 3790000-th SNP and testing association....

Reading 3800000-th SNP and testing association....

Reading 3810000-th SNP and testing association....

Reading 3820000-th SNP and testing association....

Reading 3830000-th SNP and testing association....

Reading 3840000-th SNP and testing association....

Reading 3850000-th SNP and testing association....

Reading 3860000-th SNP and testing association....

Reading 3870000-th SNP and testing association....

Reading 3880000-th SNP and testing association....

Reading 3890000-th SNP and testing association....

Reading 3900000-th SNP and testing association....

Reading 3910000-th SNP and testing association....

Reading 3920000-th SNP and testing association....

Reading 3930000-th SNP and testing association....

Reading 3940000-th SNP and testing association....

Reading 3950000-th SNP and testing association....

Reading 3960000-th SNP and testing association....

Reading 3970000-th SNP and testing association....

Reading 3980000-th SNP and testing association....

Reading 3990000-th SNP and testing association....

Reading 4000000-th SNP and testing association....

Reading 4010000-th SNP and testing association....

Reading 4020000-th SNP and testing association....

Reading 4030000-th SNP and testing association....

Reading 4040000-th SNP and testing association....

Reading 4050000-th SNP and testing association....

Reading 4060000-th SNP and testing association....

Reading 4070000-th SNP and testing association....

Reading 4080000-th SNP and testing association....

Reading 4090000-th SNP and testing association....

Reading 4100000-th SNP and testing association....

Reading 4110000-th SNP and testing association....

Reading 4120000-th SNP and testing association....

Reading 4130000-th SNP and testing association....

Reading 4140000-th SNP and testing association....

Reading 4150000-th SNP and testing association....

Reading 4160000-th SNP and testing association....

Reading 4170000-th SNP and testing association....

Reading 4180000-th SNP and testing association....

Reading 4190000-th SNP and testing association....

Reading 4200000-th SNP and testing association....

Reading 4210000-th SNP and testing association....

Reading 4220000-th SNP and testing association....

Reading 4230000-th SNP and testing association....

Reading 4240000-th SNP and testing association....

Reading 4250000-th SNP and testing association....

Reading 4260000-th SNP and testing association....

Reading 4270000-th SNP and testing association....

Reading 4280000-th SNP and testing association....

Reading 4290000-th SNP and testing association....

Reading 4300000-th SNP and testing association....

Reading 4310000-th SNP and testing association....

Reading 4320000-th SNP and testing association....

Reading 4330000-th SNP and testing association....

Reading 4340000-th SNP and testing association....

Reading 4350000-th SNP and testing association....

Reading 4360000-th SNP and testing association....

Reading 4370000-th SNP and testing association....

Reading 4380000-th SNP and testing association....

Reading 4390000-th SNP and testing association....

Reading 4400000-th SNP and testing association....

Reading 4410000-th SNP and testing association....

Reading 4420000-th SNP and testing association....

Reading 4430000-th SNP and testing association....

Reading 4440000-th SNP and testing association....

Reading 4450000-th SNP and testing association....

Reading 4460000-th SNP and testing association....

Reading 4470000-th SNP and testing association....

Reading 4480000-th SNP and testing association....

Reading 4490000-th SNP and testing association....

Reading 4500000-th SNP and testing association....

Reading 4510000-th SNP and testing association....

Reading 4520000-th SNP and testing association....

Reading 4530000-th SNP and testing association....

Reading 4540000-th SNP and testing association....

Reading 4550000-th SNP and testing association....

Reading 4560000-th SNP and testing association....

Reading 4570000-th SNP and testing association....

Reading 4580000-th SNP and testing association....

Reading 4590000-th SNP and testing association....

Reading 4600000-th SNP and testing association....

Reading 4610000-th SNP and testing association....

Reading 4620000-th SNP and testing association....

Reading 4630000-th SNP and testing association....

Reading 4640000-th SNP and testing association....

Reading 4650000-th SNP and testing association....

Reading 4660000-th SNP and testing association....

Reading 4670000-th SNP and testing association....

Reading 4680000-th SNP and testing association....

Reading 4690000-th SNP and testing association....

Reading 4700000-th SNP and testing association....

Reading 4710000-th SNP and testing association....

Reading 4720000-th SNP and testing association....

Reading 4730000-th SNP and testing association....

Reading 4740000-th SNP and testing association....

Reading 4750000-th SNP and testing association....

Reading 4760000-th SNP and testing association....

Reading 4770000-th SNP and testing association....

Reading 4780000-th SNP and testing association....

Reading 4790000-th SNP and testing association....

Reading 4800000-th SNP and testing association....

Reading 4810000-th SNP and testing association....

Reading 4820000-th SNP and testing association....

Reading 4830000-th SNP and testing association....

Reading 4840000-th SNP and testing association....

Reading 4850000-th SNP and testing association....

Reading 4860000-th SNP and testing association....

Reading 4870000-th SNP and testing association....

Reading 4880000-th SNP and testing association....

Reading 4890000-th SNP and testing association....

Reading 4900000-th SNP and testing association....

Reading 4910000-th SNP and testing association....

Reading 4920000-th SNP and testing association....

Reading 4930000-th SNP and testing association....

Reading 4940000-th SNP and testing association....

Reading 4950000-th SNP and testing association....

Reading 4960000-th SNP and testing association....

Reading 4970000-th SNP and testing association....

Reading 4980000-th SNP and testing association....

Reading 4990000-th SNP and testing association....

Reading 5000000-th SNP and testing association....

Reading 5010000-th SNP and testing association....

Reading 5020000-th SNP and testing association....

Reading 5030000-th SNP and testing association....

Reading 5040000-th SNP and testing association....

Reading 5050000-th SNP and testing association....

Reading 5060000-th SNP and testing association....

Reading 5070000-th SNP and testing association....

Reading 5080000-th SNP and testing association....

Reading 5090000-th SNP and testing association....

Reading 5100000-th SNP and testing association....

Reading 5110000-th SNP and testing association....

Reading 5120000-th SNP and testing association....

Reading 5130000-th SNP and testing association....

Reading 5140000-th SNP and testing association....

Reading 5150000-th SNP and testing association....

Reading 5160000-th SNP and testing association....

Reading 5170000-th SNP and testing association....

Reading 5180000-th SNP and testing association....

Reading 5190000-th SNP and testing association....

Reading 5200000-th SNP and testing association....

Reading 5210000-th SNP and testing association....

Reading 5220000-th SNP and testing association....

Reading 5230000-th SNP and testing association....

Reading 5240000-th SNP and testing association....

Reading 5250000-th SNP and testing association....

Reading 5260000-th SNP and testing association....

Reading 5270000-th SNP and testing association....

Reading 5280000-th SNP and testing association....

Reading 5290000-th SNP and testing association....

Reading 5300000-th SNP and testing association....

Reading 5310000-th SNP and testing association....

Reading 5320000-th SNP and testing association....

Reading 5330000-th SNP and testing association....

Reading 5340000-th SNP and testing association....

Reading 5350000-th SNP and testing association....

Reading 5360000-th SNP and testing association....

Reading 5370000-th SNP and testing association....

Reading 5380000-th SNP and testing association....

Reading 5390000-th SNP and testing association....

Reading 5400000-th SNP and testing association....

Reading 5410000-th SNP and testing association....

Reading 5420000-th SNP and testing association....

Reading 5430000-th SNP and testing association....

Reading 5440000-th SNP and testing association....

Reading 5450000-th SNP and testing association....

Reading 5460000-th SNP and testing association....

Reading 5470000-th SNP and testing association....

Reading 5480000-th SNP and testing association....

Reading 5490000-th SNP and testing association....

Reading 5500000-th SNP and testing association....

Reading 5510000-th SNP and testing association....

Reading 5520000-th SNP and testing association....

Reading 5530000-th SNP and testing association....

Reading 5540000-th SNP and testing association....

Reading 5550000-th SNP and testing association....

Reading 5560000-th SNP and testing association....

Reading 5570000-th SNP and testing association....

Reading 5580000-th SNP and testing association....

Reading 5590000-th SNP and testing association....

Reading 5600000-th SNP and testing association....

Reading 5610000-th SNP and testing association....

Reading 5620000-th SNP and testing association....

Reading 5630000-th SNP and testing association....

Reading 5640000-th SNP and testing association....

Reading 5650000-th SNP and testing association....

Reading 5660000-th SNP and testing association....

Reading 5670000-th SNP and testing association....

Reading 5680000-th SNP and testing association....

Reading 5690000-th SNP and testing association....

Reading 5700000-th SNP and testing association....

Reading 5710000-th SNP and testing association....

Reading 5720000-th SNP and testing association....

Reading 5730000-th SNP and testing association....

Reading 5740000-th SNP and testing association....

Reading 5750000-th SNP and testing association....

Reading 5760000-th SNP and testing association....

Reading 5770000-th SNP and testing association....

Reading 5780000-th SNP and testing association....

Reading 5790000-th SNP and testing association....

Reading 5800000-th SNP and testing association....

Reading 5810000-th SNP and testing association....

Reading 5820000-th SNP and testing association....

Reading 5830000-th SNP and testing association....

Reading 5840000-th SNP and testing association....

Reading 5850000-th SNP and testing association....

Reading 5860000-th SNP and testing association....

Reading 5870000-th SNP and testing association....

Reading 5880000-th SNP and testing association....

Reading 5890000-th SNP and testing association....

Reading 5900000-th SNP and testing association....

Reading 5910000-th SNP and testing association....

Reading 5920000-th SNP and testing association....

Reading 5930000-th SNP and testing association....

Reading 5940000-th SNP and testing association....

Reading 5950000-th SNP and testing association....

Reading 5960000-th SNP and testing association....

Reading 5970000-th SNP and testing association....

Reading 5980000-th SNP and testing association....

Reading 5990000-th SNP and testing association....

Reading 6000000-th SNP and testing association....

Reading 6010000-th SNP and testing association....

Reading 6020000-th SNP and testing association....

Reading 6030000-th SNP and testing association....

Reading 6040000-th SNP and testing association....

Reading 6050000-th SNP and testing association....

Reading 6060000-th SNP and testing association....

Reading 6070000-th SNP and testing association....

Reading 6080000-th SNP and testing association....

Reading 6090000-th SNP and testing association....

Reading 6100000-th SNP and testing association....

Reading 6110000-th SNP and testing association....

Reading 6120000-th SNP and testing association....

Reading 6130000-th SNP and testing association....

Reading 6140000-th SNP and testing association....

Reading 6150000-th SNP and testing association....

Reading 6160000-th SNP and testing association....

Reading 6170000-th SNP and testing association....

Reading 6180000-th SNP and testing association....

Reading 6190000-th SNP and testing association....

Reading 6200000-th SNP and testing association....

Reading 6210000-th SNP and testing association....

Reading 6220000-th SNP and testing association....

Reading 6230000-th SNP and testing association....

Reading 6240000-th SNP and testing association....

Reading 6250000-th SNP and testing association....

Reading 6260000-th SNP and testing association....

Reading 6270000-th SNP and testing association....

Reading 6280000-th SNP and testing association....

Reading 6290000-th SNP and testing association....

Reading 6300000-th SNP and testing association....

Reading 6310000-th SNP and testing association....

Reading 6320000-th SNP and testing association....

Reading 6330000-th SNP and testing association....

Reading 6340000-th SNP and testing association....

Reading 6350000-th SNP and testing association....

Reading 6360000-th SNP and testing association....

Reading 6370000-th SNP and testing association....

Reading 6380000-th SNP and testing association....

Reading 6390000-th SNP and testing association....

Reading 6400000-th SNP and testing association....

Reading 6410000-th SNP and testing association....

Reading 6420000-th SNP and testing association....

Reading 6430000-th SNP and testing association....

Reading 6440000-th SNP and testing association....

Reading 6450000-th SNP and testing association....

Reading 6460000-th SNP and testing association....

Reading 6470000-th SNP and testing association....

Reading 6480000-th SNP and testing association....

Reading 6490000-th SNP and testing association....

Reading 6500000-th SNP and testing association....

Reading 6510000-th SNP and testing association....

Reading 6520000-th SNP and testing association....

Reading 6530000-th SNP and testing association....

Reading 6540000-th SNP and testing association....

Reading 6550000-th SNP and testing association....

Reading 6560000-th SNP and testing association....

Reading 6570000-th SNP and testing association....

Reading 6580000-th SNP and testing association....

Reading 6590000-th SNP and testing association....

Reading 6600000-th SNP and testing association....

Reading 6610000-th SNP and testing association....

Reading 6620000-th SNP and testing association....

Reading 6630000-th SNP and testing association....

Reading 6640000-th SNP and testing association....

Reading 6650000-th SNP and testing association....

Reading 6660000-th SNP and testing association....

Reading 6670000-th SNP and testing association....

Reading 6680000-th SNP and testing association....

Reading 6690000-th SNP and testing association....

Reading 6700000-th SNP and testing association....

Reading 6710000-th SNP and testing association....

Reading 6720000-th SNP and testing association....

Reading 6730000-th SNP and testing association....

Reading 6740000-th SNP and testing association....

Reading 6750000-th SNP and testing association....

Reading 6760000-th SNP and testing association....

Reading 6770000-th SNP and testing association....

Reading 6780000-th SNP and testing association....

Reading 6790000-th SNP and testing association....

Reading 6800000-th SNP and testing association....

Reading 6810000-th SNP and testing association....

Reading 6820000-th SNP and testing association....

Reading 6830000-th SNP and testing association....

Reading 6840000-th SNP and testing association....

Reading 6850000-th SNP and testing association....

Reading 6860000-th SNP and testing association....

Reading 6870000-th SNP and testing association....

Reading 6880000-th SNP and testing association....

Reading 6890000-th SNP and testing association....

Reading 6900000-th SNP and testing association....

Reading 6910000-th SNP and testing association....

Reading 6920000-th SNP and testing association....

Reading 6930000-th SNP and testing association....

Reading 6940000-th SNP and testing association....

Reading 6950000-th SNP and testing association....

Reading 6960000-th SNP and testing association....

Reading 6970000-th SNP and testing association....

Reading 6980000-th SNP and testing association....

Reading 6990000-th SNP and testing association....

Reading 7000000-th SNP and testing association....

Reading 7010000-th SNP and testing association....

Reading 7020000-th SNP and testing association....

Reading 7030000-th SNP and testing association....

Reading 7040000-th SNP and testing association....

Reading 7050000-th SNP and testing association....

Reading 7060000-th SNP and testing association....

Reading 7070000-th SNP and testing association....

Reading 7080000-th SNP and testing association....

Reading 7090000-th SNP and testing association....

Reading 7100000-th SNP and testing association....

Reading 7110000-th SNP and testing association....

GLS association - elapsed CPU time is 1018.647858

Breakdown for input file parsing : 705.251218

              matrix computation : 168.867621

             p-value computation : 11.649409

