
Reading TFAM file /mnt/data/shahar/gwas_barley/morexV3_analysis/USED_GWAS_V2_pipeline/intermediates/morexV3_gwas_genotypes.tfam ....


Reading kinship file /mnt/data/shahar/gwas_barley/morexV3_analysis/USED_GWAS_V2_pipeline/intermediates/morexV3_kinship.aIBS.kinf...

  290 rows and 290 columns were observed with 0 missing values.


Reading the phenotype file /mnt/data/shahar/gwas_barley/data/inputs/fiber_corrected_V3.pheno...

  290 rows and 1 columns were observed with 0 missing values


Reading covariate file /mnt/data/shahar/gwas_barley/morexV3_analysis/USED_GWAS_V2_pipeline/intermediates/covariates/pca_pc10.cov...

  290 rows and 10 columns were observed with 0 missing values. Make sure that the intercept is included in the covariates

File reading - elapsed CPU time is 0.019275

eRvals[0] = 0.020552, eRvals[n-q-1] = 215.286108, eRvals[n-q] = 0.000000
eigen_R - elapsed CPU time is 0.092768
etas[0] = -0.061902, lambdas[0] = 0.020552
etas[1] = 0.046353, lambdas[1] = 0.022291
etas[2] = -0.153907, lambdas[2] = 0.022581
etas[3] = -0.074295, lambdas[3] = 0.022683
etas[4] = 0.038855, lambdas[4] = 0.022848
etas[5] = -0.077842, lambdas[5] = 0.023126
etas[6] = -0.020763, lambdas[6] = 0.023385
etas[7] = -0.036671, lambdas[7] = 0.023486
etas[8] = -0.119145, lambdas[8] = 0.023549
etas[9] = 0.042775, lambdas[9] = 0.024020
etas[10] = -0.012747, lambdas[10] = 0.024690
etas[11] = -0.014302, lambdas[11] = 0.026191
etas[12] = -0.088376, lambdas[12] = 0.026630
etas[13] = 0.017988, lambdas[13] = 0.026681
etas[14] = -0.020497, lambdas[14] = 0.028256
etas[15] = -0.074146, lambdas[15] = 0.028344
etas[16] = -0.028766, lambdas[16] = 0.028482
etas[17] = 0.174652, lambdas[17] = 0.028930
etas[18] = 0.098857, lambdas[18] = 0.029055
etas[19] = 0.111218, lambdas[19] = 0.029326
etas[20] = -0.156236, lambdas[20] = 0.029699
etas[21] = 0.116322, lambdas[21] = 0.029891
etas[22] = -0.000454, lambdas[22] = 0.029977
etas[23] = 0.203287, lambdas[23] = 0.030039
etas[24] = 0.085416, lambdas[24] = 0.030330
etas[25] = -0.045636, lambdas[25] = 0.030590
etas[26] = -0.060984, lambdas[26] = 0.030635
etas[27] = 0.152038, lambdas[27] = 0.031077
etas[28] = -0.137472, lambdas[28] = 0.031646
etas[29] = -0.021049, lambdas[29] = 0.031687
etas[30] = -0.071143, lambdas[30] = 0.031784
etas[31] = -0.026694, lambdas[31] = 0.032107
etas[32] = 0.100670, lambdas[32] = 0.032175
etas[33] = 0.014599, lambdas[33] = 0.032290
etas[34] = -0.026723, lambdas[34] = 0.032376
etas[35] = 0.206063, lambdas[35] = 0.032603
etas[36] = 0.208741, lambdas[36] = 0.032907
etas[37] = -0.031930, lambdas[37] = 0.032959
etas[38] = 0.007159, lambdas[38] = 0.033245
etas[39] = 0.037105, lambdas[39] = 0.033471
etas[40] = -0.086912, lambdas[40] = 0.034180
etas[41] = -0.022961, lambdas[41] = 0.034390
etas[42] = 0.127411, lambdas[42] = 0.034545
etas[43] = -0.116074, lambdas[43] = 0.034706
etas[44] = -0.057547, lambdas[44] = 0.035986
etas[45] = 0.151689, lambdas[45] = 0.036348
etas[46] = 0.059759, lambdas[46] = 0.036368
etas[47] = -0.064584, lambdas[47] = 0.036510
etas[48] = -0.087072, lambdas[48] = 0.037050
etas[49] = 0.091167, lambdas[49] = 0.037140
etas[50] = -0.127680, lambdas[50] = 0.037567
etas[51] = 0.188020, lambdas[51] = 0.037656
etas[52] = 0.081976, lambdas[52] = 0.037824
etas[53] = 0.131899, lambdas[53] = 0.038068
etas[54] = 0.315914, lambdas[54] = 0.038293
etas[55] = 0.096936, lambdas[55] = 0.038798
etas[56] = 0.162444, lambdas[56] = 0.038980
etas[57] = -0.146862, lambdas[57] = 0.039617
etas[58] = 0.026723, lambdas[58] = 0.040314
etas[59] = -0.009555, lambdas[59] = 0.041850
etas[60] = 0.106590, lambdas[60] = 0.041947
etas[61] = -0.144593, lambdas[61] = 0.042088
etas[62] = -0.066123, lambdas[62] = 0.042154
etas[63] = 0.209121, lambdas[63] = 0.042261
etas[64] = 0.214540, lambdas[64] = 0.042701
etas[65] = -0.127466, lambdas[65] = 0.042942
etas[66] = 0.074961, lambdas[66] = 0.043807
etas[67] = -0.179657, lambdas[67] = 0.044298
etas[68] = -0.070911, lambdas[68] = 0.047126
etas[69] = -0.065014, lambdas[69] = 0.047593
etas[70] = -0.072308, lambdas[70] = 0.050641
etas[71] = 0.040609, lambdas[71] = 0.059574
etas[72] = 0.013026, lambdas[72] = 0.059766
etas[73] = -0.022828, lambdas[73] = 0.061037
etas[74] = 0.155631, lambdas[74] = 0.062039
etas[75] = 0.060842, lambdas[75] = 0.062993
etas[76] = -0.087314, lambdas[76] = 0.064729
etas[77] = 0.070321, lambdas[77] = 0.068507
etas[78] = -0.078192, lambdas[78] = 0.069418
etas[79] = -0.000250, lambdas[79] = 0.083015
etas[80] = -0.180518, lambdas[80] = 0.085350
etas[81] = 0.193396, lambdas[81] = 0.088366
etas[82] = 0.272267, lambdas[82] = 0.090180
etas[83] = 0.003931, lambdas[83] = 0.094704
etas[84] = -0.186740, lambdas[84] = 0.095953
etas[85] = -0.289520, lambdas[85] = 0.096726
etas[86] = -0.211762, lambdas[86] = 0.097527
etas[87] = -0.030390, lambdas[87] = 0.098367
etas[88] = 0.062254, lambdas[88] = 0.099299
etas[89] = -0.089143, lambdas[89] = 0.102045
etas[90] = -0.218270, lambdas[90] = 0.103966
etas[91] = 0.097461, lambdas[91] = 0.104530
etas[92] = -0.077925, lambdas[92] = 0.104890
etas[93] = 0.176477, lambdas[93] = 0.105692
etas[94] = 0.261770, lambdas[94] = 0.107539
etas[95] = 0.092077, lambdas[95] = 0.109476
etas[96] = 0.113594, lambdas[96] = 0.110603
etas[97] = -0.105865, lambdas[97] = 0.111039
etas[98] = -0.236451, lambdas[98] = 0.112250
etas[99] = -0.244219, lambdas[99] = 0.112867
etas[100] = -0.126751, lambdas[100] = 0.114431
etas[101] = -0.069123, lambdas[101] = 0.115591
etas[102] = -0.178234, lambdas[102] = 0.116081
etas[103] = 0.035048, lambdas[103] = 0.116989
etas[104] = 0.091010, lambdas[104] = 0.117195
etas[105] = -0.281149, lambdas[105] = 0.118322
etas[106] = 0.196576, lambdas[106] = 0.119049
etas[107] = 0.002531, lambdas[107] = 0.119340
etas[108] = -0.115123, lambdas[108] = 0.119913
etas[109] = 0.041277, lambdas[109] = 0.120659
etas[110] = -0.087961, lambdas[110] = 0.120933
etas[111] = 0.119858, lambdas[111] = 0.121186
etas[112] = -0.126603, lambdas[112] = 0.121600
etas[113] = 0.392251, lambdas[113] = 0.121860
etas[114] = -0.096528, lambdas[114] = 0.122498
etas[115] = -0.021416, lambdas[115] = 0.123142
etas[116] = 0.038938, lambdas[116] = 0.123960
etas[117] = 0.140607, lambdas[117] = 0.124367
etas[118] = -0.048102, lambdas[118] = 0.124642
etas[119] = -0.337401, lambdas[119] = 0.125013
etas[120] = -0.265541, lambdas[120] = 0.125613
etas[121] = 0.021432, lambdas[121] = 0.126345
etas[122] = 0.216794, lambdas[122] = 0.126470
etas[123] = -0.359175, lambdas[123] = 0.127241
etas[124] = 0.336571, lambdas[124] = 0.127905
etas[125] = 0.132652, lambdas[125] = 0.128082
etas[126] = 0.016158, lambdas[126] = 0.128772
etas[127] = 0.028856, lambdas[127] = 0.129329
etas[128] = 0.330333, lambdas[128] = 0.129452
etas[129] = 0.271896, lambdas[129] = 0.129892
etas[130] = -0.202560, lambdas[130] = 0.130456
etas[131] = 0.545626, lambdas[131] = 0.130744
etas[132] = 0.443395, lambdas[132] = 0.131403
etas[133] = -0.154039, lambdas[133] = 0.131985
etas[134] = -0.133785, lambdas[134] = 0.132098
etas[135] = 0.173442, lambdas[135] = 0.132976
etas[136] = -0.148562, lambdas[136] = 0.133342
etas[137] = -0.067251, lambdas[137] = 0.134174
etas[138] = -0.342208, lambdas[138] = 0.134285
etas[139] = 0.027392, lambdas[139] = 0.134964
etas[140] = -0.088385, lambdas[140] = 0.135308
etas[141] = -0.008809, lambdas[141] = 0.135665
etas[142] = 0.203469, lambdas[142] = 0.136218
etas[143] = -0.067749, lambdas[143] = 0.136702
etas[144] = -0.243023, lambdas[144] = 0.137202
etas[145] = -0.194754, lambdas[145] = 0.137703
etas[146] = 0.034944, lambdas[146] = 0.138548
etas[147] = -0.221406, lambdas[147] = 0.139484
etas[148] = -0.172925, lambdas[148] = 0.139656
etas[149] = 0.013383, lambdas[149] = 0.140353
etas[150] = -0.063630, lambdas[150] = 0.140815
etas[151] = 0.207257, lambdas[151] = 0.141269
etas[152] = 0.074057, lambdas[152] = 0.141572
etas[153] = 0.031318, lambdas[153] = 0.142656
etas[154] = 0.139720, lambdas[154] = 0.143120
etas[155] = 0.053229, lambdas[155] = 0.143332
etas[156] = 0.139238, lambdas[156] = 0.143568
etas[157] = -0.062044, lambdas[157] = 0.144388
etas[158] = -0.232581, lambdas[158] = 0.144994
etas[159] = -0.187467, lambdas[159] = 0.145963
etas[160] = -0.167809, lambdas[160] = 0.146438
etas[161] = -0.072777, lambdas[161] = 0.146889
etas[162] = -0.279683, lambdas[162] = 0.147739
etas[163] = 0.027049, lambdas[163] = 0.147977
etas[164] = 0.270812, lambdas[164] = 0.148591
etas[165] = -0.080147, lambdas[165] = 0.149936
etas[166] = 0.231102, lambdas[166] = 0.150211
etas[167] = -0.101822, lambdas[167] = 0.150669
etas[168] = 0.088321, lambdas[168] = 0.151450
etas[169] = -0.080606, lambdas[169] = 0.151626
etas[170] = -0.123440, lambdas[170] = 0.151992
etas[171] = -0.304621, lambdas[171] = 0.152592
etas[172] = -0.206270, lambdas[172] = 0.152837
etas[173] = 0.234745, lambdas[173] = 0.153119
etas[174] = 0.359089, lambdas[174] = 0.153473
etas[175] = -0.205181, lambdas[175] = 0.154956
etas[176] = 0.053577, lambdas[176] = 0.155016
etas[177] = -0.216111, lambdas[177] = 0.155582
etas[178] = -0.350358, lambdas[178] = 0.156432
etas[179] = 0.023926, lambdas[179] = 0.157568
etas[180] = 0.371263, lambdas[180] = 0.157828
etas[181] = -0.032057, lambdas[181] = 0.159555
etas[182] = 0.014004, lambdas[182] = 0.159804
etas[183] = -0.179589, lambdas[183] = 0.160673
etas[184] = -0.104879, lambdas[184] = 0.160989
etas[185] = 0.048277, lambdas[185] = 0.161128
etas[186] = -0.374533, lambdas[186] = 0.162578
etas[187] = 0.067732, lambdas[187] = 0.163119
etas[188] = 0.464229, lambdas[188] = 0.164491
etas[189] = 0.351054, lambdas[189] = 0.164962
etas[190] = 0.065751, lambdas[190] = 0.165874
etas[191] = -0.133589, lambdas[191] = 0.166409
etas[192] = 0.330193, lambdas[192] = 0.167385
etas[193] = 0.161966, lambdas[193] = 0.167905
etas[194] = 0.165590, lambdas[194] = 0.168561
etas[195] = 0.469311, lambdas[195] = 0.169334
etas[196] = 0.343073, lambdas[196] = 0.170151
etas[197] = -0.376022, lambdas[197] = 0.170480
etas[198] = -0.144291, lambdas[198] = 0.171615
etas[199] = 0.417811, lambdas[199] = 0.172066
etas[200] = -0.290222, lambdas[200] = 0.172744
etas[201] = 0.123919, lambdas[201] = 0.173943
etas[202] = 0.041357, lambdas[202] = 0.174293
etas[203] = 0.088963, lambdas[203] = 0.174963
etas[204] = 0.209615, lambdas[204] = 0.176415
etas[205] = 0.137513, lambdas[205] = 0.177269
etas[206] = -0.160045, lambdas[206] = 0.177516
etas[207] = 0.107301, lambdas[207] = 0.178241
etas[208] = -0.084386, lambdas[208] = 0.178941
etas[209] = 0.107090, lambdas[209] = 0.180884
etas[210] = -0.293979, lambdas[210] = 0.182006
etas[211] = -0.307885, lambdas[211] = 0.182326
etas[212] = -0.043525, lambdas[212] = 0.183131
etas[213] = 0.160917, lambdas[213] = 0.184543
etas[214] = -0.428753, lambdas[214] = 0.186387
etas[215] = 0.307425, lambdas[215] = 0.188752
etas[216] = -0.190473, lambdas[216] = 0.189258
etas[217] = 0.236468, lambdas[217] = 0.190751
etas[218] = 0.046594, lambdas[218] = 0.192115
etas[219] = 0.312560, lambdas[219] = 0.193699
etas[220] = 0.060080, lambdas[220] = 0.193845
etas[221] = 0.163087, lambdas[221] = 0.196292
etas[222] = -0.160198, lambdas[222] = 0.197739
etas[223] = 0.024816, lambdas[223] = 0.199074
etas[224] = 0.204747, lambdas[224] = 0.200647
etas[225] = -0.313329, lambdas[225] = 0.201846
etas[226] = -0.016148, lambdas[226] = 0.204129
etas[227] = -0.021190, lambdas[227] = 0.206190
etas[228] = 0.040987, lambdas[228] = 0.207202
etas[229] = -0.021127, lambdas[229] = 0.208485
etas[230] = -0.279331, lambdas[230] = 0.210041
etas[231] = -0.217558, lambdas[231] = 0.212671
etas[232] = -0.525168, lambdas[232] = 0.215144
etas[233] = -0.091465, lambdas[233] = 0.217957
etas[234] = 0.434760, lambdas[234] = 0.218891
etas[235] = 0.128356, lambdas[235] = 0.222118
etas[236] = -0.265013, lambdas[236] = 0.224499
etas[237] = -0.256240, lambdas[237] = 0.226761
etas[238] = -0.040759, lambdas[238] = 0.232198
etas[239] = 0.005696, lambdas[239] = 0.233364
etas[240] = -0.323472, lambdas[240] = 0.234692
etas[241] = -0.098267, lambdas[241] = 0.237008
etas[242] = 0.114225, lambdas[242] = 0.240243
etas[243] = 0.137076, lambdas[243] = 0.241727
etas[244] = 0.312152, lambdas[244] = 0.249056
etas[245] = -0.098422, lambdas[245] = 0.252295
etas[246] = -0.151503, lambdas[246] = 0.254625
etas[247] = 0.026898, lambdas[247] = 0.259908
etas[248] = 0.126170, lambdas[248] = 0.265071
etas[249] = -0.122127, lambdas[249] = 0.280125
etas[250] = -0.122974, lambdas[250] = 0.286546
etas[251] = 0.188871, lambdas[251] = 0.294171
etas[252] = -0.298084, lambdas[252] = 0.299362
etas[253] = -0.041383, lambdas[253] = 0.304733
etas[254] = -0.296384, lambdas[254] = 0.307953
etas[255] = -0.451774, lambdas[255] = 0.314385
etas[256] = 0.128934, lambdas[256] = 0.319679
etas[257] = 0.191998, lambdas[257] = 0.326735
etas[258] = 0.192152, lambdas[258] = 0.335297
etas[259] = 0.111092, lambdas[259] = 0.344775
etas[260] = -0.157075, lambdas[260] = 0.365140
etas[261] = 0.623263, lambdas[261] = 0.371370
etas[262] = 0.291634, lambdas[262] = 0.377127
etas[263] = -0.248561, lambdas[263] = 0.409224
etas[264] = -0.200776, lambdas[264] = 0.416141
etas[265] = 0.068669, lambdas[265] = 0.446804
etas[266] = 0.257142, lambdas[266] = 0.452821
etas[267] = -0.011358, lambdas[267] = 0.474478
etas[268] = -0.420209, lambdas[268] = 0.503713
etas[269] = -0.450607, lambdas[269] = 0.527728
etas[270] = 0.575127, lambdas[270] = 0.550886
etas[271] = 0.114948, lambdas[271] = 0.558674
etas[272] = -0.261987, lambdas[272] = 0.573582
etas[273] = -0.885295, lambdas[273] = 0.639556
etas[274] = -0.184170, lambdas[274] = 0.660578
etas[275] = 0.459004, lambdas[275] = 0.697629
etas[276] = 0.150243, lambdas[276] = 0.810791
etas[277] = 0.113191, lambdas[277] = 0.888142
etas[278] = 0.310627, lambdas[278] = 0.892159
etas[279] = -0.369556, lambdas[279] = 215.286108
0	158.623940	158.389209	77.507504
1	158.389209	158.102874	77.509097
2	158.102874	157.753690	77.511040
3	157.753690	157.328006	77.513408
4	157.328006	156.809283	77.516294
5	156.809283	156.177509	77.519808
6	156.177509	155.408527	77.524083
7	155.408527	154.473253	77.529283
8	154.473253	153.336782	77.535598
9	153.336782	151.957397	77.543261
10	151.957397	150.285483	77.552543
11	150.285483	148.262400	77.563767
12	148.262400	145.819378	77.577308
13	145.819378	142.876547	77.593600
14	142.876547	139.342293	77.613135
15	139.342293	135.113181	77.636459
16	135.113181	130.074833	77.664163
17	130.074833	124.104223	77.696857
18	124.104223	117.074008	77.735130
19	117.074008	108.859572	77.779482
20	108.859572	99.349481	77.830226
21	99.349481	88.459900	77.887333
22	88.459900	76.153053	77.950236
23	76.153053	62.459084	78.017550
24	62.459084	47.499409	78.086739
25	47.499409	31.508158	78.153704
26	31.508158	14.846644	78.212347
27	14.846644	-1.995240	78.254141
28	-1.995240	-18.416671	78.267797
29	-18.416671	-33.746332	78.239142
30	-33.746332	-47.304863	78.151304
31	-47.304863	-58.482351	77.985343
32	-58.482351	-66.817703	77.721350
33	-66.817703	-72.063127	77.339989
34	-72.063127	-74.218075	76.824323
35	-74.218075	-73.523488	76.161652
36	-73.523488	-70.417343	75.345061
37	-70.417343	-65.462653	74.374379
38	-65.462653	-59.265431	73.256391
39	-59.265431	-52.400527	72.004295
40	-52.400527	-45.358209	70.636577
41	-45.358209	-38.516561	69.175576
42	-38.516561	-32.137450	67.646014
43	-32.137450	-26.379111	66.073712
44	-26.379111	-21.317134	64.484582
45	-21.317134	-16.966942	62.903847
46	-16.966942	-13.303437	61.355421
47	-13.303437	-10.276160	59.861310
48	-10.276160	-7.820113	58.441002
49	-7.820113	-5.863284	57.110854
50	-5.863284	-4.331985	55.883547
51	-4.331985	-3.154784	54.767733
52	-3.154784	-2.265393	53.767939
53	-2.265393	-1.604645	52.884763
54	-1.604645	-1.121597	52.115341
55	-1.121597	-0.773819	51.453992
56	-0.773819	-0.527040	50.892957
57	-0.527040	-0.354338	50.423136
58	-0.354338	-0.235084	50.034738
59	-0.235084	-0.153820	49.717824
60	-0.153820	-0.099183	49.462712
61	-0.099183	-0.062968	49.260246
62	-0.062968	-0.039335	49.101964
63	-0.039335	-0.024187	48.980169
64	-0.024187	-0.014681	48.887948
65	-0.014681	-0.008870	48.819141
66	-0.008870	-0.005432	48.768294
67	-0.005432	-0.003484	48.730606
68	-0.003484	-0.002437	48.701881
69	-0.002437	-0.001911	48.678493
70	-0.001911	-0.001664	48.657373
71	-0.001664	-0.001545	48.636006
72	-0.001545	-0.001468	48.612444
73	-0.001468	-0.001387	48.585327
74	-0.001387	-0.001286	48.553883
75	-0.001286	-0.001159	48.517917
76	-0.001159	-0.001016	48.477757
77	-0.001016	-0.000864	48.434166
78	-0.000864	-0.000714	48.388218
79	-0.000714	-0.000575	48.341158
80	-0.000575	-0.000452	48.294253
81	-0.000452	-0.000348	48.248674
82	-0.000348	-0.000262	48.205397
83	-0.000262	-0.000194	48.165157
84	-0.000194	-0.000142	48.128432
85	-0.000142	-0.000102	48.095462
86	-0.000102	-0.000073	48.066286
87	-0.000073	-0.000051	48.040785
88	-0.000051	-0.000036	48.018733
89	-0.000036	-0.000025	47.999836
90	-0.000025	-0.000017	47.983766
91	-0.000017	-0.000012	47.970189
92	-0.000012	-0.000008	47.958780
93	-0.000008	-0.000005	47.949236
94	-0.000005	-0.000004	47.941283
95	-0.000004	-0.000003	47.934675
96	-0.000003	-0.000002	47.929199
97	-0.000002	-0.000001	47.924672
98	-0.000001	-0.000001	47.920935
99	-0.000001	-0.000001	47.917855
REMLE (delta=0.011989, REML=78.268087, REML0=47.903710)- elapsed CPU time is 0.001779
eigen_L - elapsed CPU time is 0.048535


Reading TPED file /mnt/data/shahar/gwas_barley/morexV3_analysis/USED_GWAS_V2_pipeline/intermediates/morexV3_gwas_genotypes...

Reading 0-th SNP and testing association....

Reading 10000-th SNP and testing association....

Reading 20000-th SNP and testing association....

Reading 30000-th SNP and testing association....

Reading 40000-th SNP and testing association....

Reading 50000-th SNP and testing association....

Reading 60000-th SNP and testing association....

Reading 70000-th SNP and testing association....

Reading 80000-th SNP and testing association....

Reading 90000-th SNP and testing association....

Reading 100000-th SNP and testing association....

Reading 110000-th SNP and testing association....

Reading 120000-th SNP and testing association....

Reading 130000-th SNP and testing association....

Reading 140000-th SNP and testing association....

Reading 150000-th SNP and testing association....

Reading 160000-th SNP and testing association....

Reading 170000-th SNP and testing association....

Reading 180000-th SNP and testing association....

Reading 190000-th SNP and testing association....

Reading 200000-th SNP and testing association....

Reading 210000-th SNP and testing association....

Reading 220000-th SNP and testing association....

Reading 230000-th SNP and testing association....

Reading 240000-th SNP and testing association....

Reading 250000-th SNP and testing association....

Reading 260000-th SNP and testing association....

Reading 270000-th SNP and testing association....

Reading 280000-th SNP and testing association....

Reading 290000-th SNP and testing association....

Reading 300000-th SNP and testing association....

Reading 310000-th SNP and testing association....

Reading 320000-th SNP and testing association....

Reading 330000-th SNP and testing association....

Reading 340000-th SNP and testing association....

Reading 350000-th SNP and testing association....

Reading 360000-th SNP and testing association....

Reading 370000-th SNP and testing association....

Reading 380000-th SNP and testing association....

Reading 390000-th SNP and testing association....

Reading 400000-th SNP and testing association....

Reading 410000-th SNP and testing association....

Reading 420000-th SNP and testing association....

Reading 430000-th SNP and testing association....

Reading 440000-th SNP and testing association....

Reading 450000-th SNP and testing association....

Reading 460000-th SNP and testing association....

Reading 470000-th SNP and testing association....

Reading 480000-th SNP and testing association....

Reading 490000-th SNP and testing association....

Reading 500000-th SNP and testing association....

Reading 510000-th SNP and testing association....

Reading 520000-th SNP and testing association....

Reading 530000-th SNP and testing association....

Reading 540000-th SNP and testing association....

Reading 550000-th SNP and testing association....

Reading 560000-th SNP and testing association....

Reading 570000-th SNP and testing association....

Reading 580000-th SNP and testing association....

Reading 590000-th SNP and testing association....

Reading 600000-th SNP and testing association....

Reading 610000-th SNP and testing association....

Reading 620000-th SNP and testing association....

Reading 630000-th SNP and testing association....

Reading 640000-th SNP and testing association....

Reading 650000-th SNP and testing association....

Reading 660000-th SNP and testing association....

Reading 670000-th SNP and testing association....

Reading 680000-th SNP and testing association....

Reading 690000-th SNP and testing association....

Reading 700000-th SNP and testing association....

Reading 710000-th SNP and testing association....

Reading 720000-th SNP and testing association....

Reading 730000-th SNP and testing association....

Reading 740000-th SNP and testing association....

Reading 750000-th SNP and testing association....

Reading 760000-th SNP and testing association....

Reading 770000-th SNP and testing association....

Reading 780000-th SNP and testing association....

Reading 790000-th SNP and testing association....

Reading 800000-th SNP and testing association....

Reading 810000-th SNP and testing association....

Reading 820000-th SNP and testing association....

Reading 830000-th SNP and testing association....

Reading 840000-th SNP and testing association....

Reading 850000-th SNP and testing association....

Reading 860000-th SNP and testing association....

Reading 870000-th SNP and testing association....

Reading 880000-th SNP and testing association....

Reading 890000-th SNP and testing association....

Reading 900000-th SNP and testing association....

Reading 910000-th SNP and testing association....

Reading 920000-th SNP and testing association....

Reading 930000-th SNP and testing association....

Reading 940000-th SNP and testing association....

Reading 950000-th SNP and testing association....

Reading 960000-th SNP and testing association....

Reading 970000-th SNP and testing association....

Reading 980000-th SNP and testing association....

Reading 990000-th SNP and testing association....

Reading 1000000-th SNP and testing association....

Reading 1010000-th SNP and testing association....

Reading 1020000-th SNP and testing association....

Reading 1030000-th SNP and testing association....

Reading 1040000-th SNP and testing association....

Reading 1050000-th SNP and testing association....

Reading 1060000-th SNP and testing association....

Reading 1070000-th SNP and testing association....

Reading 1080000-th SNP and testing association....

Reading 1090000-th SNP and testing association....

Reading 1100000-th SNP and testing association....

Reading 1110000-th SNP and testing association....

Reading 1120000-th SNP and testing association....

Reading 1130000-th SNP and testing association....

Reading 1140000-th SNP and testing association....

Reading 1150000-th SNP and testing association....

Reading 1160000-th SNP and testing association....

Reading 1170000-th SNP and testing association....

Reading 1180000-th SNP and testing association....

Reading 1190000-th SNP and testing association....

Reading 1200000-th SNP and testing association....

Reading 1210000-th SNP and testing association....

Reading 1220000-th SNP and testing association....

Reading 1230000-th SNP and testing association....

Reading 1240000-th SNP and testing association....

Reading 1250000-th SNP and testing association....

Reading 1260000-th SNP and testing association....

Reading 1270000-th SNP and testing association....

Reading 1280000-th SNP and testing association....

Reading 1290000-th SNP and testing association....

Reading 1300000-th SNP and testing association....

Reading 1310000-th SNP and testing association....

Reading 1320000-th SNP and testing association....

Reading 1330000-th SNP and testing association....

Reading 1340000-th SNP and testing association....

Reading 1350000-th SNP and testing association....

Reading 1360000-th SNP and testing association....

Reading 1370000-th SNP and testing association....

Reading 1380000-th SNP and testing association....

Reading 1390000-th SNP and testing association....

Reading 1400000-th SNP and testing association....

Reading 1410000-th SNP and testing association....

Reading 1420000-th SNP and testing association....

Reading 1430000-th SNP and testing association....

Reading 1440000-th SNP and testing association....

Reading 1450000-th SNP and testing association....

Reading 1460000-th SNP and testing association....

Reading 1470000-th SNP and testing association....

Reading 1480000-th SNP and testing association....

Reading 1490000-th SNP and testing association....

Reading 1500000-th SNP and testing association....

Reading 1510000-th SNP and testing association....

Reading 1520000-th SNP and testing association....

Reading 1530000-th SNP and testing association....

Reading 1540000-th SNP and testing association....

Reading 1550000-th SNP and testing association....

Reading 1560000-th SNP and testing association....

Reading 1570000-th SNP and testing association....

Reading 1580000-th SNP and testing association....

Reading 1590000-th SNP and testing association....

Reading 1600000-th SNP and testing association....

Reading 1610000-th SNP and testing association....

Reading 1620000-th SNP and testing association....

Reading 1630000-th SNP and testing association....

Reading 1640000-th SNP and testing association....

Reading 1650000-th SNP and testing association....

Reading 1660000-th SNP and testing association....

Reading 1670000-th SNP and testing association....

Reading 1680000-th SNP and testing association....

Reading 1690000-th SNP and testing association....

Reading 1700000-th SNP and testing association....

Reading 1710000-th SNP and testing association....

Reading 1720000-th SNP and testing association....

Reading 1730000-th SNP and testing association....

Reading 1740000-th SNP and testing association....

Reading 1750000-th SNP and testing association....

Reading 1760000-th SNP and testing association....

Reading 1770000-th SNP and testing association....

Reading 1780000-th SNP and testing association....

Reading 1790000-th SNP and testing association....

Reading 1800000-th SNP and testing association....

Reading 1810000-th SNP and testing association....

Reading 1820000-th SNP and testing association....

Reading 1830000-th SNP and testing association....

Reading 1840000-th SNP and testing association....

Reading 1850000-th SNP and testing association....

Reading 1860000-th SNP and testing association....

Reading 1870000-th SNP and testing association....

Reading 1880000-th SNP and testing association....

Reading 1890000-th SNP and testing association....

Reading 1900000-th SNP and testing association....

Reading 1910000-th SNP and testing association....

Reading 1920000-th SNP and testing association....

Reading 1930000-th SNP and testing association....

Reading 1940000-th SNP and testing association....

Reading 1950000-th SNP and testing association....

Reading 1960000-th SNP and testing association....

Reading 1970000-th SNP and testing association....

Reading 1980000-th SNP and testing association....

Reading 1990000-th SNP and testing association....

Reading 2000000-th SNP and testing association....

Reading 2010000-th SNP and testing association....

Reading 2020000-th SNP and testing association....

Reading 2030000-th SNP and testing association....

Reading 2040000-th SNP and testing association....

Reading 2050000-th SNP and testing association....

Reading 2060000-th SNP and testing association....

Reading 2070000-th SNP and testing association....

Reading 2080000-th SNP and testing association....

Reading 2090000-th SNP and testing association....

Reading 2100000-th SNP and testing association....

Reading 2110000-th SNP and testing association....

Reading 2120000-th SNP and testing association....

Reading 2130000-th SNP and testing association....

Reading 2140000-th SNP and testing association....

Reading 2150000-th SNP and testing association....

Reading 2160000-th SNP and testing association....

Reading 2170000-th SNP and testing association....

Reading 2180000-th SNP and testing association....

Reading 2190000-th SNP and testing association....

Reading 2200000-th SNP and testing association....

Reading 2210000-th SNP and testing association....

Reading 2220000-th SNP and testing association....

Reading 2230000-th SNP and testing association....

Reading 2240000-th SNP and testing association....

Reading 2250000-th SNP and testing association....

Reading 2260000-th SNP and testing association....

Reading 2270000-th SNP and testing association....

Reading 2280000-th SNP and testing association....

Reading 2290000-th SNP and testing association....

Reading 2300000-th SNP and testing association....

Reading 2310000-th SNP and testing association....

Reading 2320000-th SNP and testing association....

Reading 2330000-th SNP and testing association....

Reading 2340000-th SNP and testing association....

Reading 2350000-th SNP and testing association....

Reading 2360000-th SNP and testing association....

Reading 2370000-th SNP and testing association....

Reading 2380000-th SNP and testing association....

Reading 2390000-th SNP and testing association....

Reading 2400000-th SNP and testing association....

Reading 2410000-th SNP and testing association....

Reading 2420000-th SNP and testing association....

Reading 2430000-th SNP and testing association....

Reading 2440000-th SNP and testing association....

Reading 2450000-th SNP and testing association....

Reading 2460000-th SNP and testing association....

Reading 2470000-th SNP and testing association....

Reading 2480000-th SNP and testing association....

Reading 2490000-th SNP and testing association....

Reading 2500000-th SNP and testing association....

Reading 2510000-th SNP and testing association....

Reading 2520000-th SNP and testing association....

Reading 2530000-th SNP and testing association....

Reading 2540000-th SNP and testing association....

Reading 2550000-th SNP and testing association....

Reading 2560000-th SNP and testing association....

Reading 2570000-th SNP and testing association....

Reading 2580000-th SNP and testing association....

Reading 2590000-th SNP and testing association....

Reading 2600000-th SNP and testing association....

Reading 2610000-th SNP and testing association....

Reading 2620000-th SNP and testing association....

Reading 2630000-th SNP and testing association....

Reading 2640000-th SNP and testing association....

Reading 2650000-th SNP and testing association....

Reading 2660000-th SNP and testing association....

Reading 2670000-th SNP and testing association....

Reading 2680000-th SNP and testing association....

Reading 2690000-th SNP and testing association....

Reading 2700000-th SNP and testing association....

Reading 2710000-th SNP and testing association....

Reading 2720000-th SNP and testing association....

Reading 2730000-th SNP and testing association....

Reading 2740000-th SNP and testing association....

Reading 2750000-th SNP and testing association....

Reading 2760000-th SNP and testing association....

Reading 2770000-th SNP and testing association....

Reading 2780000-th SNP and testing association....

Reading 2790000-th SNP and testing association....

Reading 2800000-th SNP and testing association....

Reading 2810000-th SNP and testing association....

Reading 2820000-th SNP and testing association....

Reading 2830000-th SNP and testing association....

Reading 2840000-th SNP and testing association....

Reading 2850000-th SNP and testing association....

Reading 2860000-th SNP and testing association....

Reading 2870000-th SNP and testing association....

Reading 2880000-th SNP and testing association....

Reading 2890000-th SNP and testing association....

Reading 2900000-th SNP and testing association....

Reading 2910000-th SNP and testing association....

Reading 2920000-th SNP and testing association....

Reading 2930000-th SNP and testing association....

Reading 2940000-th SNP and testing association....

Reading 2950000-th SNP and testing association....

Reading 2960000-th SNP and testing association....

Reading 2970000-th SNP and testing association....

Reading 2980000-th SNP and testing association....

Reading 2990000-th SNP and testing association....

Reading 3000000-th SNP and testing association....

Reading 3010000-th SNP and testing association....

Reading 3020000-th SNP and testing association....

Reading 3030000-th SNP and testing association....

Reading 3040000-th SNP and testing association....

Reading 3050000-th SNP and testing association....

Reading 3060000-th SNP and testing association....

Reading 3070000-th SNP and testing association....

Reading 3080000-th SNP and testing association....

Reading 3090000-th SNP and testing association....

Reading 3100000-th SNP and testing association....

Reading 3110000-th SNP and testing association....

Reading 3120000-th SNP and testing association....

Reading 3130000-th SNP and testing association....

Reading 3140000-th SNP and testing association....

Reading 3150000-th SNP and testing association....

Reading 3160000-th SNP and testing association....

Reading 3170000-th SNP and testing association....

Reading 3180000-th SNP and testing association....

Reading 3190000-th SNP and testing association....

Reading 3200000-th SNP and testing association....

Reading 3210000-th SNP and testing association....

Reading 3220000-th SNP and testing association....

Reading 3230000-th SNP and testing association....

Reading 3240000-th SNP and testing association....

Reading 3250000-th SNP and testing association....

Reading 3260000-th SNP and testing association....

Reading 3270000-th SNP and testing association....

Reading 3280000-th SNP and testing association....

Reading 3290000-th SNP and testing association....

Reading 3300000-th SNP and testing association....

Reading 3310000-th SNP and testing association....

Reading 3320000-th SNP and testing association....

Reading 3330000-th SNP and testing association....

Reading 3340000-th SNP and testing association....

Reading 3350000-th SNP and testing association....

Reading 3360000-th SNP and testing association....

Reading 3370000-th SNP and testing association....

Reading 3380000-th SNP and testing association....

Reading 3390000-th SNP and testing association....

Reading 3400000-th SNP and testing association....

Reading 3410000-th SNP and testing association....

Reading 3420000-th SNP and testing association....

Reading 3430000-th SNP and testing association....

Reading 3440000-th SNP and testing association....

Reading 3450000-th SNP and testing association....

Reading 3460000-th SNP and testing association....

Reading 3470000-th SNP and testing association....

Reading 3480000-th SNP and testing association....

Reading 3490000-th SNP and testing association....

Reading 3500000-th SNP and testing association....

Reading 3510000-th SNP and testing association....

Reading 3520000-th SNP and testing association....

Reading 3530000-th SNP and testing association....

Reading 3540000-th SNP and testing association....

Reading 3550000-th SNP and testing association....

Reading 3560000-th SNP and testing association....

Reading 3570000-th SNP and testing association....

Reading 3580000-th SNP and testing association....

Reading 3590000-th SNP and testing association....

Reading 3600000-th SNP and testing association....

Reading 3610000-th SNP and testing association....

Reading 3620000-th SNP and testing association....

Reading 3630000-th SNP and testing association....

Reading 3640000-th SNP and testing association....

Reading 3650000-th SNP and testing association....

Reading 3660000-th SNP and testing association....

Reading 3670000-th SNP and testing association....

Reading 3680000-th SNP and testing association....

Reading 3690000-th SNP and testing association....

Reading 3700000-th SNP and testing association....

Reading 3710000-th SNP and testing association....

Reading 3720000-th SNP and testing association....

Reading 3730000-th SNP and testing association....

Reading 3740000-th SNP and testing association....

Reading 3750000-th SNP and testing association....

Reading 3760000-th SNP and testing association....

Reading 3770000-th SNP and testing association....

Reading 3780000-th SNP and testing association....

Reading 3790000-th SNP and testing association....

Reading 3800000-th SNP and testing association....

Reading 3810000-th SNP and testing association....

Reading 3820000-th SNP and testing association....

Reading 3830000-th SNP and testing association....

Reading 3840000-th SNP and testing association....

Reading 3850000-th SNP and testing association....

Reading 3860000-th SNP and testing association....

Reading 3870000-th SNP and testing association....

Reading 3880000-th SNP and testing association....

Reading 3890000-th SNP and testing association....

Reading 3900000-th SNP and testing association....

Reading 3910000-th SNP and testing association....

Reading 3920000-th SNP and testing association....

Reading 3930000-th SNP and testing association....

Reading 3940000-th SNP and testing association....

Reading 3950000-th SNP and testing association....

Reading 3960000-th SNP and testing association....

Reading 3970000-th SNP and testing association....

Reading 3980000-th SNP and testing association....

Reading 3990000-th SNP and testing association....

Reading 4000000-th SNP and testing association....

Reading 4010000-th SNP and testing association....

Reading 4020000-th SNP and testing association....

Reading 4030000-th SNP and testing association....

Reading 4040000-th SNP and testing association....

Reading 4050000-th SNP and testing association....

Reading 4060000-th SNP and testing association....

Reading 4070000-th SNP and testing association....

Reading 4080000-th SNP and testing association....

Reading 4090000-th SNP and testing association....

Reading 4100000-th SNP and testing association....

Reading 4110000-th SNP and testing association....

Reading 4120000-th SNP and testing association....

Reading 4130000-th SNP and testing association....

Reading 4140000-th SNP and testing association....

Reading 4150000-th SNP and testing association....

Reading 4160000-th SNP and testing association....

Reading 4170000-th SNP and testing association....

Reading 4180000-th SNP and testing association....

Reading 4190000-th SNP and testing association....

Reading 4200000-th SNP and testing association....

Reading 4210000-th SNP and testing association....

Reading 4220000-th SNP and testing association....

Reading 4230000-th SNP and testing association....

Reading 4240000-th SNP and testing association....

Reading 4250000-th SNP and testing association....

Reading 4260000-th SNP and testing association....

Reading 4270000-th SNP and testing association....

Reading 4280000-th SNP and testing association....

Reading 4290000-th SNP and testing association....

Reading 4300000-th SNP and testing association....

Reading 4310000-th SNP and testing association....

Reading 4320000-th SNP and testing association....

Reading 4330000-th SNP and testing association....

Reading 4340000-th SNP and testing association....

Reading 4350000-th SNP and testing association....

Reading 4360000-th SNP and testing association....

Reading 4370000-th SNP and testing association....

Reading 4380000-th SNP and testing association....

Reading 4390000-th SNP and testing association....

Reading 4400000-th SNP and testing association....

Reading 4410000-th SNP and testing association....

Reading 4420000-th SNP and testing association....

Reading 4430000-th SNP and testing association....

Reading 4440000-th SNP and testing association....

Reading 4450000-th SNP and testing association....

Reading 4460000-th SNP and testing association....

Reading 4470000-th SNP and testing association....

Reading 4480000-th SNP and testing association....

Reading 4490000-th SNP and testing association....

Reading 4500000-th SNP and testing association....

Reading 4510000-th SNP and testing association....

Reading 4520000-th SNP and testing association....

Reading 4530000-th SNP and testing association....

Reading 4540000-th SNP and testing association....

Reading 4550000-th SNP and testing association....

Reading 4560000-th SNP and testing association....

Reading 4570000-th SNP and testing association....

Reading 4580000-th SNP and testing association....

Reading 4590000-th SNP and testing association....

Reading 4600000-th SNP and testing association....

Reading 4610000-th SNP and testing association....

Reading 4620000-th SNP and testing association....

Reading 4630000-th SNP and testing association....

Reading 4640000-th SNP and testing association....

Reading 4650000-th SNP and testing association....

Reading 4660000-th SNP and testing association....

Reading 4670000-th SNP and testing association....

Reading 4680000-th SNP and testing association....

Reading 4690000-th SNP and testing association....

Reading 4700000-th SNP and testing association....

Reading 4710000-th SNP and testing association....

Reading 4720000-th SNP and testing association....

Reading 4730000-th SNP and testing association....

Reading 4740000-th SNP and testing association....

Reading 4750000-th SNP and testing association....

Reading 4760000-th SNP and testing association....

Reading 4770000-th SNP and testing association....

Reading 4780000-th SNP and testing association....

Reading 4790000-th SNP and testing association....

Reading 4800000-th SNP and testing association....

Reading 4810000-th SNP and testing association....

Reading 4820000-th SNP and testing association....

Reading 4830000-th SNP and testing association....

Reading 4840000-th SNP and testing association....

Reading 4850000-th SNP and testing association....

Reading 4860000-th SNP and testing association....

Reading 4870000-th SNP and testing association....

Reading 4880000-th SNP and testing association....

Reading 4890000-th SNP and testing association....

Reading 4900000-th SNP and testing association....

Reading 4910000-th SNP and testing association....

Reading 4920000-th SNP and testing association....

Reading 4930000-th SNP and testing association....

Reading 4940000-th SNP and testing association....

Reading 4950000-th SNP and testing association....

Reading 4960000-th SNP and testing association....

Reading 4970000-th SNP and testing association....

Reading 4980000-th SNP and testing association....

Reading 4990000-th SNP and testing association....

Reading 5000000-th SNP and testing association....

Reading 5010000-th SNP and testing association....

Reading 5020000-th SNP and testing association....

Reading 5030000-th SNP and testing association....

Reading 5040000-th SNP and testing association....

Reading 5050000-th SNP and testing association....

Reading 5060000-th SNP and testing association....

Reading 5070000-th SNP and testing association....

Reading 5080000-th SNP and testing association....

Reading 5090000-th SNP and testing association....

Reading 5100000-th SNP and testing association....

Reading 5110000-th SNP and testing association....

Reading 5120000-th SNP and testing association....

Reading 5130000-th SNP and testing association....

Reading 5140000-th SNP and testing association....

Reading 5150000-th SNP and testing association....

Reading 5160000-th SNP and testing association....

Reading 5170000-th SNP and testing association....

Reading 5180000-th SNP and testing association....

Reading 5190000-th SNP and testing association....

Reading 5200000-th SNP and testing association....

Reading 5210000-th SNP and testing association....

Reading 5220000-th SNP and testing association....

Reading 5230000-th SNP and testing association....

Reading 5240000-th SNP and testing association....

Reading 5250000-th SNP and testing association....

Reading 5260000-th SNP and testing association....

Reading 5270000-th SNP and testing association....

Reading 5280000-th SNP and testing association....

Reading 5290000-th SNP and testing association....

Reading 5300000-th SNP and testing association....

Reading 5310000-th SNP and testing association....

Reading 5320000-th SNP and testing association....

Reading 5330000-th SNP and testing association....

Reading 5340000-th SNP and testing association....

Reading 5350000-th SNP and testing association....

Reading 5360000-th SNP and testing association....

Reading 5370000-th SNP and testing association....

Reading 5380000-th SNP and testing association....

Reading 5390000-th SNP and testing association....

Reading 5400000-th SNP and testing association....

Reading 5410000-th SNP and testing association....

Reading 5420000-th SNP and testing association....

Reading 5430000-th SNP and testing association....

Reading 5440000-th SNP and testing association....

Reading 5450000-th SNP and testing association....

Reading 5460000-th SNP and testing association....

Reading 5470000-th SNP and testing association....

Reading 5480000-th SNP and testing association....

Reading 5490000-th SNP and testing association....

Reading 5500000-th SNP and testing association....

Reading 5510000-th SNP and testing association....

Reading 5520000-th SNP and testing association....

Reading 5530000-th SNP and testing association....

Reading 5540000-th SNP and testing association....

Reading 5550000-th SNP and testing association....

Reading 5560000-th SNP and testing association....

Reading 5570000-th SNP and testing association....

Reading 5580000-th SNP and testing association....

Reading 5590000-th SNP and testing association....

Reading 5600000-th SNP and testing association....

Reading 5610000-th SNP and testing association....

Reading 5620000-th SNP and testing association....

Reading 5630000-th SNP and testing association....

Reading 5640000-th SNP and testing association....

Reading 5650000-th SNP and testing association....

Reading 5660000-th SNP and testing association....

Reading 5670000-th SNP and testing association....

Reading 5680000-th SNP and testing association....

Reading 5690000-th SNP and testing association....

Reading 5700000-th SNP and testing association....

Reading 5710000-th SNP and testing association....

Reading 5720000-th SNP and testing association....

Reading 5730000-th SNP and testing association....

Reading 5740000-th SNP and testing association....

Reading 5750000-th SNP and testing association....

Reading 5760000-th SNP and testing association....

Reading 5770000-th SNP and testing association....

Reading 5780000-th SNP and testing association....

Reading 5790000-th SNP and testing association....

Reading 5800000-th SNP and testing association....

Reading 5810000-th SNP and testing association....

Reading 5820000-th SNP and testing association....

Reading 5830000-th SNP and testing association....

Reading 5840000-th SNP and testing association....

Reading 5850000-th SNP and testing association....

Reading 5860000-th SNP and testing association....

Reading 5870000-th SNP and testing association....

Reading 5880000-th SNP and testing association....

Reading 5890000-th SNP and testing association....

Reading 5900000-th SNP and testing association....

Reading 5910000-th SNP and testing association....

Reading 5920000-th SNP and testing association....

Reading 5930000-th SNP and testing association....

Reading 5940000-th SNP and testing association....

Reading 5950000-th SNP and testing association....

Reading 5960000-th SNP and testing association....

Reading 5970000-th SNP and testing association....

Reading 5980000-th SNP and testing association....

Reading 5990000-th SNP and testing association....

Reading 6000000-th SNP and testing association....

Reading 6010000-th SNP and testing association....

Reading 6020000-th SNP and testing association....

Reading 6030000-th SNP and testing association....

Reading 6040000-th SNP and testing association....

Reading 6050000-th SNP and testing association....

Reading 6060000-th SNP and testing association....

Reading 6070000-th SNP and testing association....

Reading 6080000-th SNP and testing association....

Reading 6090000-th SNP and testing association....

Reading 6100000-th SNP and testing association....

Reading 6110000-th SNP and testing association....

Reading 6120000-th SNP and testing association....

Reading 6130000-th SNP and testing association....

Reading 6140000-th SNP and testing association....

Reading 6150000-th SNP and testing association....

Reading 6160000-th SNP and testing association....

Reading 6170000-th SNP and testing association....

Reading 6180000-th SNP and testing association....

Reading 6190000-th SNP and testing association....

Reading 6200000-th SNP and testing association....

Reading 6210000-th SNP and testing association....

Reading 6220000-th SNP and testing association....

Reading 6230000-th SNP and testing association....

Reading 6240000-th SNP and testing association....

Reading 6250000-th SNP and testing association....

Reading 6260000-th SNP and testing association....

Reading 6270000-th SNP and testing association....

Reading 6280000-th SNP and testing association....

Reading 6290000-th SNP and testing association....

Reading 6300000-th SNP and testing association....

Reading 6310000-th SNP and testing association....

Reading 6320000-th SNP and testing association....

Reading 6330000-th SNP and testing association....

Reading 6340000-th SNP and testing association....

Reading 6350000-th SNP and testing association....

Reading 6360000-th SNP and testing association....

Reading 6370000-th SNP and testing association....

Reading 6380000-th SNP and testing association....

Reading 6390000-th SNP and testing association....

Reading 6400000-th SNP and testing association....

Reading 6410000-th SNP and testing association....

Reading 6420000-th SNP and testing association....

Reading 6430000-th SNP and testing association....

Reading 6440000-th SNP and testing association....

Reading 6450000-th SNP and testing association....

Reading 6460000-th SNP and testing association....

Reading 6470000-th SNP and testing association....

Reading 6480000-th SNP and testing association....

Reading 6490000-th SNP and testing association....

Reading 6500000-th SNP and testing association....

Reading 6510000-th SNP and testing association....

Reading 6520000-th SNP and testing association....

Reading 6530000-th SNP and testing association....

Reading 6540000-th SNP and testing association....

Reading 6550000-th SNP and testing association....

Reading 6560000-th SNP and testing association....

Reading 6570000-th SNP and testing association....

Reading 6580000-th SNP and testing association....

Reading 6590000-th SNP and testing association....

Reading 6600000-th SNP and testing association....

Reading 6610000-th SNP and testing association....

Reading 6620000-th SNP and testing association....

Reading 6630000-th SNP and testing association....

Reading 6640000-th SNP and testing association....

Reading 6650000-th SNP and testing association....

Reading 6660000-th SNP and testing association....

Reading 6670000-th SNP and testing association....

Reading 6680000-th SNP and testing association....

Reading 6690000-th SNP and testing association....

Reading 6700000-th SNP and testing association....

Reading 6710000-th SNP and testing association....

Reading 6720000-th SNP and testing association....

Reading 6730000-th SNP and testing association....

Reading 6740000-th SNP and testing association....

Reading 6750000-th SNP and testing association....

Reading 6760000-th SNP and testing association....

Reading 6770000-th SNP and testing association....

Reading 6780000-th SNP and testing association....

Reading 6790000-th SNP and testing association....

Reading 6800000-th SNP and testing association....

Reading 6810000-th SNP and testing association....

Reading 6820000-th SNP and testing association....

Reading 6830000-th SNP and testing association....

Reading 6840000-th SNP and testing association....

Reading 6850000-th SNP and testing association....

Reading 6860000-th SNP and testing association....

Reading 6870000-th SNP and testing association....

Reading 6880000-th SNP and testing association....

Reading 6890000-th SNP and testing association....

Reading 6900000-th SNP and testing association....

Reading 6910000-th SNP and testing association....

Reading 6920000-th SNP and testing association....

Reading 6930000-th SNP and testing association....

Reading 6940000-th SNP and testing association....

Reading 6950000-th SNP and testing association....

Reading 6960000-th SNP and testing association....

Reading 6970000-th SNP and testing association....

Reading 6980000-th SNP and testing association....

Reading 6990000-th SNP and testing association....

Reading 7000000-th SNP and testing association....

Reading 7010000-th SNP and testing association....

Reading 7020000-th SNP and testing association....

Reading 7030000-th SNP and testing association....

Reading 7040000-th SNP and testing association....

Reading 7050000-th SNP and testing association....

Reading 7060000-th SNP and testing association....

Reading 7070000-th SNP and testing association....

Reading 7080000-th SNP and testing association....

Reading 7090000-th SNP and testing association....

Reading 7100000-th SNP and testing association....

Reading 7110000-th SNP and testing association....

GLS association - elapsed CPU time is 1303.703448

Breakdown for input file parsing : 462.468507

              matrix computation : 652.031048

             p-value computation : 15.446495

