
Reading TFAM file /mnt/data/shahar/gwas_barley/morexV3_analysis/USED_GWAS_V2_pipeline/intermediates/morexV3_gwas_genotypes.tfam ....


Reading kinship file /mnt/data/shahar/gwas_barley/morexV3_analysis/USED_GWAS_V2_pipeline/intermediates/morexV3_kinship.aIBS.kinf...

  290 rows and 290 columns were observed with 0 missing values.


Reading the phenotype file /mnt/data/shahar/gwas_barley/data/inputs/BLUE_protein_V3.pheno...

  290 rows and 1 columns were observed with 0 missing values


Reading covariate file /mnt/data/shahar/gwas_barley/morexV3_analysis/USED_GWAS_V2_pipeline/intermediates/covariates/pca_pc5.cov...

  290 rows and 5 columns were observed with 0 missing values. Make sure that the intercept is included in the covariates

File reading - elapsed CPU time is 0.018564

eRvals[0] = 0.020490, eRvals[n-q-1] = 215.300288, eRvals[n-q] = 0.000000
eigen_R - elapsed CPU time is 0.085787
etas[0] = -0.387655, lambdas[0] = 0.020490
etas[1] = -1.075007, lambdas[1] = 0.022262
etas[2] = 1.540690, lambdas[2] = 0.022444
etas[3] = -0.016425, lambdas[3] = 0.022642
etas[4] = 0.633492, lambdas[4] = 0.022711
etas[5] = 0.412099, lambdas[5] = 0.023019
etas[6] = -0.855581, lambdas[6] = 0.023331
etas[7] = 1.243690, lambdas[7] = 0.023393
etas[8] = -0.223204, lambdas[8] = 0.023531
etas[9] = 0.001836, lambdas[9] = 0.023896
etas[10] = -1.596519, lambdas[10] = 0.024604
etas[11] = -0.620956, lambdas[11] = 0.026184
etas[12] = -0.543368, lambdas[12] = 0.026307
etas[13] = 0.190073, lambdas[13] = 0.026628
etas[14] = -0.222270, lambdas[14] = 0.028170
etas[15] = -0.559069, lambdas[15] = 0.028318
etas[16] = 0.288335, lambdas[16] = 0.028396
etas[17] = -0.657509, lambdas[17] = 0.028719
etas[18] = -0.008346, lambdas[18] = 0.029029
etas[19] = 0.265495, lambdas[19] = 0.029293
etas[20] = 0.472199, lambdas[20] = 0.029622
etas[21] = 0.249367, lambdas[21] = 0.029702
etas[22] = -0.355928, lambdas[22] = 0.029925
etas[23] = -0.553785, lambdas[23] = 0.029981
etas[24] = 0.420183, lambdas[24] = 0.030162
etas[25] = 0.503980, lambdas[25] = 0.030495
etas[26] = -0.270241, lambdas[26] = 0.030594
etas[27] = -0.158015, lambdas[27] = 0.031071
etas[28] = 0.215440, lambdas[28] = 0.031604
etas[29] = 0.080537, lambdas[29] = 0.031639
etas[30] = -0.445762, lambdas[30] = 0.031753
etas[31] = -0.661064, lambdas[31] = 0.032034
etas[32] = 0.205436, lambdas[32] = 0.032166
etas[33] = 0.396324, lambdas[33] = 0.032246
etas[34] = -0.588736, lambdas[34] = 0.032355
etas[35] = 0.590091, lambdas[35] = 0.032533
etas[36] = -0.050983, lambdas[36] = 0.032700
etas[37] = -0.555596, lambdas[37] = 0.032868
etas[38] = 0.025826, lambdas[38] = 0.033240
etas[39] = -0.220900, lambdas[39] = 0.033426
etas[40] = 0.758242, lambdas[40] = 0.033897
etas[41] = -0.141741, lambdas[41] = 0.034063
etas[42] = -0.623076, lambdas[42] = 0.034186
etas[43] = -0.632732, lambdas[43] = 0.034683
etas[44] = -0.842049, lambdas[44] = 0.035201
etas[45] = 0.230100, lambdas[45] = 0.036131
etas[46] = 0.539649, lambdas[46] = 0.036298
etas[47] = 0.135429, lambdas[47] = 0.036407
etas[48] = 0.822642, lambdas[48] = 0.037029
etas[49] = 0.037048, lambdas[49] = 0.037129
etas[50] = -0.359407, lambdas[50] = 0.037532
etas[51] = -0.083229, lambdas[51] = 0.037589
etas[52] = 0.109934, lambdas[52] = 0.037755
etas[53] = -0.080442, lambdas[53] = 0.038023
etas[54] = 0.385241, lambdas[54] = 0.038192
etas[55] = 0.107506, lambdas[55] = 0.038744
etas[56] = 0.187644, lambdas[56] = 0.038957
etas[57] = -0.303112, lambdas[57] = 0.039440
etas[58] = 0.032263, lambdas[58] = 0.039722
etas[59] = -0.411673, lambdas[59] = 0.041008
etas[60] = 0.400582, lambdas[60] = 0.041535
etas[61] = -0.873009, lambdas[61] = 0.041835
etas[62] = -0.281975, lambdas[62] = 0.042087
etas[63] = -0.554674, lambdas[63] = 0.042207
etas[64] = 0.626406, lambdas[64] = 0.042502
etas[65] = 0.409772, lambdas[65] = 0.042904
etas[66] = 0.151310, lambdas[66] = 0.043278
etas[67] = -0.384856, lambdas[67] = 0.044208
etas[68] = -0.519187, lambdas[68] = 0.046177
etas[69] = 0.189983, lambdas[69] = 0.047378
etas[70] = 0.766667, lambdas[70] = 0.049648
etas[71] = 0.039286, lambdas[71] = 0.056814
etas[72] = -0.011664, lambdas[72] = 0.059693
etas[73] = -0.457229, lambdas[73] = 0.061015
etas[74] = 0.040897, lambdas[74] = 0.062033
etas[75] = 0.378008, lambdas[75] = 0.062973
etas[76] = 0.523484, lambdas[76] = 0.064475
etas[77] = -0.214486, lambdas[77] = 0.068032
etas[78] = -0.188710, lambdas[78] = 0.069289
etas[79] = 2.127291, lambdas[79] = 0.082943
etas[80] = 1.402444, lambdas[80] = 0.085329
etas[81] = -1.320818, lambdas[81] = 0.088330
etas[82] = 1.485469, lambdas[82] = 0.090161
etas[83] = -0.610859, lambdas[83] = 0.092552
etas[84] = -0.088646, lambdas[84] = 0.095889
etas[85] = -0.433261, lambdas[85] = 0.096715
etas[86] = -0.542989, lambdas[86] = 0.097492
etas[87] = -0.051153, lambdas[87] = 0.098356
etas[88] = -0.986682, lambdas[88] = 0.099212
etas[89] = 0.008548, lambdas[89] = 0.101997
etas[90] = -0.424925, lambdas[90] = 0.103847
etas[91] = -0.174687, lambdas[91] = 0.104476
etas[92] = 0.291309, lambdas[92] = 0.104838
etas[93] = -0.009644, lambdas[93] = 0.105596
etas[94] = 1.432279, lambdas[94] = 0.107513
etas[95] = 0.133884, lambdas[95] = 0.109019
etas[96] = 0.632132, lambdas[96] = 0.110031
etas[97] = -0.835536, lambdas[97] = 0.110693
etas[98] = -1.717772, lambdas[98] = 0.112242
etas[99] = -0.777309, lambdas[99] = 0.112793
etas[100] = -0.388999, lambdas[100] = 0.114418
etas[101] = 1.400929, lambdas[101] = 0.115540
etas[102] = 0.635039, lambdas[102] = 0.115830
etas[103] = -1.450464, lambdas[103] = 0.116567
etas[104] = -1.693539, lambdas[104] = 0.117079
etas[105] = -0.923530, lambdas[105] = 0.118183
etas[106] = 0.263864, lambdas[106] = 0.118895
etas[107] = 1.018680, lambdas[107] = 0.119301
etas[108] = -1.403380, lambdas[108] = 0.119825
etas[109] = -0.079548, lambdas[109] = 0.120646
etas[110] = -0.864859, lambdas[110] = 0.120888
etas[111] = 0.643214, lambdas[111] = 0.121095
etas[112] = 0.510876, lambdas[112] = 0.121475
etas[113] = 0.627733, lambdas[113] = 0.121778
etas[114] = 2.144547, lambdas[114] = 0.122417
etas[115] = 0.662898, lambdas[115] = 0.123086
etas[116] = -0.122507, lambdas[116] = 0.123864
etas[117] = -1.010907, lambdas[117] = 0.124354
etas[118] = 1.435764, lambdas[118] = 0.124616
etas[119] = -1.383737, lambdas[119] = 0.124915
etas[120] = 0.052042, lambdas[120] = 0.125455
etas[121] = -2.293343, lambdas[121] = 0.126238
etas[122] = 0.008582, lambdas[122] = 0.126332
etas[123] = -0.242407, lambdas[123] = 0.126910
etas[124] = 1.307914, lambdas[124] = 0.127645
etas[125] = 2.104774, lambdas[125] = 0.127995
etas[126] = -1.424814, lambdas[126] = 0.128723
etas[127] = -0.022358, lambdas[127] = 0.128842
etas[128] = 0.278138, lambdas[128] = 0.129330
etas[129] = 0.090814, lambdas[129] = 0.129772
etas[130] = -0.476735, lambdas[130] = 0.130060
etas[131] = -0.073496, lambdas[131] = 0.130684
etas[132] = 0.044517, lambdas[132] = 0.131288
etas[133] = -1.412723, lambdas[133] = 0.131758
etas[134] = 1.522110, lambdas[134] = 0.131973
etas[135] = 0.102346, lambdas[135] = 0.132958
etas[136] = 1.348943, lambdas[136] = 0.133299
etas[137] = 0.958313, lambdas[137] = 0.134031
etas[138] = -0.370797, lambdas[138] = 0.134157
etas[139] = -0.551835, lambdas[139] = 0.134923
etas[140] = 0.224948, lambdas[140] = 0.135060
etas[141] = -1.176080, lambdas[141] = 0.135594
etas[142] = 1.234914, lambdas[142] = 0.136047
etas[143] = -1.255528, lambdas[143] = 0.136651
etas[144] = 0.764872, lambdas[144] = 0.137109
etas[145] = 1.155646, lambdas[145] = 0.137542
etas[146] = 1.638611, lambdas[146] = 0.138260
etas[147] = -1.148146, lambdas[147] = 0.139424
etas[148] = 0.188271, lambdas[148] = 0.139549
etas[149] = -0.940955, lambdas[149] = 0.140277
etas[150] = 1.585361, lambdas[150] = 0.140787
etas[151] = -0.104501, lambdas[151] = 0.141078
etas[152] = 0.895768, lambdas[152] = 0.141516
etas[153] = 1.288642, lambdas[153] = 0.142405
etas[154] = -0.609140, lambdas[154] = 0.143025
etas[155] = -1.282686, lambdas[155] = 0.143247
etas[156] = -0.113567, lambdas[156] = 0.143403
etas[157] = 1.848159, lambdas[157] = 0.144256
etas[158] = 1.198113, lambdas[158] = 0.144990
etas[159] = -1.668578, lambdas[159] = 0.145885
etas[160] = -0.745521, lambdas[160] = 0.146266
etas[161] = -0.111354, lambdas[161] = 0.146840
etas[162] = 0.759762, lambdas[162] = 0.147648
etas[163] = 1.723780, lambdas[163] = 0.147783
etas[164] = 0.932183, lambdas[164] = 0.148534
etas[165] = 0.766744, lambdas[165] = 0.149915
etas[166] = 0.419294, lambdas[166] = 0.150181
etas[167] = 0.193646, lambdas[167] = 0.150595
etas[168] = 0.009659, lambdas[168] = 0.151304
etas[169] = -1.908934, lambdas[169] = 0.151589
etas[170] = 0.921473, lambdas[170] = 0.151881
etas[171] = -0.753786, lambdas[171] = 0.152575
etas[172] = -0.387973, lambdas[172] = 0.152819
etas[173] = 0.774141, lambdas[173] = 0.153079
etas[174] = 1.068684, lambdas[174] = 0.153325
etas[175] = -2.228895, lambdas[175] = 0.154722
etas[176] = 0.311374, lambdas[176] = 0.155003
etas[177] = 0.133913, lambdas[177] = 0.155507
etas[178] = -1.116727, lambdas[178] = 0.156411
etas[179] = 1.279068, lambdas[179] = 0.157471
etas[180] = -0.062659, lambdas[180] = 0.157768
etas[181] = 1.166989, lambdas[181] = 0.159346
etas[182] = 0.118956, lambdas[182] = 0.159566
etas[183] = -0.756718, lambdas[183] = 0.160453
etas[184] = -0.999130, lambdas[184] = 0.160914
etas[185] = 0.016889, lambdas[185] = 0.160972
etas[186] = -1.829827, lambdas[186] = 0.162529
etas[187] = 0.789720, lambdas[187] = 0.163080
etas[188] = -1.875116, lambdas[188] = 0.164411
etas[189] = -0.049140, lambdas[189] = 0.164790
etas[190] = 0.186918, lambdas[190] = 0.165771
etas[191] = 0.730742, lambdas[191] = 0.166350
etas[192] = -0.151101, lambdas[192] = 0.167356
etas[193] = -1.544869, lambdas[193] = 0.167769
etas[194] = 0.830881, lambdas[194] = 0.168486
etas[195] = 0.541052, lambdas[195] = 0.169300
etas[196] = 1.192858, lambdas[196] = 0.170055
etas[197] = 1.402260, lambdas[197] = 0.170376
etas[198] = 0.225164, lambdas[198] = 0.171579
etas[199] = 0.928957, lambdas[199] = 0.172012
etas[200] = 2.026575, lambdas[200] = 0.172664
etas[201] = -1.885211, lambdas[201] = 0.173847
etas[202] = 0.493206, lambdas[202] = 0.174262
etas[203] = 0.065096, lambdas[203] = 0.174855
etas[204] = -0.362352, lambdas[204] = 0.176358
etas[205] = 0.940257, lambdas[205] = 0.176936
etas[206] = 2.209886, lambdas[206] = 0.177476
etas[207] = -0.855437, lambdas[207] = 0.178131
etas[208] = 1.001946, lambdas[208] = 0.178819
etas[209] = -1.242958, lambdas[209] = 0.180860
etas[210] = -0.670265, lambdas[210] = 0.181909
etas[211] = 0.716643, lambdas[211] = 0.182260
etas[212] = 0.056459, lambdas[212] = 0.183080
etas[213] = 1.613133, lambdas[213] = 0.184437
etas[214] = 0.404071, lambdas[214] = 0.186341
etas[215] = 0.635584, lambdas[215] = 0.188732
etas[216] = -1.007075, lambdas[216] = 0.189190
etas[217] = -0.874307, lambdas[217] = 0.190566
etas[218] = 1.946142, lambdas[218] = 0.192088
etas[219] = -0.780408, lambdas[219] = 0.193484
etas[220] = 1.109929, lambdas[220] = 0.193668
etas[221] = -0.678168, lambdas[221] = 0.196258
etas[222] = 1.017280, lambdas[222] = 0.197698
etas[223] = -1.273894, lambdas[223] = 0.198939
etas[224] = -1.879701, lambdas[224] = 0.200566
etas[225] = -0.438532, lambdas[225] = 0.201769
etas[226] = -0.405607, lambdas[226] = 0.204073
etas[227] = 1.900284, lambdas[227] = 0.206126
etas[228] = -1.703542, lambdas[228] = 0.207123
etas[229] = -0.743881, lambdas[229] = 0.208417
etas[230] = 0.184311, lambdas[230] = 0.209952
etas[231] = 0.084865, lambdas[231] = 0.212585
etas[232] = 0.010178, lambdas[232] = 0.215017
etas[233] = 0.505612, lambdas[233] = 0.217936
etas[234] = 0.791665, lambdas[234] = 0.218860
etas[235] = -0.462775, lambdas[235] = 0.221991
etas[236] = -2.976408, lambdas[236] = 0.224363
etas[237] = -0.382890, lambdas[237] = 0.226694
etas[238] = 1.411051, lambdas[238] = 0.232067
etas[239] = -1.179859, lambdas[239] = 0.233324
etas[240] = 0.345775, lambdas[240] = 0.234281
etas[241] = -0.656561, lambdas[241] = 0.236764
etas[242] = 0.915339, lambdas[242] = 0.240173
etas[243] = 1.088800, lambdas[243] = 0.241428
etas[244] = 0.427911, lambdas[244] = 0.248991
etas[245] = -0.439943, lambdas[245] = 0.252125
etas[246] = -4.755328, lambdas[246] = 0.254437
etas[247] = -0.641000, lambdas[247] = 0.259762
etas[248] = 1.502603, lambdas[248] = 0.265019
etas[249] = 1.922167, lambdas[249] = 0.279486
etas[250] = -2.534434, lambdas[250] = 0.286442
etas[251] = -1.380653, lambdas[251] = 0.293875
etas[252] = 0.338250, lambdas[252] = 0.299281
etas[253] = -1.755159, lambdas[253] = 0.304609
etas[254] = 0.203583, lambdas[254] = 0.307887
etas[255] = 2.411412, lambdas[255] = 0.314115
etas[256] = -1.931518, lambdas[256] = 0.319614
etas[257] = -1.190390, lambdas[257] = 0.326639
etas[258] = -0.278504, lambdas[258] = 0.334905
etas[259] = 1.507691, lambdas[259] = 0.344211
etas[260] = 2.911624, lambdas[260] = 0.365033
etas[261] = -1.394925, lambdas[261] = 0.371063
etas[262] = -0.680201, lambdas[262] = 0.377036
etas[263] = 1.561546, lambdas[263] = 0.408799
etas[264] = 0.974012, lambdas[264] = 0.415905
etas[265] = -1.000033, lambdas[265] = 0.446654
etas[266] = 1.259454, lambdas[266] = 0.451924
etas[267] = -0.214150, lambdas[267] = 0.474199
etas[268] = 1.280997, lambdas[268] = 0.503186
etas[269] = -0.558028, lambdas[269] = 0.526433
etas[270] = 1.079522, lambdas[270] = 0.549957
etas[271] = 1.883290, lambdas[271] = 0.558486
etas[272] = -0.029913, lambdas[272] = 0.572328
etas[273] = -0.109761, lambdas[273] = 0.638859
etas[274] = -1.088324, lambdas[274] = 0.660088
etas[275] = 1.364942, lambdas[275] = 0.695686
etas[276] = -1.266638, lambdas[276] = 0.809363
etas[277] = -1.643370, lambdas[277] = 0.885182
etas[278] = 0.703608, lambdas[278] = 0.887143
etas[279] = -0.261065, lambdas[279] = 1.092866
etas[280] = 6.144408, lambdas[280] = 1.130025
etas[281] = 3.816742, lambdas[281] = 1.215260
etas[282] = 5.636767, lambdas[282] = 1.300401
etas[283] = 2.305360, lambdas[283] = 1.468023
etas[284] = -1.434352, lambdas[284] = 215.300288
0	450.915005	450.350696	-403.066844
1	450.350696	449.662431	-403.062315
2	449.662431	448.823247	-403.056790
3	448.823247	447.800445	-403.050053
4	447.800445	446.554434	-403.041842
5	446.554434	445.037371	-403.031839
6	445.037371	443.191584	-403.019658
7	443.191584	440.947754	-403.004837
8	440.947754	438.222871	-402.986818
9	438.222871	434.917981	-402.964932
10	434.917981	430.915782	-402.938385
11	430.915782	426.078198	-402.906231
12	426.078198	420.244116	-402.867360
13	420.244116	413.227622	-402.820474
14	413.227622	404.817190	-402.764077
15	404.817190	394.776505	-402.696470
16	394.776505	382.847836	-402.615758
17	382.847836	368.759099	-402.519887
18	368.759099	352.235999	-402.406712
19	352.235999	333.020682	-402.274117
20	333.020682	310.898135	-402.120205
21	310.898135	285.730877	-401.943579
22	285.730877	257.501080	-401.743725
23	257.501080	226.357008	-401.521527
24	226.357008	192.657684	-401.279889
25	192.657684	157.006388	-401.024453
26	157.006388	120.261185	-400.764329
27	120.261185	83.510599	-400.512753
28	83.510599	48.006452	-400.287479
29	48.006452	15.054318	-400.110771
30	15.054318	-14.126159	-400.008794
31	-14.126159	-38.547328	-400.010343
32	-38.547328	-57.575753	-400.144927
33	-57.575753	-71.002742	-400.440406
34	-71.002742	-79.047191	-400.920512
35	-79.047191	-82.292091	-401.602680
36	-82.292091	-81.572739	-402.496548
37	-81.572739	-77.844566	-403.603401
38	-77.844566	-72.058939	-404.916589
39	-72.058939	-65.067784	-406.422757
40	-65.067784	-57.566456	-408.103588
41	-57.566456	-50.073612	-409.937667
42	-50.073612	-42.939753	-411.902134
43	-42.939753	-36.373497	-413.973879
44	-36.373497	-30.475344	-416.130165
45	-30.475344	-25.271298	-418.348686
46	-25.271298	-20.741620	-420.607213
47	-20.741620	-16.842522	-422.883024
48	-16.842522	-13.520500	-425.152411
49	-13.520500	-10.720284	-427.390511
50	-10.720284	-8.388103	-429.571648
51	-8.388103	-6.472204	-431.670230
52	-6.472204	-4.922332	-433.662077
53	-4.922332	-3.689351	-435.525943
54	-3.689351	-2.725507	-437.244902
55	-2.725507	-1.985314	-438.807340
56	-1.985314	-1.426728	-440.207378
57	-1.426728	-1.012219	-441.444700
58	-1.012219	-0.709469	-442.523902
59	-0.709469	-0.491596	-443.453507
60	-0.491596	-0.336942	-444.244856
61	-0.336942	-0.228550	-444.911028
62	-0.228550	-0.153478	-445.465891
63	-0.153478	-0.102063	-445.923345
64	-0.102063	-0.067230	-446.296778
65	-0.067230	-0.043881	-446.598698
66	-0.043881	-0.028398	-446.840530
67	-0.028398	-0.018243	-447.032518
68	-0.018243	-0.011659	-447.183718
69	-0.011659	-0.007438	-447.302034
70	-0.007438	-0.004763	-447.394279
71	-0.004763	-0.003084	-447.466252
72	-0.003084	-0.002037	-447.522808
73	-0.002037	-0.001383	-447.567932
74	-0.001383	-0.000971	-447.604802
75	-0.000971	-0.000703	-447.635865
76	-0.000703	-0.000524	-447.662917
77	-0.000524	-0.000397	-447.687195
78	-0.000397	-0.000303	-447.709474
79	-0.000303	-0.000231	-447.730181
80	-0.000231	-0.000175	-447.749497
81	-0.000175	-0.000132	-447.767455
82	-0.000132	-0.000098	-447.784015
83	-0.000098	-0.000072	-447.799122
84	-0.000072	-0.000052	-447.812738
85	-0.000052	-0.000037	-447.824863
86	-0.000037	-0.000026	-447.835538
87	-0.000026	-0.000019	-447.844837
88	-0.000019	-0.000013	-447.852862
89	-0.000013	-0.000009	-447.859729
90	-0.000009	-0.000006	-447.865564
91	-0.000006	-0.000004	-447.870492
92	-0.000004	-0.000003	-447.874632
93	-0.000003	-0.000002	-447.878094
94	-0.000002	-0.000001	-447.880980
95	-0.000001	-0.000001	-447.883377
96	-0.000001	-0.000001	-447.885363
97	-0.000001	-0.000000	-447.887005
98	-0.000000	-0.000000	-447.888361
99	-0.000000	-0.000000	-447.889478
REMLE (delta=0.020232, REML=-399.994774, REML0=-447.894610)- elapsed CPU time is 0.014647
eigen_L - elapsed CPU time is 0.048379


Reading TPED file /mnt/data/shahar/gwas_barley/morexV3_analysis/USED_GWAS_V2_pipeline/intermediates/morexV3_gwas_genotypes...

Reading 0-th SNP and testing association....

Reading 10000-th SNP and testing association....

Reading 20000-th SNP and testing association....

Reading 30000-th SNP and testing association....

Reading 40000-th SNP and testing association....

Reading 50000-th SNP and testing association....

Reading 60000-th SNP and testing association....

Reading 70000-th SNP and testing association....

Reading 80000-th SNP and testing association....

Reading 90000-th SNP and testing association....

Reading 100000-th SNP and testing association....

Reading 110000-th SNP and testing association....

Reading 120000-th SNP and testing association....

Reading 130000-th SNP and testing association....

Reading 140000-th SNP and testing association....

Reading 150000-th SNP and testing association....

Reading 160000-th SNP and testing association....

Reading 170000-th SNP and testing association....

Reading 180000-th SNP and testing association....

Reading 190000-th SNP and testing association....

Reading 200000-th SNP and testing association....

Reading 210000-th SNP and testing association....

Reading 220000-th SNP and testing association....

Reading 230000-th SNP and testing association....

Reading 240000-th SNP and testing association....

Reading 250000-th SNP and testing association....

Reading 260000-th SNP and testing association....

Reading 270000-th SNP and testing association....

Reading 280000-th SNP and testing association....

Reading 290000-th SNP and testing association....

Reading 300000-th SNP and testing association....

Reading 310000-th SNP and testing association....

Reading 320000-th SNP and testing association....

Reading 330000-th SNP and testing association....

Reading 340000-th SNP and testing association....

Reading 350000-th SNP and testing association....

Reading 360000-th SNP and testing association....

Reading 370000-th SNP and testing association....

Reading 380000-th SNP and testing association....

Reading 390000-th SNP and testing association....

Reading 400000-th SNP and testing association....

Reading 410000-th SNP and testing association....

Reading 420000-th SNP and testing association....

Reading 430000-th SNP and testing association....

Reading 440000-th SNP and testing association....

Reading 450000-th SNP and testing association....

Reading 460000-th SNP and testing association....

Reading 470000-th SNP and testing association....

Reading 480000-th SNP and testing association....

Reading 490000-th SNP and testing association....

Reading 500000-th SNP and testing association....

Reading 510000-th SNP and testing association....

Reading 520000-th SNP and testing association....

Reading 530000-th SNP and testing association....

Reading 540000-th SNP and testing association....

Reading 550000-th SNP and testing association....

Reading 560000-th SNP and testing association....

Reading 570000-th SNP and testing association....

Reading 580000-th SNP and testing association....

Reading 590000-th SNP and testing association....

Reading 600000-th SNP and testing association....

Reading 610000-th SNP and testing association....

Reading 620000-th SNP and testing association....

Reading 630000-th SNP and testing association....

Reading 640000-th SNP and testing association....

Reading 650000-th SNP and testing association....

Reading 660000-th SNP and testing association....

Reading 670000-th SNP and testing association....

Reading 680000-th SNP and testing association....

Reading 690000-th SNP and testing association....

Reading 700000-th SNP and testing association....

Reading 710000-th SNP and testing association....

Reading 720000-th SNP and testing association....

Reading 730000-th SNP and testing association....

Reading 740000-th SNP and testing association....

Reading 750000-th SNP and testing association....

Reading 760000-th SNP and testing association....

Reading 770000-th SNP and testing association....

Reading 780000-th SNP and testing association....

Reading 790000-th SNP and testing association....

Reading 800000-th SNP and testing association....

Reading 810000-th SNP and testing association....

Reading 820000-th SNP and testing association....

Reading 830000-th SNP and testing association....

Reading 840000-th SNP and testing association....

Reading 850000-th SNP and testing association....

Reading 860000-th SNP and testing association....

Reading 870000-th SNP and testing association....

Reading 880000-th SNP and testing association....

Reading 890000-th SNP and testing association....

Reading 900000-th SNP and testing association....

Reading 910000-th SNP and testing association....

Reading 920000-th SNP and testing association....

Reading 930000-th SNP and testing association....

Reading 940000-th SNP and testing association....

Reading 950000-th SNP and testing association....

Reading 960000-th SNP and testing association....

Reading 970000-th SNP and testing association....

Reading 980000-th SNP and testing association....

Reading 990000-th SNP and testing association....

Reading 1000000-th SNP and testing association....

Reading 1010000-th SNP and testing association....

Reading 1020000-th SNP and testing association....

Reading 1030000-th SNP and testing association....

Reading 1040000-th SNP and testing association....

Reading 1050000-th SNP and testing association....

Reading 1060000-th SNP and testing association....

Reading 1070000-th SNP and testing association....

Reading 1080000-th SNP and testing association....

Reading 1090000-th SNP and testing association....

Reading 1100000-th SNP and testing association....

Reading 1110000-th SNP and testing association....

Reading 1120000-th SNP and testing association....

Reading 1130000-th SNP and testing association....

Reading 1140000-th SNP and testing association....

Reading 1150000-th SNP and testing association....

Reading 1160000-th SNP and testing association....

Reading 1170000-th SNP and testing association....

Reading 1180000-th SNP and testing association....

Reading 1190000-th SNP and testing association....

Reading 1200000-th SNP and testing association....

Reading 1210000-th SNP and testing association....

Reading 1220000-th SNP and testing association....

Reading 1230000-th SNP and testing association....

Reading 1240000-th SNP and testing association....

Reading 1250000-th SNP and testing association....

Reading 1260000-th SNP and testing association....

Reading 1270000-th SNP and testing association....

Reading 1280000-th SNP and testing association....

Reading 1290000-th SNP and testing association....

Reading 1300000-th SNP and testing association....

Reading 1310000-th SNP and testing association....

Reading 1320000-th SNP and testing association....

Reading 1330000-th SNP and testing association....

Reading 1340000-th SNP and testing association....

Reading 1350000-th SNP and testing association....

Reading 1360000-th SNP and testing association....

Reading 1370000-th SNP and testing association....

Reading 1380000-th SNP and testing association....

Reading 1390000-th SNP and testing association....

Reading 1400000-th SNP and testing association....

Reading 1410000-th SNP and testing association....

Reading 1420000-th SNP and testing association....

Reading 1430000-th SNP and testing association....

Reading 1440000-th SNP and testing association....

Reading 1450000-th SNP and testing association....

Reading 1460000-th SNP and testing association....

Reading 1470000-th SNP and testing association....

Reading 1480000-th SNP and testing association....

Reading 1490000-th SNP and testing association....

Reading 1500000-th SNP and testing association....

Reading 1510000-th SNP and testing association....

Reading 1520000-th SNP and testing association....

Reading 1530000-th SNP and testing association....

Reading 1540000-th SNP and testing association....

Reading 1550000-th SNP and testing association....

Reading 1560000-th SNP and testing association....

Reading 1570000-th SNP and testing association....

Reading 1580000-th SNP and testing association....

Reading 1590000-th SNP and testing association....

Reading 1600000-th SNP and testing association....

Reading 1610000-th SNP and testing association....

Reading 1620000-th SNP and testing association....

Reading 1630000-th SNP and testing association....

Reading 1640000-th SNP and testing association....

Reading 1650000-th SNP and testing association....

Reading 1660000-th SNP and testing association....

Reading 1670000-th SNP and testing association....

Reading 1680000-th SNP and testing association....

Reading 1690000-th SNP and testing association....

Reading 1700000-th SNP and testing association....

Reading 1710000-th SNP and testing association....

Reading 1720000-th SNP and testing association....

Reading 1730000-th SNP and testing association....

Reading 1740000-th SNP and testing association....

Reading 1750000-th SNP and testing association....

Reading 1760000-th SNP and testing association....

Reading 1770000-th SNP and testing association....

Reading 1780000-th SNP and testing association....

Reading 1790000-th SNP and testing association....

Reading 1800000-th SNP and testing association....

Reading 1810000-th SNP and testing association....

Reading 1820000-th SNP and testing association....

Reading 1830000-th SNP and testing association....

Reading 1840000-th SNP and testing association....

Reading 1850000-th SNP and testing association....

Reading 1860000-th SNP and testing association....

Reading 1870000-th SNP and testing association....

Reading 1880000-th SNP and testing association....

Reading 1890000-th SNP and testing association....

Reading 1900000-th SNP and testing association....

Reading 1910000-th SNP and testing association....

Reading 1920000-th SNP and testing association....

Reading 1930000-th SNP and testing association....

Reading 1940000-th SNP and testing association....

Reading 1950000-th SNP and testing association....

Reading 1960000-th SNP and testing association....

Reading 1970000-th SNP and testing association....

Reading 1980000-th SNP and testing association....

Reading 1990000-th SNP and testing association....

Reading 2000000-th SNP and testing association....

Reading 2010000-th SNP and testing association....

Reading 2020000-th SNP and testing association....

Reading 2030000-th SNP and testing association....

Reading 2040000-th SNP and testing association....

Reading 2050000-th SNP and testing association....

Reading 2060000-th SNP and testing association....

Reading 2070000-th SNP and testing association....

Reading 2080000-th SNP and testing association....

Reading 2090000-th SNP and testing association....

Reading 2100000-th SNP and testing association....

Reading 2110000-th SNP and testing association....

Reading 2120000-th SNP and testing association....

Reading 2130000-th SNP and testing association....

Reading 2140000-th SNP and testing association....

Reading 2150000-th SNP and testing association....

Reading 2160000-th SNP and testing association....

Reading 2170000-th SNP and testing association....

Reading 2180000-th SNP and testing association....

Reading 2190000-th SNP and testing association....

Reading 2200000-th SNP and testing association....

Reading 2210000-th SNP and testing association....

Reading 2220000-th SNP and testing association....

Reading 2230000-th SNP and testing association....

Reading 2240000-th SNP and testing association....

Reading 2250000-th SNP and testing association....

Reading 2260000-th SNP and testing association....

Reading 2270000-th SNP and testing association....

Reading 2280000-th SNP and testing association....

Reading 2290000-th SNP and testing association....

Reading 2300000-th SNP and testing association....

Reading 2310000-th SNP and testing association....

Reading 2320000-th SNP and testing association....

Reading 2330000-th SNP and testing association....

Reading 2340000-th SNP and testing association....

Reading 2350000-th SNP and testing association....

Reading 2360000-th SNP and testing association....

Reading 2370000-th SNP and testing association....

Reading 2380000-th SNP and testing association....

Reading 2390000-th SNP and testing association....

Reading 2400000-th SNP and testing association....

Reading 2410000-th SNP and testing association....

Reading 2420000-th SNP and testing association....

Reading 2430000-th SNP and testing association....

Reading 2440000-th SNP and testing association....

Reading 2450000-th SNP and testing association....

Reading 2460000-th SNP and testing association....

Reading 2470000-th SNP and testing association....

Reading 2480000-th SNP and testing association....

Reading 2490000-th SNP and testing association....

Reading 2500000-th SNP and testing association....

Reading 2510000-th SNP and testing association....

Reading 2520000-th SNP and testing association....

Reading 2530000-th SNP and testing association....

Reading 2540000-th SNP and testing association....

Reading 2550000-th SNP and testing association....

Reading 2560000-th SNP and testing association....

Reading 2570000-th SNP and testing association....

Reading 2580000-th SNP and testing association....

Reading 2590000-th SNP and testing association....

Reading 2600000-th SNP and testing association....

Reading 2610000-th SNP and testing association....

Reading 2620000-th SNP and testing association....

Reading 2630000-th SNP and testing association....

Reading 2640000-th SNP and testing association....

Reading 2650000-th SNP and testing association....

Reading 2660000-th SNP and testing association....

Reading 2670000-th SNP and testing association....

Reading 2680000-th SNP and testing association....

Reading 2690000-th SNP and testing association....

Reading 2700000-th SNP and testing association....

Reading 2710000-th SNP and testing association....

Reading 2720000-th SNP and testing association....

Reading 2730000-th SNP and testing association....

Reading 2740000-th SNP and testing association....

Reading 2750000-th SNP and testing association....

Reading 2760000-th SNP and testing association....

Reading 2770000-th SNP and testing association....

Reading 2780000-th SNP and testing association....

Reading 2790000-th SNP and testing association....

Reading 2800000-th SNP and testing association....

Reading 2810000-th SNP and testing association....

Reading 2820000-th SNP and testing association....

Reading 2830000-th SNP and testing association....

Reading 2840000-th SNP and testing association....

Reading 2850000-th SNP and testing association....

Reading 2860000-th SNP and testing association....

Reading 2870000-th SNP and testing association....

Reading 2880000-th SNP and testing association....

Reading 2890000-th SNP and testing association....

Reading 2900000-th SNP and testing association....

Reading 2910000-th SNP and testing association....

Reading 2920000-th SNP and testing association....

Reading 2930000-th SNP and testing association....

Reading 2940000-th SNP and testing association....

Reading 2950000-th SNP and testing association....

Reading 2960000-th SNP and testing association....

Reading 2970000-th SNP and testing association....

Reading 2980000-th SNP and testing association....

Reading 2990000-th SNP and testing association....

Reading 3000000-th SNP and testing association....

Reading 3010000-th SNP and testing association....

Reading 3020000-th SNP and testing association....

Reading 3030000-th SNP and testing association....

Reading 3040000-th SNP and testing association....

Reading 3050000-th SNP and testing association....

Reading 3060000-th SNP and testing association....

Reading 3070000-th SNP and testing association....

Reading 3080000-th SNP and testing association....

Reading 3090000-th SNP and testing association....

Reading 3100000-th SNP and testing association....

Reading 3110000-th SNP and testing association....

Reading 3120000-th SNP and testing association....

Reading 3130000-th SNP and testing association....

Reading 3140000-th SNP and testing association....

Reading 3150000-th SNP and testing association....

Reading 3160000-th SNP and testing association....

Reading 3170000-th SNP and testing association....

Reading 3180000-th SNP and testing association....

Reading 3190000-th SNP and testing association....

Reading 3200000-th SNP and testing association....

Reading 3210000-th SNP and testing association....

Reading 3220000-th SNP and testing association....

Reading 3230000-th SNP and testing association....

Reading 3240000-th SNP and testing association....

Reading 3250000-th SNP and testing association....

Reading 3260000-th SNP and testing association....

Reading 3270000-th SNP and testing association....

Reading 3280000-th SNP and testing association....

Reading 3290000-th SNP and testing association....

Reading 3300000-th SNP and testing association....

Reading 3310000-th SNP and testing association....

Reading 3320000-th SNP and testing association....

Reading 3330000-th SNP and testing association....

Reading 3340000-th SNP and testing association....

Reading 3350000-th SNP and testing association....

Reading 3360000-th SNP and testing association....

Reading 3370000-th SNP and testing association....

Reading 3380000-th SNP and testing association....

Reading 3390000-th SNP and testing association....

Reading 3400000-th SNP and testing association....

Reading 3410000-th SNP and testing association....

Reading 3420000-th SNP and testing association....

Reading 3430000-th SNP and testing association....

Reading 3440000-th SNP and testing association....

Reading 3450000-th SNP and testing association....

Reading 3460000-th SNP and testing association....

Reading 3470000-th SNP and testing association....

Reading 3480000-th SNP and testing association....

Reading 3490000-th SNP and testing association....

Reading 3500000-th SNP and testing association....

Reading 3510000-th SNP and testing association....

Reading 3520000-th SNP and testing association....

Reading 3530000-th SNP and testing association....

Reading 3540000-th SNP and testing association....

Reading 3550000-th SNP and testing association....

Reading 3560000-th SNP and testing association....

Reading 3570000-th SNP and testing association....

Reading 3580000-th SNP and testing association....

Reading 3590000-th SNP and testing association....

Reading 3600000-th SNP and testing association....

Reading 3610000-th SNP and testing association....

Reading 3620000-th SNP and testing association....

Reading 3630000-th SNP and testing association....

Reading 3640000-th SNP and testing association....

Reading 3650000-th SNP and testing association....

Reading 3660000-th SNP and testing association....

Reading 3670000-th SNP and testing association....

Reading 3680000-th SNP and testing association....

Reading 3690000-th SNP and testing association....

Reading 3700000-th SNP and testing association....

Reading 3710000-th SNP and testing association....

Reading 3720000-th SNP and testing association....

Reading 3730000-th SNP and testing association....

Reading 3740000-th SNP and testing association....

Reading 3750000-th SNP and testing association....

Reading 3760000-th SNP and testing association....

Reading 3770000-th SNP and testing association....

Reading 3780000-th SNP and testing association....

Reading 3790000-th SNP and testing association....

Reading 3800000-th SNP and testing association....

Reading 3810000-th SNP and testing association....

Reading 3820000-th SNP and testing association....

Reading 3830000-th SNP and testing association....

Reading 3840000-th SNP and testing association....

Reading 3850000-th SNP and testing association....

Reading 3860000-th SNP and testing association....

Reading 3870000-th SNP and testing association....

Reading 3880000-th SNP and testing association....

Reading 3890000-th SNP and testing association....

Reading 3900000-th SNP and testing association....

Reading 3910000-th SNP and testing association....

Reading 3920000-th SNP and testing association....

Reading 3930000-th SNP and testing association....

Reading 3940000-th SNP and testing association....

Reading 3950000-th SNP and testing association....

Reading 3960000-th SNP and testing association....

Reading 3970000-th SNP and testing association....

Reading 3980000-th SNP and testing association....

Reading 3990000-th SNP and testing association....

Reading 4000000-th SNP and testing association....

Reading 4010000-th SNP and testing association....

Reading 4020000-th SNP and testing association....

Reading 4030000-th SNP and testing association....

Reading 4040000-th SNP and testing association....

Reading 4050000-th SNP and testing association....

Reading 4060000-th SNP and testing association....

Reading 4070000-th SNP and testing association....

Reading 4080000-th SNP and testing association....

Reading 4090000-th SNP and testing association....

Reading 4100000-th SNP and testing association....

Reading 4110000-th SNP and testing association....

Reading 4120000-th SNP and testing association....

Reading 4130000-th SNP and testing association....

Reading 4140000-th SNP and testing association....

Reading 4150000-th SNP and testing association....

Reading 4160000-th SNP and testing association....

Reading 4170000-th SNP and testing association....

Reading 4180000-th SNP and testing association....

Reading 4190000-th SNP and testing association....

Reading 4200000-th SNP and testing association....

Reading 4210000-th SNP and testing association....

Reading 4220000-th SNP and testing association....

Reading 4230000-th SNP and testing association....

Reading 4240000-th SNP and testing association....

Reading 4250000-th SNP and testing association....

Reading 4260000-th SNP and testing association....

Reading 4270000-th SNP and testing association....

Reading 4280000-th SNP and testing association....

Reading 4290000-th SNP and testing association....

Reading 4300000-th SNP and testing association....

Reading 4310000-th SNP and testing association....

Reading 4320000-th SNP and testing association....

Reading 4330000-th SNP and testing association....

Reading 4340000-th SNP and testing association....

Reading 4350000-th SNP and testing association....

Reading 4360000-th SNP and testing association....

Reading 4370000-th SNP and testing association....

Reading 4380000-th SNP and testing association....

Reading 4390000-th SNP and testing association....

Reading 4400000-th SNP and testing association....

Reading 4410000-th SNP and testing association....

Reading 4420000-th SNP and testing association....

Reading 4430000-th SNP and testing association....

Reading 4440000-th SNP and testing association....

Reading 4450000-th SNP and testing association....

Reading 4460000-th SNP and testing association....

Reading 4470000-th SNP and testing association....

Reading 4480000-th SNP and testing association....

Reading 4490000-th SNP and testing association....

Reading 4500000-th SNP and testing association....

Reading 4510000-th SNP and testing association....

Reading 4520000-th SNP and testing association....

Reading 4530000-th SNP and testing association....

Reading 4540000-th SNP and testing association....

Reading 4550000-th SNP and testing association....

Reading 4560000-th SNP and testing association....

Reading 4570000-th SNP and testing association....

Reading 4580000-th SNP and testing association....

Reading 4590000-th SNP and testing association....

Reading 4600000-th SNP and testing association....

Reading 4610000-th SNP and testing association....

Reading 4620000-th SNP and testing association....

Reading 4630000-th SNP and testing association....

Reading 4640000-th SNP and testing association....

Reading 4650000-th SNP and testing association....

Reading 4660000-th SNP and testing association....

Reading 4670000-th SNP and testing association....

Reading 4680000-th SNP and testing association....

Reading 4690000-th SNP and testing association....

Reading 4700000-th SNP and testing association....

Reading 4710000-th SNP and testing association....

Reading 4720000-th SNP and testing association....

Reading 4730000-th SNP and testing association....

Reading 4740000-th SNP and testing association....

Reading 4750000-th SNP and testing association....

Reading 4760000-th SNP and testing association....

Reading 4770000-th SNP and testing association....

Reading 4780000-th SNP and testing association....

Reading 4790000-th SNP and testing association....

Reading 4800000-th SNP and testing association....

Reading 4810000-th SNP and testing association....

Reading 4820000-th SNP and testing association....

Reading 4830000-th SNP and testing association....

Reading 4840000-th SNP and testing association....

Reading 4850000-th SNP and testing association....

Reading 4860000-th SNP and testing association....

Reading 4870000-th SNP and testing association....

Reading 4880000-th SNP and testing association....

Reading 4890000-th SNP and testing association....

Reading 4900000-th SNP and testing association....

Reading 4910000-th SNP and testing association....

Reading 4920000-th SNP and testing association....

Reading 4930000-th SNP and testing association....

Reading 4940000-th SNP and testing association....

Reading 4950000-th SNP and testing association....

Reading 4960000-th SNP and testing association....

Reading 4970000-th SNP and testing association....

Reading 4980000-th SNP and testing association....

Reading 4990000-th SNP and testing association....

Reading 5000000-th SNP and testing association....

Reading 5010000-th SNP and testing association....

Reading 5020000-th SNP and testing association....

Reading 5030000-th SNP and testing association....

Reading 5040000-th SNP and testing association....

Reading 5050000-th SNP and testing association....

Reading 5060000-th SNP and testing association....

Reading 5070000-th SNP and testing association....

Reading 5080000-th SNP and testing association....

Reading 5090000-th SNP and testing association....

Reading 5100000-th SNP and testing association....

Reading 5110000-th SNP and testing association....

Reading 5120000-th SNP and testing association....

Reading 5130000-th SNP and testing association....

Reading 5140000-th SNP and testing association....

Reading 5150000-th SNP and testing association....

Reading 5160000-th SNP and testing association....

Reading 5170000-th SNP and testing association....

Reading 5180000-th SNP and testing association....

Reading 5190000-th SNP and testing association....

Reading 5200000-th SNP and testing association....

Reading 5210000-th SNP and testing association....

Reading 5220000-th SNP and testing association....

Reading 5230000-th SNP and testing association....

Reading 5240000-th SNP and testing association....

Reading 5250000-th SNP and testing association....

Reading 5260000-th SNP and testing association....

Reading 5270000-th SNP and testing association....

Reading 5280000-th SNP and testing association....

Reading 5290000-th SNP and testing association....

Reading 5300000-th SNP and testing association....

Reading 5310000-th SNP and testing association....

Reading 5320000-th SNP and testing association....

Reading 5330000-th SNP and testing association....

Reading 5340000-th SNP and testing association....

Reading 5350000-th SNP and testing association....

Reading 5360000-th SNP and testing association....

Reading 5370000-th SNP and testing association....

Reading 5380000-th SNP and testing association....

Reading 5390000-th SNP and testing association....

Reading 5400000-th SNP and testing association....

Reading 5410000-th SNP and testing association....

Reading 5420000-th SNP and testing association....

Reading 5430000-th SNP and testing association....

Reading 5440000-th SNP and testing association....

Reading 5450000-th SNP and testing association....

Reading 5460000-th SNP and testing association....

Reading 5470000-th SNP and testing association....

Reading 5480000-th SNP and testing association....

Reading 5490000-th SNP and testing association....

Reading 5500000-th SNP and testing association....

Reading 5510000-th SNP and testing association....

Reading 5520000-th SNP and testing association....

Reading 5530000-th SNP and testing association....

Reading 5540000-th SNP and testing association....

Reading 5550000-th SNP and testing association....

Reading 5560000-th SNP and testing association....

Reading 5570000-th SNP and testing association....

Reading 5580000-th SNP and testing association....

Reading 5590000-th SNP and testing association....

Reading 5600000-th SNP and testing association....

Reading 5610000-th SNP and testing association....

Reading 5620000-th SNP and testing association....

Reading 5630000-th SNP and testing association....

Reading 5640000-th SNP and testing association....

Reading 5650000-th SNP and testing association....

Reading 5660000-th SNP and testing association....

Reading 5670000-th SNP and testing association....

Reading 5680000-th SNP and testing association....

Reading 5690000-th SNP and testing association....

Reading 5700000-th SNP and testing association....

Reading 5710000-th SNP and testing association....

Reading 5720000-th SNP and testing association....

Reading 5730000-th SNP and testing association....

Reading 5740000-th SNP and testing association....

Reading 5750000-th SNP and testing association....

Reading 5760000-th SNP and testing association....

Reading 5770000-th SNP and testing association....

Reading 5780000-th SNP and testing association....

Reading 5790000-th SNP and testing association....

Reading 5800000-th SNP and testing association....

Reading 5810000-th SNP and testing association....

Reading 5820000-th SNP and testing association....

Reading 5830000-th SNP and testing association....

Reading 5840000-th SNP and testing association....

Reading 5850000-th SNP and testing association....

Reading 5860000-th SNP and testing association....

Reading 5870000-th SNP and testing association....

Reading 5880000-th SNP and testing association....

Reading 5890000-th SNP and testing association....

Reading 5900000-th SNP and testing association....

Reading 5910000-th SNP and testing association....

Reading 5920000-th SNP and testing association....

Reading 5930000-th SNP and testing association....

Reading 5940000-th SNP and testing association....

Reading 5950000-th SNP and testing association....

Reading 5960000-th SNP and testing association....

Reading 5970000-th SNP and testing association....

Reading 5980000-th SNP and testing association....

Reading 5990000-th SNP and testing association....

Reading 6000000-th SNP and testing association....

Reading 6010000-th SNP and testing association....

Reading 6020000-th SNP and testing association....

Reading 6030000-th SNP and testing association....

Reading 6040000-th SNP and testing association....

Reading 6050000-th SNP and testing association....

Reading 6060000-th SNP and testing association....

Reading 6070000-th SNP and testing association....

Reading 6080000-th SNP and testing association....

Reading 6090000-th SNP and testing association....

Reading 6100000-th SNP and testing association....

Reading 6110000-th SNP and testing association....

Reading 6120000-th SNP and testing association....

Reading 6130000-th SNP and testing association....

Reading 6140000-th SNP and testing association....

Reading 6150000-th SNP and testing association....

Reading 6160000-th SNP and testing association....

Reading 6170000-th SNP and testing association....

Reading 6180000-th SNP and testing association....

Reading 6190000-th SNP and testing association....

Reading 6200000-th SNP and testing association....

Reading 6210000-th SNP and testing association....

Reading 6220000-th SNP and testing association....

Reading 6230000-th SNP and testing association....

Reading 6240000-th SNP and testing association....

Reading 6250000-th SNP and testing association....

Reading 6260000-th SNP and testing association....

Reading 6270000-th SNP and testing association....

Reading 6280000-th SNP and testing association....

Reading 6290000-th SNP and testing association....

Reading 6300000-th SNP and testing association....

Reading 6310000-th SNP and testing association....

Reading 6320000-th SNP and testing association....

Reading 6330000-th SNP and testing association....

Reading 6340000-th SNP and testing association....

Reading 6350000-th SNP and testing association....

Reading 6360000-th SNP and testing association....

Reading 6370000-th SNP and testing association....

Reading 6380000-th SNP and testing association....

Reading 6390000-th SNP and testing association....

Reading 6400000-th SNP and testing association....

Reading 6410000-th SNP and testing association....

Reading 6420000-th SNP and testing association....

Reading 6430000-th SNP and testing association....

Reading 6440000-th SNP and testing association....

Reading 6450000-th SNP and testing association....

Reading 6460000-th SNP and testing association....

Reading 6470000-th SNP and testing association....

Reading 6480000-th SNP and testing association....

Reading 6490000-th SNP and testing association....

Reading 6500000-th SNP and testing association....

Reading 6510000-th SNP and testing association....

Reading 6520000-th SNP and testing association....

Reading 6530000-th SNP and testing association....

Reading 6540000-th SNP and testing association....

Reading 6550000-th SNP and testing association....

Reading 6560000-th SNP and testing association....

Reading 6570000-th SNP and testing association....

Reading 6580000-th SNP and testing association....

Reading 6590000-th SNP and testing association....

Reading 6600000-th SNP and testing association....

Reading 6610000-th SNP and testing association....

Reading 6620000-th SNP and testing association....

Reading 6630000-th SNP and testing association....

Reading 6640000-th SNP and testing association....

Reading 6650000-th SNP and testing association....

Reading 6660000-th SNP and testing association....

Reading 6670000-th SNP and testing association....

Reading 6680000-th SNP and testing association....

Reading 6690000-th SNP and testing association....

Reading 6700000-th SNP and testing association....

Reading 6710000-th SNP and testing association....

Reading 6720000-th SNP and testing association....

Reading 6730000-th SNP and testing association....

Reading 6740000-th SNP and testing association....

Reading 6750000-th SNP and testing association....

Reading 6760000-th SNP and testing association....

Reading 6770000-th SNP and testing association....

Reading 6780000-th SNP and testing association....

Reading 6790000-th SNP and testing association....

Reading 6800000-th SNP and testing association....

Reading 6810000-th SNP and testing association....

Reading 6820000-th SNP and testing association....

Reading 6830000-th SNP and testing association....

Reading 6840000-th SNP and testing association....

Reading 6850000-th SNP and testing association....

Reading 6860000-th SNP and testing association....

Reading 6870000-th SNP and testing association....

Reading 6880000-th SNP and testing association....

Reading 6890000-th SNP and testing association....

Reading 6900000-th SNP and testing association....

Reading 6910000-th SNP and testing association....

Reading 6920000-th SNP and testing association....

Reading 6930000-th SNP and testing association....

Reading 6940000-th SNP and testing association....

Reading 6950000-th SNP and testing association....

Reading 6960000-th SNP and testing association....

Reading 6970000-th SNP and testing association....

Reading 6980000-th SNP and testing association....

Reading 6990000-th SNP and testing association....

Reading 7000000-th SNP and testing association....

Reading 7010000-th SNP and testing association....

Reading 7020000-th SNP and testing association....

Reading 7030000-th SNP and testing association....

Reading 7040000-th SNP and testing association....

Reading 7050000-th SNP and testing association....

Reading 7060000-th SNP and testing association....

Reading 7070000-th SNP and testing association....

Reading 7080000-th SNP and testing association....

Reading 7090000-th SNP and testing association....

Reading 7100000-th SNP and testing association....

Reading 7110000-th SNP and testing association....

GLS association - elapsed CPU time is 1113.546259

Breakdown for input file parsing : 417.885683

              matrix computation : 189.194691

             p-value computation : 14.310782

